[2026-04-30T00:25:38.141+0000] {local_task_job_runner.py:123} INFO - ::group::Pre task execution logs
[2026-04-30T00:25:38.149+0000] {taskinstance.py:2612} INFO - Dependencies all met for dep_context=non-requeueable deps ti=<TaskInstance: ml_training_pipeline_v2.train_model manual__2026-04-30T00:25:33.296775+00:00 [queued]>
[2026-04-30T00:25:38.153+0000] {taskinstance.py:2612} INFO - Dependencies all met for dep_context=requeueable deps ti=<TaskInstance: ml_training_pipeline_v2.train_model manual__2026-04-30T00:25:33.296775+00:00 [queued]>
[2026-04-30T00:25:38.153+0000] {taskinstance.py:2865} INFO - Starting attempt 1 of 2
[2026-04-30T00:25:38.166+0000] {taskinstance.py:2888} INFO - Executing <Task(PythonOperator): train_model> on 2026-04-30 00:25:33.296775+00:00
[2026-04-30T00:25:38.171+0000] {standard_task_runner.py:72} INFO - Started process 12665 to run task
[2026-04-30T00:25:38.174+0000] {standard_task_runner.py:104} INFO - Running: ['airflow', 'tasks', 'run', 'ml_training_pipeline_v2', 'train_model', 'manual__2026-04-30T00:25:33.296775+00:00', '--job-id', '5', '--raw', '--subdir', 'DAGS_FOLDER/ml_training_pipeline_v2.py', '--cfg-path', '/tmp/tmp4nvma9cp']
[2026-04-30T00:25:38.175+0000] {standard_task_runner.py:105} INFO - Job 5: Subtask train_model
[2026-04-30T00:25:38.205+0000] {task_command.py:467} INFO - Running <TaskInstance: ml_training_pipeline_v2.train_model manual__2026-04-30T00:25:33.296775+00:00 [running]> on host ip-172-31-40-23.ec2.internal
[2026-04-30T00:25:38.259+0000] {taskinstance.py:3131} INFO - Exporting env vars: AIRFLOW_CTX_DAG_OWNER='airflow' AIRFLOW_CTX_DAG_ID='ml_training_pipeline_v2' AIRFLOW_CTX_TASK_ID='train_model' AIRFLOW_CTX_EXECUTION_DATE='2026-04-30T00:25:33.296775+00:00' AIRFLOW_CTX_TRY_NUMBER='1' AIRFLOW_CTX_DAG_RUN_ID='manual__2026-04-30T00:25:33.296775+00:00'
[2026-04-30T00:25:38.260+0000] {taskinstance.py:731} INFO - ::endgroup::
[2026-04-30T00:25:38.331+0000] {logging_mixin.py:190} WARNING - /home/ec2-user/environment/asynchronous_ai_inference_system/venv/lib64/python3.12/site-packages/sklearn/linear_model/_logistic.py:469 ConvergenceWarning: lbfgs failed to converge (status=1):
STOP: TOTAL NO. OF ITERATIONS REACHED LIMIT.

Increase the number of iterations (max_iter) or scale the data as shown in:
    https://scikit-learn.org/stable/modules/preprocessing.html
Please also refer to the documentation for alternative solver options:
    https://scikit-learn.org/stable/modules/linear_model.html#logistic-regression
[2026-04-30T00:25:38.334+0000] {logging_mixin.py:190} INFO - [ml_pipeline.model] Model accuracy: 0.9561
[2026-04-30T00:25:38.336+0000] {logging_mixin.py:190} INFO - [ml_pipeline.model] Saved model to models/breast_cancer.pkl
[2026-04-30T00:25:38.337+0000] {logging_mixin.py:190} INFO - [train_model] Saved metadata to models/metadata.json
[2026-04-30T00:25:38.337+0000] {python.py:240} INFO - Done. Returned value was: 0.956140350877193
[2026-04-30T00:25:38.356+0000] {taskinstance.py:340} INFO - ::group::Post task execution logs
[2026-04-30T00:25:38.356+0000] {taskinstance.py:352} INFO - Marking task as SUCCESS. dag_id=ml_training_pipeline_v2, task_id=train_model, run_id=manual__2026-04-30T00:25:33.296775+00:00, execution_date=20260430T002533, start_date=20260430T002538, end_date=20260430T002538
[2026-04-30T00:25:38.381+0000] {local_task_job_runner.py:266} INFO - Task exited with return code 0
[2026-04-30T00:25:38.397+0000] {taskinstance.py:3900} INFO - 1 downstream tasks scheduled from follow-on schedule check
[2026-04-30T00:25:38.402+0000] {local_task_job_runner.py:245} INFO - ::endgroup::
