[2026-05-02T17:18:39.852+0000] {local_task_job_runner.py:123} INFO - ::group::Pre task execution logs
[2026-05-02T17:18:39.861+0000] {taskinstance.py:2612} INFO - Dependencies all met for dep_context=non-requeueable deps ti=<TaskInstance: train_breast_cancer_model.train_model manual__2026-05-02T17:18:33.760327+00:00 [queued]>
[2026-05-02T17:18:39.866+0000] {taskinstance.py:2612} INFO - Dependencies all met for dep_context=requeueable deps ti=<TaskInstance: train_breast_cancer_model.train_model manual__2026-05-02T17:18:33.760327+00:00 [queued]>
[2026-05-02T17:18:39.866+0000] {taskinstance.py:2865} INFO - Starting attempt 1 of 2
[2026-05-02T17:18:39.880+0000] {taskinstance.py:2888} INFO - Executing <Task(PythonOperator): train_model> on 2026-05-02 17:18:33.760327+00:00
[2026-05-02T17:18:39.885+0000] {standard_task_runner.py:72} INFO - Started process 16100 to run task
[2026-05-02T17:18:39.888+0000] {standard_task_runner.py:104} INFO - Running: ['airflow', 'tasks', 'run', 'train_breast_cancer_model', 'train_model', 'manual__2026-05-02T17:18:33.760327+00:00', '--job-id', '17', '--raw', '--subdir', 'DAGS_FOLDER/train_breast_cancer_model.py', '--cfg-path', '/tmp/tmpbq35jhih']
[2026-05-02T17:18:39.889+0000] {standard_task_runner.py:105} INFO - Job 17: Subtask train_model
[2026-05-02T17:18:39.921+0000] {task_command.py:467} INFO - Running <TaskInstance: train_breast_cancer_model.train_model manual__2026-05-02T17:18:33.760327+00:00 [running]> on host ip-172-31-40-23.ec2.internal
[2026-05-02T17:18:39.976+0000] {taskinstance.py:3131} INFO - Exporting env vars: AIRFLOW_CTX_DAG_OWNER='airflow' AIRFLOW_CTX_DAG_ID='train_breast_cancer_model' AIRFLOW_CTX_TASK_ID='train_model' AIRFLOW_CTX_EXECUTION_DATE='2026-05-02T17:18:33.760327+00:00' AIRFLOW_CTX_TRY_NUMBER='1' AIRFLOW_CTX_DAG_RUN_ID='manual__2026-05-02T17:18:33.760327+00:00'
[2026-05-02T17:18:39.977+0000] {taskinstance.py:731} INFO - ::endgroup::
[2026-05-02T17:18:40.048+0000] {logging_mixin.py:190} WARNING - /home/ec2-user/environment/asynchronous_ai_inference_system/venv/lib64/python3.12/site-packages/sklearn/linear_model/_logistic.py:469 ConvergenceWarning: lbfgs failed to converge (status=1):
STOP: TOTAL NO. OF ITERATIONS REACHED LIMIT.

Increase the number of iterations (max_iter) or scale the data as shown in:
    https://scikit-learn.org/stable/modules/preprocessing.html
Please also refer to the documentation for alternative solver options:
    https://scikit-learn.org/stable/modules/linear_model.html#logistic-regression
[2026-05-02T17:18:40.052+0000] {logging_mixin.py:190} INFO - [ml_pipeline.model] Model accuracy: 0.9561
[2026-05-02T17:18:40.054+0000] {logging_mixin.py:190} INFO - [ml_pipeline.model] Saved model to models/breast_cancer.pkl
[2026-05-02T17:18:40.055+0000] {logging_mixin.py:190} INFO - [train_model] Saved metadata to models/metadata.json
[2026-05-02T17:18:40.055+0000] {python.py:240} INFO - Done. Returned value was: 0.956140350877193
[2026-05-02T17:18:40.077+0000] {taskinstance.py:340} INFO - ::group::Post task execution logs
[2026-05-02T17:18:40.078+0000] {taskinstance.py:352} INFO - Marking task as SUCCESS. dag_id=train_breast_cancer_model, task_id=train_model, run_id=manual__2026-05-02T17:18:33.760327+00:00, execution_date=20260502T171833, start_date=20260502T171839, end_date=20260502T171840
[2026-05-02T17:18:40.151+0000] {local_task_job_runner.py:266} INFO - Task exited with return code 0
[2026-05-02T17:18:40.182+0000] {taskinstance.py:3900} INFO - 1 downstream tasks scheduled from follow-on schedule check
[2026-05-02T17:18:40.189+0000] {local_task_job_runner.py:245} INFO - ::endgroup::
