[2026-04-30T00:12:33.743+0000] {processor.py:186} INFO - Started process (PID=11297) to work on /home/ec2-user/environment/asynchronous_ai_inference_system/dags/generate_data_dag.py
[2026-04-30T00:12:33.743+0000] {processor.py:914} INFO - Processing file /home/ec2-user/environment/asynchronous_ai_inference_system/dags/generate_data_dag.py for tasks to queue
[2026-04-30T00:12:33.744+0000] {logging_mixin.py:190} INFO - [2026-04-30T00:12:33.744+0000] {dagbag.py:588} INFO - Filling up the DagBag from /home/ec2-user/environment/asynchronous_ai_inference_system/dags/generate_data_dag.py
[2026-04-30T00:12:35.130+0000] {processor.py:925} INFO - DAG(s) 'generate_data_only' retrieved from /home/ec2-user/environment/asynchronous_ai_inference_system/dags/generate_data_dag.py
[2026-04-30T00:12:35.213+0000] {logging_mixin.py:190} INFO - [2026-04-30T00:12:35.212+0000] {override.py:1930} INFO - Created Permission View: can delete on DAG:generate_data_only
[2026-04-30T00:12:35.223+0000] {logging_mixin.py:190} INFO - [2026-04-30T00:12:35.223+0000] {override.py:1930} INFO - Created Permission View: can read on DAG:generate_data_only
[2026-04-30T00:12:35.231+0000] {logging_mixin.py:190} INFO - [2026-04-30T00:12:35.231+0000] {override.py:1930} INFO - Created Permission View: can edit on DAG:generate_data_only
[2026-04-30T00:12:35.246+0000] {logging_mixin.py:190} INFO - [2026-04-30T00:12:35.245+0000] {override.py:1930} INFO - Created Permission View: can delete on DAG Run:generate_data_only
[2026-04-30T00:12:35.254+0000] {logging_mixin.py:190} INFO - [2026-04-30T00:12:35.254+0000] {override.py:1930} INFO - Created Permission View: can read on DAG Run:generate_data_only
[2026-04-30T00:12:35.263+0000] {logging_mixin.py:190} INFO - [2026-04-30T00:12:35.262+0000] {override.py:1930} INFO - Created Permission View: menu access on DAG Run:generate_data_only
[2026-04-30T00:12:35.271+0000] {logging_mixin.py:190} INFO - [2026-04-30T00:12:35.271+0000] {override.py:1930} INFO - Created Permission View: can create on DAG Run:generate_data_only
[2026-04-30T00:12:35.272+0000] {logging_mixin.py:190} INFO - [2026-04-30T00:12:35.271+0000] {dag.py:3239} INFO - Sync 1 DAGs
[2026-04-30T00:12:35.282+0000] {logging_mixin.py:190} INFO - [2026-04-30T00:12:35.282+0000] {dag.py:3262} INFO - Creating ORM DAG for generate_data_only
[2026-04-30T00:12:35.282+0000] {logging_mixin.py:190} INFO - [2026-04-30T00:12:35.282+0000] {dag.py:4180} INFO - Setting next_dagrun for generate_data_only to None, run_after=None
[2026-04-30T00:12:35.298+0000] {processor.py:208} INFO - Processing /home/ec2-user/environment/asynchronous_ai_inference_system/dags/generate_data_dag.py took 1.560 seconds
[2026-04-30T00:13:06.100+0000] {processor.py:186} INFO - Started process (PID=11400) to work on /home/ec2-user/environment/asynchronous_ai_inference_system/dags/generate_data_dag.py
[2026-04-30T00:13:06.101+0000] {processor.py:914} INFO - Processing file /home/ec2-user/environment/asynchronous_ai_inference_system/dags/generate_data_dag.py for tasks to queue
[2026-04-30T00:13:06.102+0000] {logging_mixin.py:190} INFO - [2026-04-30T00:13:06.102+0000] {dagbag.py:588} INFO - Filling up the DagBag from /home/ec2-user/environment/asynchronous_ai_inference_system/dags/generate_data_dag.py
[2026-04-30T00:13:07.463+0000] {processor.py:925} INFO - DAG(s) 'generate_data_only' retrieved from /home/ec2-user/environment/asynchronous_ai_inference_system/dags/generate_data_dag.py
[2026-04-30T00:13:07.475+0000] {logging_mixin.py:190} INFO - [2026-04-30T00:13:07.475+0000] {dag.py:3239} INFO - Sync 1 DAGs
[2026-04-30T00:13:07.484+0000] {logging_mixin.py:190} INFO - [2026-04-30T00:13:07.484+0000] {dag.py:4180} INFO - Setting next_dagrun for generate_data_only to None, run_after=None
[2026-04-30T00:13:07.501+0000] {processor.py:208} INFO - Processing /home/ec2-user/environment/asynchronous_ai_inference_system/dags/generate_data_dag.py took 1.407 seconds
[2026-04-30T00:13:37.803+0000] {processor.py:186} INFO - Started process (PID=11462) to work on /home/ec2-user/environment/asynchronous_ai_inference_system/dags/generate_data_dag.py
[2026-04-30T00:13:37.803+0000] {processor.py:914} INFO - Processing file /home/ec2-user/environment/asynchronous_ai_inference_system/dags/generate_data_dag.py for tasks to queue
[2026-04-30T00:13:37.804+0000] {logging_mixin.py:190} INFO - [2026-04-30T00:13:37.804+0000] {dagbag.py:588} INFO - Filling up the DagBag from /home/ec2-user/environment/asynchronous_ai_inference_system/dags/generate_data_dag.py
[2026-04-30T00:13:39.169+0000] {processor.py:925} INFO - DAG(s) 'generate_data_only' retrieved from /home/ec2-user/environment/asynchronous_ai_inference_system/dags/generate_data_dag.py
[2026-04-30T00:13:39.182+0000] {logging_mixin.py:190} INFO - [2026-04-30T00:13:39.182+0000] {dag.py:3239} INFO - Sync 1 DAGs
[2026-04-30T00:13:39.191+0000] {logging_mixin.py:190} INFO - [2026-04-30T00:13:39.191+0000] {dag.py:4180} INFO - Setting next_dagrun for generate_data_only to None, run_after=None
[2026-04-30T00:13:39.208+0000] {processor.py:208} INFO - Processing /home/ec2-user/environment/asynchronous_ai_inference_system/dags/generate_data_dag.py took 1.410 seconds
[2026-04-30T00:14:10.514+0000] {processor.py:186} INFO - Started process (PID=11498) to work on /home/ec2-user/environment/asynchronous_ai_inference_system/dags/generate_data_dag.py
[2026-04-30T00:14:10.515+0000] {processor.py:914} INFO - Processing file /home/ec2-user/environment/asynchronous_ai_inference_system/dags/generate_data_dag.py for tasks to queue
[2026-04-30T00:14:10.516+0000] {logging_mixin.py:190} INFO - [2026-04-30T00:14:10.516+0000] {dagbag.py:588} INFO - Filling up the DagBag from /home/ec2-user/environment/asynchronous_ai_inference_system/dags/generate_data_dag.py
[2026-04-30T00:14:11.831+0000] {processor.py:925} INFO - DAG(s) 'generate_data_only' retrieved from /home/ec2-user/environment/asynchronous_ai_inference_system/dags/generate_data_dag.py
[2026-04-30T00:14:11.844+0000] {logging_mixin.py:190} INFO - [2026-04-30T00:14:11.843+0000] {dag.py:3239} INFO - Sync 1 DAGs
[2026-04-30T00:14:11.852+0000] {logging_mixin.py:190} INFO - [2026-04-30T00:14:11.852+0000] {dag.py:4180} INFO - Setting next_dagrun for generate_data_only to None, run_after=None
[2026-04-30T00:14:11.868+0000] {processor.py:208} INFO - Processing /home/ec2-user/environment/asynchronous_ai_inference_system/dags/generate_data_dag.py took 1.359 seconds
[2026-04-30T00:14:41.980+0000] {processor.py:186} INFO - Started process (PID=11569) to work on /home/ec2-user/environment/asynchronous_ai_inference_system/dags/generate_data_dag.py
[2026-04-30T00:14:41.981+0000] {processor.py:914} INFO - Processing file /home/ec2-user/environment/asynchronous_ai_inference_system/dags/generate_data_dag.py for tasks to queue
[2026-04-30T00:14:41.982+0000] {logging_mixin.py:190} INFO - [2026-04-30T00:14:41.982+0000] {dagbag.py:588} INFO - Filling up the DagBag from /home/ec2-user/environment/asynchronous_ai_inference_system/dags/generate_data_dag.py
[2026-04-30T00:14:43.333+0000] {processor.py:925} INFO - DAG(s) 'generate_data_only' retrieved from /home/ec2-user/environment/asynchronous_ai_inference_system/dags/generate_data_dag.py
[2026-04-30T00:14:43.345+0000] {logging_mixin.py:190} INFO - [2026-04-30T00:14:43.345+0000] {dag.py:3239} INFO - Sync 1 DAGs
[2026-04-30T00:14:43.354+0000] {logging_mixin.py:190} INFO - [2026-04-30T00:14:43.353+0000] {dag.py:4180} INFO - Setting next_dagrun for generate_data_only to None, run_after=None
[2026-04-30T00:14:43.370+0000] {processor.py:208} INFO - Processing /home/ec2-user/environment/asynchronous_ai_inference_system/dags/generate_data_dag.py took 1.394 seconds
[2026-04-30T00:15:15.008+0000] {processor.py:186} INFO - Started process (PID=11606) to work on /home/ec2-user/environment/asynchronous_ai_inference_system/dags/generate_data_dag.py
[2026-04-30T00:15:15.009+0000] {processor.py:914} INFO - Processing file /home/ec2-user/environment/asynchronous_ai_inference_system/dags/generate_data_dag.py for tasks to queue
[2026-04-30T00:15:15.010+0000] {logging_mixin.py:190} INFO - [2026-04-30T00:15:15.010+0000] {dagbag.py:588} INFO - Filling up the DagBag from /home/ec2-user/environment/asynchronous_ai_inference_system/dags/generate_data_dag.py
[2026-04-30T00:15:16.333+0000] {processor.py:925} INFO - DAG(s) 'generate_data_only' retrieved from /home/ec2-user/environment/asynchronous_ai_inference_system/dags/generate_data_dag.py
[2026-04-30T00:15:16.344+0000] {logging_mixin.py:190} INFO - [2026-04-30T00:15:16.344+0000] {dag.py:3239} INFO - Sync 1 DAGs
[2026-04-30T00:15:16.353+0000] {logging_mixin.py:190} INFO - [2026-04-30T00:15:16.352+0000] {dag.py:4180} INFO - Setting next_dagrun for generate_data_only to None, run_after=None
[2026-04-30T00:15:16.369+0000] {processor.py:208} INFO - Processing /home/ec2-user/environment/asynchronous_ai_inference_system/dags/generate_data_dag.py took 1.365 seconds
[2026-04-30T00:15:47.185+0000] {processor.py:186} INFO - Started process (PID=11708) to work on /home/ec2-user/environment/asynchronous_ai_inference_system/dags/generate_data_dag.py
[2026-04-30T00:15:47.186+0000] {processor.py:914} INFO - Processing file /home/ec2-user/environment/asynchronous_ai_inference_system/dags/generate_data_dag.py for tasks to queue
[2026-04-30T00:15:47.186+0000] {logging_mixin.py:190} INFO - [2026-04-30T00:15:47.186+0000] {dagbag.py:588} INFO - Filling up the DagBag from /home/ec2-user/environment/asynchronous_ai_inference_system/dags/generate_data_dag.py
[2026-04-30T00:15:48.554+0000] {processor.py:925} INFO - DAG(s) 'generate_data_only' retrieved from /home/ec2-user/environment/asynchronous_ai_inference_system/dags/generate_data_dag.py
[2026-04-30T00:15:48.566+0000] {logging_mixin.py:190} INFO - [2026-04-30T00:15:48.566+0000] {dag.py:3239} INFO - Sync 1 DAGs
[2026-04-30T00:15:48.576+0000] {logging_mixin.py:190} INFO - [2026-04-30T00:15:48.575+0000] {dag.py:4180} INFO - Setting next_dagrun for generate_data_only to None, run_after=None
[2026-04-30T00:15:48.592+0000] {processor.py:208} INFO - Processing /home/ec2-user/environment/asynchronous_ai_inference_system/dags/generate_data_dag.py took 1.412 seconds
[2026-04-30T00:16:18.770+0000] {processor.py:186} INFO - Started process (PID=11755) to work on /home/ec2-user/environment/asynchronous_ai_inference_system/dags/generate_data_dag.py
[2026-04-30T00:16:18.770+0000] {processor.py:914} INFO - Processing file /home/ec2-user/environment/asynchronous_ai_inference_system/dags/generate_data_dag.py for tasks to queue
[2026-04-30T00:16:18.771+0000] {logging_mixin.py:190} INFO - [2026-04-30T00:16:18.771+0000] {dagbag.py:588} INFO - Filling up the DagBag from /home/ec2-user/environment/asynchronous_ai_inference_system/dags/generate_data_dag.py
[2026-04-30T00:16:20.164+0000] {processor.py:925} INFO - DAG(s) 'generate_data_only' retrieved from /home/ec2-user/environment/asynchronous_ai_inference_system/dags/generate_data_dag.py
[2026-04-30T00:16:20.176+0000] {logging_mixin.py:190} INFO - [2026-04-30T00:16:20.176+0000] {dag.py:3239} INFO - Sync 1 DAGs
[2026-04-30T00:16:20.186+0000] {logging_mixin.py:190} INFO - [2026-04-30T00:16:20.186+0000] {dag.py:4180} INFO - Setting next_dagrun for generate_data_only to None, run_after=None
[2026-04-30T00:16:20.204+0000] {processor.py:208} INFO - Processing /home/ec2-user/environment/asynchronous_ai_inference_system/dags/generate_data_dag.py took 1.440 seconds
[2026-04-30T00:16:50.344+0000] {processor.py:186} INFO - Started process (PID=11792) to work on /home/ec2-user/environment/asynchronous_ai_inference_system/dags/generate_data_dag.py
[2026-04-30T00:16:50.345+0000] {processor.py:914} INFO - Processing file /home/ec2-user/environment/asynchronous_ai_inference_system/dags/generate_data_dag.py for tasks to queue
[2026-04-30T00:16:50.346+0000] {logging_mixin.py:190} INFO - [2026-04-30T00:16:50.346+0000] {dagbag.py:588} INFO - Filling up the DagBag from /home/ec2-user/environment/asynchronous_ai_inference_system/dags/generate_data_dag.py
[2026-04-30T00:16:51.726+0000] {processor.py:925} INFO - DAG(s) 'generate_data_only' retrieved from /home/ec2-user/environment/asynchronous_ai_inference_system/dags/generate_data_dag.py
[2026-04-30T00:16:51.740+0000] {logging_mixin.py:190} INFO - [2026-04-30T00:16:51.739+0000] {dag.py:3239} INFO - Sync 1 DAGs
[2026-04-30T00:16:51.748+0000] {logging_mixin.py:190} INFO - [2026-04-30T00:16:51.748+0000] {dag.py:4180} INFO - Setting next_dagrun for generate_data_only to None, run_after=None
[2026-04-30T00:16:51.766+0000] {processor.py:208} INFO - Processing /home/ec2-user/environment/asynchronous_ai_inference_system/dags/generate_data_dag.py took 1.426 seconds
[2026-04-30T00:17:21.920+0000] {processor.py:186} INFO - Started process (PID=11877) to work on /home/ec2-user/environment/asynchronous_ai_inference_system/dags/generate_data_dag.py
[2026-04-30T00:17:21.921+0000] {processor.py:914} INFO - Processing file /home/ec2-user/environment/asynchronous_ai_inference_system/dags/generate_data_dag.py for tasks to queue
[2026-04-30T00:17:21.922+0000] {logging_mixin.py:190} INFO - [2026-04-30T00:17:21.921+0000] {dagbag.py:588} INFO - Filling up the DagBag from /home/ec2-user/environment/asynchronous_ai_inference_system/dags/generate_data_dag.py
[2026-04-30T00:17:23.317+0000] {processor.py:925} INFO - DAG(s) 'generate_data_only' retrieved from /home/ec2-user/environment/asynchronous_ai_inference_system/dags/generate_data_dag.py
[2026-04-30T00:17:23.330+0000] {logging_mixin.py:190} INFO - [2026-04-30T00:17:23.329+0000] {dag.py:3239} INFO - Sync 1 DAGs
[2026-04-30T00:17:23.338+0000] {logging_mixin.py:190} INFO - [2026-04-30T00:17:23.338+0000] {dag.py:4180} INFO - Setting next_dagrun for generate_data_only to None, run_after=None
[2026-04-30T00:17:23.371+0000] {processor.py:208} INFO - Processing /home/ec2-user/environment/asynchronous_ai_inference_system/dags/generate_data_dag.py took 1.455 seconds
[2026-04-30T00:17:53.495+0000] {processor.py:186} INFO - Started process (PID=11904) to work on /home/ec2-user/environment/asynchronous_ai_inference_system/dags/generate_data_dag.py
[2026-04-30T00:17:53.495+0000] {processor.py:914} INFO - Processing file /home/ec2-user/environment/asynchronous_ai_inference_system/dags/generate_data_dag.py for tasks to queue
[2026-04-30T00:17:53.496+0000] {logging_mixin.py:190} INFO - [2026-04-30T00:17:53.496+0000] {dagbag.py:588} INFO - Filling up the DagBag from /home/ec2-user/environment/asynchronous_ai_inference_system/dags/generate_data_dag.py
[2026-04-30T00:17:54.844+0000] {processor.py:925} INFO - DAG(s) 'generate_data_only' retrieved from /home/ec2-user/environment/asynchronous_ai_inference_system/dags/generate_data_dag.py
[2026-04-30T00:17:54.856+0000] {logging_mixin.py:190} INFO - [2026-04-30T00:17:54.855+0000] {dag.py:3239} INFO - Sync 1 DAGs
[2026-04-30T00:17:54.864+0000] {logging_mixin.py:190} INFO - [2026-04-30T00:17:54.864+0000] {dag.py:4180} INFO - Setting next_dagrun for generate_data_only to None, run_after=None
[2026-04-30T00:17:54.881+0000] {processor.py:208} INFO - Processing /home/ec2-user/environment/asynchronous_ai_inference_system/dags/generate_data_dag.py took 1.391 seconds
[2026-04-30T00:18:24.968+0000] {processor.py:186} INFO - Started process (PID=11938) to work on /home/ec2-user/environment/asynchronous_ai_inference_system/dags/generate_data_dag.py
[2026-04-30T00:18:24.970+0000] {processor.py:914} INFO - Processing file /home/ec2-user/environment/asynchronous_ai_inference_system/dags/generate_data_dag.py for tasks to queue
[2026-04-30T00:18:24.971+0000] {logging_mixin.py:190} INFO - [2026-04-30T00:18:24.970+0000] {dagbag.py:588} INFO - Filling up the DagBag from /home/ec2-user/environment/asynchronous_ai_inference_system/dags/generate_data_dag.py
[2026-04-30T00:18:26.246+0000] {processor.py:925} INFO - DAG(s) 'generate_data_only' retrieved from /home/ec2-user/environment/asynchronous_ai_inference_system/dags/generate_data_dag.py
[2026-04-30T00:18:26.258+0000] {logging_mixin.py:190} INFO - [2026-04-30T00:18:26.258+0000] {dag.py:3239} INFO - Sync 1 DAGs
[2026-04-30T00:18:26.266+0000] {logging_mixin.py:190} INFO - [2026-04-30T00:18:26.266+0000] {dag.py:4180} INFO - Setting next_dagrun for generate_data_only to None, run_after=None
[2026-04-30T00:18:26.284+0000] {processor.py:208} INFO - Processing /home/ec2-user/environment/asynchronous_ai_inference_system/dags/generate_data_dag.py took 1.320 seconds
[2026-04-30T00:19:17.667+0000] {processor.py:186} INFO - Started process (PID=12016) to work on /home/ec2-user/environment/asynchronous_ai_inference_system/dags/generate_data_dag.py
[2026-04-30T00:19:17.669+0000] {processor.py:914} INFO - Processing file /home/ec2-user/environment/asynchronous_ai_inference_system/dags/generate_data_dag.py for tasks to queue
[2026-04-30T00:19:17.669+0000] {logging_mixin.py:190} INFO - [2026-04-30T00:19:17.669+0000] {dagbag.py:588} INFO - Filling up the DagBag from /home/ec2-user/environment/asynchronous_ai_inference_system/dags/generate_data_dag.py
[2026-04-30T00:19:19.065+0000] {processor.py:925} INFO - DAG(s) 'generate_data_only' retrieved from /home/ec2-user/environment/asynchronous_ai_inference_system/dags/generate_data_dag.py
[2026-04-30T00:19:19.079+0000] {logging_mixin.py:190} INFO - [2026-04-30T00:19:19.078+0000] {dag.py:3239} INFO - Sync 1 DAGs
[2026-04-30T00:19:19.088+0000] {logging_mixin.py:190} INFO - [2026-04-30T00:19:19.088+0000] {dag.py:4180} INFO - Setting next_dagrun for generate_data_only to None, run_after=None
[2026-04-30T00:19:19.105+0000] {processor.py:208} INFO - Processing /home/ec2-user/environment/asynchronous_ai_inference_system/dags/generate_data_dag.py took 1.442 seconds
[2026-04-30T00:19:49.460+0000] {processor.py:186} INFO - Started process (PID=12112) to work on /home/ec2-user/environment/asynchronous_ai_inference_system/dags/generate_data_dag.py
[2026-04-30T00:19:49.461+0000] {processor.py:914} INFO - Processing file /home/ec2-user/environment/asynchronous_ai_inference_system/dags/generate_data_dag.py for tasks to queue
[2026-04-30T00:19:49.462+0000] {logging_mixin.py:190} INFO - [2026-04-30T00:19:49.462+0000] {dagbag.py:588} INFO - Filling up the DagBag from /home/ec2-user/environment/asynchronous_ai_inference_system/dags/generate_data_dag.py
[2026-04-30T00:19:50.790+0000] {processor.py:925} INFO - DAG(s) 'generate_data_only' retrieved from /home/ec2-user/environment/asynchronous_ai_inference_system/dags/generate_data_dag.py
[2026-04-30T00:19:50.802+0000] {logging_mixin.py:190} INFO - [2026-04-30T00:19:50.802+0000] {dag.py:3239} INFO - Sync 1 DAGs
[2026-04-30T00:19:50.812+0000] {logging_mixin.py:190} INFO - [2026-04-30T00:19:50.812+0000] {dag.py:4180} INFO - Setting next_dagrun for generate_data_only to None, run_after=None
[2026-04-30T00:19:50.829+0000] {processor.py:208} INFO - Processing /home/ec2-user/environment/asynchronous_ai_inference_system/dags/generate_data_dag.py took 1.373 seconds
[2026-04-30T00:20:21.061+0000] {processor.py:186} INFO - Started process (PID=12152) to work on /home/ec2-user/environment/asynchronous_ai_inference_system/dags/generate_data_dag.py
[2026-04-30T00:20:21.062+0000] {processor.py:914} INFO - Processing file /home/ec2-user/environment/asynchronous_ai_inference_system/dags/generate_data_dag.py for tasks to queue
[2026-04-30T00:20:21.063+0000] {logging_mixin.py:190} INFO - [2026-04-30T00:20:21.063+0000] {dagbag.py:588} INFO - Filling up the DagBag from /home/ec2-user/environment/asynchronous_ai_inference_system/dags/generate_data_dag.py
[2026-04-30T00:20:22.385+0000] {processor.py:925} INFO - DAG(s) 'generate_data_only' retrieved from /home/ec2-user/environment/asynchronous_ai_inference_system/dags/generate_data_dag.py
[2026-04-30T00:20:22.400+0000] {logging_mixin.py:190} INFO - [2026-04-30T00:20:22.399+0000] {dag.py:3239} INFO - Sync 1 DAGs
[2026-04-30T00:20:22.410+0000] {logging_mixin.py:190} INFO - [2026-04-30T00:20:22.410+0000] {dag.py:4180} INFO - Setting next_dagrun for generate_data_only to None, run_after=None
[2026-04-30T00:20:22.426+0000] {processor.py:208} INFO - Processing /home/ec2-user/environment/asynchronous_ai_inference_system/dags/generate_data_dag.py took 1.370 seconds
[2026-04-30T00:20:52.560+0000] {processor.py:186} INFO - Started process (PID=12175) to work on /home/ec2-user/environment/asynchronous_ai_inference_system/dags/generate_data_dag.py
[2026-04-30T00:20:52.560+0000] {processor.py:914} INFO - Processing file /home/ec2-user/environment/asynchronous_ai_inference_system/dags/generate_data_dag.py for tasks to queue
[2026-04-30T00:20:52.561+0000] {logging_mixin.py:190} INFO - [2026-04-30T00:20:52.561+0000] {dagbag.py:588} INFO - Filling up the DagBag from /home/ec2-user/environment/asynchronous_ai_inference_system/dags/generate_data_dag.py
[2026-04-30T00:20:53.938+0000] {processor.py:925} INFO - DAG(s) 'generate_data_only' retrieved from /home/ec2-user/environment/asynchronous_ai_inference_system/dags/generate_data_dag.py
[2026-04-30T00:20:53.950+0000] {logging_mixin.py:190} INFO - [2026-04-30T00:20:53.950+0000] {dag.py:3239} INFO - Sync 1 DAGs
[2026-04-30T00:20:53.959+0000] {logging_mixin.py:190} INFO - [2026-04-30T00:20:53.959+0000] {dag.py:4180} INFO - Setting next_dagrun for generate_data_only to None, run_after=None
[2026-04-30T00:20:53.976+0000] {processor.py:208} INFO - Processing /home/ec2-user/environment/asynchronous_ai_inference_system/dags/generate_data_dag.py took 1.421 seconds
[2026-04-30T00:21:24.156+0000] {processor.py:186} INFO - Started process (PID=12262) to work on /home/ec2-user/environment/asynchronous_ai_inference_system/dags/generate_data_dag.py
[2026-04-30T00:21:24.157+0000] {processor.py:914} INFO - Processing file /home/ec2-user/environment/asynchronous_ai_inference_system/dags/generate_data_dag.py for tasks to queue
[2026-04-30T00:21:24.158+0000] {logging_mixin.py:190} INFO - [2026-04-30T00:21:24.158+0000] {dagbag.py:588} INFO - Filling up the DagBag from /home/ec2-user/environment/asynchronous_ai_inference_system/dags/generate_data_dag.py
[2026-04-30T00:21:25.503+0000] {processor.py:925} INFO - DAG(s) 'generate_data_only' retrieved from /home/ec2-user/environment/asynchronous_ai_inference_system/dags/generate_data_dag.py
[2026-04-30T00:21:25.515+0000] {logging_mixin.py:190} INFO - [2026-04-30T00:21:25.514+0000] {dag.py:3239} INFO - Sync 1 DAGs
[2026-04-30T00:21:25.523+0000] {logging_mixin.py:190} INFO - [2026-04-30T00:21:25.523+0000] {dag.py:4180} INFO - Setting next_dagrun for generate_data_only to None, run_after=None
[2026-04-30T00:21:25.540+0000] {processor.py:208} INFO - Processing /home/ec2-user/environment/asynchronous_ai_inference_system/dags/generate_data_dag.py took 1.389 seconds
[2026-04-30T00:21:56.734+0000] {processor.py:186} INFO - Started process (PID=12289) to work on /home/ec2-user/environment/asynchronous_ai_inference_system/dags/generate_data_dag.py
[2026-04-30T00:21:56.736+0000] {processor.py:914} INFO - Processing file /home/ec2-user/environment/asynchronous_ai_inference_system/dags/generate_data_dag.py for tasks to queue
[2026-04-30T00:21:56.737+0000] {logging_mixin.py:190} INFO - [2026-04-30T00:21:56.736+0000] {dagbag.py:588} INFO - Filling up the DagBag from /home/ec2-user/environment/asynchronous_ai_inference_system/dags/generate_data_dag.py
[2026-04-30T00:21:58.104+0000] {processor.py:925} INFO - DAG(s) 'generate_data_only' retrieved from /home/ec2-user/environment/asynchronous_ai_inference_system/dags/generate_data_dag.py
[2026-04-30T00:21:58.116+0000] {logging_mixin.py:190} INFO - [2026-04-30T00:21:58.115+0000] {dag.py:3239} INFO - Sync 1 DAGs
[2026-04-30T00:21:58.124+0000] {logging_mixin.py:190} INFO - [2026-04-30T00:21:58.124+0000] {dag.py:4180} INFO - Setting next_dagrun for generate_data_only to None, run_after=None
[2026-04-30T00:21:58.142+0000] {processor.py:208} INFO - Processing /home/ec2-user/environment/asynchronous_ai_inference_system/dags/generate_data_dag.py took 1.412 seconds
[2026-04-30T00:24:34.769+0000] {processor.py:186} INFO - Started process (PID=12598) to work on /home/ec2-user/environment/asynchronous_ai_inference_system/dags/generate_data_dag.py
[2026-04-30T00:24:34.770+0000] {processor.py:914} INFO - Processing file /home/ec2-user/environment/asynchronous_ai_inference_system/dags/generate_data_dag.py for tasks to queue
[2026-04-30T00:24:34.771+0000] {logging_mixin.py:190} INFO - [2026-04-30T00:24:34.771+0000] {dagbag.py:588} INFO - Filling up the DagBag from /home/ec2-user/environment/asynchronous_ai_inference_system/dags/generate_data_dag.py
[2026-04-30T00:24:36.100+0000] {processor.py:925} INFO - DAG(s) 'generate_data_only' retrieved from /home/ec2-user/environment/asynchronous_ai_inference_system/dags/generate_data_dag.py
[2026-04-30T00:24:36.112+0000] {logging_mixin.py:190} INFO - [2026-04-30T00:24:36.112+0000] {dag.py:3239} INFO - Sync 1 DAGs
[2026-04-30T00:24:36.122+0000] {logging_mixin.py:190} INFO - [2026-04-30T00:24:36.121+0000] {dag.py:4180} INFO - Setting next_dagrun for generate_data_only to None, run_after=None
[2026-04-30T00:24:36.140+0000] {processor.py:208} INFO - Processing /home/ec2-user/environment/asynchronous_ai_inference_system/dags/generate_data_dag.py took 1.375 seconds
[2026-04-30T00:25:06.638+0000] {processor.py:186} INFO - Started process (PID=12634) to work on /home/ec2-user/environment/asynchronous_ai_inference_system/dags/generate_data_dag.py
[2026-04-30T00:25:06.639+0000] {processor.py:914} INFO - Processing file /home/ec2-user/environment/asynchronous_ai_inference_system/dags/generate_data_dag.py for tasks to queue
[2026-04-30T00:25:06.640+0000] {logging_mixin.py:190} INFO - [2026-04-30T00:25:06.640+0000] {dagbag.py:588} INFO - Filling up the DagBag from /home/ec2-user/environment/asynchronous_ai_inference_system/dags/generate_data_dag.py
[2026-04-30T00:25:07.974+0000] {processor.py:925} INFO - DAG(s) 'generate_data_only' retrieved from /home/ec2-user/environment/asynchronous_ai_inference_system/dags/generate_data_dag.py
[2026-04-30T00:25:07.986+0000] {logging_mixin.py:190} INFO - [2026-04-30T00:25:07.985+0000] {dag.py:3239} INFO - Sync 1 DAGs
[2026-04-30T00:25:07.995+0000] {logging_mixin.py:190} INFO - [2026-04-30T00:25:07.995+0000] {dag.py:4180} INFO - Setting next_dagrun for generate_data_only to None, run_after=None
[2026-04-30T00:25:08.011+0000] {processor.py:208} INFO - Processing /home/ec2-user/environment/asynchronous_ai_inference_system/dags/generate_data_dag.py took 1.377 seconds
[2026-04-30T00:25:44.149+0000] {processor.py:186} INFO - Started process (PID=12677) to work on /home/ec2-user/environment/asynchronous_ai_inference_system/dags/generate_data_dag.py
[2026-04-30T00:25:44.150+0000] {processor.py:914} INFO - Processing file /home/ec2-user/environment/asynchronous_ai_inference_system/dags/generate_data_dag.py for tasks to queue
[2026-04-30T00:25:44.151+0000] {logging_mixin.py:190} INFO - [2026-04-30T00:25:44.150+0000] {dagbag.py:588} INFO - Filling up the DagBag from /home/ec2-user/environment/asynchronous_ai_inference_system/dags/generate_data_dag.py
[2026-04-30T00:25:45.464+0000] {processor.py:925} INFO - DAG(s) 'generate_data_only' retrieved from /home/ec2-user/environment/asynchronous_ai_inference_system/dags/generate_data_dag.py
[2026-04-30T00:25:45.476+0000] {logging_mixin.py:190} INFO - [2026-04-30T00:25:45.476+0000] {dag.py:3239} INFO - Sync 1 DAGs
[2026-04-30T00:25:45.485+0000] {logging_mixin.py:190} INFO - [2026-04-30T00:25:45.484+0000] {dag.py:4180} INFO - Setting next_dagrun for generate_data_only to None, run_after=None
[2026-04-30T00:25:45.501+0000] {processor.py:208} INFO - Processing /home/ec2-user/environment/asynchronous_ai_inference_system/dags/generate_data_dag.py took 1.357 seconds
[2026-04-30T00:26:15.873+0000] {processor.py:186} INFO - Started process (PID=12724) to work on /home/ec2-user/environment/asynchronous_ai_inference_system/dags/generate_data_dag.py
[2026-04-30T00:26:15.874+0000] {processor.py:914} INFO - Processing file /home/ec2-user/environment/asynchronous_ai_inference_system/dags/generate_data_dag.py for tasks to queue
[2026-04-30T00:26:15.874+0000] {logging_mixin.py:190} INFO - [2026-04-30T00:26:15.874+0000] {dagbag.py:588} INFO - Filling up the DagBag from /home/ec2-user/environment/asynchronous_ai_inference_system/dags/generate_data_dag.py
[2026-04-30T00:26:17.188+0000] {processor.py:925} INFO - DAG(s) 'generate_data_only' retrieved from /home/ec2-user/environment/asynchronous_ai_inference_system/dags/generate_data_dag.py
[2026-04-30T00:26:17.201+0000] {logging_mixin.py:190} INFO - [2026-04-30T00:26:17.201+0000] {dag.py:3239} INFO - Sync 1 DAGs
[2026-04-30T00:26:17.210+0000] {logging_mixin.py:190} INFO - [2026-04-30T00:26:17.209+0000] {dag.py:4180} INFO - Setting next_dagrun for generate_data_only to None, run_after=None
[2026-04-30T00:26:17.226+0000] {processor.py:208} INFO - Processing /home/ec2-user/environment/asynchronous_ai_inference_system/dags/generate_data_dag.py took 1.357 seconds
[2026-04-30T00:26:48.055+0000] {processor.py:186} INFO - Started process (PID=12803) to work on /home/ec2-user/environment/asynchronous_ai_inference_system/dags/generate_data_dag.py
[2026-04-30T00:26:48.055+0000] {processor.py:914} INFO - Processing file /home/ec2-user/environment/asynchronous_ai_inference_system/dags/generate_data_dag.py for tasks to queue
[2026-04-30T00:26:48.056+0000] {logging_mixin.py:190} INFO - [2026-04-30T00:26:48.056+0000] {dagbag.py:588} INFO - Filling up the DagBag from /home/ec2-user/environment/asynchronous_ai_inference_system/dags/generate_data_dag.py
[2026-04-30T00:26:49.434+0000] {processor.py:925} INFO - DAG(s) 'generate_data_only' retrieved from /home/ec2-user/environment/asynchronous_ai_inference_system/dags/generate_data_dag.py
[2026-04-30T00:26:49.446+0000] {logging_mixin.py:190} INFO - [2026-04-30T00:26:49.446+0000] {dag.py:3239} INFO - Sync 1 DAGs
[2026-04-30T00:26:49.454+0000] {logging_mixin.py:190} INFO - [2026-04-30T00:26:49.454+0000] {dag.py:4180} INFO - Setting next_dagrun for generate_data_only to None, run_after=None
[2026-04-30T00:26:49.471+0000] {processor.py:208} INFO - Processing /home/ec2-user/environment/asynchronous_ai_inference_system/dags/generate_data_dag.py took 1.421 seconds
[2026-04-30T00:27:19.657+0000] {processor.py:186} INFO - Started process (PID=12847) to work on /home/ec2-user/environment/asynchronous_ai_inference_system/dags/generate_data_dag.py
[2026-04-30T00:27:19.658+0000] {processor.py:914} INFO - Processing file /home/ec2-user/environment/asynchronous_ai_inference_system/dags/generate_data_dag.py for tasks to queue
[2026-04-30T00:27:19.659+0000] {logging_mixin.py:190} INFO - [2026-04-30T00:27:19.659+0000] {dagbag.py:588} INFO - Filling up the DagBag from /home/ec2-user/environment/asynchronous_ai_inference_system/dags/generate_data_dag.py
[2026-04-30T00:27:21.034+0000] {processor.py:925} INFO - DAG(s) 'generate_data_only' retrieved from /home/ec2-user/environment/asynchronous_ai_inference_system/dags/generate_data_dag.py
[2026-04-30T00:27:21.046+0000] {logging_mixin.py:190} INFO - [2026-04-30T00:27:21.046+0000] {dag.py:3239} INFO - Sync 1 DAGs
[2026-04-30T00:27:21.055+0000] {logging_mixin.py:190} INFO - [2026-04-30T00:27:21.054+0000] {dag.py:4180} INFO - Setting next_dagrun for generate_data_only to None, run_after=None
[2026-04-30T00:27:21.072+0000] {processor.py:208} INFO - Processing /home/ec2-user/environment/asynchronous_ai_inference_system/dags/generate_data_dag.py took 1.420 seconds
[2026-04-30T00:27:51.949+0000] {processor.py:186} INFO - Started process (PID=12873) to work on /home/ec2-user/environment/asynchronous_ai_inference_system/dags/generate_data_dag.py
[2026-04-30T00:27:51.950+0000] {processor.py:914} INFO - Processing file /home/ec2-user/environment/asynchronous_ai_inference_system/dags/generate_data_dag.py for tasks to queue
[2026-04-30T00:27:51.951+0000] {logging_mixin.py:190} INFO - [2026-04-30T00:27:51.951+0000] {dagbag.py:588} INFO - Filling up the DagBag from /home/ec2-user/environment/asynchronous_ai_inference_system/dags/generate_data_dag.py
[2026-04-30T00:27:53.327+0000] {processor.py:925} INFO - DAG(s) 'generate_data_only' retrieved from /home/ec2-user/environment/asynchronous_ai_inference_system/dags/generate_data_dag.py
[2026-04-30T00:27:53.340+0000] {logging_mixin.py:190} INFO - [2026-04-30T00:27:53.339+0000] {dag.py:3239} INFO - Sync 1 DAGs
[2026-04-30T00:27:53.349+0000] {logging_mixin.py:190} INFO - [2026-04-30T00:27:53.349+0000] {dag.py:4180} INFO - Setting next_dagrun for generate_data_only to None, run_after=None
[2026-04-30T00:27:53.366+0000] {processor.py:208} INFO - Processing /home/ec2-user/environment/asynchronous_ai_inference_system/dags/generate_data_dag.py took 1.422 seconds
[2026-04-30T00:28:24.380+0000] {processor.py:186} INFO - Started process (PID=13055) to work on /home/ec2-user/environment/asynchronous_ai_inference_system/dags/generate_data_dag.py
[2026-04-30T00:28:24.381+0000] {processor.py:914} INFO - Processing file /home/ec2-user/environment/asynchronous_ai_inference_system/dags/generate_data_dag.py for tasks to queue
[2026-04-30T00:28:24.382+0000] {logging_mixin.py:190} INFO - [2026-04-30T00:28:24.382+0000] {dagbag.py:588} INFO - Filling up the DagBag from /home/ec2-user/environment/asynchronous_ai_inference_system/dags/generate_data_dag.py
[2026-04-30T00:28:25.745+0000] {processor.py:925} INFO - DAG(s) 'generate_data_only' retrieved from /home/ec2-user/environment/asynchronous_ai_inference_system/dags/generate_data_dag.py
[2026-04-30T00:28:25.757+0000] {logging_mixin.py:190} INFO - [2026-04-30T00:28:25.756+0000] {dag.py:3239} INFO - Sync 1 DAGs
[2026-04-30T00:28:25.766+0000] {logging_mixin.py:190} INFO - [2026-04-30T00:28:25.766+0000] {dag.py:4180} INFO - Setting next_dagrun for generate_data_only to None, run_after=None
[2026-04-30T00:28:25.783+0000] {processor.py:208} INFO - Processing /home/ec2-user/environment/asynchronous_ai_inference_system/dags/generate_data_dag.py took 1.408 seconds
[2026-04-30T00:28:56.137+0000] {processor.py:186} INFO - Started process (PID=13082) to work on /home/ec2-user/environment/asynchronous_ai_inference_system/dags/generate_data_dag.py
[2026-04-30T00:28:56.139+0000] {processor.py:914} INFO - Processing file /home/ec2-user/environment/asynchronous_ai_inference_system/dags/generate_data_dag.py for tasks to queue
[2026-04-30T00:28:56.140+0000] {logging_mixin.py:190} INFO - [2026-04-30T00:28:56.139+0000] {dagbag.py:588} INFO - Filling up the DagBag from /home/ec2-user/environment/asynchronous_ai_inference_system/dags/generate_data_dag.py
[2026-04-30T00:28:57.498+0000] {processor.py:925} INFO - DAG(s) 'generate_data_only' retrieved from /home/ec2-user/environment/asynchronous_ai_inference_system/dags/generate_data_dag.py
[2026-04-30T00:28:57.512+0000] {logging_mixin.py:190} INFO - [2026-04-30T00:28:57.511+0000] {dag.py:3239} INFO - Sync 1 DAGs
[2026-04-30T00:28:57.520+0000] {logging_mixin.py:190} INFO - [2026-04-30T00:28:57.520+0000] {dag.py:4180} INFO - Setting next_dagrun for generate_data_only to None, run_after=None
[2026-04-30T00:28:57.537+0000] {processor.py:208} INFO - Processing /home/ec2-user/environment/asynchronous_ai_inference_system/dags/generate_data_dag.py took 1.404 seconds
[2026-04-30T00:29:28.346+0000] {processor.py:186} INFO - Started process (PID=13167) to work on /home/ec2-user/environment/asynchronous_ai_inference_system/dags/generate_data_dag.py
[2026-04-30T00:29:28.347+0000] {processor.py:914} INFO - Processing file /home/ec2-user/environment/asynchronous_ai_inference_system/dags/generate_data_dag.py for tasks to queue
[2026-04-30T00:29:28.347+0000] {logging_mixin.py:190} INFO - [2026-04-30T00:29:28.347+0000] {dagbag.py:588} INFO - Filling up the DagBag from /home/ec2-user/environment/asynchronous_ai_inference_system/dags/generate_data_dag.py
[2026-04-30T00:29:29.732+0000] {processor.py:925} INFO - DAG(s) 'generate_data_only' retrieved from /home/ec2-user/environment/asynchronous_ai_inference_system/dags/generate_data_dag.py
[2026-04-30T00:29:29.765+0000] {logging_mixin.py:190} INFO - [2026-04-30T00:29:29.765+0000] {dag.py:3239} INFO - Sync 1 DAGs
[2026-04-30T00:29:29.800+0000] {logging_mixin.py:190} INFO - [2026-04-30T00:29:29.800+0000] {dag.py:4180} INFO - Setting next_dagrun for generate_data_only to None, run_after=None
[2026-04-30T00:29:29.829+0000] {processor.py:208} INFO - Processing /home/ec2-user/environment/asynchronous_ai_inference_system/dags/generate_data_dag.py took 1.487 seconds
[2026-04-30T00:30:00.671+0000] {processor.py:186} INFO - Started process (PID=13252) to work on /home/ec2-user/environment/asynchronous_ai_inference_system/dags/generate_data_dag.py
[2026-04-30T00:30:00.672+0000] {processor.py:914} INFO - Processing file /home/ec2-user/environment/asynchronous_ai_inference_system/dags/generate_data_dag.py for tasks to queue
[2026-04-30T00:30:00.673+0000] {logging_mixin.py:190} INFO - [2026-04-30T00:30:00.672+0000] {dagbag.py:588} INFO - Filling up the DagBag from /home/ec2-user/environment/asynchronous_ai_inference_system/dags/generate_data_dag.py
[2026-04-30T00:30:02.079+0000] {processor.py:925} INFO - DAG(s) 'generate_data_only' retrieved from /home/ec2-user/environment/asynchronous_ai_inference_system/dags/generate_data_dag.py
[2026-04-30T00:30:02.091+0000] {logging_mixin.py:190} INFO - [2026-04-30T00:30:02.091+0000] {dag.py:3239} INFO - Sync 1 DAGs
[2026-04-30T00:30:02.100+0000] {logging_mixin.py:190} INFO - [2026-04-30T00:30:02.100+0000] {dag.py:4180} INFO - Setting next_dagrun for generate_data_only to None, run_after=None
[2026-04-30T00:30:02.118+0000] {processor.py:208} INFO - Processing /home/ec2-user/environment/asynchronous_ai_inference_system/dags/generate_data_dag.py took 1.452 seconds
[2026-04-30T00:30:32.245+0000] {processor.py:186} INFO - Started process (PID=13287) to work on /home/ec2-user/environment/asynchronous_ai_inference_system/dags/generate_data_dag.py
[2026-04-30T00:30:32.246+0000] {processor.py:914} INFO - Processing file /home/ec2-user/environment/asynchronous_ai_inference_system/dags/generate_data_dag.py for tasks to queue
[2026-04-30T00:30:32.247+0000] {logging_mixin.py:190} INFO - [2026-04-30T00:30:32.247+0000] {dagbag.py:588} INFO - Filling up the DagBag from /home/ec2-user/environment/asynchronous_ai_inference_system/dags/generate_data_dag.py
[2026-04-30T00:30:33.660+0000] {processor.py:925} INFO - DAG(s) 'generate_data_only' retrieved from /home/ec2-user/environment/asynchronous_ai_inference_system/dags/generate_data_dag.py
[2026-04-30T00:30:33.672+0000] {logging_mixin.py:190} INFO - [2026-04-30T00:30:33.672+0000] {dag.py:3239} INFO - Sync 1 DAGs
[2026-04-30T00:30:33.680+0000] {logging_mixin.py:190} INFO - [2026-04-30T00:30:33.680+0000] {dag.py:4180} INFO - Setting next_dagrun for generate_data_only to None, run_after=None
[2026-04-30T00:30:33.697+0000] {processor.py:208} INFO - Processing /home/ec2-user/environment/asynchronous_ai_inference_system/dags/generate_data_dag.py took 1.457 seconds
[2026-04-30T00:31:03.828+0000] {processor.py:186} INFO - Started process (PID=13394) to work on /home/ec2-user/environment/asynchronous_ai_inference_system/dags/generate_data_dag.py
[2026-04-30T00:31:03.829+0000] {processor.py:914} INFO - Processing file /home/ec2-user/environment/asynchronous_ai_inference_system/dags/generate_data_dag.py for tasks to queue
[2026-04-30T00:31:03.830+0000] {logging_mixin.py:190} INFO - [2026-04-30T00:31:03.830+0000] {dagbag.py:588} INFO - Filling up the DagBag from /home/ec2-user/environment/asynchronous_ai_inference_system/dags/generate_data_dag.py
[2026-04-30T00:31:05.090+0000] {processor.py:925} INFO - DAG(s) 'generate_data_only' retrieved from /home/ec2-user/environment/asynchronous_ai_inference_system/dags/generate_data_dag.py
[2026-04-30T00:31:05.102+0000] {logging_mixin.py:190} INFO - [2026-04-30T00:31:05.102+0000] {dag.py:3239} INFO - Sync 1 DAGs
[2026-04-30T00:31:05.111+0000] {logging_mixin.py:190} INFO - [2026-04-30T00:31:05.111+0000] {dag.py:4180} INFO - Setting next_dagrun for generate_data_only to None, run_after=None
[2026-04-30T00:31:05.129+0000] {processor.py:208} INFO - Processing /home/ec2-user/environment/asynchronous_ai_inference_system/dags/generate_data_dag.py took 1.305 seconds
[2026-04-30T00:31:35.398+0000] {processor.py:186} INFO - Started process (PID=13417) to work on /home/ec2-user/environment/asynchronous_ai_inference_system/dags/generate_data_dag.py
[2026-04-30T00:31:35.399+0000] {processor.py:914} INFO - Processing file /home/ec2-user/environment/asynchronous_ai_inference_system/dags/generate_data_dag.py for tasks to queue
[2026-04-30T00:31:35.400+0000] {logging_mixin.py:190} INFO - [2026-04-30T00:31:35.400+0000] {dagbag.py:588} INFO - Filling up the DagBag from /home/ec2-user/environment/asynchronous_ai_inference_system/dags/generate_data_dag.py
[2026-04-30T00:31:36.690+0000] {processor.py:925} INFO - DAG(s) 'generate_data_only' retrieved from /home/ec2-user/environment/asynchronous_ai_inference_system/dags/generate_data_dag.py
[2026-04-30T00:31:36.703+0000] {logging_mixin.py:190} INFO - [2026-04-30T00:31:36.703+0000] {dag.py:3239} INFO - Sync 1 DAGs
[2026-04-30T00:31:36.713+0000] {logging_mixin.py:190} INFO - [2026-04-30T00:31:36.713+0000] {dag.py:4180} INFO - Setting next_dagrun for generate_data_only to None, run_after=None
[2026-04-30T00:31:36.731+0000] {processor.py:208} INFO - Processing /home/ec2-user/environment/asynchronous_ai_inference_system/dags/generate_data_dag.py took 1.338 seconds
[2026-04-30T00:32:06.971+0000] {processor.py:186} INFO - Started process (PID=13459) to work on /home/ec2-user/environment/asynchronous_ai_inference_system/dags/generate_data_dag.py
[2026-04-30T00:32:06.972+0000] {processor.py:914} INFO - Processing file /home/ec2-user/environment/asynchronous_ai_inference_system/dags/generate_data_dag.py for tasks to queue
[2026-04-30T00:32:06.974+0000] {logging_mixin.py:190} INFO - [2026-04-30T00:32:06.973+0000] {dagbag.py:588} INFO - Filling up the DagBag from /home/ec2-user/environment/asynchronous_ai_inference_system/dags/generate_data_dag.py
[2026-04-30T00:32:08.252+0000] {processor.py:925} INFO - DAG(s) 'generate_data_only' retrieved from /home/ec2-user/environment/asynchronous_ai_inference_system/dags/generate_data_dag.py
[2026-04-30T00:32:08.265+0000] {logging_mixin.py:190} INFO - [2026-04-30T00:32:08.265+0000] {dag.py:3239} INFO - Sync 1 DAGs
[2026-04-30T00:32:08.274+0000] {logging_mixin.py:190} INFO - [2026-04-30T00:32:08.274+0000] {dag.py:4180} INFO - Setting next_dagrun for generate_data_only to None, run_after=None
[2026-04-30T00:32:08.291+0000] {processor.py:208} INFO - Processing /home/ec2-user/environment/asynchronous_ai_inference_system/dags/generate_data_dag.py took 1.325 seconds
[2026-04-30T00:32:38.959+0000] {processor.py:186} INFO - Started process (PID=13547) to work on /home/ec2-user/environment/asynchronous_ai_inference_system/dags/generate_data_dag.py
[2026-04-30T00:32:38.960+0000] {processor.py:914} INFO - Processing file /home/ec2-user/environment/asynchronous_ai_inference_system/dags/generate_data_dag.py for tasks to queue
[2026-04-30T00:32:38.961+0000] {logging_mixin.py:190} INFO - [2026-04-30T00:32:38.960+0000] {dagbag.py:588} INFO - Filling up the DagBag from /home/ec2-user/environment/asynchronous_ai_inference_system/dags/generate_data_dag.py
[2026-04-30T00:32:40.262+0000] {processor.py:925} INFO - DAG(s) 'generate_data_only' retrieved from /home/ec2-user/environment/asynchronous_ai_inference_system/dags/generate_data_dag.py
[2026-04-30T00:32:40.275+0000] {logging_mixin.py:190} INFO - [2026-04-30T00:32:40.274+0000] {dag.py:3239} INFO - Sync 1 DAGs
[2026-04-30T00:32:40.283+0000] {logging_mixin.py:190} INFO - [2026-04-30T00:32:40.283+0000] {dag.py:4180} INFO - Setting next_dagrun for generate_data_only to None, run_after=None
[2026-04-30T00:32:40.300+0000] {processor.py:208} INFO - Processing /home/ec2-user/environment/asynchronous_ai_inference_system/dags/generate_data_dag.py took 1.346 seconds
[2026-04-30T00:33:10.531+0000] {processor.py:186} INFO - Started process (PID=13628) to work on /home/ec2-user/environment/asynchronous_ai_inference_system/dags/generate_data_dag.py
[2026-04-30T00:33:10.532+0000] {processor.py:914} INFO - Processing file /home/ec2-user/environment/asynchronous_ai_inference_system/dags/generate_data_dag.py for tasks to queue
[2026-04-30T00:33:10.533+0000] {logging_mixin.py:190} INFO - [2026-04-30T00:33:10.532+0000] {dagbag.py:588} INFO - Filling up the DagBag from /home/ec2-user/environment/asynchronous_ai_inference_system/dags/generate_data_dag.py
[2026-04-30T00:33:11.792+0000] {processor.py:925} INFO - DAG(s) 'generate_data_only' retrieved from /home/ec2-user/environment/asynchronous_ai_inference_system/dags/generate_data_dag.py
[2026-04-30T00:33:11.804+0000] {logging_mixin.py:190} INFO - [2026-04-30T00:33:11.804+0000] {dag.py:3239} INFO - Sync 1 DAGs
[2026-04-30T00:33:11.812+0000] {logging_mixin.py:190} INFO - [2026-04-30T00:33:11.812+0000] {dag.py:4180} INFO - Setting next_dagrun for generate_data_only to None, run_after=None
[2026-04-30T00:33:11.829+0000] {processor.py:208} INFO - Processing /home/ec2-user/environment/asynchronous_ai_inference_system/dags/generate_data_dag.py took 1.303 seconds
[2026-04-30T00:33:42.106+0000] {processor.py:186} INFO - Started process (PID=13704) to work on /home/ec2-user/environment/asynchronous_ai_inference_system/dags/generate_data_dag.py
[2026-04-30T00:33:42.107+0000] {processor.py:914} INFO - Processing file /home/ec2-user/environment/asynchronous_ai_inference_system/dags/generate_data_dag.py for tasks to queue
[2026-04-30T00:33:42.108+0000] {logging_mixin.py:190} INFO - [2026-04-30T00:33:42.108+0000] {dagbag.py:588} INFO - Filling up the DagBag from /home/ec2-user/environment/asynchronous_ai_inference_system/dags/generate_data_dag.py
[2026-04-30T00:33:43.388+0000] {processor.py:925} INFO - DAG(s) 'generate_data_only' retrieved from /home/ec2-user/environment/asynchronous_ai_inference_system/dags/generate_data_dag.py
[2026-04-30T00:33:43.400+0000] {logging_mixin.py:190} INFO - [2026-04-30T00:33:43.400+0000] {dag.py:3239} INFO - Sync 1 DAGs
[2026-04-30T00:33:43.409+0000] {logging_mixin.py:190} INFO - [2026-04-30T00:33:43.409+0000] {dag.py:4180} INFO - Setting next_dagrun for generate_data_only to None, run_after=None
[2026-04-30T00:33:43.425+0000] {processor.py:208} INFO - Processing /home/ec2-user/environment/asynchronous_ai_inference_system/dags/generate_data_dag.py took 1.324 seconds
[2026-04-30T00:34:13.578+0000] {processor.py:186} INFO - Started process (PID=13740) to work on /home/ec2-user/environment/asynchronous_ai_inference_system/dags/generate_data_dag.py
[2026-04-30T00:34:13.579+0000] {processor.py:914} INFO - Processing file /home/ec2-user/environment/asynchronous_ai_inference_system/dags/generate_data_dag.py for tasks to queue
[2026-04-30T00:34:13.580+0000] {logging_mixin.py:190} INFO - [2026-04-30T00:34:13.580+0000] {dagbag.py:588} INFO - Filling up the DagBag from /home/ec2-user/environment/asynchronous_ai_inference_system/dags/generate_data_dag.py
[2026-04-30T00:34:14.879+0000] {processor.py:925} INFO - DAG(s) 'generate_data_only' retrieved from /home/ec2-user/environment/asynchronous_ai_inference_system/dags/generate_data_dag.py
[2026-04-30T00:34:14.891+0000] {logging_mixin.py:190} INFO - [2026-04-30T00:34:14.890+0000] {dag.py:3239} INFO - Sync 1 DAGs
[2026-04-30T00:34:14.899+0000] {logging_mixin.py:190} INFO - [2026-04-30T00:34:14.899+0000] {dag.py:4180} INFO - Setting next_dagrun for generate_data_only to None, run_after=None
[2026-04-30T00:34:14.916+0000] {processor.py:208} INFO - Processing /home/ec2-user/environment/asynchronous_ai_inference_system/dags/generate_data_dag.py took 1.343 seconds
[2026-04-30T00:34:45.163+0000] {processor.py:186} INFO - Started process (PID=13779) to work on /home/ec2-user/environment/asynchronous_ai_inference_system/dags/generate_data_dag.py
[2026-04-30T00:34:45.163+0000] {processor.py:914} INFO - Processing file /home/ec2-user/environment/asynchronous_ai_inference_system/dags/generate_data_dag.py for tasks to queue
[2026-04-30T00:34:45.164+0000] {logging_mixin.py:190} INFO - [2026-04-30T00:34:45.164+0000] {dagbag.py:588} INFO - Filling up the DagBag from /home/ec2-user/environment/asynchronous_ai_inference_system/dags/generate_data_dag.py
[2026-04-30T00:34:46.424+0000] {processor.py:925} INFO - DAG(s) 'generate_data_only' retrieved from /home/ec2-user/environment/asynchronous_ai_inference_system/dags/generate_data_dag.py
[2026-04-30T00:34:46.437+0000] {logging_mixin.py:190} INFO - [2026-04-30T00:34:46.437+0000] {dag.py:3239} INFO - Sync 1 DAGs
[2026-04-30T00:34:46.448+0000] {logging_mixin.py:190} INFO - [2026-04-30T00:34:46.448+0000] {dag.py:4180} INFO - Setting next_dagrun for generate_data_only to None, run_after=None
[2026-04-30T00:34:46.464+0000] {processor.py:208} INFO - Processing /home/ec2-user/environment/asynchronous_ai_inference_system/dags/generate_data_dag.py took 1.306 seconds
