[2026-04-30T00:12:30.986+0000] {processor.py:186} INFO - Started process (PID=11294) to work on /home/ec2-user/environment/asynchronous_ai_inference_system/dags/ml_pipeline_dag.py
[2026-04-30T00:12:30.987+0000] {processor.py:914} INFO - Processing file /home/ec2-user/environment/asynchronous_ai_inference_system/dags/ml_pipeline_dag.py for tasks to queue
[2026-04-30T00:12:30.988+0000] {logging_mixin.py:190} INFO - [2026-04-30T00:12:30.987+0000] {dagbag.py:588} INFO - Filling up the DagBag from /home/ec2-user/environment/asynchronous_ai_inference_system/dags/ml_pipeline_dag.py
[2026-04-30T00:12:32.415+0000] {processor.py:925} INFO - DAG(s) 'ml_pipeline' retrieved from /home/ec2-user/environment/asynchronous_ai_inference_system/dags/ml_pipeline_dag.py
[2026-04-30T00:12:32.500+0000] {logging_mixin.py:190} INFO - [2026-04-30T00:12:32.499+0000] {override.py:1930} INFO - Created Permission View: can delete on DAG:ml_pipeline
[2026-04-30T00:12:32.511+0000] {logging_mixin.py:190} INFO - [2026-04-30T00:12:32.511+0000] {override.py:1930} INFO - Created Permission View: can read on DAG:ml_pipeline
[2026-04-30T00:12:32.520+0000] {logging_mixin.py:190} INFO - [2026-04-30T00:12:32.519+0000] {override.py:1930} INFO - Created Permission View: can edit on DAG:ml_pipeline
[2026-04-30T00:12:32.535+0000] {logging_mixin.py:190} INFO - [2026-04-30T00:12:32.535+0000] {override.py:1930} INFO - Created Permission View: can delete on DAG Run:ml_pipeline
[2026-04-30T00:12:32.544+0000] {logging_mixin.py:190} INFO - [2026-04-30T00:12:32.544+0000] {override.py:1930} INFO - Created Permission View: can read on DAG Run:ml_pipeline
[2026-04-30T00:12:32.553+0000] {logging_mixin.py:190} INFO - [2026-04-30T00:12:32.553+0000] {override.py:1930} INFO - Created Permission View: menu access on DAG Run:ml_pipeline
[2026-04-30T00:12:32.562+0000] {logging_mixin.py:190} INFO - [2026-04-30T00:12:32.562+0000] {override.py:1930} INFO - Created Permission View: can create on DAG Run:ml_pipeline
[2026-04-30T00:12:32.563+0000] {logging_mixin.py:190} INFO - [2026-04-30T00:12:32.562+0000] {dag.py:3239} INFO - Sync 1 DAGs
[2026-04-30T00:12:32.572+0000] {logging_mixin.py:190} INFO - [2026-04-30T00:12:32.572+0000] {dag.py:3262} INFO - Creating ORM DAG for ml_pipeline
[2026-04-30T00:12:32.572+0000] {logging_mixin.py:190} INFO - [2026-04-30T00:12:32.572+0000] {dag.py:4180} INFO - Setting next_dagrun for ml_pipeline to None, run_after=None
[2026-04-30T00:12:32.589+0000] {processor.py:208} INFO - Processing /home/ec2-user/environment/asynchronous_ai_inference_system/dags/ml_pipeline_dag.py took 1.607 seconds
[2026-04-30T00:13:04.002+0000] {processor.py:186} INFO - Started process (PID=11379) to work on /home/ec2-user/environment/asynchronous_ai_inference_system/dags/ml_pipeline_dag.py
[2026-04-30T00:13:04.003+0000] {processor.py:914} INFO - Processing file /home/ec2-user/environment/asynchronous_ai_inference_system/dags/ml_pipeline_dag.py for tasks to queue
[2026-04-30T00:13:04.004+0000] {logging_mixin.py:190} INFO - [2026-04-30T00:13:04.004+0000] {dagbag.py:588} INFO - Filling up the DagBag from /home/ec2-user/environment/asynchronous_ai_inference_system/dags/ml_pipeline_dag.py
[2026-04-30T00:13:05.378+0000] {processor.py:925} INFO - DAG(s) 'ml_pipeline' retrieved from /home/ec2-user/environment/asynchronous_ai_inference_system/dags/ml_pipeline_dag.py
[2026-04-30T00:13:05.390+0000] {logging_mixin.py:190} INFO - [2026-04-30T00:13:05.390+0000] {dag.py:3239} INFO - Sync 1 DAGs
[2026-04-30T00:13:05.398+0000] {logging_mixin.py:190} INFO - [2026-04-30T00:13:05.398+0000] {dag.py:4180} INFO - Setting next_dagrun for ml_pipeline to None, run_after=None
[2026-04-30T00:13:05.416+0000] {processor.py:208} INFO - Processing /home/ec2-user/environment/asynchronous_ai_inference_system/dags/ml_pipeline_dag.py took 1.418 seconds
[2026-04-30T00:13:36.037+0000] {processor.py:186} INFO - Started process (PID=11455) to work on /home/ec2-user/environment/asynchronous_ai_inference_system/dags/ml_pipeline_dag.py
[2026-04-30T00:13:36.037+0000] {processor.py:914} INFO - Processing file /home/ec2-user/environment/asynchronous_ai_inference_system/dags/ml_pipeline_dag.py for tasks to queue
[2026-04-30T00:13:36.038+0000] {logging_mixin.py:190} INFO - [2026-04-30T00:13:36.038+0000] {dagbag.py:588} INFO - Filling up the DagBag from /home/ec2-user/environment/asynchronous_ai_inference_system/dags/ml_pipeline_dag.py
[2026-04-30T00:13:37.461+0000] {processor.py:925} INFO - DAG(s) 'ml_pipeline' retrieved from /home/ec2-user/environment/asynchronous_ai_inference_system/dags/ml_pipeline_dag.py
[2026-04-30T00:13:37.474+0000] {logging_mixin.py:190} INFO - [2026-04-30T00:13:37.473+0000] {dag.py:3239} INFO - Sync 1 DAGs
[2026-04-30T00:13:37.482+0000] {logging_mixin.py:190} INFO - [2026-04-30T00:13:37.482+0000] {dag.py:4180} INFO - Setting next_dagrun for ml_pipeline to None, run_after=None
[2026-04-30T00:13:37.499+0000] {processor.py:208} INFO - Processing /home/ec2-user/environment/asynchronous_ai_inference_system/dags/ml_pipeline_dag.py took 1.467 seconds
[2026-04-30T00:14:07.968+0000] {processor.py:186} INFO - Started process (PID=11495) to work on /home/ec2-user/environment/asynchronous_ai_inference_system/dags/ml_pipeline_dag.py
[2026-04-30T00:14:07.969+0000] {processor.py:914} INFO - Processing file /home/ec2-user/environment/asynchronous_ai_inference_system/dags/ml_pipeline_dag.py for tasks to queue
[2026-04-30T00:14:07.970+0000] {logging_mixin.py:190} INFO - [2026-04-30T00:14:07.969+0000] {dagbag.py:588} INFO - Filling up the DagBag from /home/ec2-user/environment/asynchronous_ai_inference_system/dags/ml_pipeline_dag.py
[2026-04-30T00:14:09.337+0000] {processor.py:925} INFO - DAG(s) 'ml_pipeline' retrieved from /home/ec2-user/environment/asynchronous_ai_inference_system/dags/ml_pipeline_dag.py
[2026-04-30T00:14:09.350+0000] {logging_mixin.py:190} INFO - [2026-04-30T00:14:09.349+0000] {dag.py:3239} INFO - Sync 1 DAGs
[2026-04-30T00:14:09.361+0000] {logging_mixin.py:190} INFO - [2026-04-30T00:14:09.361+0000] {dag.py:4180} INFO - Setting next_dagrun for ml_pipeline to None, run_after=None
[2026-04-30T00:14:09.380+0000] {processor.py:208} INFO - Processing /home/ec2-user/environment/asynchronous_ai_inference_system/dags/ml_pipeline_dag.py took 1.417 seconds
[2026-04-30T00:14:40.276+0000] {processor.py:186} INFO - Started process (PID=11566) to work on /home/ec2-user/environment/asynchronous_ai_inference_system/dags/ml_pipeline_dag.py
[2026-04-30T00:14:40.276+0000] {processor.py:914} INFO - Processing file /home/ec2-user/environment/asynchronous_ai_inference_system/dags/ml_pipeline_dag.py for tasks to queue
[2026-04-30T00:14:40.277+0000] {logging_mixin.py:190} INFO - [2026-04-30T00:14:40.277+0000] {dagbag.py:588} INFO - Filling up the DagBag from /home/ec2-user/environment/asynchronous_ai_inference_system/dags/ml_pipeline_dag.py
[2026-04-30T00:14:41.668+0000] {processor.py:925} INFO - DAG(s) 'ml_pipeline' retrieved from /home/ec2-user/environment/asynchronous_ai_inference_system/dags/ml_pipeline_dag.py
[2026-04-30T00:14:41.681+0000] {logging_mixin.py:190} INFO - [2026-04-30T00:14:41.680+0000] {dag.py:3239} INFO - Sync 1 DAGs
[2026-04-30T00:14:41.690+0000] {logging_mixin.py:190} INFO - [2026-04-30T00:14:41.690+0000] {dag.py:4180} INFO - Setting next_dagrun for ml_pipeline to None, run_after=None
[2026-04-30T00:14:41.707+0000] {processor.py:208} INFO - Processing /home/ec2-user/environment/asynchronous_ai_inference_system/dags/ml_pipeline_dag.py took 1.436 seconds
[2026-04-30T00:15:12.462+0000] {processor.py:186} INFO - Started process (PID=11601) to work on /home/ec2-user/environment/asynchronous_ai_inference_system/dags/ml_pipeline_dag.py
[2026-04-30T00:15:12.463+0000] {processor.py:914} INFO - Processing file /home/ec2-user/environment/asynchronous_ai_inference_system/dags/ml_pipeline_dag.py for tasks to queue
[2026-04-30T00:15:12.464+0000] {logging_mixin.py:190} INFO - [2026-04-30T00:15:12.464+0000] {dagbag.py:588} INFO - Filling up the DagBag from /home/ec2-user/environment/asynchronous_ai_inference_system/dags/ml_pipeline_dag.py
[2026-04-30T00:15:13.861+0000] {processor.py:925} INFO - DAG(s) 'ml_pipeline' retrieved from /home/ec2-user/environment/asynchronous_ai_inference_system/dags/ml_pipeline_dag.py
[2026-04-30T00:15:13.874+0000] {logging_mixin.py:190} INFO - [2026-04-30T00:15:13.874+0000] {dag.py:3239} INFO - Sync 1 DAGs
[2026-04-30T00:15:13.883+0000] {logging_mixin.py:190} INFO - [2026-04-30T00:15:13.883+0000] {dag.py:4180} INFO - Setting next_dagrun for ml_pipeline to None, run_after=None
[2026-04-30T00:15:13.900+0000] {processor.py:208} INFO - Processing /home/ec2-user/environment/asynchronous_ai_inference_system/dags/ml_pipeline_dag.py took 1.443 seconds
[2026-04-30T00:15:44.037+0000] {processor.py:186} INFO - Started process (PID=11633) to work on /home/ec2-user/environment/asynchronous_ai_inference_system/dags/ml_pipeline_dag.py
[2026-04-30T00:15:44.037+0000] {processor.py:914} INFO - Processing file /home/ec2-user/environment/asynchronous_ai_inference_system/dags/ml_pipeline_dag.py for tasks to queue
[2026-04-30T00:15:44.038+0000] {logging_mixin.py:190} INFO - [2026-04-30T00:15:44.038+0000] {dagbag.py:588} INFO - Filling up the DagBag from /home/ec2-user/environment/asynchronous_ai_inference_system/dags/ml_pipeline_dag.py
[2026-04-30T00:15:45.982+0000] {processor.py:925} INFO - DAG(s) 'ml_pipeline' retrieved from /home/ec2-user/environment/asynchronous_ai_inference_system/dags/ml_pipeline_dag.py
[2026-04-30T00:15:46.000+0000] {logging_mixin.py:190} INFO - [2026-04-30T00:15:46.000+0000] {dag.py:3239} INFO - Sync 1 DAGs
[2026-04-30T00:15:46.014+0000] {logging_mixin.py:190} INFO - [2026-04-30T00:15:46.013+0000] {dag.py:4180} INFO - Setting next_dagrun for ml_pipeline to None, run_after=None
[2026-04-30T00:15:46.042+0000] {processor.py:208} INFO - Processing /home/ec2-user/environment/asynchronous_ai_inference_system/dags/ml_pipeline_dag.py took 2.009 seconds
[2026-04-30T00:16:16.222+0000] {processor.py:186} INFO - Started process (PID=11749) to work on /home/ec2-user/environment/asynchronous_ai_inference_system/dags/ml_pipeline_dag.py
[2026-04-30T00:16:16.223+0000] {processor.py:914} INFO - Processing file /home/ec2-user/environment/asynchronous_ai_inference_system/dags/ml_pipeline_dag.py for tasks to queue
[2026-04-30T00:16:16.224+0000] {logging_mixin.py:190} INFO - [2026-04-30T00:16:16.223+0000] {dagbag.py:588} INFO - Filling up the DagBag from /home/ec2-user/environment/asynchronous_ai_inference_system/dags/ml_pipeline_dag.py
[2026-04-30T00:16:17.654+0000] {processor.py:925} INFO - DAG(s) 'ml_pipeline' retrieved from /home/ec2-user/environment/asynchronous_ai_inference_system/dags/ml_pipeline_dag.py
[2026-04-30T00:16:17.667+0000] {logging_mixin.py:190} INFO - [2026-04-30T00:16:17.667+0000] {dag.py:3239} INFO - Sync 1 DAGs
[2026-04-30T00:16:17.676+0000] {logging_mixin.py:190} INFO - [2026-04-30T00:16:17.676+0000] {dag.py:4180} INFO - Setting next_dagrun for ml_pipeline to None, run_after=None
[2026-04-30T00:16:17.693+0000] {processor.py:208} INFO - Processing /home/ec2-user/environment/asynchronous_ai_inference_system/dags/ml_pipeline_dag.py took 1.476 seconds
[2026-04-30T00:16:47.796+0000] {processor.py:186} INFO - Started process (PID=11789) to work on /home/ec2-user/environment/asynchronous_ai_inference_system/dags/ml_pipeline_dag.py
[2026-04-30T00:16:47.797+0000] {processor.py:914} INFO - Processing file /home/ec2-user/environment/asynchronous_ai_inference_system/dags/ml_pipeline_dag.py for tasks to queue
[2026-04-30T00:16:47.798+0000] {logging_mixin.py:190} INFO - [2026-04-30T00:16:47.798+0000] {dagbag.py:588} INFO - Filling up the DagBag from /home/ec2-user/environment/asynchronous_ai_inference_system/dags/ml_pipeline_dag.py
[2026-04-30T00:16:49.224+0000] {processor.py:925} INFO - DAG(s) 'ml_pipeline' retrieved from /home/ec2-user/environment/asynchronous_ai_inference_system/dags/ml_pipeline_dag.py
[2026-04-30T00:16:49.237+0000] {logging_mixin.py:190} INFO - [2026-04-30T00:16:49.236+0000] {dag.py:3239} INFO - Sync 1 DAGs
[2026-04-30T00:16:49.245+0000] {logging_mixin.py:190} INFO - [2026-04-30T00:16:49.245+0000] {dag.py:4180} INFO - Setting next_dagrun for ml_pipeline to None, run_after=None
[2026-04-30T00:16:49.264+0000] {processor.py:208} INFO - Processing /home/ec2-user/environment/asynchronous_ai_inference_system/dags/ml_pipeline_dag.py took 1.472 seconds
[2026-04-30T00:17:19.371+0000] {processor.py:186} INFO - Started process (PID=11874) to work on /home/ec2-user/environment/asynchronous_ai_inference_system/dags/ml_pipeline_dag.py
[2026-04-30T00:17:19.372+0000] {processor.py:914} INFO - Processing file /home/ec2-user/environment/asynchronous_ai_inference_system/dags/ml_pipeline_dag.py for tasks to queue
[2026-04-30T00:17:19.373+0000] {logging_mixin.py:190} INFO - [2026-04-30T00:17:19.373+0000] {dagbag.py:588} INFO - Filling up the DagBag from /home/ec2-user/environment/asynchronous_ai_inference_system/dags/ml_pipeline_dag.py
[2026-04-30T00:17:20.817+0000] {processor.py:925} INFO - DAG(s) 'ml_pipeline' retrieved from /home/ec2-user/environment/asynchronous_ai_inference_system/dags/ml_pipeline_dag.py
[2026-04-30T00:17:20.829+0000] {logging_mixin.py:190} INFO - [2026-04-30T00:17:20.829+0000] {dag.py:3239} INFO - Sync 1 DAGs
[2026-04-30T00:17:20.839+0000] {logging_mixin.py:190} INFO - [2026-04-30T00:17:20.839+0000] {dag.py:4180} INFO - Setting next_dagrun for ml_pipeline to None, run_after=None
[2026-04-30T00:17:20.857+0000] {processor.py:208} INFO - Processing /home/ec2-user/environment/asynchronous_ai_inference_system/dags/ml_pipeline_dag.py took 1.491 seconds
[2026-04-30T00:17:50.947+0000] {processor.py:186} INFO - Started process (PID=11897) to work on /home/ec2-user/environment/asynchronous_ai_inference_system/dags/ml_pipeline_dag.py
[2026-04-30T00:17:50.947+0000] {processor.py:914} INFO - Processing file /home/ec2-user/environment/asynchronous_ai_inference_system/dags/ml_pipeline_dag.py for tasks to queue
[2026-04-30T00:17:50.948+0000] {logging_mixin.py:190} INFO - [2026-04-30T00:17:50.948+0000] {dagbag.py:588} INFO - Filling up the DagBag from /home/ec2-user/environment/asynchronous_ai_inference_system/dags/ml_pipeline_dag.py
[2026-04-30T00:17:52.366+0000] {processor.py:925} INFO - DAG(s) 'ml_pipeline' retrieved from /home/ec2-user/environment/asynchronous_ai_inference_system/dags/ml_pipeline_dag.py
[2026-04-30T00:17:52.379+0000] {logging_mixin.py:190} INFO - [2026-04-30T00:17:52.378+0000] {dag.py:3239} INFO - Sync 1 DAGs
[2026-04-30T00:17:52.388+0000] {logging_mixin.py:190} INFO - [2026-04-30T00:17:52.388+0000] {dag.py:4180} INFO - Setting next_dagrun for ml_pipeline to None, run_after=None
[2026-04-30T00:17:52.407+0000] {processor.py:208} INFO - Processing /home/ec2-user/environment/asynchronous_ai_inference_system/dags/ml_pipeline_dag.py took 1.465 seconds
[2026-04-30T00:18:22.521+0000] {processor.py:186} INFO - Started process (PID=11932) to work on /home/ec2-user/environment/asynchronous_ai_inference_system/dags/ml_pipeline_dag.py
[2026-04-30T00:18:22.523+0000] {processor.py:914} INFO - Processing file /home/ec2-user/environment/asynchronous_ai_inference_system/dags/ml_pipeline_dag.py for tasks to queue
[2026-04-30T00:18:22.524+0000] {logging_mixin.py:190} INFO - [2026-04-30T00:18:22.524+0000] {dagbag.py:588} INFO - Filling up the DagBag from /home/ec2-user/environment/asynchronous_ai_inference_system/dags/ml_pipeline_dag.py
[2026-04-30T00:18:23.845+0000] {processor.py:925} INFO - DAG(s) 'ml_pipeline' retrieved from /home/ec2-user/environment/asynchronous_ai_inference_system/dags/ml_pipeline_dag.py
[2026-04-30T00:18:23.859+0000] {logging_mixin.py:190} INFO - [2026-04-30T00:18:23.858+0000] {dag.py:3239} INFO - Sync 1 DAGs
[2026-04-30T00:18:23.867+0000] {logging_mixin.py:190} INFO - [2026-04-30T00:18:23.867+0000] {dag.py:4180} INFO - Setting next_dagrun for ml_pipeline to None, run_after=None
[2026-04-30T00:18:23.889+0000] {processor.py:208} INFO - Processing /home/ec2-user/environment/asynchronous_ai_inference_system/dags/ml_pipeline_dag.py took 1.373 seconds
[2026-04-30T00:19:15.119+0000] {processor.py:186} INFO - Started process (PID=12013) to work on /home/ec2-user/environment/asynchronous_ai_inference_system/dags/ml_pipeline_dag.py
[2026-04-30T00:19:15.120+0000] {processor.py:914} INFO - Processing file /home/ec2-user/environment/asynchronous_ai_inference_system/dags/ml_pipeline_dag.py for tasks to queue
[2026-04-30T00:19:15.121+0000] {logging_mixin.py:190} INFO - [2026-04-30T00:19:15.121+0000] {dagbag.py:588} INFO - Filling up the DagBag from /home/ec2-user/environment/asynchronous_ai_inference_system/dags/ml_pipeline_dag.py
[2026-04-30T00:19:16.491+0000] {processor.py:925} INFO - DAG(s) 'ml_pipeline' retrieved from /home/ec2-user/environment/asynchronous_ai_inference_system/dags/ml_pipeline_dag.py
[2026-04-30T00:19:16.503+0000] {logging_mixin.py:190} INFO - [2026-04-30T00:19:16.503+0000] {dag.py:3239} INFO - Sync 1 DAGs
[2026-04-30T00:19:16.512+0000] {logging_mixin.py:190} INFO - [2026-04-30T00:19:16.511+0000] {dag.py:4180} INFO - Setting next_dagrun for ml_pipeline to None, run_after=None
[2026-04-30T00:19:16.528+0000] {processor.py:208} INFO - Processing /home/ec2-user/environment/asynchronous_ai_inference_system/dags/ml_pipeline_dag.py took 1.413 seconds
[2026-04-30T00:19:46.916+0000] {processor.py:186} INFO - Started process (PID=12109) to work on /home/ec2-user/environment/asynchronous_ai_inference_system/dags/ml_pipeline_dag.py
[2026-04-30T00:19:46.917+0000] {processor.py:914} INFO - Processing file /home/ec2-user/environment/asynchronous_ai_inference_system/dags/ml_pipeline_dag.py for tasks to queue
[2026-04-30T00:19:46.918+0000] {logging_mixin.py:190} INFO - [2026-04-30T00:19:46.917+0000] {dagbag.py:588} INFO - Filling up the DagBag from /home/ec2-user/environment/asynchronous_ai_inference_system/dags/ml_pipeline_dag.py
[2026-04-30T00:19:48.297+0000] {processor.py:925} INFO - DAG(s) 'ml_pipeline' retrieved from /home/ec2-user/environment/asynchronous_ai_inference_system/dags/ml_pipeline_dag.py
[2026-04-30T00:19:48.309+0000] {logging_mixin.py:190} INFO - [2026-04-30T00:19:48.309+0000] {dag.py:3239} INFO - Sync 1 DAGs
[2026-04-30T00:19:48.318+0000] {logging_mixin.py:190} INFO - [2026-04-30T00:19:48.318+0000] {dag.py:4180} INFO - Setting next_dagrun for ml_pipeline to None, run_after=None
[2026-04-30T00:19:48.334+0000] {processor.py:208} INFO - Processing /home/ec2-user/environment/asynchronous_ai_inference_system/dags/ml_pipeline_dag.py took 1.422 seconds
[2026-04-30T00:20:18.684+0000] {processor.py:186} INFO - Started process (PID=12149) to work on /home/ec2-user/environment/asynchronous_ai_inference_system/dags/ml_pipeline_dag.py
[2026-04-30T00:20:18.686+0000] {processor.py:914} INFO - Processing file /home/ec2-user/environment/asynchronous_ai_inference_system/dags/ml_pipeline_dag.py for tasks to queue
[2026-04-30T00:20:18.686+0000] {logging_mixin.py:190} INFO - [2026-04-30T00:20:18.686+0000] {dagbag.py:588} INFO - Filling up the DagBag from /home/ec2-user/environment/asynchronous_ai_inference_system/dags/ml_pipeline_dag.py
[2026-04-30T00:20:20.055+0000] {processor.py:925} INFO - DAG(s) 'ml_pipeline' retrieved from /home/ec2-user/environment/asynchronous_ai_inference_system/dags/ml_pipeline_dag.py
[2026-04-30T00:20:20.068+0000] {logging_mixin.py:190} INFO - [2026-04-30T00:20:20.067+0000] {dag.py:3239} INFO - Sync 1 DAGs
[2026-04-30T00:20:20.076+0000] {logging_mixin.py:190} INFO - [2026-04-30T00:20:20.076+0000] {dag.py:4180} INFO - Setting next_dagrun for ml_pipeline to None, run_after=None
[2026-04-30T00:20:20.094+0000] {processor.py:208} INFO - Processing /home/ec2-user/environment/asynchronous_ai_inference_system/dags/ml_pipeline_dag.py took 1.414 seconds
[2026-04-30T00:20:50.556+0000] {processor.py:186} INFO - Started process (PID=12172) to work on /home/ec2-user/environment/asynchronous_ai_inference_system/dags/ml_pipeline_dag.py
[2026-04-30T00:20:50.557+0000] {processor.py:914} INFO - Processing file /home/ec2-user/environment/asynchronous_ai_inference_system/dags/ml_pipeline_dag.py for tasks to queue
[2026-04-30T00:20:50.558+0000] {logging_mixin.py:190} INFO - [2026-04-30T00:20:50.557+0000] {dagbag.py:588} INFO - Filling up the DagBag from /home/ec2-user/environment/asynchronous_ai_inference_system/dags/ml_pipeline_dag.py
[2026-04-30T00:20:51.979+0000] {processor.py:925} INFO - DAG(s) 'ml_pipeline' retrieved from /home/ec2-user/environment/asynchronous_ai_inference_system/dags/ml_pipeline_dag.py
[2026-04-30T00:20:51.992+0000] {logging_mixin.py:190} INFO - [2026-04-30T00:20:51.992+0000] {dag.py:3239} INFO - Sync 1 DAGs
[2026-04-30T00:20:52.002+0000] {logging_mixin.py:190} INFO - [2026-04-30T00:20:52.002+0000] {dag.py:4180} INFO - Setting next_dagrun for ml_pipeline to None, run_after=None
[2026-04-30T00:20:52.020+0000] {processor.py:208} INFO - Processing /home/ec2-user/environment/asynchronous_ai_inference_system/dags/ml_pipeline_dag.py took 1.468 seconds
[2026-04-30T00:21:22.291+0000] {processor.py:186} INFO - Started process (PID=12259) to work on /home/ec2-user/environment/asynchronous_ai_inference_system/dags/ml_pipeline_dag.py
[2026-04-30T00:21:22.292+0000] {processor.py:914} INFO - Processing file /home/ec2-user/environment/asynchronous_ai_inference_system/dags/ml_pipeline_dag.py for tasks to queue
[2026-04-30T00:21:22.293+0000] {logging_mixin.py:190} INFO - [2026-04-30T00:21:22.292+0000] {dagbag.py:588} INFO - Filling up the DagBag from /home/ec2-user/environment/asynchronous_ai_inference_system/dags/ml_pipeline_dag.py
[2026-04-30T00:21:23.701+0000] {processor.py:925} INFO - DAG(s) 'ml_pipeline' retrieved from /home/ec2-user/environment/asynchronous_ai_inference_system/dags/ml_pipeline_dag.py
[2026-04-30T00:21:23.714+0000] {logging_mixin.py:190} INFO - [2026-04-30T00:21:23.713+0000] {dag.py:3239} INFO - Sync 1 DAGs
[2026-04-30T00:21:23.723+0000] {logging_mixin.py:190} INFO - [2026-04-30T00:21:23.723+0000] {dag.py:4180} INFO - Setting next_dagrun for ml_pipeline to None, run_after=None
[2026-04-30T00:21:23.739+0000] {processor.py:208} INFO - Processing /home/ec2-user/environment/asynchronous_ai_inference_system/dags/ml_pipeline_dag.py took 1.453 seconds
[2026-04-30T00:21:54.185+0000] {processor.py:186} INFO - Started process (PID=12283) to work on /home/ec2-user/environment/asynchronous_ai_inference_system/dags/ml_pipeline_dag.py
[2026-04-30T00:21:54.186+0000] {processor.py:914} INFO - Processing file /home/ec2-user/environment/asynchronous_ai_inference_system/dags/ml_pipeline_dag.py for tasks to queue
[2026-04-30T00:21:54.187+0000] {logging_mixin.py:190} INFO - [2026-04-30T00:21:54.187+0000] {dagbag.py:588} INFO - Filling up the DagBag from /home/ec2-user/environment/asynchronous_ai_inference_system/dags/ml_pipeline_dag.py
[2026-04-30T00:21:55.619+0000] {processor.py:925} INFO - DAG(s) 'ml_pipeline' retrieved from /home/ec2-user/environment/asynchronous_ai_inference_system/dags/ml_pipeline_dag.py
[2026-04-30T00:21:55.633+0000] {logging_mixin.py:190} INFO - [2026-04-30T00:21:55.632+0000] {dag.py:3239} INFO - Sync 1 DAGs
[2026-04-30T00:21:55.641+0000] {logging_mixin.py:190} INFO - [2026-04-30T00:21:55.641+0000] {dag.py:4180} INFO - Setting next_dagrun for ml_pipeline to None, run_after=None
[2026-04-30T00:21:55.658+0000] {processor.py:208} INFO - Processing /home/ec2-user/environment/asynchronous_ai_inference_system/dags/ml_pipeline_dag.py took 1.478 seconds
[2026-04-30T00:24:32.220+0000] {processor.py:186} INFO - Started process (PID=12595) to work on /home/ec2-user/environment/asynchronous_ai_inference_system/dags/ml_pipeline_dag.py
[2026-04-30T00:24:32.222+0000] {processor.py:914} INFO - Processing file /home/ec2-user/environment/asynchronous_ai_inference_system/dags/ml_pipeline_dag.py for tasks to queue
[2026-04-30T00:24:32.222+0000] {logging_mixin.py:190} INFO - [2026-04-30T00:24:32.222+0000] {dagbag.py:588} INFO - Filling up the DagBag from /home/ec2-user/environment/asynchronous_ai_inference_system/dags/ml_pipeline_dag.py
[2026-04-30T00:24:33.586+0000] {processor.py:925} INFO - DAG(s) 'ml_pipeline' retrieved from /home/ec2-user/environment/asynchronous_ai_inference_system/dags/ml_pipeline_dag.py
[2026-04-30T00:24:33.598+0000] {logging_mixin.py:190} INFO - [2026-04-30T00:24:33.598+0000] {dag.py:3239} INFO - Sync 1 DAGs
[2026-04-30T00:24:33.606+0000] {logging_mixin.py:190} INFO - [2026-04-30T00:24:33.606+0000] {dag.py:4180} INFO - Setting next_dagrun for ml_pipeline to None, run_after=None
[2026-04-30T00:24:33.622+0000] {processor.py:208} INFO - Processing /home/ec2-user/environment/asynchronous_ai_inference_system/dags/ml_pipeline_dag.py took 1.406 seconds
[2026-04-30T00:25:04.092+0000] {processor.py:186} INFO - Started process (PID=12631) to work on /home/ec2-user/environment/asynchronous_ai_inference_system/dags/ml_pipeline_dag.py
[2026-04-30T00:25:04.093+0000] {processor.py:914} INFO - Processing file /home/ec2-user/environment/asynchronous_ai_inference_system/dags/ml_pipeline_dag.py for tasks to queue
[2026-04-30T00:25:04.094+0000] {logging_mixin.py:190} INFO - [2026-04-30T00:25:04.093+0000] {dagbag.py:588} INFO - Filling up the DagBag from /home/ec2-user/environment/asynchronous_ai_inference_system/dags/ml_pipeline_dag.py
[2026-04-30T00:25:05.458+0000] {processor.py:925} INFO - DAG(s) 'ml_pipeline' retrieved from /home/ec2-user/environment/asynchronous_ai_inference_system/dags/ml_pipeline_dag.py
[2026-04-30T00:25:05.470+0000] {logging_mixin.py:190} INFO - [2026-04-30T00:25:05.470+0000] {dag.py:3239} INFO - Sync 1 DAGs
[2026-04-30T00:25:05.478+0000] {logging_mixin.py:190} INFO - [2026-04-30T00:25:05.478+0000] {dag.py:4180} INFO - Setting next_dagrun for ml_pipeline to None, run_after=None
[2026-04-30T00:25:05.497+0000] {processor.py:208} INFO - Processing /home/ec2-user/environment/asynchronous_ai_inference_system/dags/ml_pipeline_dag.py took 1.410 seconds
[2026-04-30T00:25:38.932+0000] {processor.py:186} INFO - Started process (PID=12668) to work on /home/ec2-user/environment/asynchronous_ai_inference_system/dags/ml_pipeline_dag.py
[2026-04-30T00:25:38.933+0000] {processor.py:914} INFO - Processing file /home/ec2-user/environment/asynchronous_ai_inference_system/dags/ml_pipeline_dag.py for tasks to queue
[2026-04-30T00:25:38.934+0000] {logging_mixin.py:190} INFO - [2026-04-30T00:25:38.934+0000] {dagbag.py:588} INFO - Filling up the DagBag from /home/ec2-user/environment/asynchronous_ai_inference_system/dags/ml_pipeline_dag.py
[2026-04-30T00:25:40.364+0000] {processor.py:925} INFO - DAG(s) 'ml_pipeline' retrieved from /home/ec2-user/environment/asynchronous_ai_inference_system/dags/ml_pipeline_dag.py
[2026-04-30T00:25:40.376+0000] {logging_mixin.py:190} INFO - [2026-04-30T00:25:40.376+0000] {dag.py:3239} INFO - Sync 1 DAGs
[2026-04-30T00:25:40.385+0000] {logging_mixin.py:190} INFO - [2026-04-30T00:25:40.385+0000] {dag.py:4180} INFO - Setting next_dagrun for ml_pipeline to None, run_after=None
[2026-04-30T00:25:40.402+0000] {processor.py:208} INFO - Processing /home/ec2-user/environment/asynchronous_ai_inference_system/dags/ml_pipeline_dag.py took 1.474 seconds
[2026-04-30T00:26:10.838+0000] {processor.py:186} INFO - Started process (PID=12721) to work on /home/ec2-user/environment/asynchronous_ai_inference_system/dags/ml_pipeline_dag.py
[2026-04-30T00:26:10.839+0000] {processor.py:914} INFO - Processing file /home/ec2-user/environment/asynchronous_ai_inference_system/dags/ml_pipeline_dag.py for tasks to queue
[2026-04-30T00:26:10.840+0000] {logging_mixin.py:190} INFO - [2026-04-30T00:26:10.839+0000] {dagbag.py:588} INFO - Filling up the DagBag from /home/ec2-user/environment/asynchronous_ai_inference_system/dags/ml_pipeline_dag.py
[2026-04-30T00:26:12.225+0000] {processor.py:925} INFO - DAG(s) 'ml_pipeline' retrieved from /home/ec2-user/environment/asynchronous_ai_inference_system/dags/ml_pipeline_dag.py
[2026-04-30T00:26:12.238+0000] {logging_mixin.py:190} INFO - [2026-04-30T00:26:12.237+0000] {dag.py:3239} INFO - Sync 1 DAGs
[2026-04-30T00:26:12.246+0000] {logging_mixin.py:190} INFO - [2026-04-30T00:26:12.246+0000] {dag.py:4180} INFO - Setting next_dagrun for ml_pipeline to None, run_after=None
[2026-04-30T00:26:12.263+0000] {processor.py:208} INFO - Processing /home/ec2-user/environment/asynchronous_ai_inference_system/dags/ml_pipeline_dag.py took 1.430 seconds
[2026-04-30T00:26:43.019+0000] {processor.py:186} INFO - Started process (PID=12799) to work on /home/ec2-user/environment/asynchronous_ai_inference_system/dags/ml_pipeline_dag.py
[2026-04-30T00:26:43.020+0000] {processor.py:914} INFO - Processing file /home/ec2-user/environment/asynchronous_ai_inference_system/dags/ml_pipeline_dag.py for tasks to queue
[2026-04-30T00:26:43.021+0000] {logging_mixin.py:190} INFO - [2026-04-30T00:26:43.020+0000] {dagbag.py:588} INFO - Filling up the DagBag from /home/ec2-user/environment/asynchronous_ai_inference_system/dags/ml_pipeline_dag.py
[2026-04-30T00:26:44.430+0000] {processor.py:925} INFO - DAG(s) 'ml_pipeline' retrieved from /home/ec2-user/environment/asynchronous_ai_inference_system/dags/ml_pipeline_dag.py
[2026-04-30T00:26:44.442+0000] {logging_mixin.py:190} INFO - [2026-04-30T00:26:44.442+0000] {dag.py:3239} INFO - Sync 1 DAGs
[2026-04-30T00:26:44.452+0000] {logging_mixin.py:190} INFO - [2026-04-30T00:26:44.452+0000] {dag.py:4180} INFO - Setting next_dagrun for ml_pipeline to None, run_after=None
[2026-04-30T00:26:44.469+0000] {processor.py:208} INFO - Processing /home/ec2-user/environment/asynchronous_ai_inference_system/dags/ml_pipeline_dag.py took 1.454 seconds
[2026-04-30T00:27:14.583+0000] {processor.py:186} INFO - Started process (PID=12840) to work on /home/ec2-user/environment/asynchronous_ai_inference_system/dags/ml_pipeline_dag.py
[2026-04-30T00:27:14.584+0000] {processor.py:914} INFO - Processing file /home/ec2-user/environment/asynchronous_ai_inference_system/dags/ml_pipeline_dag.py for tasks to queue
[2026-04-30T00:27:14.585+0000] {logging_mixin.py:190} INFO - [2026-04-30T00:27:14.585+0000] {dagbag.py:588} INFO - Filling up the DagBag from /home/ec2-user/environment/asynchronous_ai_inference_system/dags/ml_pipeline_dag.py
[2026-04-30T00:27:16.007+0000] {processor.py:925} INFO - DAG(s) 'ml_pipeline' retrieved from /home/ec2-user/environment/asynchronous_ai_inference_system/dags/ml_pipeline_dag.py
[2026-04-30T00:27:16.021+0000] {logging_mixin.py:190} INFO - [2026-04-30T00:27:16.021+0000] {dag.py:3239} INFO - Sync 1 DAGs
[2026-04-30T00:27:16.030+0000] {logging_mixin.py:190} INFO - [2026-04-30T00:27:16.030+0000] {dag.py:4180} INFO - Setting next_dagrun for ml_pipeline to None, run_after=None
[2026-04-30T00:27:16.048+0000] {processor.py:208} INFO - Processing /home/ec2-user/environment/asynchronous_ai_inference_system/dags/ml_pipeline_dag.py took 1.469 seconds
[2026-04-30T00:27:46.147+0000] {processor.py:186} INFO - Started process (PID=12865) to work on /home/ec2-user/environment/asynchronous_ai_inference_system/dags/ml_pipeline_dag.py
[2026-04-30T00:27:46.148+0000] {processor.py:914} INFO - Processing file /home/ec2-user/environment/asynchronous_ai_inference_system/dags/ml_pipeline_dag.py for tasks to queue
[2026-04-30T00:27:46.149+0000] {logging_mixin.py:190} INFO - [2026-04-30T00:27:46.149+0000] {dagbag.py:588} INFO - Filling up the DagBag from /home/ec2-user/environment/asynchronous_ai_inference_system/dags/ml_pipeline_dag.py
[2026-04-30T00:27:47.585+0000] {processor.py:925} INFO - DAG(s) 'ml_pipeline' retrieved from /home/ec2-user/environment/asynchronous_ai_inference_system/dags/ml_pipeline_dag.py
[2026-04-30T00:27:47.597+0000] {logging_mixin.py:190} INFO - [2026-04-30T00:27:47.597+0000] {dag.py:3239} INFO - Sync 1 DAGs
[2026-04-30T00:27:47.606+0000] {logging_mixin.py:190} INFO - [2026-04-30T00:27:47.606+0000] {dag.py:4180} INFO - Setting next_dagrun for ml_pipeline to None, run_after=None
[2026-04-30T00:27:47.623+0000] {processor.py:208} INFO - Processing /home/ec2-user/environment/asynchronous_ai_inference_system/dags/ml_pipeline_dag.py took 1.480 seconds
[2026-04-30T00:28:17.713+0000] {processor.py:186} INFO - Started process (PID=13048) to work on /home/ec2-user/environment/asynchronous_ai_inference_system/dags/ml_pipeline_dag.py
[2026-04-30T00:28:17.714+0000] {processor.py:914} INFO - Processing file /home/ec2-user/environment/asynchronous_ai_inference_system/dags/ml_pipeline_dag.py for tasks to queue
[2026-04-30T00:28:17.715+0000] {logging_mixin.py:190} INFO - [2026-04-30T00:28:17.715+0000] {dagbag.py:588} INFO - Filling up the DagBag from /home/ec2-user/environment/asynchronous_ai_inference_system/dags/ml_pipeline_dag.py
[2026-04-30T00:28:19.079+0000] {processor.py:925} INFO - DAG(s) 'ml_pipeline' retrieved from /home/ec2-user/environment/asynchronous_ai_inference_system/dags/ml_pipeline_dag.py
[2026-04-30T00:28:19.091+0000] {logging_mixin.py:190} INFO - [2026-04-30T00:28:19.091+0000] {dag.py:3239} INFO - Sync 1 DAGs
[2026-04-30T00:28:19.099+0000] {logging_mixin.py:190} INFO - [2026-04-30T00:28:19.099+0000] {dag.py:4180} INFO - Setting next_dagrun for ml_pipeline to None, run_after=None
[2026-04-30T00:28:19.116+0000] {processor.py:208} INFO - Processing /home/ec2-user/environment/asynchronous_ai_inference_system/dags/ml_pipeline_dag.py took 1.407 seconds
[2026-04-30T00:28:49.279+0000] {processor.py:186} INFO - Started process (PID=13074) to work on /home/ec2-user/environment/asynchronous_ai_inference_system/dags/ml_pipeline_dag.py
[2026-04-30T00:28:49.279+0000] {processor.py:914} INFO - Processing file /home/ec2-user/environment/asynchronous_ai_inference_system/dags/ml_pipeline_dag.py for tasks to queue
[2026-04-30T00:28:49.280+0000] {logging_mixin.py:190} INFO - [2026-04-30T00:28:49.280+0000] {dagbag.py:588} INFO - Filling up the DagBag from /home/ec2-user/environment/asynchronous_ai_inference_system/dags/ml_pipeline_dag.py
[2026-04-30T00:28:50.699+0000] {processor.py:925} INFO - DAG(s) 'ml_pipeline' retrieved from /home/ec2-user/environment/asynchronous_ai_inference_system/dags/ml_pipeline_dag.py
[2026-04-30T00:28:50.712+0000] {logging_mixin.py:190} INFO - [2026-04-30T00:28:50.712+0000] {dag.py:3239} INFO - Sync 1 DAGs
[2026-04-30T00:28:50.720+0000] {logging_mixin.py:190} INFO - [2026-04-30T00:28:50.720+0000] {dag.py:4180} INFO - Setting next_dagrun for ml_pipeline to None, run_after=None
[2026-04-30T00:28:50.739+0000] {processor.py:208} INFO - Processing /home/ec2-user/environment/asynchronous_ai_inference_system/dags/ml_pipeline_dag.py took 1.465 seconds
[2026-04-30T00:29:21.906+0000] {processor.py:186} INFO - Started process (PID=13164) to work on /home/ec2-user/environment/asynchronous_ai_inference_system/dags/ml_pipeline_dag.py
[2026-04-30T00:29:21.906+0000] {processor.py:914} INFO - Processing file /home/ec2-user/environment/asynchronous_ai_inference_system/dags/ml_pipeline_dag.py for tasks to queue
[2026-04-30T00:29:21.907+0000] {logging_mixin.py:190} INFO - [2026-04-30T00:29:21.907+0000] {dagbag.py:588} INFO - Filling up the DagBag from /home/ec2-user/environment/asynchronous_ai_inference_system/dags/ml_pipeline_dag.py
[2026-04-30T00:29:23.326+0000] {processor.py:925} INFO - DAG(s) 'ml_pipeline' retrieved from /home/ec2-user/environment/asynchronous_ai_inference_system/dags/ml_pipeline_dag.py
[2026-04-30T00:29:23.338+0000] {logging_mixin.py:190} INFO - [2026-04-30T00:29:23.338+0000] {dag.py:3239} INFO - Sync 1 DAGs
[2026-04-30T00:29:23.348+0000] {logging_mixin.py:190} INFO - [2026-04-30T00:29:23.348+0000] {dag.py:4180} INFO - Setting next_dagrun for ml_pipeline to None, run_after=None
[2026-04-30T00:29:23.365+0000] {processor.py:208} INFO - Processing /home/ec2-user/environment/asynchronous_ai_inference_system/dags/ml_pipeline_dag.py took 1.464 seconds
[2026-04-30T00:29:53.584+0000] {processor.py:186} INFO - Started process (PID=13246) to work on /home/ec2-user/environment/asynchronous_ai_inference_system/dags/ml_pipeline_dag.py
[2026-04-30T00:29:53.585+0000] {processor.py:914} INFO - Processing file /home/ec2-user/environment/asynchronous_ai_inference_system/dags/ml_pipeline_dag.py for tasks to queue
[2026-04-30T00:29:53.586+0000] {logging_mixin.py:190} INFO - [2026-04-30T00:29:53.586+0000] {dagbag.py:588} INFO - Filling up the DagBag from /home/ec2-user/environment/asynchronous_ai_inference_system/dags/ml_pipeline_dag.py
[2026-04-30T00:29:55.024+0000] {processor.py:925} INFO - DAG(s) 'ml_pipeline' retrieved from /home/ec2-user/environment/asynchronous_ai_inference_system/dags/ml_pipeline_dag.py
[2026-04-30T00:29:55.037+0000] {logging_mixin.py:190} INFO - [2026-04-30T00:29:55.036+0000] {dag.py:3239} INFO - Sync 1 DAGs
[2026-04-30T00:29:55.047+0000] {logging_mixin.py:190} INFO - [2026-04-30T00:29:55.047+0000] {dag.py:4180} INFO - Setting next_dagrun for ml_pipeline to None, run_after=None
[2026-04-30T00:29:55.064+0000] {processor.py:208} INFO - Processing /home/ec2-user/environment/asynchronous_ai_inference_system/dags/ml_pipeline_dag.py took 1.485 seconds
[2026-04-30T00:30:25.157+0000] {processor.py:186} INFO - Started process (PID=13281) to work on /home/ec2-user/environment/asynchronous_ai_inference_system/dags/ml_pipeline_dag.py
[2026-04-30T00:30:25.157+0000] {processor.py:914} INFO - Processing file /home/ec2-user/environment/asynchronous_ai_inference_system/dags/ml_pipeline_dag.py for tasks to queue
[2026-04-30T00:30:25.159+0000] {logging_mixin.py:190} INFO - [2026-04-30T00:30:25.158+0000] {dagbag.py:588} INFO - Filling up the DagBag from /home/ec2-user/environment/asynchronous_ai_inference_system/dags/ml_pipeline_dag.py
[2026-04-30T00:30:26.567+0000] {processor.py:925} INFO - DAG(s) 'ml_pipeline' retrieved from /home/ec2-user/environment/asynchronous_ai_inference_system/dags/ml_pipeline_dag.py
[2026-04-30T00:30:26.581+0000] {logging_mixin.py:190} INFO - [2026-04-30T00:30:26.581+0000] {dag.py:3239} INFO - Sync 1 DAGs
[2026-04-30T00:30:26.589+0000] {logging_mixin.py:190} INFO - [2026-04-30T00:30:26.589+0000] {dag.py:4180} INFO - Setting next_dagrun for ml_pipeline to None, run_after=None
[2026-04-30T00:30:26.606+0000] {processor.py:208} INFO - Processing /home/ec2-user/environment/asynchronous_ai_inference_system/dags/ml_pipeline_dag.py took 1.455 seconds
[2026-04-30T00:30:56.736+0000] {processor.py:186} INFO - Started process (PID=13376) to work on /home/ec2-user/environment/asynchronous_ai_inference_system/dags/ml_pipeline_dag.py
[2026-04-30T00:30:56.737+0000] {processor.py:914} INFO - Processing file /home/ec2-user/environment/asynchronous_ai_inference_system/dags/ml_pipeline_dag.py for tasks to queue
[2026-04-30T00:30:56.738+0000] {logging_mixin.py:190} INFO - [2026-04-30T00:30:56.738+0000] {dagbag.py:588} INFO - Filling up the DagBag from /home/ec2-user/environment/asynchronous_ai_inference_system/dags/ml_pipeline_dag.py
[2026-04-30T00:30:58.055+0000] {processor.py:925} INFO - DAG(s) 'ml_pipeline' retrieved from /home/ec2-user/environment/asynchronous_ai_inference_system/dags/ml_pipeline_dag.py
[2026-04-30T00:30:58.068+0000] {logging_mixin.py:190} INFO - [2026-04-30T00:30:58.068+0000] {dag.py:3239} INFO - Sync 1 DAGs
[2026-04-30T00:30:58.077+0000] {logging_mixin.py:190} INFO - [2026-04-30T00:30:58.077+0000] {dag.py:4180} INFO - Setting next_dagrun for ml_pipeline to None, run_after=None
[2026-04-30T00:30:58.093+0000] {processor.py:208} INFO - Processing /home/ec2-user/environment/asynchronous_ai_inference_system/dags/ml_pipeline_dag.py took 1.362 seconds
[2026-04-30T00:31:28.407+0000] {processor.py:186} INFO - Started process (PID=13411) to work on /home/ec2-user/environment/asynchronous_ai_inference_system/dags/ml_pipeline_dag.py
[2026-04-30T00:31:28.408+0000] {processor.py:914} INFO - Processing file /home/ec2-user/environment/asynchronous_ai_inference_system/dags/ml_pipeline_dag.py for tasks to queue
[2026-04-30T00:31:28.409+0000] {logging_mixin.py:190} INFO - [2026-04-30T00:31:28.409+0000] {dagbag.py:588} INFO - Filling up the DagBag from /home/ec2-user/environment/asynchronous_ai_inference_system/dags/ml_pipeline_dag.py
[2026-04-30T00:31:29.749+0000] {processor.py:925} INFO - DAG(s) 'ml_pipeline' retrieved from /home/ec2-user/environment/asynchronous_ai_inference_system/dags/ml_pipeline_dag.py
[2026-04-30T00:31:29.761+0000] {logging_mixin.py:190} INFO - [2026-04-30T00:31:29.761+0000] {dag.py:3239} INFO - Sync 1 DAGs
[2026-04-30T00:31:29.770+0000] {logging_mixin.py:190} INFO - [2026-04-30T00:31:29.770+0000] {dag.py:4180} INFO - Setting next_dagrun for ml_pipeline to None, run_after=None
[2026-04-30T00:31:29.787+0000] {processor.py:208} INFO - Processing /home/ec2-user/environment/asynchronous_ai_inference_system/dags/ml_pipeline_dag.py took 1.385 seconds
[2026-04-30T00:31:59.884+0000] {processor.py:186} INFO - Started process (PID=13438) to work on /home/ec2-user/environment/asynchronous_ai_inference_system/dags/ml_pipeline_dag.py
[2026-04-30T00:31:59.885+0000] {processor.py:914} INFO - Processing file /home/ec2-user/environment/asynchronous_ai_inference_system/dags/ml_pipeline_dag.py for tasks to queue
[2026-04-30T00:31:59.886+0000] {logging_mixin.py:190} INFO - [2026-04-30T00:31:59.886+0000] {dagbag.py:588} INFO - Filling up the DagBag from /home/ec2-user/environment/asynchronous_ai_inference_system/dags/ml_pipeline_dag.py
[2026-04-30T00:32:01.215+0000] {processor.py:925} INFO - DAG(s) 'ml_pipeline' retrieved from /home/ec2-user/environment/asynchronous_ai_inference_system/dags/ml_pipeline_dag.py
[2026-04-30T00:32:01.228+0000] {logging_mixin.py:190} INFO - [2026-04-30T00:32:01.228+0000] {dag.py:3239} INFO - Sync 1 DAGs
[2026-04-30T00:32:01.237+0000] {logging_mixin.py:190} INFO - [2026-04-30T00:32:01.236+0000] {dag.py:4180} INFO - Setting next_dagrun for ml_pipeline to None, run_after=None
[2026-04-30T00:32:01.255+0000] {processor.py:208} INFO - Processing /home/ec2-user/environment/asynchronous_ai_inference_system/dags/ml_pipeline_dag.py took 1.375 seconds
[2026-04-30T00:32:31.874+0000] {processor.py:186} INFO - Started process (PID=13540) to work on /home/ec2-user/environment/asynchronous_ai_inference_system/dags/ml_pipeline_dag.py
[2026-04-30T00:32:31.875+0000] {processor.py:914} INFO - Processing file /home/ec2-user/environment/asynchronous_ai_inference_system/dags/ml_pipeline_dag.py for tasks to queue
[2026-04-30T00:32:31.876+0000] {logging_mixin.py:190} INFO - [2026-04-30T00:32:31.876+0000] {dagbag.py:588} INFO - Filling up the DagBag from /home/ec2-user/environment/asynchronous_ai_inference_system/dags/ml_pipeline_dag.py
[2026-04-30T00:32:33.202+0000] {processor.py:925} INFO - DAG(s) 'ml_pipeline' retrieved from /home/ec2-user/environment/asynchronous_ai_inference_system/dags/ml_pipeline_dag.py
[2026-04-30T00:32:33.215+0000] {logging_mixin.py:190} INFO - [2026-04-30T00:32:33.214+0000] {dag.py:3239} INFO - Sync 1 DAGs
[2026-04-30T00:32:33.224+0000] {logging_mixin.py:190} INFO - [2026-04-30T00:32:33.224+0000] {dag.py:4180} INFO - Setting next_dagrun for ml_pipeline to None, run_after=None
[2026-04-30T00:32:33.241+0000] {processor.py:208} INFO - Processing /home/ec2-user/environment/asynchronous_ai_inference_system/dags/ml_pipeline_dag.py took 1.372 seconds
[2026-04-30T00:33:03.445+0000] {processor.py:186} INFO - Started process (PID=13615) to work on /home/ec2-user/environment/asynchronous_ai_inference_system/dags/ml_pipeline_dag.py
[2026-04-30T00:33:03.445+0000] {processor.py:914} INFO - Processing file /home/ec2-user/environment/asynchronous_ai_inference_system/dags/ml_pipeline_dag.py for tasks to queue
[2026-04-30T00:33:03.446+0000] {logging_mixin.py:190} INFO - [2026-04-30T00:33:03.446+0000] {dagbag.py:588} INFO - Filling up the DagBag from /home/ec2-user/environment/asynchronous_ai_inference_system/dags/ml_pipeline_dag.py
[2026-04-30T00:33:04.761+0000] {processor.py:925} INFO - DAG(s) 'ml_pipeline' retrieved from /home/ec2-user/environment/asynchronous_ai_inference_system/dags/ml_pipeline_dag.py
[2026-04-30T00:33:04.774+0000] {logging_mixin.py:190} INFO - [2026-04-30T00:33:04.773+0000] {dag.py:3239} INFO - Sync 1 DAGs
[2026-04-30T00:33:04.783+0000] {logging_mixin.py:190} INFO - [2026-04-30T00:33:04.783+0000] {dag.py:4180} INFO - Setting next_dagrun for ml_pipeline to None, run_after=None
[2026-04-30T00:33:04.799+0000] {processor.py:208} INFO - Processing /home/ec2-user/environment/asynchronous_ai_inference_system/dags/ml_pipeline_dag.py took 1.359 seconds
[2026-04-30T00:33:35.020+0000] {processor.py:186} INFO - Started process (PID=13697) to work on /home/ec2-user/environment/asynchronous_ai_inference_system/dags/ml_pipeline_dag.py
[2026-04-30T00:33:35.021+0000] {processor.py:914} INFO - Processing file /home/ec2-user/environment/asynchronous_ai_inference_system/dags/ml_pipeline_dag.py for tasks to queue
[2026-04-30T00:33:35.022+0000] {logging_mixin.py:190} INFO - [2026-04-30T00:33:35.021+0000] {dagbag.py:588} INFO - Filling up the DagBag from /home/ec2-user/environment/asynchronous_ai_inference_system/dags/ml_pipeline_dag.py
[2026-04-30T00:33:36.353+0000] {processor.py:925} INFO - DAG(s) 'ml_pipeline' retrieved from /home/ec2-user/environment/asynchronous_ai_inference_system/dags/ml_pipeline_dag.py
[2026-04-30T00:33:36.366+0000] {logging_mixin.py:190} INFO - [2026-04-30T00:33:36.366+0000] {dag.py:3239} INFO - Sync 1 DAGs
[2026-04-30T00:33:36.375+0000] {logging_mixin.py:190} INFO - [2026-04-30T00:33:36.374+0000] {dag.py:4180} INFO - Setting next_dagrun for ml_pipeline to None, run_after=None
[2026-04-30T00:33:36.391+0000] {processor.py:208} INFO - Processing /home/ec2-user/environment/asynchronous_ai_inference_system/dags/ml_pipeline_dag.py took 1.377 seconds
[2026-04-30T00:34:06.492+0000] {processor.py:186} INFO - Started process (PID=13733) to work on /home/ec2-user/environment/asynchronous_ai_inference_system/dags/ml_pipeline_dag.py
[2026-04-30T00:34:06.492+0000] {processor.py:914} INFO - Processing file /home/ec2-user/environment/asynchronous_ai_inference_system/dags/ml_pipeline_dag.py for tasks to queue
[2026-04-30T00:34:06.493+0000] {logging_mixin.py:190} INFO - [2026-04-30T00:34:06.493+0000] {dagbag.py:588} INFO - Filling up the DagBag from /home/ec2-user/environment/asynchronous_ai_inference_system/dags/ml_pipeline_dag.py
[2026-04-30T00:34:08.017+0000] {processor.py:925} INFO - DAG(s) 'ml_pipeline' retrieved from /home/ec2-user/environment/asynchronous_ai_inference_system/dags/ml_pipeline_dag.py
[2026-04-30T00:34:08.030+0000] {logging_mixin.py:190} INFO - [2026-04-30T00:34:08.030+0000] {dag.py:3239} INFO - Sync 1 DAGs
[2026-04-30T00:34:08.039+0000] {logging_mixin.py:190} INFO - [2026-04-30T00:34:08.039+0000] {dag.py:4180} INFO - Setting next_dagrun for ml_pipeline to None, run_after=None
[2026-04-30T00:34:08.055+0000] {processor.py:208} INFO - Processing /home/ec2-user/environment/asynchronous_ai_inference_system/dags/ml_pipeline_dag.py took 1.569 seconds
[2026-04-30T00:34:39.091+0000] {processor.py:186} INFO - Started process (PID=13767) to work on /home/ec2-user/environment/asynchronous_ai_inference_system/dags/ml_pipeline_dag.py
[2026-04-30T00:34:39.091+0000] {processor.py:914} INFO - Processing file /home/ec2-user/environment/asynchronous_ai_inference_system/dags/ml_pipeline_dag.py for tasks to queue
[2026-04-30T00:34:39.092+0000] {logging_mixin.py:190} INFO - [2026-04-30T00:34:39.092+0000] {dagbag.py:588} INFO - Filling up the DagBag from /home/ec2-user/environment/asynchronous_ai_inference_system/dags/ml_pipeline_dag.py
[2026-04-30T00:34:40.387+0000] {processor.py:925} INFO - DAG(s) 'ml_pipeline' retrieved from /home/ec2-user/environment/asynchronous_ai_inference_system/dags/ml_pipeline_dag.py
[2026-04-30T00:34:40.399+0000] {logging_mixin.py:190} INFO - [2026-04-30T00:34:40.399+0000] {dag.py:3239} INFO - Sync 1 DAGs
[2026-04-30T00:34:40.408+0000] {logging_mixin.py:190} INFO - [2026-04-30T00:34:40.407+0000] {dag.py:4180} INFO - Setting next_dagrun for ml_pipeline to None, run_after=None
[2026-04-30T00:34:40.424+0000] {processor.py:208} INFO - Processing /home/ec2-user/environment/asynchronous_ai_inference_system/dags/ml_pipeline_dag.py took 1.338 seconds
