[2026-04-30T00:12:28.808+0000] {processor.py:186} INFO - Started process (PID=11291) to work on /home/ec2-user/environment/asynchronous_ai_inference_system/dags/ml_training_pipeline_v2.py
[2026-04-30T00:12:28.809+0000] {processor.py:914} INFO - Processing file /home/ec2-user/environment/asynchronous_ai_inference_system/dags/ml_training_pipeline_v2.py for tasks to queue
[2026-04-30T00:12:28.809+0000] {logging_mixin.py:190} INFO - [2026-04-30T00:12:28.809+0000] {dagbag.py:588} INFO - Filling up the DagBag from /home/ec2-user/environment/asynchronous_ai_inference_system/dags/ml_training_pipeline_v2.py
[2026-04-30T00:12:30.304+0000] {processor.py:925} INFO - DAG(s) 'ml_training_pipeline_v2' retrieved from /home/ec2-user/environment/asynchronous_ai_inference_system/dags/ml_training_pipeline_v2.py
[2026-04-30T00:12:30.389+0000] {logging_mixin.py:190} INFO - [2026-04-30T00:12:30.389+0000] {override.py:1930} INFO - Created Permission View: can delete on DAG:ml_training_pipeline_v2
[2026-04-30T00:12:30.401+0000] {logging_mixin.py:190} INFO - [2026-04-30T00:12:30.401+0000] {override.py:1930} INFO - Created Permission View: can read on DAG:ml_training_pipeline_v2
[2026-04-30T00:12:30.410+0000] {logging_mixin.py:190} INFO - [2026-04-30T00:12:30.410+0000] {override.py:1930} INFO - Created Permission View: can edit on DAG:ml_training_pipeline_v2
[2026-04-30T00:12:30.424+0000] {logging_mixin.py:190} INFO - [2026-04-30T00:12:30.424+0000] {override.py:1930} INFO - Created Permission View: can delete on DAG Run:ml_training_pipeline_v2
[2026-04-30T00:12:30.433+0000] {logging_mixin.py:190} INFO - [2026-04-30T00:12:30.432+0000] {override.py:1930} INFO - Created Permission View: can read on DAG Run:ml_training_pipeline_v2
[2026-04-30T00:12:30.442+0000] {logging_mixin.py:190} INFO - [2026-04-30T00:12:30.441+0000] {override.py:1930} INFO - Created Permission View: menu access on DAG Run:ml_training_pipeline_v2
[2026-04-30T00:12:30.453+0000] {logging_mixin.py:190} INFO - [2026-04-30T00:12:30.453+0000] {override.py:1930} INFO - Created Permission View: can create on DAG Run:ml_training_pipeline_v2
[2026-04-30T00:12:30.454+0000] {logging_mixin.py:190} INFO - [2026-04-30T00:12:30.453+0000] {dag.py:3239} INFO - Sync 1 DAGs
[2026-04-30T00:12:30.464+0000] {logging_mixin.py:190} INFO - [2026-04-30T00:12:30.464+0000] {dag.py:3262} INFO - Creating ORM DAG for ml_training_pipeline_v2
[2026-04-30T00:12:30.465+0000] {logging_mixin.py:190} INFO - [2026-04-30T00:12:30.465+0000] {dag.py:4180} INFO - Setting next_dagrun for ml_training_pipeline_v2 to None, run_after=None
[2026-04-30T00:12:30.483+0000] {processor.py:208} INFO - Processing /home/ec2-user/environment/asynchronous_ai_inference_system/dags/ml_training_pipeline_v2.py took 1.679 seconds
[2026-04-30T00:13:01.467+0000] {processor.py:186} INFO - Started process (PID=11376) to work on /home/ec2-user/environment/asynchronous_ai_inference_system/dags/ml_training_pipeline_v2.py
[2026-04-30T00:13:01.468+0000] {processor.py:914} INFO - Processing file /home/ec2-user/environment/asynchronous_ai_inference_system/dags/ml_training_pipeline_v2.py for tasks to queue
[2026-04-30T00:13:01.468+0000] {logging_mixin.py:190} INFO - [2026-04-30T00:13:01.468+0000] {dagbag.py:588} INFO - Filling up the DagBag from /home/ec2-user/environment/asynchronous_ai_inference_system/dags/ml_training_pipeline_v2.py
[2026-04-30T00:13:02.895+0000] {processor.py:925} INFO - DAG(s) 'ml_training_pipeline_v2' retrieved from /home/ec2-user/environment/asynchronous_ai_inference_system/dags/ml_training_pipeline_v2.py
[2026-04-30T00:13:02.908+0000] {logging_mixin.py:190} INFO - [2026-04-30T00:13:02.908+0000] {dag.py:3239} INFO - Sync 1 DAGs
[2026-04-30T00:13:02.920+0000] {logging_mixin.py:190} INFO - [2026-04-30T00:13:02.920+0000] {dag.py:4180} INFO - Setting next_dagrun for ml_training_pipeline_v2 to None, run_after=None
[2026-04-30T00:13:02.937+0000] {processor.py:208} INFO - Processing /home/ec2-user/environment/asynchronous_ai_inference_system/dags/ml_training_pipeline_v2.py took 1.474 seconds
[2026-04-30T00:13:33.401+0000] {processor.py:186} INFO - Started process (PID=11452) to work on /home/ec2-user/environment/asynchronous_ai_inference_system/dags/ml_training_pipeline_v2.py
[2026-04-30T00:13:33.401+0000] {processor.py:914} INFO - Processing file /home/ec2-user/environment/asynchronous_ai_inference_system/dags/ml_training_pipeline_v2.py for tasks to queue
[2026-04-30T00:13:33.402+0000] {logging_mixin.py:190} INFO - [2026-04-30T00:13:33.402+0000] {dagbag.py:588} INFO - Filling up the DagBag from /home/ec2-user/environment/asynchronous_ai_inference_system/dags/ml_training_pipeline_v2.py
[2026-04-30T00:13:34.876+0000] {processor.py:925} INFO - DAG(s) 'ml_training_pipeline_v2' retrieved from /home/ec2-user/environment/asynchronous_ai_inference_system/dags/ml_training_pipeline_v2.py
[2026-04-30T00:13:34.889+0000] {logging_mixin.py:190} INFO - [2026-04-30T00:13:34.889+0000] {dag.py:3239} INFO - Sync 1 DAGs
[2026-04-30T00:13:34.898+0000] {logging_mixin.py:190} INFO - [2026-04-30T00:13:34.898+0000] {dag.py:4180} INFO - Setting next_dagrun for ml_training_pipeline_v2 to None, run_after=None
[2026-04-30T00:13:34.916+0000] {processor.py:208} INFO - Processing /home/ec2-user/environment/asynchronous_ai_inference_system/dags/ml_training_pipeline_v2.py took 1.520 seconds
[2026-04-30T00:14:06.022+0000] {processor.py:186} INFO - Started process (PID=11488) to work on /home/ec2-user/environment/asynchronous_ai_inference_system/dags/ml_training_pipeline_v2.py
[2026-04-30T00:14:06.023+0000] {processor.py:914} INFO - Processing file /home/ec2-user/environment/asynchronous_ai_inference_system/dags/ml_training_pipeline_v2.py for tasks to queue
[2026-04-30T00:14:06.024+0000] {logging_mixin.py:190} INFO - [2026-04-30T00:14:06.024+0000] {dagbag.py:588} INFO - Filling up the DagBag from /home/ec2-user/environment/asynchronous_ai_inference_system/dags/ml_training_pipeline_v2.py
[2026-04-30T00:14:07.469+0000] {processor.py:925} INFO - DAG(s) 'ml_training_pipeline_v2' retrieved from /home/ec2-user/environment/asynchronous_ai_inference_system/dags/ml_training_pipeline_v2.py
[2026-04-30T00:14:07.482+0000] {logging_mixin.py:190} INFO - [2026-04-30T00:14:07.482+0000] {dag.py:3239} INFO - Sync 1 DAGs
[2026-04-30T00:14:07.491+0000] {logging_mixin.py:190} INFO - [2026-04-30T00:14:07.490+0000] {dag.py:4180} INFO - Setting next_dagrun for ml_training_pipeline_v2 to None, run_after=None
[2026-04-30T00:14:07.507+0000] {processor.py:208} INFO - Processing /home/ec2-user/environment/asynchronous_ai_inference_system/dags/ml_training_pipeline_v2.py took 1.490 seconds
[2026-04-30T00:14:38.330+0000] {processor.py:186} INFO - Started process (PID=11563) to work on /home/ec2-user/environment/asynchronous_ai_inference_system/dags/ml_training_pipeline_v2.py
[2026-04-30T00:14:38.331+0000] {processor.py:914} INFO - Processing file /home/ec2-user/environment/asynchronous_ai_inference_system/dags/ml_training_pipeline_v2.py for tasks to queue
[2026-04-30T00:14:38.332+0000] {logging_mixin.py:190} INFO - [2026-04-30T00:14:38.332+0000] {dagbag.py:588} INFO - Filling up the DagBag from /home/ec2-user/environment/asynchronous_ai_inference_system/dags/ml_training_pipeline_v2.py
[2026-04-30T00:14:39.767+0000] {processor.py:925} INFO - DAG(s) 'ml_training_pipeline_v2' retrieved from /home/ec2-user/environment/asynchronous_ai_inference_system/dags/ml_training_pipeline_v2.py
[2026-04-30T00:14:39.780+0000] {logging_mixin.py:190} INFO - [2026-04-30T00:14:39.780+0000] {dag.py:3239} INFO - Sync 1 DAGs
[2026-04-30T00:14:39.788+0000] {logging_mixin.py:190} INFO - [2026-04-30T00:14:39.788+0000] {dag.py:4180} INFO - Setting next_dagrun for ml_training_pipeline_v2 to None, run_after=None
[2026-04-30T00:14:39.807+0000] {processor.py:208} INFO - Processing /home/ec2-user/environment/asynchronous_ai_inference_system/dags/ml_training_pipeline_v2.py took 1.481 seconds
[2026-04-30T00:15:09.923+0000] {processor.py:186} INFO - Started process (PID=11598) to work on /home/ec2-user/environment/asynchronous_ai_inference_system/dags/ml_training_pipeline_v2.py
[2026-04-30T00:15:09.924+0000] {processor.py:914} INFO - Processing file /home/ec2-user/environment/asynchronous_ai_inference_system/dags/ml_training_pipeline_v2.py for tasks to queue
[2026-04-30T00:15:09.925+0000] {logging_mixin.py:190} INFO - [2026-04-30T00:15:09.924+0000] {dagbag.py:588} INFO - Filling up the DagBag from /home/ec2-user/environment/asynchronous_ai_inference_system/dags/ml_training_pipeline_v2.py
[2026-04-30T00:15:11.362+0000] {processor.py:925} INFO - DAG(s) 'ml_training_pipeline_v2' retrieved from /home/ec2-user/environment/asynchronous_ai_inference_system/dags/ml_training_pipeline_v2.py
[2026-04-30T00:15:11.375+0000] {logging_mixin.py:190} INFO - [2026-04-30T00:15:11.375+0000] {dag.py:3239} INFO - Sync 1 DAGs
[2026-04-30T00:15:11.383+0000] {logging_mixin.py:190} INFO - [2026-04-30T00:15:11.383+0000] {dag.py:4180} INFO - Setting next_dagrun for ml_training_pipeline_v2 to None, run_after=None
[2026-04-30T00:15:11.402+0000] {processor.py:208} INFO - Processing /home/ec2-user/environment/asynchronous_ai_inference_system/dags/ml_training_pipeline_v2.py took 1.484 seconds
[2026-04-30T00:15:41.517+0000] {processor.py:186} INFO - Started process (PID=11626) to work on /home/ec2-user/environment/asynchronous_ai_inference_system/dags/ml_training_pipeline_v2.py
[2026-04-30T00:15:41.518+0000] {processor.py:914} INFO - Processing file /home/ec2-user/environment/asynchronous_ai_inference_system/dags/ml_training_pipeline_v2.py for tasks to queue
[2026-04-30T00:15:41.519+0000] {logging_mixin.py:190} INFO - [2026-04-30T00:15:41.518+0000] {dagbag.py:588} INFO - Filling up the DagBag from /home/ec2-user/environment/asynchronous_ai_inference_system/dags/ml_training_pipeline_v2.py
[2026-04-30T00:15:43.457+0000] {processor.py:925} INFO - DAG(s) 'ml_training_pipeline_v2' retrieved from /home/ec2-user/environment/asynchronous_ai_inference_system/dags/ml_training_pipeline_v2.py
[2026-04-30T00:15:43.471+0000] {logging_mixin.py:190} INFO - [2026-04-30T00:15:43.470+0000] {dag.py:3239} INFO - Sync 1 DAGs
[2026-04-30T00:15:43.480+0000] {logging_mixin.py:190} INFO - [2026-04-30T00:15:43.480+0000] {dag.py:4180} INFO - Setting next_dagrun for ml_training_pipeline_v2 to None, run_after=None
[2026-04-30T00:15:43.496+0000] {processor.py:208} INFO - Processing /home/ec2-user/environment/asynchronous_ai_inference_system/dags/ml_training_pipeline_v2.py took 1.984 seconds
[2026-04-30T00:16:13.612+0000] {processor.py:186} INFO - Started process (PID=11743) to work on /home/ec2-user/environment/asynchronous_ai_inference_system/dags/ml_training_pipeline_v2.py
[2026-04-30T00:16:13.612+0000] {processor.py:914} INFO - Processing file /home/ec2-user/environment/asynchronous_ai_inference_system/dags/ml_training_pipeline_v2.py for tasks to queue
[2026-04-30T00:16:13.613+0000] {logging_mixin.py:190} INFO - [2026-04-30T00:16:13.613+0000] {dagbag.py:588} INFO - Filling up the DagBag from /home/ec2-user/environment/asynchronous_ai_inference_system/dags/ml_training_pipeline_v2.py
[2026-04-30T00:16:15.122+0000] {processor.py:925} INFO - DAG(s) 'ml_training_pipeline_v2' retrieved from /home/ec2-user/environment/asynchronous_ai_inference_system/dags/ml_training_pipeline_v2.py
[2026-04-30T00:16:15.137+0000] {logging_mixin.py:190} INFO - [2026-04-30T00:16:15.136+0000] {dag.py:3239} INFO - Sync 1 DAGs
[2026-04-30T00:16:15.145+0000] {logging_mixin.py:190} INFO - [2026-04-30T00:16:15.145+0000] {dag.py:4180} INFO - Setting next_dagrun for ml_training_pipeline_v2 to None, run_after=None
[2026-04-30T00:16:15.163+0000] {processor.py:208} INFO - Processing /home/ec2-user/environment/asynchronous_ai_inference_system/dags/ml_training_pipeline_v2.py took 1.555 seconds
[2026-04-30T00:16:45.311+0000] {processor.py:186} INFO - Started process (PID=11786) to work on /home/ec2-user/environment/asynchronous_ai_inference_system/dags/ml_training_pipeline_v2.py
[2026-04-30T00:16:45.312+0000] {processor.py:914} INFO - Processing file /home/ec2-user/environment/asynchronous_ai_inference_system/dags/ml_training_pipeline_v2.py for tasks to queue
[2026-04-30T00:16:45.313+0000] {logging_mixin.py:190} INFO - [2026-04-30T00:16:45.313+0000] {dagbag.py:588} INFO - Filling up the DagBag from /home/ec2-user/environment/asynchronous_ai_inference_system/dags/ml_training_pipeline_v2.py
[2026-04-30T00:16:46.796+0000] {processor.py:925} INFO - DAG(s) 'ml_training_pipeline_v2' retrieved from /home/ec2-user/environment/asynchronous_ai_inference_system/dags/ml_training_pipeline_v2.py
[2026-04-30T00:16:46.810+0000] {logging_mixin.py:190} INFO - [2026-04-30T00:16:46.810+0000] {dag.py:3239} INFO - Sync 1 DAGs
[2026-04-30T00:16:46.819+0000] {logging_mixin.py:190} INFO - [2026-04-30T00:16:46.819+0000] {dag.py:4180} INFO - Setting next_dagrun for ml_training_pipeline_v2 to None, run_after=None
[2026-04-30T00:16:46.838+0000] {processor.py:208} INFO - Processing /home/ec2-user/environment/asynchronous_ai_inference_system/dags/ml_training_pipeline_v2.py took 1.531 seconds
[2026-04-30T00:17:17.006+0000] {processor.py:186} INFO - Started process (PID=11823) to work on /home/ec2-user/environment/asynchronous_ai_inference_system/dags/ml_training_pipeline_v2.py
[2026-04-30T00:17:17.007+0000] {processor.py:914} INFO - Processing file /home/ec2-user/environment/asynchronous_ai_inference_system/dags/ml_training_pipeline_v2.py for tasks to queue
[2026-04-30T00:17:17.008+0000] {logging_mixin.py:190} INFO - [2026-04-30T00:17:17.008+0000] {dagbag.py:588} INFO - Filling up the DagBag from /home/ec2-user/environment/asynchronous_ai_inference_system/dags/ml_training_pipeline_v2.py
[2026-04-30T00:17:18.510+0000] {processor.py:925} INFO - DAG(s) 'ml_training_pipeline_v2' retrieved from /home/ec2-user/environment/asynchronous_ai_inference_system/dags/ml_training_pipeline_v2.py
[2026-04-30T00:17:18.523+0000] {logging_mixin.py:190} INFO - [2026-04-30T00:17:18.523+0000] {dag.py:3239} INFO - Sync 1 DAGs
[2026-04-30T00:17:18.532+0000] {logging_mixin.py:190} INFO - [2026-04-30T00:17:18.532+0000] {dag.py:4180} INFO - Setting next_dagrun for ml_training_pipeline_v2 to None, run_after=None
[2026-04-30T00:17:18.550+0000] {processor.py:208} INFO - Processing /home/ec2-user/environment/asynchronous_ai_inference_system/dags/ml_training_pipeline_v2.py took 1.548 seconds
[2026-04-30T00:17:48.701+0000] {processor.py:186} INFO - Started process (PID=11894) to work on /home/ec2-user/environment/asynchronous_ai_inference_system/dags/ml_training_pipeline_v2.py
[2026-04-30T00:17:48.702+0000] {processor.py:914} INFO - Processing file /home/ec2-user/environment/asynchronous_ai_inference_system/dags/ml_training_pipeline_v2.py for tasks to queue
[2026-04-30T00:17:48.702+0000] {logging_mixin.py:190} INFO - [2026-04-30T00:17:48.702+0000] {dagbag.py:588} INFO - Filling up the DagBag from /home/ec2-user/environment/asynchronous_ai_inference_system/dags/ml_training_pipeline_v2.py
[2026-04-30T00:17:50.173+0000] {processor.py:925} INFO - DAG(s) 'ml_training_pipeline_v2' retrieved from /home/ec2-user/environment/asynchronous_ai_inference_system/dags/ml_training_pipeline_v2.py
[2026-04-30T00:17:50.186+0000] {logging_mixin.py:190} INFO - [2026-04-30T00:17:50.185+0000] {dag.py:3239} INFO - Sync 1 DAGs
[2026-04-30T00:17:50.195+0000] {logging_mixin.py:190} INFO - [2026-04-30T00:17:50.194+0000] {dag.py:4180} INFO - Setting next_dagrun for ml_training_pipeline_v2 to None, run_after=None
[2026-04-30T00:17:50.212+0000] {processor.py:208} INFO - Processing /home/ec2-user/environment/asynchronous_ai_inference_system/dags/ml_training_pipeline_v2.py took 1.515 seconds
[2026-04-30T00:18:20.510+0000] {processor.py:186} INFO - Started process (PID=11929) to work on /home/ec2-user/environment/asynchronous_ai_inference_system/dags/ml_training_pipeline_v2.py
[2026-04-30T00:18:20.511+0000] {processor.py:914} INFO - Processing file /home/ec2-user/environment/asynchronous_ai_inference_system/dags/ml_training_pipeline_v2.py for tasks to queue
[2026-04-30T00:18:20.512+0000] {logging_mixin.py:190} INFO - [2026-04-30T00:18:20.511+0000] {dagbag.py:588} INFO - Filling up the DagBag from /home/ec2-user/environment/asynchronous_ai_inference_system/dags/ml_training_pipeline_v2.py
[2026-04-30T00:18:21.873+0000] {processor.py:925} INFO - DAG(s) 'ml_training_pipeline_v2' retrieved from /home/ec2-user/environment/asynchronous_ai_inference_system/dags/ml_training_pipeline_v2.py
[2026-04-30T00:18:21.886+0000] {logging_mixin.py:190} INFO - [2026-04-30T00:18:21.886+0000] {dag.py:3239} INFO - Sync 1 DAGs
[2026-04-30T00:18:21.895+0000] {logging_mixin.py:190} INFO - [2026-04-30T00:18:21.895+0000] {dag.py:4180} INFO - Setting next_dagrun for ml_training_pipeline_v2 to None, run_after=None
[2026-04-30T00:18:21.914+0000] {processor.py:208} INFO - Processing /home/ec2-user/environment/asynchronous_ai_inference_system/dags/ml_training_pipeline_v2.py took 1.409 seconds
[2026-04-30T00:19:12.733+0000] {processor.py:186} INFO - Started process (PID=12010) to work on /home/ec2-user/environment/asynchronous_ai_inference_system/dags/ml_training_pipeline_v2.py
[2026-04-30T00:19:12.735+0000] {processor.py:914} INFO - Processing file /home/ec2-user/environment/asynchronous_ai_inference_system/dags/ml_training_pipeline_v2.py for tasks to queue
[2026-04-30T00:19:12.735+0000] {logging_mixin.py:190} INFO - [2026-04-30T00:19:12.735+0000] {dagbag.py:588} INFO - Filling up the DagBag from /home/ec2-user/environment/asynchronous_ai_inference_system/dags/ml_training_pipeline_v2.py
[2026-04-30T00:19:14.182+0000] {processor.py:925} INFO - DAG(s) 'ml_training_pipeline_v2' retrieved from /home/ec2-user/environment/asynchronous_ai_inference_system/dags/ml_training_pipeline_v2.py
[2026-04-30T00:19:14.195+0000] {logging_mixin.py:190} INFO - [2026-04-30T00:19:14.195+0000] {dag.py:3239} INFO - Sync 1 DAGs
[2026-04-30T00:19:14.203+0000] {logging_mixin.py:190} INFO - [2026-04-30T00:19:14.203+0000] {dag.py:4180} INFO - Setting next_dagrun for ml_training_pipeline_v2 to None, run_after=None
[2026-04-30T00:19:14.221+0000] {processor.py:208} INFO - Processing /home/ec2-user/environment/asynchronous_ai_inference_system/dags/ml_training_pipeline_v2.py took 1.492 seconds
[2026-04-30T00:19:44.380+0000] {processor.py:186} INFO - Started process (PID=12106) to work on /home/ec2-user/environment/asynchronous_ai_inference_system/dags/ml_training_pipeline_v2.py
[2026-04-30T00:19:44.381+0000] {processor.py:914} INFO - Processing file /home/ec2-user/environment/asynchronous_ai_inference_system/dags/ml_training_pipeline_v2.py for tasks to queue
[2026-04-30T00:19:44.382+0000] {logging_mixin.py:190} INFO - [2026-04-30T00:19:44.382+0000] {dagbag.py:588} INFO - Filling up the DagBag from /home/ec2-user/environment/asynchronous_ai_inference_system/dags/ml_training_pipeline_v2.py
[2026-04-30T00:19:45.795+0000] {processor.py:925} INFO - DAG(s) 'ml_training_pipeline_v2' retrieved from /home/ec2-user/environment/asynchronous_ai_inference_system/dags/ml_training_pipeline_v2.py
[2026-04-30T00:19:45.809+0000] {logging_mixin.py:190} INFO - [2026-04-30T00:19:45.809+0000] {dag.py:3239} INFO - Sync 1 DAGs
[2026-04-30T00:19:45.817+0000] {logging_mixin.py:190} INFO - [2026-04-30T00:19:45.817+0000] {dag.py:4180} INFO - Setting next_dagrun for ml_training_pipeline_v2 to None, run_after=None
[2026-04-30T00:19:45.837+0000] {processor.py:208} INFO - Processing /home/ec2-user/environment/asynchronous_ai_inference_system/dags/ml_training_pipeline_v2.py took 1.461 seconds
[2026-04-30T00:20:16.148+0000] {processor.py:186} INFO - Started process (PID=12146) to work on /home/ec2-user/environment/asynchronous_ai_inference_system/dags/ml_training_pipeline_v2.py
[2026-04-30T00:20:16.150+0000] {processor.py:914} INFO - Processing file /home/ec2-user/environment/asynchronous_ai_inference_system/dags/ml_training_pipeline_v2.py for tasks to queue
[2026-04-30T00:20:16.151+0000] {logging_mixin.py:190} INFO - [2026-04-30T00:20:16.150+0000] {dagbag.py:588} INFO - Filling up the DagBag from /home/ec2-user/environment/asynchronous_ai_inference_system/dags/ml_training_pipeline_v2.py
[2026-04-30T00:20:17.573+0000] {processor.py:925} INFO - DAG(s) 'ml_training_pipeline_v2' retrieved from /home/ec2-user/environment/asynchronous_ai_inference_system/dags/ml_training_pipeline_v2.py
[2026-04-30T00:20:17.586+0000] {logging_mixin.py:190} INFO - [2026-04-30T00:20:17.586+0000] {dag.py:3239} INFO - Sync 1 DAGs
[2026-04-30T00:20:17.595+0000] {logging_mixin.py:190} INFO - [2026-04-30T00:20:17.594+0000] {dag.py:4180} INFO - Setting next_dagrun for ml_training_pipeline_v2 to None, run_after=None
[2026-04-30T00:20:17.612+0000] {processor.py:208} INFO - Processing /home/ec2-user/environment/asynchronous_ai_inference_system/dags/ml_training_pipeline_v2.py took 1.468 seconds
[2026-04-30T00:20:47.920+0000] {processor.py:186} INFO - Started process (PID=12169) to work on /home/ec2-user/environment/asynchronous_ai_inference_system/dags/ml_training_pipeline_v2.py
[2026-04-30T00:20:47.920+0000] {processor.py:914} INFO - Processing file /home/ec2-user/environment/asynchronous_ai_inference_system/dags/ml_training_pipeline_v2.py for tasks to queue
[2026-04-30T00:20:47.921+0000] {logging_mixin.py:190} INFO - [2026-04-30T00:20:47.921+0000] {dagbag.py:588} INFO - Filling up the DagBag from /home/ec2-user/environment/asynchronous_ai_inference_system/dags/ml_training_pipeline_v2.py
[2026-04-30T00:20:49.392+0000] {processor.py:925} INFO - DAG(s) 'ml_training_pipeline_v2' retrieved from /home/ec2-user/environment/asynchronous_ai_inference_system/dags/ml_training_pipeline_v2.py
[2026-04-30T00:20:49.406+0000] {logging_mixin.py:190} INFO - [2026-04-30T00:20:49.405+0000] {dag.py:3239} INFO - Sync 1 DAGs
[2026-04-30T00:20:49.414+0000] {logging_mixin.py:190} INFO - [2026-04-30T00:20:49.414+0000] {dag.py:4180} INFO - Setting next_dagrun for ml_training_pipeline_v2 to None, run_after=None
[2026-04-30T00:20:49.431+0000] {processor.py:208} INFO - Processing /home/ec2-user/environment/asynchronous_ai_inference_system/dags/ml_training_pipeline_v2.py took 1.516 seconds
[2026-04-30T00:21:19.754+0000] {processor.py:186} INFO - Started process (PID=12256) to work on /home/ec2-user/environment/asynchronous_ai_inference_system/dags/ml_training_pipeline_v2.py
[2026-04-30T00:21:19.755+0000] {processor.py:914} INFO - Processing file /home/ec2-user/environment/asynchronous_ai_inference_system/dags/ml_training_pipeline_v2.py for tasks to queue
[2026-04-30T00:21:19.756+0000] {logging_mixin.py:190} INFO - [2026-04-30T00:21:19.755+0000] {dagbag.py:588} INFO - Filling up the DagBag from /home/ec2-user/environment/asynchronous_ai_inference_system/dags/ml_training_pipeline_v2.py
[2026-04-30T00:21:21.200+0000] {processor.py:925} INFO - DAG(s) 'ml_training_pipeline_v2' retrieved from /home/ec2-user/environment/asynchronous_ai_inference_system/dags/ml_training_pipeline_v2.py
[2026-04-30T00:21:21.213+0000] {logging_mixin.py:190} INFO - [2026-04-30T00:21:21.213+0000] {dag.py:3239} INFO - Sync 1 DAGs
[2026-04-30T00:21:21.222+0000] {logging_mixin.py:190} INFO - [2026-04-30T00:21:21.221+0000] {dag.py:4180} INFO - Setting next_dagrun for ml_training_pipeline_v2 to None, run_after=None
[2026-04-30T00:21:21.239+0000] {processor.py:208} INFO - Processing /home/ec2-user/environment/asynchronous_ai_inference_system/dags/ml_training_pipeline_v2.py took 1.490 seconds
[2026-04-30T00:21:51.548+0000] {processor.py:186} INFO - Started process (PID=12280) to work on /home/ec2-user/environment/asynchronous_ai_inference_system/dags/ml_training_pipeline_v2.py
[2026-04-30T00:21:51.550+0000] {processor.py:914} INFO - Processing file /home/ec2-user/environment/asynchronous_ai_inference_system/dags/ml_training_pipeline_v2.py for tasks to queue
[2026-04-30T00:21:51.551+0000] {logging_mixin.py:190} INFO - [2026-04-30T00:21:51.550+0000] {dagbag.py:588} INFO - Filling up the DagBag from /home/ec2-user/environment/asynchronous_ai_inference_system/dags/ml_training_pipeline_v2.py
[2026-04-30T00:21:53.041+0000] {processor.py:925} INFO - DAG(s) 'ml_training_pipeline_v2' retrieved from /home/ec2-user/environment/asynchronous_ai_inference_system/dags/ml_training_pipeline_v2.py
[2026-04-30T00:21:53.054+0000] {logging_mixin.py:190} INFO - [2026-04-30T00:21:53.054+0000] {dag.py:3239} INFO - Sync 1 DAGs
[2026-04-30T00:21:53.064+0000] {logging_mixin.py:190} INFO - [2026-04-30T00:21:53.064+0000] {dag.py:4180} INFO - Setting next_dagrun for ml_training_pipeline_v2 to None, run_after=None
[2026-04-30T00:21:53.081+0000] {processor.py:208} INFO - Processing /home/ec2-user/environment/asynchronous_ai_inference_system/dags/ml_training_pipeline_v2.py took 1.537 seconds
[2026-04-30T00:24:29.828+0000] {processor.py:186} INFO - Started process (PID=12592) to work on /home/ec2-user/environment/asynchronous_ai_inference_system/dags/ml_training_pipeline_v2.py
[2026-04-30T00:24:29.830+0000] {processor.py:914} INFO - Processing file /home/ec2-user/environment/asynchronous_ai_inference_system/dags/ml_training_pipeline_v2.py for tasks to queue
[2026-04-30T00:24:29.831+0000] {logging_mixin.py:190} INFO - [2026-04-30T00:24:29.830+0000] {dagbag.py:588} INFO - Filling up the DagBag from /home/ec2-user/environment/asynchronous_ai_inference_system/dags/ml_training_pipeline_v2.py
[2026-04-30T00:24:31.257+0000] {processor.py:925} INFO - DAG(s) 'ml_training_pipeline_v2' retrieved from /home/ec2-user/environment/asynchronous_ai_inference_system/dags/ml_training_pipeline_v2.py
[2026-04-30T00:24:31.271+0000] {logging_mixin.py:190} INFO - [2026-04-30T00:24:31.270+0000] {dag.py:3239} INFO - Sync 1 DAGs
[2026-04-30T00:24:31.279+0000] {logging_mixin.py:190} INFO - [2026-04-30T00:24:31.279+0000] {dag.py:4180} INFO - Setting next_dagrun for ml_training_pipeline_v2 to None, run_after=None
[2026-04-30T00:24:31.295+0000] {processor.py:208} INFO - Processing /home/ec2-user/environment/asynchronous_ai_inference_system/dags/ml_training_pipeline_v2.py took 1.471 seconds
[2026-04-30T00:25:01.455+0000] {processor.py:186} INFO - Started process (PID=12616) to work on /home/ec2-user/environment/asynchronous_ai_inference_system/dags/ml_training_pipeline_v2.py
[2026-04-30T00:25:01.457+0000] {processor.py:914} INFO - Processing file /home/ec2-user/environment/asynchronous_ai_inference_system/dags/ml_training_pipeline_v2.py for tasks to queue
[2026-04-30T00:25:01.458+0000] {logging_mixin.py:190} INFO - [2026-04-30T00:25:01.457+0000] {dagbag.py:588} INFO - Filling up the DagBag from /home/ec2-user/environment/asynchronous_ai_inference_system/dags/ml_training_pipeline_v2.py
[2026-04-30T00:25:02.913+0000] {processor.py:925} INFO - DAG(s) 'ml_training_pipeline_v2' retrieved from /home/ec2-user/environment/asynchronous_ai_inference_system/dags/ml_training_pipeline_v2.py
[2026-04-30T00:25:02.927+0000] {logging_mixin.py:190} INFO - [2026-04-30T00:25:02.927+0000] {dag.py:3239} INFO - Sync 1 DAGs
[2026-04-30T00:25:02.935+0000] {logging_mixin.py:190} INFO - [2026-04-30T00:25:02.935+0000] {dag.py:4180} INFO - Setting next_dagrun for ml_training_pipeline_v2 to None, run_after=None
[2026-04-30T00:25:02.952+0000] {processor.py:208} INFO - Processing /home/ec2-user/environment/asynchronous_ai_inference_system/dags/ml_training_pipeline_v2.py took 1.501 seconds
[2026-04-30T00:25:33.373+0000] {processor.py:186} INFO - Started process (PID=12658) to work on /home/ec2-user/environment/asynchronous_ai_inference_system/dags/ml_training_pipeline_v2.py
[2026-04-30T00:25:33.374+0000] {processor.py:914} INFO - Processing file /home/ec2-user/environment/asynchronous_ai_inference_system/dags/ml_training_pipeline_v2.py for tasks to queue
[2026-04-30T00:25:33.374+0000] {logging_mixin.py:190} INFO - [2026-04-30T00:25:33.374+0000] {dagbag.py:588} INFO - Filling up the DagBag from /home/ec2-user/environment/asynchronous_ai_inference_system/dags/ml_training_pipeline_v2.py
[2026-04-30T00:25:34.933+0000] {processor.py:925} INFO - DAG(s) 'ml_training_pipeline_v2' retrieved from /home/ec2-user/environment/asynchronous_ai_inference_system/dags/ml_training_pipeline_v2.py
[2026-04-30T00:25:34.945+0000] {logging_mixin.py:190} INFO - [2026-04-30T00:25:34.945+0000] {dag.py:3239} INFO - Sync 1 DAGs
[2026-04-30T00:25:34.954+0000] {logging_mixin.py:190} INFO - [2026-04-30T00:25:34.954+0000] {dag.py:4180} INFO - Setting next_dagrun for ml_training_pipeline_v2 to None, run_after=None
[2026-04-30T00:25:34.970+0000] {processor.py:208} INFO - Processing /home/ec2-user/environment/asynchronous_ai_inference_system/dags/ml_training_pipeline_v2.py took 1.602 seconds
[2026-04-30T00:26:05.804+0000] {processor.py:186} INFO - Started process (PID=12718) to work on /home/ec2-user/environment/asynchronous_ai_inference_system/dags/ml_training_pipeline_v2.py
[2026-04-30T00:26:05.805+0000] {processor.py:914} INFO - Processing file /home/ec2-user/environment/asynchronous_ai_inference_system/dags/ml_training_pipeline_v2.py for tasks to queue
[2026-04-30T00:26:05.806+0000] {logging_mixin.py:190} INFO - [2026-04-30T00:26:05.806+0000] {dagbag.py:588} INFO - Filling up the DagBag from /home/ec2-user/environment/asynchronous_ai_inference_system/dags/ml_training_pipeline_v2.py
[2026-04-30T00:26:07.229+0000] {processor.py:925} INFO - DAG(s) 'ml_training_pipeline_v2' retrieved from /home/ec2-user/environment/asynchronous_ai_inference_system/dags/ml_training_pipeline_v2.py
[2026-04-30T00:26:07.242+0000] {logging_mixin.py:190} INFO - [2026-04-30T00:26:07.242+0000] {dag.py:3239} INFO - Sync 1 DAGs
[2026-04-30T00:26:07.250+0000] {logging_mixin.py:190} INFO - [2026-04-30T00:26:07.250+0000] {dag.py:4180} INFO - Setting next_dagrun for ml_training_pipeline_v2 to None, run_after=None
[2026-04-30T00:26:07.266+0000] {processor.py:208} INFO - Processing /home/ec2-user/environment/asynchronous_ai_inference_system/dags/ml_training_pipeline_v2.py took 1.467 seconds
[2026-04-30T00:26:37.986+0000] {processor.py:186} INFO - Started process (PID=12796) to work on /home/ec2-user/environment/asynchronous_ai_inference_system/dags/ml_training_pipeline_v2.py
[2026-04-30T00:26:37.987+0000] {processor.py:914} INFO - Processing file /home/ec2-user/environment/asynchronous_ai_inference_system/dags/ml_training_pipeline_v2.py for tasks to queue
[2026-04-30T00:26:37.988+0000] {logging_mixin.py:190} INFO - [2026-04-30T00:26:37.988+0000] {dagbag.py:588} INFO - Filling up the DagBag from /home/ec2-user/environment/asynchronous_ai_inference_system/dags/ml_training_pipeline_v2.py
[2026-04-30T00:26:39.442+0000] {processor.py:925} INFO - DAG(s) 'ml_training_pipeline_v2' retrieved from /home/ec2-user/environment/asynchronous_ai_inference_system/dags/ml_training_pipeline_v2.py
[2026-04-30T00:26:39.455+0000] {logging_mixin.py:190} INFO - [2026-04-30T00:26:39.455+0000] {dag.py:3239} INFO - Sync 1 DAGs
[2026-04-30T00:26:39.463+0000] {logging_mixin.py:190} INFO - [2026-04-30T00:26:39.463+0000] {dag.py:4180} INFO - Setting next_dagrun for ml_training_pipeline_v2 to None, run_after=None
[2026-04-30T00:26:39.482+0000] {processor.py:208} INFO - Processing /home/ec2-user/environment/asynchronous_ai_inference_system/dags/ml_training_pipeline_v2.py took 1.501 seconds
[2026-04-30T00:27:10.614+0000] {processor.py:186} INFO - Started process (PID=12837) to work on /home/ec2-user/environment/asynchronous_ai_inference_system/dags/ml_training_pipeline_v2.py
[2026-04-30T00:27:10.614+0000] {processor.py:914} INFO - Processing file /home/ec2-user/environment/asynchronous_ai_inference_system/dags/ml_training_pipeline_v2.py for tasks to queue
[2026-04-30T00:27:10.615+0000] {logging_mixin.py:190} INFO - [2026-04-30T00:27:10.615+0000] {dagbag.py:588} INFO - Filling up the DagBag from /home/ec2-user/environment/asynchronous_ai_inference_system/dags/ml_training_pipeline_v2.py
[2026-04-30T00:27:12.080+0000] {processor.py:925} INFO - DAG(s) 'ml_training_pipeline_v2' retrieved from /home/ec2-user/environment/asynchronous_ai_inference_system/dags/ml_training_pipeline_v2.py
[2026-04-30T00:27:12.094+0000] {logging_mixin.py:190} INFO - [2026-04-30T00:27:12.093+0000] {dag.py:3239} INFO - Sync 1 DAGs
[2026-04-30T00:27:12.103+0000] {logging_mixin.py:190} INFO - [2026-04-30T00:27:12.103+0000] {dag.py:4180} INFO - Setting next_dagrun for ml_training_pipeline_v2 to None, run_after=None
[2026-04-30T00:27:12.123+0000] {processor.py:208} INFO - Processing /home/ec2-user/environment/asynchronous_ai_inference_system/dags/ml_training_pipeline_v2.py took 1.514 seconds
[2026-04-30T00:27:43.244+0000] {processor.py:186} INFO - Started process (PID=12862) to work on /home/ec2-user/environment/asynchronous_ai_inference_system/dags/ml_training_pipeline_v2.py
[2026-04-30T00:27:43.245+0000] {processor.py:914} INFO - Processing file /home/ec2-user/environment/asynchronous_ai_inference_system/dags/ml_training_pipeline_v2.py for tasks to queue
[2026-04-30T00:27:43.246+0000] {logging_mixin.py:190} INFO - [2026-04-30T00:27:43.245+0000] {dagbag.py:588} INFO - Filling up the DagBag from /home/ec2-user/environment/asynchronous_ai_inference_system/dags/ml_training_pipeline_v2.py
[2026-04-30T00:27:44.728+0000] {processor.py:925} INFO - DAG(s) 'ml_training_pipeline_v2' retrieved from /home/ec2-user/environment/asynchronous_ai_inference_system/dags/ml_training_pipeline_v2.py
[2026-04-30T00:27:44.741+0000] {logging_mixin.py:190} INFO - [2026-04-30T00:27:44.740+0000] {dag.py:3239} INFO - Sync 1 DAGs
[2026-04-30T00:27:44.751+0000] {logging_mixin.py:190} INFO - [2026-04-30T00:27:44.751+0000] {dag.py:4180} INFO - Setting next_dagrun for ml_training_pipeline_v2 to None, run_after=None
[2026-04-30T00:27:44.768+0000] {processor.py:208} INFO - Processing /home/ec2-user/environment/asynchronous_ai_inference_system/dags/ml_training_pipeline_v2.py took 1.529 seconds
[2026-04-30T00:28:15.762+0000] {processor.py:186} INFO - Started process (PID=13045) to work on /home/ec2-user/environment/asynchronous_ai_inference_system/dags/ml_training_pipeline_v2.py
[2026-04-30T00:28:15.763+0000] {processor.py:914} INFO - Processing file /home/ec2-user/environment/asynchronous_ai_inference_system/dags/ml_training_pipeline_v2.py for tasks to queue
[2026-04-30T00:28:15.764+0000] {logging_mixin.py:190} INFO - [2026-04-30T00:28:15.764+0000] {dagbag.py:588} INFO - Filling up the DagBag from /home/ec2-user/environment/asynchronous_ai_inference_system/dags/ml_training_pipeline_v2.py
[2026-04-30T00:28:17.188+0000] {processor.py:925} INFO - DAG(s) 'ml_training_pipeline_v2' retrieved from /home/ec2-user/environment/asynchronous_ai_inference_system/dags/ml_training_pipeline_v2.py
[2026-04-30T00:28:17.202+0000] {logging_mixin.py:190} INFO - [2026-04-30T00:28:17.202+0000] {dag.py:3239} INFO - Sync 1 DAGs
[2026-04-30T00:28:17.211+0000] {logging_mixin.py:190} INFO - [2026-04-30T00:28:17.211+0000] {dag.py:4180} INFO - Setting next_dagrun for ml_training_pipeline_v2 to None, run_after=None
[2026-04-30T00:28:17.228+0000] {processor.py:208} INFO - Processing /home/ec2-user/environment/asynchronous_ai_inference_system/dags/ml_training_pipeline_v2.py took 1.470 seconds
[2026-04-30T00:28:47.514+0000] {processor.py:186} INFO - Started process (PID=13071) to work on /home/ec2-user/environment/asynchronous_ai_inference_system/dags/ml_training_pipeline_v2.py
[2026-04-30T00:28:47.514+0000] {processor.py:914} INFO - Processing file /home/ec2-user/environment/asynchronous_ai_inference_system/dags/ml_training_pipeline_v2.py for tasks to queue
[2026-04-30T00:28:47.515+0000] {logging_mixin.py:190} INFO - [2026-04-30T00:28:47.515+0000] {dagbag.py:588} INFO - Filling up the DagBag from /home/ec2-user/environment/asynchronous_ai_inference_system/dags/ml_training_pipeline_v2.py
[2026-04-30T00:28:48.975+0000] {processor.py:925} INFO - DAG(s) 'ml_training_pipeline_v2' retrieved from /home/ec2-user/environment/asynchronous_ai_inference_system/dags/ml_training_pipeline_v2.py
[2026-04-30T00:28:48.989+0000] {logging_mixin.py:190} INFO - [2026-04-30T00:28:48.989+0000] {dag.py:3239} INFO - Sync 1 DAGs
[2026-04-30T00:28:48.998+0000] {logging_mixin.py:190} INFO - [2026-04-30T00:28:48.997+0000] {dag.py:4180} INFO - Setting next_dagrun for ml_training_pipeline_v2 to None, run_after=None
[2026-04-30T00:28:49.014+0000] {processor.py:208} INFO - Processing /home/ec2-user/environment/asynchronous_ai_inference_system/dags/ml_training_pipeline_v2.py took 1.505 seconds
[2026-04-30T00:29:19.259+0000] {processor.py:186} INFO - Started process (PID=13157) to work on /home/ec2-user/environment/asynchronous_ai_inference_system/dags/ml_training_pipeline_v2.py
[2026-04-30T00:29:19.260+0000] {processor.py:914} INFO - Processing file /home/ec2-user/environment/asynchronous_ai_inference_system/dags/ml_training_pipeline_v2.py for tasks to queue
[2026-04-30T00:29:19.261+0000] {logging_mixin.py:190} INFO - [2026-04-30T00:29:19.261+0000] {dagbag.py:588} INFO - Filling up the DagBag from /home/ec2-user/environment/asynchronous_ai_inference_system/dags/ml_training_pipeline_v2.py
[2026-04-30T00:29:20.734+0000] {processor.py:925} INFO - DAG(s) 'ml_training_pipeline_v2' retrieved from /home/ec2-user/environment/asynchronous_ai_inference_system/dags/ml_training_pipeline_v2.py
[2026-04-30T00:29:20.747+0000] {logging_mixin.py:190} INFO - [2026-04-30T00:29:20.747+0000] {dag.py:3239} INFO - Sync 1 DAGs
[2026-04-30T00:29:20.755+0000] {logging_mixin.py:190} INFO - [2026-04-30T00:29:20.755+0000] {dag.py:4180} INFO - Setting next_dagrun for ml_training_pipeline_v2 to None, run_after=None
[2026-04-30T00:29:20.772+0000] {processor.py:208} INFO - Processing /home/ec2-user/environment/asynchronous_ai_inference_system/dags/ml_training_pipeline_v2.py took 1.518 seconds
[2026-04-30T00:29:50.936+0000] {processor.py:186} INFO - Started process (PID=13243) to work on /home/ec2-user/environment/asynchronous_ai_inference_system/dags/ml_training_pipeline_v2.py
[2026-04-30T00:29:50.937+0000] {processor.py:914} INFO - Processing file /home/ec2-user/environment/asynchronous_ai_inference_system/dags/ml_training_pipeline_v2.py for tasks to queue
[2026-04-30T00:29:50.938+0000] {logging_mixin.py:190} INFO - [2026-04-30T00:29:50.938+0000] {dagbag.py:588} INFO - Filling up the DagBag from /home/ec2-user/environment/asynchronous_ai_inference_system/dags/ml_training_pipeline_v2.py
[2026-04-30T00:29:52.407+0000] {processor.py:925} INFO - DAG(s) 'ml_training_pipeline_v2' retrieved from /home/ec2-user/environment/asynchronous_ai_inference_system/dags/ml_training_pipeline_v2.py
[2026-04-30T00:29:52.420+0000] {logging_mixin.py:190} INFO - [2026-04-30T00:29:52.420+0000] {dag.py:3239} INFO - Sync 1 DAGs
[2026-04-30T00:29:52.429+0000] {logging_mixin.py:190} INFO - [2026-04-30T00:29:52.429+0000] {dag.py:4180} INFO - Setting next_dagrun for ml_training_pipeline_v2 to None, run_after=None
[2026-04-30T00:29:52.446+0000] {processor.py:208} INFO - Processing /home/ec2-user/environment/asynchronous_ai_inference_system/dags/ml_training_pipeline_v2.py took 1.515 seconds
[2026-04-30T00:30:22.609+0000] {processor.py:186} INFO - Started process (PID=13278) to work on /home/ec2-user/environment/asynchronous_ai_inference_system/dags/ml_training_pipeline_v2.py
[2026-04-30T00:30:22.610+0000] {processor.py:914} INFO - Processing file /home/ec2-user/environment/asynchronous_ai_inference_system/dags/ml_training_pipeline_v2.py for tasks to queue
[2026-04-30T00:30:22.610+0000] {logging_mixin.py:190} INFO - [2026-04-30T00:30:22.610+0000] {dagbag.py:588} INFO - Filling up the DagBag from /home/ec2-user/environment/asynchronous_ai_inference_system/dags/ml_training_pipeline_v2.py
[2026-04-30T00:30:24.033+0000] {processor.py:925} INFO - DAG(s) 'ml_training_pipeline_v2' retrieved from /home/ec2-user/environment/asynchronous_ai_inference_system/dags/ml_training_pipeline_v2.py
[2026-04-30T00:30:24.046+0000] {logging_mixin.py:190} INFO - [2026-04-30T00:30:24.046+0000] {dag.py:3239} INFO - Sync 1 DAGs
[2026-04-30T00:30:24.055+0000] {logging_mixin.py:190} INFO - [2026-04-30T00:30:24.055+0000] {dag.py:4180} INFO - Setting next_dagrun for ml_training_pipeline_v2 to None, run_after=None
[2026-04-30T00:30:24.073+0000] {processor.py:208} INFO - Processing /home/ec2-user/environment/asynchronous_ai_inference_system/dags/ml_training_pipeline_v2.py took 1.469 seconds
[2026-04-30T00:30:54.181+0000] {processor.py:186} INFO - Started process (PID=13373) to work on /home/ec2-user/environment/asynchronous_ai_inference_system/dags/ml_training_pipeline_v2.py
[2026-04-30T00:30:54.182+0000] {processor.py:914} INFO - Processing file /home/ec2-user/environment/asynchronous_ai_inference_system/dags/ml_training_pipeline_v2.py for tasks to queue
[2026-04-30T00:30:54.183+0000] {logging_mixin.py:190} INFO - [2026-04-30T00:30:54.183+0000] {dagbag.py:588} INFO - Filling up the DagBag from /home/ec2-user/environment/asynchronous_ai_inference_system/dags/ml_training_pipeline_v2.py
[2026-04-30T00:30:55.598+0000] {processor.py:925} INFO - DAG(s) 'ml_training_pipeline_v2' retrieved from /home/ec2-user/environment/asynchronous_ai_inference_system/dags/ml_training_pipeline_v2.py
[2026-04-30T00:30:55.611+0000] {logging_mixin.py:190} INFO - [2026-04-30T00:30:55.611+0000] {dag.py:3239} INFO - Sync 1 DAGs
[2026-04-30T00:30:55.621+0000] {logging_mixin.py:190} INFO - [2026-04-30T00:30:55.621+0000] {dag.py:4180} INFO - Setting next_dagrun for ml_training_pipeline_v2 to None, run_after=None
[2026-04-30T00:30:55.638+0000] {processor.py:208} INFO - Processing /home/ec2-user/environment/asynchronous_ai_inference_system/dags/ml_training_pipeline_v2.py took 1.461 seconds
[2026-04-30T00:31:25.762+0000] {processor.py:186} INFO - Started process (PID=13408) to work on /home/ec2-user/environment/asynchronous_ai_inference_system/dags/ml_training_pipeline_v2.py
[2026-04-30T00:31:25.763+0000] {processor.py:914} INFO - Processing file /home/ec2-user/environment/asynchronous_ai_inference_system/dags/ml_training_pipeline_v2.py for tasks to queue
[2026-04-30T00:31:25.764+0000] {logging_mixin.py:190} INFO - [2026-04-30T00:31:25.764+0000] {dagbag.py:588} INFO - Filling up the DagBag from /home/ec2-user/environment/asynchronous_ai_inference_system/dags/ml_training_pipeline_v2.py
[2026-04-30T00:31:27.154+0000] {processor.py:925} INFO - DAG(s) 'ml_training_pipeline_v2' retrieved from /home/ec2-user/environment/asynchronous_ai_inference_system/dags/ml_training_pipeline_v2.py
[2026-04-30T00:31:27.169+0000] {logging_mixin.py:190} INFO - [2026-04-30T00:31:27.168+0000] {dag.py:3239} INFO - Sync 1 DAGs
[2026-04-30T00:31:27.177+0000] {logging_mixin.py:190} INFO - [2026-04-30T00:31:27.177+0000] {dag.py:4180} INFO - Setting next_dagrun for ml_training_pipeline_v2 to None, run_after=None
[2026-04-30T00:31:27.195+0000] {processor.py:208} INFO - Processing /home/ec2-user/environment/asynchronous_ai_inference_system/dags/ml_training_pipeline_v2.py took 1.438 seconds
[2026-04-30T00:31:57.336+0000] {processor.py:186} INFO - Started process (PID=13432) to work on /home/ec2-user/environment/asynchronous_ai_inference_system/dags/ml_training_pipeline_v2.py
[2026-04-30T00:31:57.337+0000] {processor.py:914} INFO - Processing file /home/ec2-user/environment/asynchronous_ai_inference_system/dags/ml_training_pipeline_v2.py for tasks to queue
[2026-04-30T00:31:57.338+0000] {logging_mixin.py:190} INFO - [2026-04-30T00:31:57.338+0000] {dagbag.py:588} INFO - Filling up the DagBag from /home/ec2-user/environment/asynchronous_ai_inference_system/dags/ml_training_pipeline_v2.py
[2026-04-30T00:31:58.733+0000] {processor.py:925} INFO - DAG(s) 'ml_training_pipeline_v2' retrieved from /home/ec2-user/environment/asynchronous_ai_inference_system/dags/ml_training_pipeline_v2.py
[2026-04-30T00:31:58.748+0000] {logging_mixin.py:190} INFO - [2026-04-30T00:31:58.747+0000] {dag.py:3239} INFO - Sync 1 DAGs
[2026-04-30T00:31:58.756+0000] {logging_mixin.py:190} INFO - [2026-04-30T00:31:58.756+0000] {dag.py:4180} INFO - Setting next_dagrun for ml_training_pipeline_v2 to None, run_after=None
[2026-04-30T00:31:58.774+0000] {processor.py:208} INFO - Processing /home/ec2-user/environment/asynchronous_ai_inference_system/dags/ml_training_pipeline_v2.py took 1.443 seconds
[2026-04-30T00:32:28.917+0000] {processor.py:186} INFO - Started process (PID=13527) to work on /home/ec2-user/environment/asynchronous_ai_inference_system/dags/ml_training_pipeline_v2.py
[2026-04-30T00:32:28.918+0000] {processor.py:914} INFO - Processing file /home/ec2-user/environment/asynchronous_ai_inference_system/dags/ml_training_pipeline_v2.py for tasks to queue
[2026-04-30T00:32:28.920+0000] {logging_mixin.py:190} INFO - [2026-04-30T00:32:28.919+0000] {dagbag.py:588} INFO - Filling up the DagBag from /home/ec2-user/environment/asynchronous_ai_inference_system/dags/ml_training_pipeline_v2.py
[2026-04-30T00:32:30.730+0000] {processor.py:925} INFO - DAG(s) 'ml_training_pipeline_v2' retrieved from /home/ec2-user/environment/asynchronous_ai_inference_system/dags/ml_training_pipeline_v2.py
[2026-04-30T00:32:30.743+0000] {logging_mixin.py:190} INFO - [2026-04-30T00:32:30.742+0000] {dag.py:3239} INFO - Sync 1 DAGs
[2026-04-30T00:32:30.751+0000] {logging_mixin.py:190} INFO - [2026-04-30T00:32:30.751+0000] {dag.py:4180} INFO - Setting next_dagrun for ml_training_pipeline_v2 to None, run_after=None
[2026-04-30T00:32:30.768+0000] {processor.py:208} INFO - Processing /home/ec2-user/environment/asynchronous_ai_inference_system/dags/ml_training_pipeline_v2.py took 1.858 seconds
[2026-04-30T00:33:00.897+0000] {processor.py:186} INFO - Started process (PID=13600) to work on /home/ec2-user/environment/asynchronous_ai_inference_system/dags/ml_training_pipeline_v2.py
[2026-04-30T00:33:00.898+0000] {processor.py:914} INFO - Processing file /home/ec2-user/environment/asynchronous_ai_inference_system/dags/ml_training_pipeline_v2.py for tasks to queue
[2026-04-30T00:33:00.899+0000] {logging_mixin.py:190} INFO - [2026-04-30T00:33:00.899+0000] {dagbag.py:588} INFO - Filling up the DagBag from /home/ec2-user/environment/asynchronous_ai_inference_system/dags/ml_training_pipeline_v2.py
[2026-04-30T00:33:02.281+0000] {processor.py:925} INFO - DAG(s) 'ml_training_pipeline_v2' retrieved from /home/ec2-user/environment/asynchronous_ai_inference_system/dags/ml_training_pipeline_v2.py
[2026-04-30T00:33:02.294+0000] {logging_mixin.py:190} INFO - [2026-04-30T00:33:02.293+0000] {dag.py:3239} INFO - Sync 1 DAGs
[2026-04-30T00:33:02.302+0000] {logging_mixin.py:190} INFO - [2026-04-30T00:33:02.302+0000] {dag.py:4180} INFO - Setting next_dagrun for ml_training_pipeline_v2 to None, run_after=None
[2026-04-30T00:33:02.318+0000] {processor.py:208} INFO - Processing /home/ec2-user/environment/asynchronous_ai_inference_system/dags/ml_training_pipeline_v2.py took 1.426 seconds
[2026-04-30T00:33:32.472+0000] {processor.py:186} INFO - Started process (PID=13694) to work on /home/ec2-user/environment/asynchronous_ai_inference_system/dags/ml_training_pipeline_v2.py
[2026-04-30T00:33:32.473+0000] {processor.py:914} INFO - Processing file /home/ec2-user/environment/asynchronous_ai_inference_system/dags/ml_training_pipeline_v2.py for tasks to queue
[2026-04-30T00:33:32.474+0000] {logging_mixin.py:190} INFO - [2026-04-30T00:33:32.474+0000] {dagbag.py:588} INFO - Filling up the DagBag from /home/ec2-user/environment/asynchronous_ai_inference_system/dags/ml_training_pipeline_v2.py
[2026-04-30T00:33:33.834+0000] {processor.py:925} INFO - DAG(s) 'ml_training_pipeline_v2' retrieved from /home/ec2-user/environment/asynchronous_ai_inference_system/dags/ml_training_pipeline_v2.py
[2026-04-30T00:33:33.847+0000] {logging_mixin.py:190} INFO - [2026-04-30T00:33:33.846+0000] {dag.py:3239} INFO - Sync 1 DAGs
[2026-04-30T00:33:33.855+0000] {logging_mixin.py:190} INFO - [2026-04-30T00:33:33.855+0000] {dag.py:4180} INFO - Setting next_dagrun for ml_training_pipeline_v2 to None, run_after=None
[2026-04-30T00:33:33.873+0000] {processor.py:208} INFO - Processing /home/ec2-user/environment/asynchronous_ai_inference_system/dags/ml_training_pipeline_v2.py took 1.406 seconds
[2026-04-30T00:34:04.044+0000] {processor.py:186} INFO - Started process (PID=13730) to work on /home/ec2-user/environment/asynchronous_ai_inference_system/dags/ml_training_pipeline_v2.py
[2026-04-30T00:34:04.045+0000] {processor.py:914} INFO - Processing file /home/ec2-user/environment/asynchronous_ai_inference_system/dags/ml_training_pipeline_v2.py for tasks to queue
[2026-04-30T00:34:04.046+0000] {logging_mixin.py:190} INFO - [2026-04-30T00:34:04.046+0000] {dagbag.py:588} INFO - Filling up the DagBag from /home/ec2-user/environment/asynchronous_ai_inference_system/dags/ml_training_pipeline_v2.py
[2026-04-30T00:34:05.387+0000] {processor.py:925} INFO - DAG(s) 'ml_training_pipeline_v2' retrieved from /home/ec2-user/environment/asynchronous_ai_inference_system/dags/ml_training_pipeline_v2.py
[2026-04-30T00:34:05.399+0000] {logging_mixin.py:190} INFO - [2026-04-30T00:34:05.399+0000] {dag.py:3239} INFO - Sync 1 DAGs
[2026-04-30T00:34:05.409+0000] {logging_mixin.py:190} INFO - [2026-04-30T00:34:05.408+0000] {dag.py:4180} INFO - Setting next_dagrun for ml_training_pipeline_v2 to None, run_after=None
[2026-04-30T00:34:05.425+0000] {processor.py:208} INFO - Processing /home/ec2-user/environment/asynchronous_ai_inference_system/dags/ml_training_pipeline_v2.py took 1.385 seconds
[2026-04-30T00:34:35.517+0000] {processor.py:186} INFO - Started process (PID=13761) to work on /home/ec2-user/environment/asynchronous_ai_inference_system/dags/ml_training_pipeline_v2.py
[2026-04-30T00:34:35.518+0000] {processor.py:914} INFO - Processing file /home/ec2-user/environment/asynchronous_ai_inference_system/dags/ml_training_pipeline_v2.py for tasks to queue
[2026-04-30T00:34:35.519+0000] {logging_mixin.py:190} INFO - [2026-04-30T00:34:35.519+0000] {dagbag.py:588} INFO - Filling up the DagBag from /home/ec2-user/environment/asynchronous_ai_inference_system/dags/ml_training_pipeline_v2.py
[2026-04-30T00:34:36.878+0000] {processor.py:925} INFO - DAG(s) 'ml_training_pipeline_v2' retrieved from /home/ec2-user/environment/asynchronous_ai_inference_system/dags/ml_training_pipeline_v2.py
[2026-04-30T00:34:36.892+0000] {logging_mixin.py:190} INFO - [2026-04-30T00:34:36.891+0000] {dag.py:3239} INFO - Sync 1 DAGs
[2026-04-30T00:34:36.900+0000] {logging_mixin.py:190} INFO - [2026-04-30T00:34:36.900+0000] {dag.py:4180} INFO - Setting next_dagrun for ml_training_pipeline_v2 to None, run_after=None
[2026-04-30T00:34:36.917+0000] {processor.py:208} INFO - Processing /home/ec2-user/environment/asynchronous_ai_inference_system/dags/ml_training_pipeline_v2.py took 1.405 seconds
