[2026-04-30T00:12:26.044+0000] {processor.py:186} INFO - Started process (PID=11288) to work on /home/ec2-user/environment/asynchronous_ai_inference_system/dags/train_model_dag.py
[2026-04-30T00:12:26.045+0000] {processor.py:914} INFO - Processing file /home/ec2-user/environment/asynchronous_ai_inference_system/dags/train_model_dag.py for tasks to queue
[2026-04-30T00:12:26.045+0000] {logging_mixin.py:190} INFO - [2026-04-30T00:12:26.045+0000] {dagbag.py:588} INFO - Filling up the DagBag from /home/ec2-user/environment/asynchronous_ai_inference_system/dags/train_model_dag.py
[2026-04-30T00:12:27.479+0000] {processor.py:925} INFO - DAG(s) 'train_model_only' retrieved from /home/ec2-user/environment/asynchronous_ai_inference_system/dags/train_model_dag.py
[2026-04-30T00:12:27.564+0000] {logging_mixin.py:190} INFO - [2026-04-30T00:12:27.563+0000] {override.py:1930} INFO - Created Permission View: can delete on DAG:train_model_only
[2026-04-30T00:12:27.576+0000] {logging_mixin.py:190} INFO - [2026-04-30T00:12:27.575+0000] {override.py:1930} INFO - Created Permission View: can read on DAG:train_model_only
[2026-04-30T00:12:27.585+0000] {logging_mixin.py:190} INFO - [2026-04-30T00:12:27.584+0000] {override.py:1930} INFO - Created Permission View: can edit on DAG:train_model_only
[2026-04-30T00:12:27.599+0000] {logging_mixin.py:190} INFO - [2026-04-30T00:12:27.598+0000] {override.py:1930} INFO - Created Permission View: can delete on DAG Run:train_model_only
[2026-04-30T00:12:27.607+0000] {logging_mixin.py:190} INFO - [2026-04-30T00:12:27.607+0000] {override.py:1930} INFO - Created Permission View: can read on DAG Run:train_model_only
[2026-04-30T00:12:27.616+0000] {logging_mixin.py:190} INFO - [2026-04-30T00:12:27.615+0000] {override.py:1930} INFO - Created Permission View: menu access on DAG Run:train_model_only
[2026-04-30T00:12:27.625+0000] {logging_mixin.py:190} INFO - [2026-04-30T00:12:27.624+0000] {override.py:1930} INFO - Created Permission View: can create on DAG Run:train_model_only
[2026-04-30T00:12:27.625+0000] {logging_mixin.py:190} INFO - [2026-04-30T00:12:27.625+0000] {dag.py:3239} INFO - Sync 1 DAGs
[2026-04-30T00:12:27.635+0000] {logging_mixin.py:190} INFO - [2026-04-30T00:12:27.634+0000] {dag.py:3262} INFO - Creating ORM DAG for train_model_only
[2026-04-30T00:12:27.635+0000] {logging_mixin.py:190} INFO - [2026-04-30T00:12:27.635+0000] {dag.py:4180} INFO - Setting next_dagrun for train_model_only to None, run_after=None
[2026-04-30T00:12:27.651+0000] {processor.py:208} INFO - Processing /home/ec2-user/environment/asynchronous_ai_inference_system/dags/train_model_dag.py took 1.612 seconds
[2026-04-30T00:12:57.894+0000] {processor.py:186} INFO - Started process (PID=11361) to work on /home/ec2-user/environment/asynchronous_ai_inference_system/dags/train_model_dag.py
[2026-04-30T00:12:57.895+0000] {processor.py:914} INFO - Processing file /home/ec2-user/environment/asynchronous_ai_inference_system/dags/train_model_dag.py for tasks to queue
[2026-04-30T00:12:57.896+0000] {logging_mixin.py:190} INFO - [2026-04-30T00:12:57.896+0000] {dagbag.py:588} INFO - Filling up the DagBag from /home/ec2-user/environment/asynchronous_ai_inference_system/dags/train_model_dag.py
[2026-04-30T00:12:59.264+0000] {processor.py:925} INFO - DAG(s) 'train_model_only' retrieved from /home/ec2-user/environment/asynchronous_ai_inference_system/dags/train_model_dag.py
[2026-04-30T00:12:59.276+0000] {logging_mixin.py:190} INFO - [2026-04-30T00:12:59.275+0000] {dag.py:3239} INFO - Sync 1 DAGs
[2026-04-30T00:12:59.284+0000] {logging_mixin.py:190} INFO - [2026-04-30T00:12:59.284+0000] {dag.py:4180} INFO - Setting next_dagrun for train_model_only to None, run_after=None
[2026-04-30T00:12:59.302+0000] {processor.py:208} INFO - Processing /home/ec2-user/environment/asynchronous_ai_inference_system/dags/train_model_dag.py took 1.412 seconds
[2026-04-30T00:13:29.827+0000] {processor.py:186} INFO - Started process (PID=11449) to work on /home/ec2-user/environment/asynchronous_ai_inference_system/dags/train_model_dag.py
[2026-04-30T00:13:29.828+0000] {processor.py:914} INFO - Processing file /home/ec2-user/environment/asynchronous_ai_inference_system/dags/train_model_dag.py for tasks to queue
[2026-04-30T00:13:29.829+0000] {logging_mixin.py:190} INFO - [2026-04-30T00:13:29.828+0000] {dagbag.py:588} INFO - Filling up the DagBag from /home/ec2-user/environment/asynchronous_ai_inference_system/dags/train_model_dag.py
[2026-04-30T00:13:31.251+0000] {processor.py:925} INFO - DAG(s) 'train_model_only' retrieved from /home/ec2-user/environment/asynchronous_ai_inference_system/dags/train_model_dag.py
[2026-04-30T00:13:31.263+0000] {logging_mixin.py:190} INFO - [2026-04-30T00:13:31.263+0000] {dag.py:3239} INFO - Sync 1 DAGs
[2026-04-30T00:13:31.272+0000] {logging_mixin.py:190} INFO - [2026-04-30T00:13:31.272+0000] {dag.py:4180} INFO - Setting next_dagrun for train_model_only to None, run_after=None
[2026-04-30T00:13:31.289+0000] {processor.py:208} INFO - Processing /home/ec2-user/environment/asynchronous_ai_inference_system/dags/train_model_dag.py took 1.467 seconds
[2026-04-30T00:14:01.422+0000] {processor.py:186} INFO - Started process (PID=11484) to work on /home/ec2-user/environment/asynchronous_ai_inference_system/dags/train_model_dag.py
[2026-04-30T00:14:01.423+0000] {processor.py:914} INFO - Processing file /home/ec2-user/environment/asynchronous_ai_inference_system/dags/train_model_dag.py for tasks to queue
[2026-04-30T00:14:01.424+0000] {logging_mixin.py:190} INFO - [2026-04-30T00:14:01.423+0000] {dagbag.py:588} INFO - Filling up the DagBag from /home/ec2-user/environment/asynchronous_ai_inference_system/dags/train_model_dag.py
[2026-04-30T00:14:02.786+0000] {processor.py:925} INFO - DAG(s) 'train_model_only' retrieved from /home/ec2-user/environment/asynchronous_ai_inference_system/dags/train_model_dag.py
[2026-04-30T00:14:02.798+0000] {logging_mixin.py:190} INFO - [2026-04-30T00:14:02.798+0000] {dag.py:3239} INFO - Sync 1 DAGs
[2026-04-30T00:14:02.806+0000] {logging_mixin.py:190} INFO - [2026-04-30T00:14:02.806+0000] {dag.py:4180} INFO - Setting next_dagrun for train_model_only to None, run_after=None
[2026-04-30T00:14:02.824+0000] {processor.py:208} INFO - Processing /home/ec2-user/environment/asynchronous_ai_inference_system/dags/train_model_dag.py took 1.407 seconds
[2026-04-30T00:14:33.731+0000] {processor.py:186} INFO - Started process (PID=11556) to work on /home/ec2-user/environment/asynchronous_ai_inference_system/dags/train_model_dag.py
[2026-04-30T00:14:33.732+0000] {processor.py:914} INFO - Processing file /home/ec2-user/environment/asynchronous_ai_inference_system/dags/train_model_dag.py for tasks to queue
[2026-04-30T00:14:33.733+0000] {logging_mixin.py:190} INFO - [2026-04-30T00:14:33.733+0000] {dagbag.py:588} INFO - Filling up the DagBag from /home/ec2-user/environment/asynchronous_ai_inference_system/dags/train_model_dag.py
[2026-04-30T00:14:35.139+0000] {processor.py:925} INFO - DAG(s) 'train_model_only' retrieved from /home/ec2-user/environment/asynchronous_ai_inference_system/dags/train_model_dag.py
[2026-04-30T00:14:35.151+0000] {logging_mixin.py:190} INFO - [2026-04-30T00:14:35.151+0000] {dag.py:3239} INFO - Sync 1 DAGs
[2026-04-30T00:14:35.161+0000] {logging_mixin.py:190} INFO - [2026-04-30T00:14:35.160+0000] {dag.py:4180} INFO - Setting next_dagrun for train_model_only to None, run_after=None
[2026-04-30T00:14:35.177+0000] {processor.py:208} INFO - Processing /home/ec2-user/environment/asynchronous_ai_inference_system/dags/train_model_dag.py took 1.451 seconds
[2026-04-30T00:15:06.042+0000] {processor.py:186} INFO - Started process (PID=11591) to work on /home/ec2-user/environment/asynchronous_ai_inference_system/dags/train_model_dag.py
[2026-04-30T00:15:06.043+0000] {processor.py:914} INFO - Processing file /home/ec2-user/environment/asynchronous_ai_inference_system/dags/train_model_dag.py for tasks to queue
[2026-04-30T00:15:06.044+0000] {logging_mixin.py:190} INFO - [2026-04-30T00:15:06.043+0000] {dagbag.py:588} INFO - Filling up the DagBag from /home/ec2-user/environment/asynchronous_ai_inference_system/dags/train_model_dag.py
[2026-04-30T00:15:07.423+0000] {processor.py:925} INFO - DAG(s) 'train_model_only' retrieved from /home/ec2-user/environment/asynchronous_ai_inference_system/dags/train_model_dag.py
[2026-04-30T00:15:07.434+0000] {logging_mixin.py:190} INFO - [2026-04-30T00:15:07.434+0000] {dag.py:3239} INFO - Sync 1 DAGs
[2026-04-30T00:15:07.444+0000] {logging_mixin.py:190} INFO - [2026-04-30T00:15:07.444+0000] {dag.py:4180} INFO - Setting next_dagrun for train_model_only to None, run_after=None
[2026-04-30T00:15:07.461+0000] {processor.py:208} INFO - Processing /home/ec2-user/environment/asynchronous_ai_inference_system/dags/train_model_dag.py took 1.424 seconds
[2026-04-30T00:15:38.229+0000] {processor.py:186} INFO - Started process (PID=11623) to work on /home/ec2-user/environment/asynchronous_ai_inference_system/dags/train_model_dag.py
[2026-04-30T00:15:38.231+0000] {processor.py:914} INFO - Processing file /home/ec2-user/environment/asynchronous_ai_inference_system/dags/train_model_dag.py for tasks to queue
[2026-04-30T00:15:38.231+0000] {logging_mixin.py:190} INFO - [2026-04-30T00:15:38.231+0000] {dagbag.py:588} INFO - Filling up the DagBag from /home/ec2-user/environment/asynchronous_ai_inference_system/dags/train_model_dag.py
[2026-04-30T00:15:39.622+0000] {processor.py:925} INFO - DAG(s) 'train_model_only' retrieved from /home/ec2-user/environment/asynchronous_ai_inference_system/dags/train_model_dag.py
[2026-04-30T00:15:39.635+0000] {logging_mixin.py:190} INFO - [2026-04-30T00:15:39.634+0000] {dag.py:3239} INFO - Sync 1 DAGs
[2026-04-30T00:15:39.643+0000] {logging_mixin.py:190} INFO - [2026-04-30T00:15:39.643+0000] {dag.py:4180} INFO - Setting next_dagrun for train_model_only to None, run_after=None
[2026-04-30T00:15:39.660+0000] {processor.py:208} INFO - Processing /home/ec2-user/environment/asynchronous_ai_inference_system/dags/train_model_dag.py took 1.436 seconds
[2026-04-30T00:16:10.409+0000] {processor.py:186} INFO - Started process (PID=11737) to work on /home/ec2-user/environment/asynchronous_ai_inference_system/dags/train_model_dag.py
[2026-04-30T00:16:10.409+0000] {processor.py:914} INFO - Processing file /home/ec2-user/environment/asynchronous_ai_inference_system/dags/train_model_dag.py for tasks to queue
[2026-04-30T00:16:10.410+0000] {logging_mixin.py:190} INFO - [2026-04-30T00:16:10.410+0000] {dagbag.py:588} INFO - Filling up the DagBag from /home/ec2-user/environment/asynchronous_ai_inference_system/dags/train_model_dag.py
[2026-04-30T00:16:11.840+0000] {processor.py:925} INFO - DAG(s) 'train_model_only' retrieved from /home/ec2-user/environment/asynchronous_ai_inference_system/dags/train_model_dag.py
[2026-04-30T00:16:11.852+0000] {logging_mixin.py:190} INFO - [2026-04-30T00:16:11.852+0000] {dag.py:3239} INFO - Sync 1 DAGs
[2026-04-30T00:16:11.861+0000] {logging_mixin.py:190} INFO - [2026-04-30T00:16:11.860+0000] {dag.py:4180} INFO - Setting next_dagrun for train_model_only to None, run_after=None
[2026-04-30T00:16:11.878+0000] {processor.py:208} INFO - Processing /home/ec2-user/environment/asynchronous_ai_inference_system/dags/train_model_dag.py took 1.474 seconds
[2026-04-30T00:16:41.994+0000] {processor.py:186} INFO - Started process (PID=11783) to work on /home/ec2-user/environment/asynchronous_ai_inference_system/dags/train_model_dag.py
[2026-04-30T00:16:41.995+0000] {processor.py:914} INFO - Processing file /home/ec2-user/environment/asynchronous_ai_inference_system/dags/train_model_dag.py for tasks to queue
[2026-04-30T00:16:41.996+0000] {logging_mixin.py:190} INFO - [2026-04-30T00:16:41.996+0000] {dagbag.py:588} INFO - Filling up the DagBag from /home/ec2-user/environment/asynchronous_ai_inference_system/dags/train_model_dag.py
[2026-04-30T00:16:43.428+0000] {processor.py:925} INFO - DAG(s) 'train_model_only' retrieved from /home/ec2-user/environment/asynchronous_ai_inference_system/dags/train_model_dag.py
[2026-04-30T00:16:43.441+0000] {logging_mixin.py:190} INFO - [2026-04-30T00:16:43.441+0000] {dag.py:3239} INFO - Sync 1 DAGs
[2026-04-30T00:16:43.450+0000] {logging_mixin.py:190} INFO - [2026-04-30T00:16:43.450+0000] {dag.py:4180} INFO - Setting next_dagrun for train_model_only to None, run_after=None
[2026-04-30T00:16:43.467+0000] {processor.py:208} INFO - Processing /home/ec2-user/environment/asynchronous_ai_inference_system/dags/train_model_dag.py took 1.477 seconds
[2026-04-30T00:17:13.571+0000] {processor.py:186} INFO - Started process (PID=11819) to work on /home/ec2-user/environment/asynchronous_ai_inference_system/dags/train_model_dag.py
[2026-04-30T00:17:13.572+0000] {processor.py:914} INFO - Processing file /home/ec2-user/environment/asynchronous_ai_inference_system/dags/train_model_dag.py for tasks to queue
[2026-04-30T00:17:13.573+0000] {logging_mixin.py:190} INFO - [2026-04-30T00:17:13.572+0000] {dagbag.py:588} INFO - Filling up the DagBag from /home/ec2-user/environment/asynchronous_ai_inference_system/dags/train_model_dag.py
[2026-04-30T00:17:14.982+0000] {processor.py:925} INFO - DAG(s) 'train_model_only' retrieved from /home/ec2-user/environment/asynchronous_ai_inference_system/dags/train_model_dag.py
[2026-04-30T00:17:14.994+0000] {logging_mixin.py:190} INFO - [2026-04-30T00:17:14.994+0000] {dag.py:3239} INFO - Sync 1 DAGs
[2026-04-30T00:17:15.003+0000] {logging_mixin.py:190} INFO - [2026-04-30T00:17:15.003+0000] {dag.py:4180} INFO - Setting next_dagrun for train_model_only to None, run_after=None
[2026-04-30T00:17:15.021+0000] {processor.py:208} INFO - Processing /home/ec2-user/environment/asynchronous_ai_inference_system/dags/train_model_dag.py took 1.455 seconds
[2026-04-30T00:17:45.143+0000] {processor.py:186} INFO - Started process (PID=11891) to work on /home/ec2-user/environment/asynchronous_ai_inference_system/dags/train_model_dag.py
[2026-04-30T00:17:45.144+0000] {processor.py:914} INFO - Processing file /home/ec2-user/environment/asynchronous_ai_inference_system/dags/train_model_dag.py for tasks to queue
[2026-04-30T00:17:45.145+0000] {logging_mixin.py:190} INFO - [2026-04-30T00:17:45.144+0000] {dagbag.py:588} INFO - Filling up the DagBag from /home/ec2-user/environment/asynchronous_ai_inference_system/dags/train_model_dag.py
[2026-04-30T00:17:46.558+0000] {processor.py:925} INFO - DAG(s) 'train_model_only' retrieved from /home/ec2-user/environment/asynchronous_ai_inference_system/dags/train_model_dag.py
[2026-04-30T00:17:46.571+0000] {logging_mixin.py:190} INFO - [2026-04-30T00:17:46.570+0000] {dag.py:3239} INFO - Sync 1 DAGs
[2026-04-30T00:17:46.580+0000] {logging_mixin.py:190} INFO - [2026-04-30T00:17:46.580+0000] {dag.py:4180} INFO - Setting next_dagrun for train_model_only to None, run_after=None
[2026-04-30T00:17:46.599+0000] {processor.py:208} INFO - Processing /home/ec2-user/environment/asynchronous_ai_inference_system/dags/train_model_dag.py took 1.460 seconds
[2026-04-30T00:18:16.717+0000] {processor.py:186} INFO - Started process (PID=11926) to work on /home/ec2-user/environment/asynchronous_ai_inference_system/dags/train_model_dag.py
[2026-04-30T00:18:16.718+0000] {processor.py:914} INFO - Processing file /home/ec2-user/environment/asynchronous_ai_inference_system/dags/train_model_dag.py for tasks to queue
[2026-04-30T00:18:16.719+0000] {logging_mixin.py:190} INFO - [2026-04-30T00:18:16.718+0000] {dagbag.py:588} INFO - Filling up the DagBag from /home/ec2-user/environment/asynchronous_ai_inference_system/dags/train_model_dag.py
[2026-04-30T00:18:18.098+0000] {processor.py:925} INFO - DAG(s) 'train_model_only' retrieved from /home/ec2-user/environment/asynchronous_ai_inference_system/dags/train_model_dag.py
[2026-04-30T00:18:18.111+0000] {logging_mixin.py:190} INFO - [2026-04-30T00:18:18.110+0000] {dag.py:3239} INFO - Sync 1 DAGs
[2026-04-30T00:18:18.119+0000] {logging_mixin.py:190} INFO - [2026-04-30T00:18:18.119+0000] {dag.py:4180} INFO - Setting next_dagrun for train_model_only to None, run_after=None
[2026-04-30T00:18:18.136+0000] {processor.py:208} INFO - Processing /home/ec2-user/environment/asynchronous_ai_inference_system/dags/train_model_dag.py took 1.424 seconds
[2026-04-30T00:18:49.136+0000] {processor.py:186} INFO - Started process (PID=11955) to work on /home/ec2-user/environment/asynchronous_ai_inference_system/dags/train_model_dag.py
[2026-04-30T00:18:49.137+0000] {processor.py:914} INFO - Processing file /home/ec2-user/environment/asynchronous_ai_inference_system/dags/train_model_dag.py for tasks to queue
[2026-04-30T00:18:49.138+0000] {logging_mixin.py:190} INFO - [2026-04-30T00:18:49.138+0000] {dagbag.py:588} INFO - Filling up the DagBag from /home/ec2-user/environment/asynchronous_ai_inference_system/dags/train_model_dag.py
[2026-04-30T00:18:50.429+0000] {processor.py:925} INFO - DAG(s) 'train_model_only' retrieved from /home/ec2-user/environment/asynchronous_ai_inference_system/dags/train_model_dag.py
[2026-04-30T00:18:50.442+0000] {logging_mixin.py:190} INFO - [2026-04-30T00:18:50.442+0000] {dag.py:3239} INFO - Sync 1 DAGs
[2026-04-30T00:18:50.451+0000] {logging_mixin.py:190} INFO - [2026-04-30T00:18:50.451+0000] {dag.py:4180} INFO - Setting next_dagrun for train_model_only to None, run_after=None
[2026-04-30T00:18:50.470+0000] {processor.py:208} INFO - Processing /home/ec2-user/environment/asynchronous_ai_inference_system/dags/train_model_dag.py took 1.339 seconds
[2026-04-30T00:19:10.170+0000] {processor.py:186} INFO - Started process (PID=12001) to work on /home/ec2-user/environment/asynchronous_ai_inference_system/dags/train_model_dag.py
[2026-04-30T00:19:10.172+0000] {processor.py:914} INFO - Processing file /home/ec2-user/environment/asynchronous_ai_inference_system/dags/train_model_dag.py for tasks to queue
[2026-04-30T00:19:10.173+0000] {logging_mixin.py:190} INFO - [2026-04-30T00:19:10.172+0000] {dagbag.py:588} INFO - Filling up the DagBag from /home/ec2-user/environment/asynchronous_ai_inference_system/dags/train_model_dag.py
[2026-04-30T00:19:11.557+0000] {processor.py:925} INFO - DAG(s) 'train_model_only' retrieved from /home/ec2-user/environment/asynchronous_ai_inference_system/dags/train_model_dag.py
[2026-04-30T00:19:11.570+0000] {logging_mixin.py:190} INFO - [2026-04-30T00:19:11.569+0000] {dag.py:3239} INFO - Sync 1 DAGs
[2026-04-30T00:19:11.578+0000] {logging_mixin.py:190} INFO - [2026-04-30T00:19:11.578+0000] {dag.py:4180} INFO - Setting next_dagrun for train_model_only to None, run_after=None
[2026-04-30T00:19:11.598+0000] {processor.py:208} INFO - Processing /home/ec2-user/environment/asynchronous_ai_inference_system/dags/train_model_dag.py took 1.432 seconds
[2026-04-30T00:19:41.825+0000] {processor.py:186} INFO - Started process (PID=12103) to work on /home/ec2-user/environment/asynchronous_ai_inference_system/dags/train_model_dag.py
[2026-04-30T00:19:41.826+0000] {processor.py:914} INFO - Processing file /home/ec2-user/environment/asynchronous_ai_inference_system/dags/train_model_dag.py for tasks to queue
[2026-04-30T00:19:41.827+0000] {logging_mixin.py:190} INFO - [2026-04-30T00:19:41.827+0000] {dagbag.py:588} INFO - Filling up the DagBag from /home/ec2-user/environment/asynchronous_ai_inference_system/dags/train_model_dag.py
[2026-04-30T00:19:43.213+0000] {processor.py:925} INFO - DAG(s) 'train_model_only' retrieved from /home/ec2-user/environment/asynchronous_ai_inference_system/dags/train_model_dag.py
[2026-04-30T00:19:43.225+0000] {logging_mixin.py:190} INFO - [2026-04-30T00:19:43.224+0000] {dag.py:3239} INFO - Sync 1 DAGs
[2026-04-30T00:19:43.233+0000] {logging_mixin.py:190} INFO - [2026-04-30T00:19:43.233+0000] {dag.py:4180} INFO - Setting next_dagrun for train_model_only to None, run_after=None
[2026-04-30T00:19:43.253+0000] {processor.py:208} INFO - Processing /home/ec2-user/environment/asynchronous_ai_inference_system/dags/train_model_dag.py took 1.432 seconds
[2026-04-30T00:20:13.602+0000] {processor.py:186} INFO - Started process (PID=12143) to work on /home/ec2-user/environment/asynchronous_ai_inference_system/dags/train_model_dag.py
[2026-04-30T00:20:13.603+0000] {processor.py:914} INFO - Processing file /home/ec2-user/environment/asynchronous_ai_inference_system/dags/train_model_dag.py for tasks to queue
[2026-04-30T00:20:13.604+0000] {logging_mixin.py:190} INFO - [2026-04-30T00:20:13.603+0000] {dagbag.py:588} INFO - Filling up the DagBag from /home/ec2-user/environment/asynchronous_ai_inference_system/dags/train_model_dag.py
[2026-04-30T00:20:14.989+0000] {processor.py:925} INFO - DAG(s) 'train_model_only' retrieved from /home/ec2-user/environment/asynchronous_ai_inference_system/dags/train_model_dag.py
[2026-04-30T00:20:15.001+0000] {logging_mixin.py:190} INFO - [2026-04-30T00:20:15.001+0000] {dag.py:3239} INFO - Sync 1 DAGs
[2026-04-30T00:20:15.009+0000] {logging_mixin.py:190} INFO - [2026-04-30T00:20:15.009+0000] {dag.py:4180} INFO - Setting next_dagrun for train_model_only to None, run_after=None
[2026-04-30T00:20:15.026+0000] {processor.py:208} INFO - Processing /home/ec2-user/environment/asynchronous_ai_inference_system/dags/train_model_dag.py took 1.429 seconds
[2026-04-30T00:20:45.372+0000] {processor.py:186} INFO - Started process (PID=12166) to work on /home/ec2-user/environment/asynchronous_ai_inference_system/dags/train_model_dag.py
[2026-04-30T00:20:45.373+0000] {processor.py:914} INFO - Processing file /home/ec2-user/environment/asynchronous_ai_inference_system/dags/train_model_dag.py for tasks to queue
[2026-04-30T00:20:45.374+0000] {logging_mixin.py:190} INFO - [2026-04-30T00:20:45.374+0000] {dagbag.py:588} INFO - Filling up the DagBag from /home/ec2-user/environment/asynchronous_ai_inference_system/dags/train_model_dag.py
[2026-04-30T00:20:46.793+0000] {processor.py:925} INFO - DAG(s) 'train_model_only' retrieved from /home/ec2-user/environment/asynchronous_ai_inference_system/dags/train_model_dag.py
[2026-04-30T00:20:46.806+0000] {logging_mixin.py:190} INFO - [2026-04-30T00:20:46.805+0000] {dag.py:3239} INFO - Sync 1 DAGs
[2026-04-30T00:20:46.814+0000] {logging_mixin.py:190} INFO - [2026-04-30T00:20:46.814+0000] {dag.py:4180} INFO - Setting next_dagrun for train_model_only to None, run_after=None
[2026-04-30T00:20:46.833+0000] {processor.py:208} INFO - Processing /home/ec2-user/environment/asynchronous_ai_inference_system/dags/train_model_dag.py took 1.465 seconds
[2026-04-30T00:21:17.207+0000] {processor.py:186} INFO - Started process (PID=12204) to work on /home/ec2-user/environment/asynchronous_ai_inference_system/dags/train_model_dag.py
[2026-04-30T00:21:17.208+0000] {processor.py:914} INFO - Processing file /home/ec2-user/environment/asynchronous_ai_inference_system/dags/train_model_dag.py for tasks to queue
[2026-04-30T00:21:17.209+0000] {logging_mixin.py:190} INFO - [2026-04-30T00:21:17.209+0000] {dagbag.py:588} INFO - Filling up the DagBag from /home/ec2-user/environment/asynchronous_ai_inference_system/dags/train_model_dag.py
[2026-04-30T00:21:18.639+0000] {processor.py:925} INFO - DAG(s) 'train_model_only' retrieved from /home/ec2-user/environment/asynchronous_ai_inference_system/dags/train_model_dag.py
[2026-04-30T00:21:18.651+0000] {logging_mixin.py:190} INFO - [2026-04-30T00:21:18.650+0000] {dag.py:3239} INFO - Sync 1 DAGs
[2026-04-30T00:21:18.660+0000] {logging_mixin.py:190} INFO - [2026-04-30T00:21:18.660+0000] {dag.py:4180} INFO - Setting next_dagrun for train_model_only to None, run_after=None
[2026-04-30T00:21:18.677+0000] {processor.py:208} INFO - Processing /home/ec2-user/environment/asynchronous_ai_inference_system/dags/train_model_dag.py took 1.474 seconds
[2026-04-30T00:21:49.000+0000] {processor.py:186} INFO - Started process (PID=12277) to work on /home/ec2-user/environment/asynchronous_ai_inference_system/dags/train_model_dag.py
[2026-04-30T00:21:49.001+0000] {processor.py:914} INFO - Processing file /home/ec2-user/environment/asynchronous_ai_inference_system/dags/train_model_dag.py for tasks to queue
[2026-04-30T00:21:49.002+0000] {logging_mixin.py:190} INFO - [2026-04-30T00:21:49.002+0000] {dagbag.py:588} INFO - Filling up the DagBag from /home/ec2-user/environment/asynchronous_ai_inference_system/dags/train_model_dag.py
[2026-04-30T00:21:50.418+0000] {processor.py:925} INFO - DAG(s) 'train_model_only' retrieved from /home/ec2-user/environment/asynchronous_ai_inference_system/dags/train_model_dag.py
[2026-04-30T00:21:50.432+0000] {logging_mixin.py:190} INFO - [2026-04-30T00:21:50.431+0000] {dag.py:3239} INFO - Sync 1 DAGs
[2026-04-30T00:21:50.440+0000] {logging_mixin.py:190} INFO - [2026-04-30T00:21:50.440+0000] {dag.py:4180} INFO - Setting next_dagrun for train_model_only to None, run_after=None
[2026-04-30T00:21:50.458+0000] {processor.py:208} INFO - Processing /home/ec2-user/environment/asynchronous_ai_inference_system/dags/train_model_dag.py took 1.463 seconds
[2026-04-30T00:24:27.266+0000] {processor.py:186} INFO - Started process (PID=12583) to work on /home/ec2-user/environment/asynchronous_ai_inference_system/dags/train_model_dag.py
[2026-04-30T00:24:27.267+0000] {processor.py:914} INFO - Processing file /home/ec2-user/environment/asynchronous_ai_inference_system/dags/train_model_dag.py for tasks to queue
[2026-04-30T00:24:27.270+0000] {logging_mixin.py:190} INFO - [2026-04-30T00:24:27.270+0000] {dagbag.py:588} INFO - Filling up the DagBag from /home/ec2-user/environment/asynchronous_ai_inference_system/dags/train_model_dag.py
[2026-04-30T00:24:28.641+0000] {processor.py:925} INFO - DAG(s) 'train_model_only' retrieved from /home/ec2-user/environment/asynchronous_ai_inference_system/dags/train_model_dag.py
[2026-04-30T00:24:28.655+0000] {logging_mixin.py:190} INFO - [2026-04-30T00:24:28.654+0000] {dag.py:3239} INFO - Sync 1 DAGs
[2026-04-30T00:24:28.663+0000] {logging_mixin.py:190} INFO - [2026-04-30T00:24:28.663+0000] {dag.py:4180} INFO - Setting next_dagrun for train_model_only to None, run_after=None
[2026-04-30T00:24:28.679+0000] {processor.py:208} INFO - Processing /home/ec2-user/environment/asynchronous_ai_inference_system/dags/train_model_dag.py took 1.418 seconds
[2026-04-30T00:24:58.910+0000] {processor.py:186} INFO - Started process (PID=12609) to work on /home/ec2-user/environment/asynchronous_ai_inference_system/dags/train_model_dag.py
[2026-04-30T00:24:58.910+0000] {processor.py:914} INFO - Processing file /home/ec2-user/environment/asynchronous_ai_inference_system/dags/train_model_dag.py for tasks to queue
[2026-04-30T00:24:58.911+0000] {logging_mixin.py:190} INFO - [2026-04-30T00:24:58.911+0000] {dagbag.py:588} INFO - Filling up the DagBag from /home/ec2-user/environment/asynchronous_ai_inference_system/dags/train_model_dag.py
[2026-04-30T00:25:00.325+0000] {processor.py:925} INFO - DAG(s) 'train_model_only' retrieved from /home/ec2-user/environment/asynchronous_ai_inference_system/dags/train_model_dag.py
[2026-04-30T00:25:00.338+0000] {logging_mixin.py:190} INFO - [2026-04-30T00:25:00.337+0000] {dag.py:3239} INFO - Sync 1 DAGs
[2026-04-30T00:25:00.346+0000] {logging_mixin.py:190} INFO - [2026-04-30T00:25:00.346+0000] {dag.py:4180} INFO - Setting next_dagrun for train_model_only to None, run_after=None
[2026-04-30T00:25:00.363+0000] {processor.py:208} INFO - Processing /home/ec2-user/environment/asynchronous_ai_inference_system/dags/train_model_dag.py took 1.458 seconds
[2026-04-30T00:25:30.780+0000] {processor.py:186} INFO - Started process (PID=12651) to work on /home/ec2-user/environment/asynchronous_ai_inference_system/dags/train_model_dag.py
[2026-04-30T00:25:30.781+0000] {processor.py:914} INFO - Processing file /home/ec2-user/environment/asynchronous_ai_inference_system/dags/train_model_dag.py for tasks to queue
[2026-04-30T00:25:30.782+0000] {logging_mixin.py:190} INFO - [2026-04-30T00:25:30.781+0000] {dagbag.py:588} INFO - Filling up the DagBag from /home/ec2-user/environment/asynchronous_ai_inference_system/dags/train_model_dag.py
[2026-04-30T00:25:32.149+0000] {processor.py:925} INFO - DAG(s) 'train_model_only' retrieved from /home/ec2-user/environment/asynchronous_ai_inference_system/dags/train_model_dag.py
[2026-04-30T00:25:32.161+0000] {logging_mixin.py:190} INFO - [2026-04-30T00:25:32.161+0000] {dag.py:3239} INFO - Sync 1 DAGs
[2026-04-30T00:25:32.177+0000] {logging_mixin.py:190} INFO - [2026-04-30T00:25:32.177+0000] {dag.py:4180} INFO - Setting next_dagrun for train_model_only to None, run_after=None
[2026-04-30T00:25:32.195+0000] {processor.py:208} INFO - Processing /home/ec2-user/environment/asynchronous_ai_inference_system/dags/train_model_dag.py took 1.420 seconds
[2026-04-30T00:26:02.818+0000] {processor.py:186} INFO - Started process (PID=12711) to work on /home/ec2-user/environment/asynchronous_ai_inference_system/dags/train_model_dag.py
[2026-04-30T00:26:02.819+0000] {processor.py:914} INFO - Processing file /home/ec2-user/environment/asynchronous_ai_inference_system/dags/train_model_dag.py for tasks to queue
[2026-04-30T00:26:02.820+0000] {logging_mixin.py:190} INFO - [2026-04-30T00:26:02.820+0000] {dagbag.py:588} INFO - Filling up the DagBag from /home/ec2-user/environment/asynchronous_ai_inference_system/dags/train_model_dag.py
[2026-04-30T00:26:04.207+0000] {processor.py:925} INFO - DAG(s) 'train_model_only' retrieved from /home/ec2-user/environment/asynchronous_ai_inference_system/dags/train_model_dag.py
[2026-04-30T00:26:04.219+0000] {logging_mixin.py:190} INFO - [2026-04-30T00:26:04.219+0000] {dag.py:3239} INFO - Sync 1 DAGs
[2026-04-30T00:26:04.227+0000] {logging_mixin.py:190} INFO - [2026-04-30T00:26:04.227+0000] {dag.py:4180} INFO - Setting next_dagrun for train_model_only to None, run_after=None
[2026-04-30T00:26:04.245+0000] {processor.py:208} INFO - Processing /home/ec2-user/environment/asynchronous_ai_inference_system/dags/train_model_dag.py took 1.431 seconds
[2026-04-30T00:26:34.411+0000] {processor.py:186} INFO - Started process (PID=12793) to work on /home/ec2-user/environment/asynchronous_ai_inference_system/dags/train_model_dag.py
[2026-04-30T00:26:34.412+0000] {processor.py:914} INFO - Processing file /home/ec2-user/environment/asynchronous_ai_inference_system/dags/train_model_dag.py for tasks to queue
[2026-04-30T00:26:34.412+0000] {logging_mixin.py:190} INFO - [2026-04-30T00:26:34.412+0000] {dagbag.py:588} INFO - Filling up the DagBag from /home/ec2-user/environment/asynchronous_ai_inference_system/dags/train_model_dag.py
[2026-04-30T00:26:35.808+0000] {processor.py:925} INFO - DAG(s) 'train_model_only' retrieved from /home/ec2-user/environment/asynchronous_ai_inference_system/dags/train_model_dag.py
[2026-04-30T00:26:35.820+0000] {logging_mixin.py:190} INFO - [2026-04-30T00:26:35.819+0000] {dag.py:3239} INFO - Sync 1 DAGs
[2026-04-30T00:26:35.829+0000] {logging_mixin.py:190} INFO - [2026-04-30T00:26:35.829+0000] {dag.py:4180} INFO - Setting next_dagrun for train_model_only to None, run_after=None
[2026-04-30T00:26:35.845+0000] {processor.py:208} INFO - Processing /home/ec2-user/environment/asynchronous_ai_inference_system/dags/train_model_dag.py took 1.439 seconds
[2026-04-30T00:27:06.011+0000] {processor.py:186} INFO - Started process (PID=12833) to work on /home/ec2-user/environment/asynchronous_ai_inference_system/dags/train_model_dag.py
[2026-04-30T00:27:06.012+0000] {processor.py:914} INFO - Processing file /home/ec2-user/environment/asynchronous_ai_inference_system/dags/train_model_dag.py for tasks to queue
[2026-04-30T00:27:06.013+0000] {logging_mixin.py:190} INFO - [2026-04-30T00:27:06.013+0000] {dagbag.py:588} INFO - Filling up the DagBag from /home/ec2-user/environment/asynchronous_ai_inference_system/dags/train_model_dag.py
[2026-04-30T00:27:07.444+0000] {processor.py:925} INFO - DAG(s) 'train_model_only' retrieved from /home/ec2-user/environment/asynchronous_ai_inference_system/dags/train_model_dag.py
[2026-04-30T00:27:07.456+0000] {logging_mixin.py:190} INFO - [2026-04-30T00:27:07.456+0000] {dag.py:3239} INFO - Sync 1 DAGs
[2026-04-30T00:27:07.466+0000] {logging_mixin.py:190} INFO - [2026-04-30T00:27:07.466+0000] {dag.py:4180} INFO - Setting next_dagrun for train_model_only to None, run_after=None
[2026-04-30T00:27:07.483+0000] {processor.py:208} INFO - Processing /home/ec2-user/environment/asynchronous_ai_inference_system/dags/train_model_dag.py took 1.477 seconds
[2026-04-30T00:27:37.614+0000] {processor.py:186} INFO - Started process (PID=12859) to work on /home/ec2-user/environment/asynchronous_ai_inference_system/dags/train_model_dag.py
[2026-04-30T00:27:37.615+0000] {processor.py:914} INFO - Processing file /home/ec2-user/environment/asynchronous_ai_inference_system/dags/train_model_dag.py for tasks to queue
[2026-04-30T00:27:37.616+0000] {logging_mixin.py:190} INFO - [2026-04-30T00:27:37.615+0000] {dagbag.py:588} INFO - Filling up the DagBag from /home/ec2-user/environment/asynchronous_ai_inference_system/dags/train_model_dag.py
[2026-04-30T00:27:39.050+0000] {processor.py:925} INFO - DAG(s) 'train_model_only' retrieved from /home/ec2-user/environment/asynchronous_ai_inference_system/dags/train_model_dag.py
[2026-04-30T00:27:39.064+0000] {logging_mixin.py:190} INFO - [2026-04-30T00:27:39.063+0000] {dag.py:3239} INFO - Sync 1 DAGs
[2026-04-30T00:27:39.072+0000] {logging_mixin.py:190} INFO - [2026-04-30T00:27:39.072+0000] {dag.py:4180} INFO - Setting next_dagrun for train_model_only to None, run_after=None
[2026-04-30T00:27:39.089+0000] {processor.py:208} INFO - Processing /home/ec2-user/environment/asynchronous_ai_inference_system/dags/train_model_dag.py took 1.480 seconds
[2026-04-30T00:28:09.215+0000] {processor.py:186} INFO - Started process (PID=13042) to work on /home/ec2-user/environment/asynchronous_ai_inference_system/dags/train_model_dag.py
[2026-04-30T00:28:09.217+0000] {processor.py:914} INFO - Processing file /home/ec2-user/environment/asynchronous_ai_inference_system/dags/train_model_dag.py for tasks to queue
[2026-04-30T00:28:09.218+0000] {logging_mixin.py:190} INFO - [2026-04-30T00:28:09.217+0000] {dagbag.py:588} INFO - Filling up the DagBag from /home/ec2-user/environment/asynchronous_ai_inference_system/dags/train_model_dag.py
[2026-04-30T00:28:10.615+0000] {processor.py:925} INFO - DAG(s) 'train_model_only' retrieved from /home/ec2-user/environment/asynchronous_ai_inference_system/dags/train_model_dag.py
[2026-04-30T00:28:10.627+0000] {logging_mixin.py:190} INFO - [2026-04-30T00:28:10.627+0000] {dag.py:3239} INFO - Sync 1 DAGs
[2026-04-30T00:28:10.636+0000] {logging_mixin.py:190} INFO - [2026-04-30T00:28:10.636+0000] {dag.py:4180} INFO - Setting next_dagrun for train_model_only to None, run_after=None
[2026-04-30T00:28:10.653+0000] {processor.py:208} INFO - Processing /home/ec2-user/environment/asynchronous_ai_inference_system/dags/train_model_dag.py took 1.442 seconds
[2026-04-30T00:28:40.817+0000] {processor.py:186} INFO - Started process (PID=13068) to work on /home/ec2-user/environment/asynchronous_ai_inference_system/dags/train_model_dag.py
[2026-04-30T00:28:40.818+0000] {processor.py:914} INFO - Processing file /home/ec2-user/environment/asynchronous_ai_inference_system/dags/train_model_dag.py for tasks to queue
[2026-04-30T00:28:40.819+0000] {logging_mixin.py:190} INFO - [2026-04-30T00:28:40.818+0000] {dagbag.py:588} INFO - Filling up the DagBag from /home/ec2-user/environment/asynchronous_ai_inference_system/dags/train_model_dag.py
[2026-04-30T00:28:42.238+0000] {processor.py:925} INFO - DAG(s) 'train_model_only' retrieved from /home/ec2-user/environment/asynchronous_ai_inference_system/dags/train_model_dag.py
[2026-04-30T00:28:42.250+0000] {logging_mixin.py:190} INFO - [2026-04-30T00:28:42.250+0000] {dag.py:3239} INFO - Sync 1 DAGs
[2026-04-30T00:28:42.259+0000] {logging_mixin.py:190} INFO - [2026-04-30T00:28:42.258+0000] {dag.py:4180} INFO - Setting next_dagrun for train_model_only to None, run_after=None
[2026-04-30T00:28:42.275+0000] {processor.py:208} INFO - Processing /home/ec2-user/environment/asynchronous_ai_inference_system/dags/train_model_dag.py took 1.463 seconds
[2026-04-30T00:29:12.410+0000] {processor.py:186} INFO - Started process (PID=13106) to work on /home/ec2-user/environment/asynchronous_ai_inference_system/dags/train_model_dag.py
[2026-04-30T00:29:12.411+0000] {processor.py:914} INFO - Processing file /home/ec2-user/environment/asynchronous_ai_inference_system/dags/train_model_dag.py for tasks to queue
[2026-04-30T00:29:12.412+0000] {logging_mixin.py:190} INFO - [2026-04-30T00:29:12.411+0000] {dagbag.py:588} INFO - Filling up the DagBag from /home/ec2-user/environment/asynchronous_ai_inference_system/dags/train_model_dag.py
[2026-04-30T00:29:13.822+0000] {processor.py:925} INFO - DAG(s) 'train_model_only' retrieved from /home/ec2-user/environment/asynchronous_ai_inference_system/dags/train_model_dag.py
[2026-04-30T00:29:13.834+0000] {logging_mixin.py:190} INFO - [2026-04-30T00:29:13.834+0000] {dag.py:3239} INFO - Sync 1 DAGs
[2026-04-30T00:29:13.843+0000] {logging_mixin.py:190} INFO - [2026-04-30T00:29:13.843+0000] {dag.py:4180} INFO - Setting next_dagrun for train_model_only to None, run_after=None
[2026-04-30T00:29:13.867+0000] {processor.py:208} INFO - Processing /home/ec2-user/environment/asynchronous_ai_inference_system/dags/train_model_dag.py took 1.462 seconds
[2026-04-30T00:29:44.006+0000] {processor.py:186} INFO - Started process (PID=13236) to work on /home/ec2-user/environment/asynchronous_ai_inference_system/dags/train_model_dag.py
[2026-04-30T00:29:44.008+0000] {processor.py:914} INFO - Processing file /home/ec2-user/environment/asynchronous_ai_inference_system/dags/train_model_dag.py for tasks to queue
[2026-04-30T00:29:44.009+0000] {logging_mixin.py:190} INFO - [2026-04-30T00:29:44.008+0000] {dagbag.py:588} INFO - Filling up the DagBag from /home/ec2-user/environment/asynchronous_ai_inference_system/dags/train_model_dag.py
[2026-04-30T00:29:45.424+0000] {processor.py:925} INFO - DAG(s) 'train_model_only' retrieved from /home/ec2-user/environment/asynchronous_ai_inference_system/dags/train_model_dag.py
[2026-04-30T00:29:45.437+0000] {logging_mixin.py:190} INFO - [2026-04-30T00:29:45.436+0000] {dag.py:3239} INFO - Sync 1 DAGs
[2026-04-30T00:29:45.446+0000] {logging_mixin.py:190} INFO - [2026-04-30T00:29:45.446+0000] {dag.py:4180} INFO - Setting next_dagrun for train_model_only to None, run_after=None
[2026-04-30T00:29:45.466+0000] {processor.py:208} INFO - Processing /home/ec2-user/environment/asynchronous_ai_inference_system/dags/train_model_dag.py took 1.464 seconds
[2026-04-30T00:30:15.603+0000] {processor.py:186} INFO - Started process (PID=13271) to work on /home/ec2-user/environment/asynchronous_ai_inference_system/dags/train_model_dag.py
[2026-04-30T00:30:15.604+0000] {processor.py:914} INFO - Processing file /home/ec2-user/environment/asynchronous_ai_inference_system/dags/train_model_dag.py for tasks to queue
[2026-04-30T00:30:15.605+0000] {logging_mixin.py:190} INFO - [2026-04-30T00:30:15.605+0000] {dagbag.py:588} INFO - Filling up the DagBag from /home/ec2-user/environment/asynchronous_ai_inference_system/dags/train_model_dag.py
[2026-04-30T00:30:17.044+0000] {processor.py:925} INFO - DAG(s) 'train_model_only' retrieved from /home/ec2-user/environment/asynchronous_ai_inference_system/dags/train_model_dag.py
[2026-04-30T00:30:17.056+0000] {logging_mixin.py:190} INFO - [2026-04-30T00:30:17.056+0000] {dag.py:3239} INFO - Sync 1 DAGs
[2026-04-30T00:30:17.066+0000] {logging_mixin.py:190} INFO - [2026-04-30T00:30:17.066+0000] {dag.py:4180} INFO - Setting next_dagrun for train_model_only to None, run_after=None
[2026-04-30T00:30:17.084+0000] {processor.py:208} INFO - Processing /home/ec2-user/environment/asynchronous_ai_inference_system/dags/train_model_dag.py took 1.485 seconds
[2026-04-30T00:30:47.323+0000] {processor.py:186} INFO - Started process (PID=13366) to work on /home/ec2-user/environment/asynchronous_ai_inference_system/dags/train_model_dag.py
[2026-04-30T00:30:47.323+0000] {processor.py:914} INFO - Processing file /home/ec2-user/environment/asynchronous_ai_inference_system/dags/train_model_dag.py for tasks to queue
[2026-04-30T00:30:47.324+0000] {logging_mixin.py:190} INFO - [2026-04-30T00:30:47.324+0000] {dagbag.py:588} INFO - Filling up the DagBag from /home/ec2-user/environment/asynchronous_ai_inference_system/dags/train_model_dag.py
[2026-04-30T00:30:48.644+0000] {processor.py:925} INFO - DAG(s) 'train_model_only' retrieved from /home/ec2-user/environment/asynchronous_ai_inference_system/dags/train_model_dag.py
[2026-04-30T00:30:48.657+0000] {logging_mixin.py:190} INFO - [2026-04-30T00:30:48.657+0000] {dag.py:3239} INFO - Sync 1 DAGs
[2026-04-30T00:30:48.666+0000] {logging_mixin.py:190} INFO - [2026-04-30T00:30:48.666+0000] {dag.py:4180} INFO - Setting next_dagrun for train_model_only to None, run_after=None
[2026-04-30T00:30:48.683+0000] {processor.py:208} INFO - Processing /home/ec2-user/environment/asynchronous_ai_inference_system/dags/train_model_dag.py took 1.365 seconds
[2026-04-30T00:31:18.817+0000] {processor.py:186} INFO - Started process (PID=13401) to work on /home/ec2-user/environment/asynchronous_ai_inference_system/dags/train_model_dag.py
[2026-04-30T00:31:18.818+0000] {processor.py:914} INFO - Processing file /home/ec2-user/environment/asynchronous_ai_inference_system/dags/train_model_dag.py for tasks to queue
[2026-04-30T00:31:18.819+0000] {logging_mixin.py:190} INFO - [2026-04-30T00:31:18.819+0000] {dagbag.py:588} INFO - Filling up the DagBag from /home/ec2-user/environment/asynchronous_ai_inference_system/dags/train_model_dag.py
[2026-04-30T00:31:20.143+0000] {processor.py:925} INFO - DAG(s) 'train_model_only' retrieved from /home/ec2-user/environment/asynchronous_ai_inference_system/dags/train_model_dag.py
[2026-04-30T00:31:20.155+0000] {logging_mixin.py:190} INFO - [2026-04-30T00:31:20.155+0000] {dag.py:3239} INFO - Sync 1 DAGs
[2026-04-30T00:31:20.164+0000] {logging_mixin.py:190} INFO - [2026-04-30T00:31:20.164+0000] {dag.py:4180} INFO - Setting next_dagrun for train_model_only to None, run_after=None
[2026-04-30T00:31:20.180+0000] {processor.py:208} INFO - Processing /home/ec2-user/environment/asynchronous_ai_inference_system/dags/train_model_dag.py took 1.368 seconds
[2026-04-30T00:31:50.314+0000] {processor.py:186} INFO - Started process (PID=13424) to work on /home/ec2-user/environment/asynchronous_ai_inference_system/dags/train_model_dag.py
[2026-04-30T00:31:50.315+0000] {processor.py:914} INFO - Processing file /home/ec2-user/environment/asynchronous_ai_inference_system/dags/train_model_dag.py for tasks to queue
[2026-04-30T00:31:50.316+0000] {logging_mixin.py:190} INFO - [2026-04-30T00:31:50.316+0000] {dagbag.py:588} INFO - Filling up the DagBag from /home/ec2-user/environment/asynchronous_ai_inference_system/dags/train_model_dag.py
[2026-04-30T00:31:51.648+0000] {processor.py:925} INFO - DAG(s) 'train_model_only' retrieved from /home/ec2-user/environment/asynchronous_ai_inference_system/dags/train_model_dag.py
[2026-04-30T00:31:51.661+0000] {logging_mixin.py:190} INFO - [2026-04-30T00:31:51.660+0000] {dag.py:3239} INFO - Sync 1 DAGs
[2026-04-30T00:31:51.669+0000] {logging_mixin.py:190} INFO - [2026-04-30T00:31:51.669+0000] {dag.py:4180} INFO - Setting next_dagrun for train_model_only to None, run_after=None
[2026-04-30T00:31:51.686+0000] {processor.py:208} INFO - Processing /home/ec2-user/environment/asynchronous_ai_inference_system/dags/train_model_dag.py took 1.377 seconds
[2026-04-30T00:32:21.811+0000] {processor.py:186} INFO - Started process (PID=13515) to work on /home/ec2-user/environment/asynchronous_ai_inference_system/dags/train_model_dag.py
[2026-04-30T00:32:21.812+0000] {processor.py:914} INFO - Processing file /home/ec2-user/environment/asynchronous_ai_inference_system/dags/train_model_dag.py for tasks to queue
[2026-04-30T00:32:21.813+0000] {logging_mixin.py:190} INFO - [2026-04-30T00:32:21.813+0000] {dagbag.py:588} INFO - Filling up the DagBag from /home/ec2-user/environment/asynchronous_ai_inference_system/dags/train_model_dag.py
[2026-04-30T00:32:23.125+0000] {processor.py:925} INFO - DAG(s) 'train_model_only' retrieved from /home/ec2-user/environment/asynchronous_ai_inference_system/dags/train_model_dag.py
[2026-04-30T00:32:23.137+0000] {logging_mixin.py:190} INFO - [2026-04-30T00:32:23.137+0000] {dag.py:3239} INFO - Sync 1 DAGs
[2026-04-30T00:32:23.145+0000] {logging_mixin.py:190} INFO - [2026-04-30T00:32:23.145+0000] {dag.py:4180} INFO - Setting next_dagrun for train_model_only to None, run_after=None
[2026-04-30T00:32:23.164+0000] {processor.py:208} INFO - Processing /home/ec2-user/environment/asynchronous_ai_inference_system/dags/train_model_dag.py took 1.358 seconds
[2026-04-30T00:32:53.339+0000] {processor.py:186} INFO - Started process (PID=13555) to work on /home/ec2-user/environment/asynchronous_ai_inference_system/dags/train_model_dag.py
[2026-04-30T00:32:53.340+0000] {processor.py:914} INFO - Processing file /home/ec2-user/environment/asynchronous_ai_inference_system/dags/train_model_dag.py for tasks to queue
[2026-04-30T00:32:53.341+0000] {logging_mixin.py:190} INFO - [2026-04-30T00:32:53.340+0000] {dagbag.py:588} INFO - Filling up the DagBag from /home/ec2-user/environment/asynchronous_ai_inference_system/dags/train_model_dag.py
[2026-04-30T00:32:54.667+0000] {processor.py:925} INFO - DAG(s) 'train_model_only' retrieved from /home/ec2-user/environment/asynchronous_ai_inference_system/dags/train_model_dag.py
[2026-04-30T00:32:54.680+0000] {logging_mixin.py:190} INFO - [2026-04-30T00:32:54.679+0000] {dag.py:3239} INFO - Sync 1 DAGs
[2026-04-30T00:32:54.689+0000] {logging_mixin.py:190} INFO - [2026-04-30T00:32:54.689+0000] {dag.py:4180} INFO - Setting next_dagrun for train_model_only to None, run_after=None
[2026-04-30T00:32:54.707+0000] {processor.py:208} INFO - Processing /home/ec2-user/environment/asynchronous_ai_inference_system/dags/train_model_dag.py took 1.373 seconds
[2026-04-30T00:33:24.909+0000] {processor.py:186} INFO - Started process (PID=13635) to work on /home/ec2-user/environment/asynchronous_ai_inference_system/dags/train_model_dag.py
[2026-04-30T00:33:24.910+0000] {processor.py:914} INFO - Processing file /home/ec2-user/environment/asynchronous_ai_inference_system/dags/train_model_dag.py for tasks to queue
[2026-04-30T00:33:24.911+0000] {logging_mixin.py:190} INFO - [2026-04-30T00:33:24.911+0000] {dagbag.py:588} INFO - Filling up the DagBag from /home/ec2-user/environment/asynchronous_ai_inference_system/dags/train_model_dag.py
[2026-04-30T00:33:26.233+0000] {processor.py:925} INFO - DAG(s) 'train_model_only' retrieved from /home/ec2-user/environment/asynchronous_ai_inference_system/dags/train_model_dag.py
[2026-04-30T00:33:26.245+0000] {logging_mixin.py:190} INFO - [2026-04-30T00:33:26.245+0000] {dag.py:3239} INFO - Sync 1 DAGs
[2026-04-30T00:33:26.254+0000] {logging_mixin.py:190} INFO - [2026-04-30T00:33:26.254+0000] {dag.py:4180} INFO - Setting next_dagrun for train_model_only to None, run_after=None
[2026-04-30T00:33:26.271+0000] {processor.py:208} INFO - Processing /home/ec2-user/environment/asynchronous_ai_inference_system/dags/train_model_dag.py took 1.367 seconds
[2026-04-30T00:33:56.484+0000] {processor.py:186} INFO - Started process (PID=13711) to work on /home/ec2-user/environment/asynchronous_ai_inference_system/dags/train_model_dag.py
[2026-04-30T00:33:56.485+0000] {processor.py:914} INFO - Processing file /home/ec2-user/environment/asynchronous_ai_inference_system/dags/train_model_dag.py for tasks to queue
[2026-04-30T00:33:56.486+0000] {logging_mixin.py:190} INFO - [2026-04-30T00:33:56.485+0000] {dagbag.py:588} INFO - Filling up the DagBag from /home/ec2-user/environment/asynchronous_ai_inference_system/dags/train_model_dag.py
[2026-04-30T00:33:57.796+0000] {processor.py:925} INFO - DAG(s) 'train_model_only' retrieved from /home/ec2-user/environment/asynchronous_ai_inference_system/dags/train_model_dag.py
[2026-04-30T00:33:57.809+0000] {logging_mixin.py:190} INFO - [2026-04-30T00:33:57.809+0000] {dag.py:3239} INFO - Sync 1 DAGs
[2026-04-30T00:33:57.818+0000] {logging_mixin.py:190} INFO - [2026-04-30T00:33:57.818+0000] {dag.py:4180} INFO - Setting next_dagrun for train_model_only to None, run_after=None
[2026-04-30T00:33:57.834+0000] {processor.py:208} INFO - Processing /home/ec2-user/environment/asynchronous_ai_inference_system/dags/train_model_dag.py took 1.355 seconds
[2026-04-30T00:34:28.157+0000] {processor.py:186} INFO - Started process (PID=13747) to work on /home/ec2-user/environment/asynchronous_ai_inference_system/dags/train_model_dag.py
[2026-04-30T00:34:28.157+0000] {processor.py:914} INFO - Processing file /home/ec2-user/environment/asynchronous_ai_inference_system/dags/train_model_dag.py for tasks to queue
[2026-04-30T00:34:28.158+0000] {logging_mixin.py:190} INFO - [2026-04-30T00:34:28.158+0000] {dagbag.py:588} INFO - Filling up the DagBag from /home/ec2-user/environment/asynchronous_ai_inference_system/dags/train_model_dag.py
[2026-04-30T00:34:29.456+0000] {processor.py:925} INFO - DAG(s) 'train_model_only' retrieved from /home/ec2-user/environment/asynchronous_ai_inference_system/dags/train_model_dag.py
[2026-04-30T00:34:29.468+0000] {logging_mixin.py:190} INFO - [2026-04-30T00:34:29.468+0000] {dag.py:3239} INFO - Sync 1 DAGs
[2026-04-30T00:34:29.477+0000] {logging_mixin.py:190} INFO - [2026-04-30T00:34:29.477+0000] {dag.py:4180} INFO - Setting next_dagrun for train_model_only to None, run_after=None
[2026-04-30T00:34:29.493+0000] {processor.py:208} INFO - Processing /home/ec2-user/environment/asynchronous_ai_inference_system/dags/train_model_dag.py took 1.341 seconds
