[2026-05-02T23:34:53.920+0000] {local_task_job_runner.py:123} INFO - ::group::Pre task execution logs
[2026-05-02T23:34:53.928+0000] {taskinstance.py:2612} INFO - Dependencies all met for dep_context=non-requeueable deps ti=<TaskInstance: message_queue_dag.add_message_queue manual__2026-05-02T23:34:49.512161+00:00 [queued]>
[2026-05-02T23:34:53.932+0000] {taskinstance.py:2612} INFO - Dependencies all met for dep_context=requeueable deps ti=<TaskInstance: message_queue_dag.add_message_queue manual__2026-05-02T23:34:49.512161+00:00 [queued]>
[2026-05-02T23:34:53.932+0000] {taskinstance.py:2865} INFO - Starting attempt 1 of 2
[2026-05-02T23:34:53.945+0000] {taskinstance.py:2888} INFO - Executing <Task(PythonOperator): add_message_queue> on 2026-05-02 23:34:49.512161+00:00
[2026-05-02T23:34:53.951+0000] {standard_task_runner.py:72} INFO - Started process 37112 to run task
[2026-05-02T23:34:53.954+0000] {standard_task_runner.py:104} INFO - Running: ['airflow', 'tasks', 'run', 'message_queue_dag', 'add_message_queue', 'manual__2026-05-02T23:34:49.512161+00:00', '--job-id', '32', '--raw', '--subdir', 'DAGS_FOLDER/message_queue_dag.py', '--cfg-path', '/tmp/tmp0eaqwdpt']
[2026-05-02T23:34:53.956+0000] {standard_task_runner.py:105} INFO - Job 32: Subtask add_message_queue
[2026-05-02T23:34:53.985+0000] {task_command.py:467} INFO - Running <TaskInstance: message_queue_dag.add_message_queue manual__2026-05-02T23:34:49.512161+00:00 [running]> on host ip-172-31-40-23.ec2.internal
[2026-05-02T23:34:54.040+0000] {taskinstance.py:3131} INFO - Exporting env vars: AIRFLOW_CTX_DAG_OWNER='airflow' AIRFLOW_CTX_DAG_ID='message_queue_dag' AIRFLOW_CTX_TASK_ID='add_message_queue' AIRFLOW_CTX_EXECUTION_DATE='2026-05-02T23:34:49.512161+00:00' AIRFLOW_CTX_TRY_NUMBER='1' AIRFLOW_CTX_DAG_RUN_ID='manual__2026-05-02T23:34:49.512161+00:00'
[2026-05-02T23:34:54.041+0000] {taskinstance.py:731} INFO - ::endgroup::
[2026-05-02T23:34:54.110+0000] {logging_mixin.py:190} INFO - Sent 204
[2026-05-02T23:34:54.120+0000] {logging_mixin.py:190} INFO - Sent 70
[2026-05-02T23:34:54.127+0000] {logging_mixin.py:190} INFO - Sent 131
[2026-05-02T23:34:54.134+0000] {logging_mixin.py:190} INFO - Sent 431
[2026-05-02T23:34:54.141+0000] {logging_mixin.py:190} INFO - Sent 540
[2026-05-02T23:34:54.148+0000] {logging_mixin.py:190} INFO - Sent 567
[2026-05-02T23:34:54.156+0000] {logging_mixin.py:190} INFO - Sent 369
[2026-05-02T23:34:54.164+0000] {logging_mixin.py:190} INFO - Sent 29
[2026-05-02T23:34:54.171+0000] {logging_mixin.py:190} INFO - Sent 81
[2026-05-02T23:34:54.177+0000] {logging_mixin.py:190} INFO - Sent 477
[2026-05-02T23:34:54.184+0000] {logging_mixin.py:190} INFO - Sent 457
[2026-05-02T23:34:54.190+0000] {logging_mixin.py:190} INFO - Sent 167
[2026-05-02T23:34:54.197+0000] {logging_mixin.py:190} INFO - Sent 165
[2026-05-02T23:34:54.203+0000] {logging_mixin.py:190} INFO - Sent 329
[2026-05-02T23:34:54.211+0000] {logging_mixin.py:190} INFO - Sent 527
[2026-05-02T23:34:54.217+0000] {logging_mixin.py:190} INFO - Sent 83
[2026-05-02T23:34:54.225+0000] {logging_mixin.py:190} INFO - Sent 511
[2026-05-02T23:34:54.231+0000] {logging_mixin.py:190} INFO - Sent 556
[2026-05-02T23:34:54.238+0000] {logging_mixin.py:190} INFO - Sent 101
[2026-05-02T23:34:54.246+0000] {logging_mixin.py:190} INFO - Sent 535
[2026-05-02T23:34:54.253+0000] {logging_mixin.py:190} INFO - Sent 73
[2026-05-02T23:34:54.259+0000] {logging_mixin.py:190} INFO - Sent 394
[2026-05-02T23:34:54.266+0000] {logging_mixin.py:190} INFO - Sent 393
[2026-05-02T23:34:54.272+0000] {logging_mixin.py:190} INFO - Sent 425
[2026-05-02T23:34:54.280+0000] {logging_mixin.py:190} INFO - Sent 305
[2026-05-02T23:34:54.287+0000] {logging_mixin.py:190} INFO - Sent 76
[2026-05-02T23:34:54.294+0000] {logging_mixin.py:190} INFO - Sent 384
[2026-05-02T23:34:54.301+0000] {logging_mixin.py:190} INFO - Sent 555
[2026-05-02T23:34:54.308+0000] {logging_mixin.py:190} INFO - Sent 362
[2026-05-02T23:34:54.314+0000] {logging_mixin.py:190} INFO - Sent 72
[2026-05-02T23:34:54.322+0000] {logging_mixin.py:190} INFO - Sent 551
[2026-05-02T23:34:54.332+0000] {logging_mixin.py:190} INFO - Sent 158
[2026-05-02T23:34:54.341+0000] {logging_mixin.py:190} INFO - Sent 424
[2026-05-02T23:34:54.347+0000] {logging_mixin.py:190} INFO - Sent 532
[2026-05-02T23:34:54.354+0000] {logging_mixin.py:190} INFO - Sent 222
[2026-05-02T23:34:54.361+0000] {logging_mixin.py:190} INFO - Sent 55
[2026-05-02T23:34:54.372+0000] {logging_mixin.py:190} INFO - Sent 10
[2026-05-02T23:34:54.380+0000] {logging_mixin.py:190} INFO - Sent 281
[2026-05-02T23:34:54.386+0000] {logging_mixin.py:190} INFO - Sent 6
[2026-05-02T23:34:54.393+0000] {logging_mixin.py:190} INFO - Sent 90
[2026-05-02T23:34:54.399+0000] {logging_mixin.py:190} INFO - Sent 104
[2026-05-02T23:34:54.407+0000] {logging_mixin.py:190} INFO - Sent 353
[2026-05-02T23:34:54.414+0000] {logging_mixin.py:190} INFO - Sent 422
[2026-05-02T23:34:54.420+0000] {logging_mixin.py:190} INFO - Sent 211
[2026-05-02T23:34:54.427+0000] {logging_mixin.py:190} INFO - Sent 275
[2026-05-02T23:34:54.434+0000] {logging_mixin.py:190} INFO - Sent 109
[2026-05-02T23:34:54.441+0000] {logging_mixin.py:190} INFO - Sent 520
[2026-05-02T23:34:54.448+0000] {logging_mixin.py:190} INFO - Sent 557
[2026-05-02T23:34:54.454+0000] {logging_mixin.py:190} INFO - Sent 531
[2026-05-02T23:34:54.461+0000] {logging_mixin.py:190} INFO - Sent 284
[2026-05-02T23:34:54.468+0000] {logging_mixin.py:190} INFO - Sent 264
[2026-05-02T23:34:54.475+0000] {logging_mixin.py:190} INFO - Sent 30
[2026-05-02T23:34:54.481+0000] {logging_mixin.py:190} INFO - Sent 208
[2026-05-02T23:34:54.489+0000] {logging_mixin.py:190} INFO - Sent 528
[2026-05-02T23:34:54.496+0000] {logging_mixin.py:190} INFO - Sent 145
[2026-05-02T23:34:54.503+0000] {logging_mixin.py:190} INFO - Sent 464
[2026-05-02T23:34:54.510+0000] {logging_mixin.py:190} INFO - Sent 320
[2026-05-02T23:34:54.517+0000] {logging_mixin.py:190} INFO - Sent 82
[2026-05-02T23:34:54.524+0000] {logging_mixin.py:190} INFO - Sent 39
[2026-05-02T23:34:54.531+0000] {logging_mixin.py:190} INFO - Sent 271
[2026-05-02T23:34:54.539+0000] {logging_mixin.py:190} INFO - Sent 79
[2026-05-02T23:34:54.547+0000] {logging_mixin.py:190} INFO - Sent 2
[2026-05-02T23:34:54.553+0000] {logging_mixin.py:190} INFO - Sent 564
[2026-05-02T23:34:54.560+0000] {logging_mixin.py:190} INFO - Sent 462
[2026-05-02T23:34:54.567+0000] {logging_mixin.py:190} INFO - Sent 334
[2026-05-02T23:34:54.575+0000] {logging_mixin.py:190} INFO - Sent 228
[2026-05-02T23:34:54.581+0000] {logging_mixin.py:190} INFO - Sent 118
[2026-05-02T23:34:54.588+0000] {logging_mixin.py:190} INFO - Sent 78
[2026-05-02T23:34:54.595+0000] {logging_mixin.py:190} INFO - Sent 188
[2026-05-02T23:34:54.602+0000] {logging_mixin.py:190} INFO - Sent 331
[2026-05-02T23:34:54.608+0000] {logging_mixin.py:190} INFO - Sent 196
[2026-05-02T23:34:54.615+0000] {logging_mixin.py:190} INFO - Sent 11
[2026-05-02T23:34:54.622+0000] {logging_mixin.py:190} INFO - Sent 395
[2026-05-02T23:34:54.628+0000] {logging_mixin.py:190} INFO - Sent 177
[2026-05-02T23:34:54.635+0000] {logging_mixin.py:190} INFO - Sent 538
[2026-05-02T23:34:54.641+0000] {logging_mixin.py:190} INFO - Sent 482
[2026-05-02T23:34:54.648+0000] {logging_mixin.py:190} INFO - Sent 235
[2026-05-02T23:34:54.655+0000] {logging_mixin.py:190} INFO - Sent 255
[2026-05-02T23:34:54.662+0000] {logging_mixin.py:190} INFO - Sent 144
[2026-05-02T23:34:54.668+0000] {logging_mixin.py:190} INFO - Sent 380
[2026-05-02T23:34:54.716+0000] {logging_mixin.py:190} INFO - Sent 132
[2026-05-02T23:34:54.725+0000] {logging_mixin.py:190} INFO - Sent 333
[2026-05-02T23:34:54.732+0000] {logging_mixin.py:190} INFO - Sent 86
[2026-05-02T23:34:54.738+0000] {logging_mixin.py:190} INFO - Sent 250
[2026-05-02T23:34:54.746+0000] {logging_mixin.py:190} INFO - Sent 274
[2026-05-02T23:34:54.753+0000] {logging_mixin.py:190} INFO - Sent 257
[2026-05-02T23:34:54.760+0000] {logging_mixin.py:190} INFO - Sent 9
[2026-05-02T23:34:54.767+0000] {logging_mixin.py:190} INFO - Sent 468
[2026-05-02T23:34:54.774+0000] {logging_mixin.py:190} INFO - Sent 382
[2026-05-02T23:34:54.789+0000] {logging_mixin.py:190} INFO - Sent 322
[2026-05-02T23:34:54.795+0000] {logging_mixin.py:190} INFO - Sent 84
[2026-05-02T23:34:54.803+0000] {logging_mixin.py:190} INFO - Sent 526
[2026-05-02T23:34:54.810+0000] {logging_mixin.py:190} INFO - Sent 500
[2026-05-02T23:34:54.816+0000] {logging_mixin.py:190} INFO - Sent 561
[2026-05-02T23:34:54.824+0000] {logging_mixin.py:190} INFO - Sent 332
[2026-05-02T23:34:54.835+0000] {logging_mixin.py:190} INFO - Sent 110
[2026-05-02T23:34:54.843+0000] {logging_mixin.py:190} INFO - Sent 565
[2026-05-02T23:34:54.850+0000] {logging_mixin.py:190} INFO - Sent 203
[2026-05-02T23:34:54.856+0000] {logging_mixin.py:190} INFO - Sent 153
[2026-05-02T23:34:54.864+0000] {logging_mixin.py:190} INFO - Sent 441
[2026-05-02T23:34:54.871+0000] {logging_mixin.py:190} INFO - Sent 182
[2026-05-02T23:34:54.878+0000] {logging_mixin.py:190} INFO - Sent 140
[2026-05-02T23:34:54.886+0000] {logging_mixin.py:190} INFO - Sent 77
[2026-05-02T23:34:54.893+0000] {logging_mixin.py:190} INFO - Sent 408
[2026-05-02T23:34:54.900+0000] {logging_mixin.py:190} INFO - Sent 549
[2026-05-02T23:34:54.906+0000] {logging_mixin.py:190} INFO - Sent 530
[2026-05-02T23:34:54.913+0000] {logging_mixin.py:190} INFO - Sent 163
[2026-05-02T23:34:54.920+0000] {logging_mixin.py:190} INFO - Sent 503
[2026-05-02T23:34:54.927+0000] {logging_mixin.py:190} INFO - Sent 148
[2026-05-02T23:34:54.936+0000] {logging_mixin.py:190} INFO - Sent 486
[2026-05-02T23:34:54.944+0000] {logging_mixin.py:190} INFO - Sent 75
[2026-05-02T23:34:54.951+0000] {logging_mixin.py:190} INFO - Sent 249
[2026-05-02T23:34:54.960+0000] {logging_mixin.py:190} INFO - Sent 238
[2026-05-02T23:34:54.966+0000] {logging_mixin.py:190} INFO - Sent 265
[2026-05-02T23:34:54.966+0000] {python.py:240} INFO - Done. Returned value was: None
[2026-05-02T23:34:54.970+0000] {taskinstance.py:340} INFO - ::group::Post task execution logs
[2026-05-02T23:34:54.970+0000] {taskinstance.py:352} INFO - Marking task as SUCCESS. dag_id=message_queue_dag, task_id=add_message_queue, run_id=manual__2026-05-02T23:34:49.512161+00:00, execution_date=20260502T233449, start_date=20260502T233453, end_date=20260502T233454
[2026-05-02T23:34:54.986+0000] {local_task_job_runner.py:266} INFO - Task exited with return code 0
[2026-05-02T23:34:54.995+0000] {taskinstance.py:3900} INFO - 0 downstream tasks scheduled from follow-on schedule check
[2026-05-02T23:34:54.996+0000] {local_task_job_runner.py:245} INFO - ::endgroup::
