[2026-04-30T00:12:25.991+0000] {manager.py:483} INFO - Processing files using up to 1 processes at a time 
[2026-04-30T00:12:25.991+0000] {manager.py:484} INFO - Process each file at most once every 30 seconds
[2026-04-30T00:12:25.992+0000] {manager.py:485} INFO - Checking for new files in /home/ec2-user/environment/asynchronous_ai_inference_system/dags every 300 seconds
[2026-04-30T00:12:25.992+0000] {manager.py:821} INFO - Searching for files in /home/ec2-user/environment/asynchronous_ai_inference_system/dags
[2026-04-30T00:12:25.993+0000] {manager.py:824} INFO - There are 4 files in /home/ec2-user/environment/asynchronous_ai_inference_system/dags
[2026-04-30T00:12:27.742+0000] {manager.py:997} INFO - 
================================================================================
DAG File Processing Stats

File Path                                                                                    PID    Runtime      # DAGs    # Errors  Last Runtime    Last Run               Last # of DB Queries
-------------------------------------------------------------------------------------------  -----  ---------  --------  ----------  --------------  -------------------  ----------------------
/home/ec2-user/environment/asynchronous_ai_inference_system/dags/train_model_dag.py                                   1           0  1.71s           2026-04-30T00:12:27                      43
/home/ec2-user/environment/asynchronous_ai_inference_system/dags/generate_data_dag.py                                 0           0                                                            0
/home/ec2-user/environment/asynchronous_ai_inference_system/dags/ml_pipeline_dag.py                                   0           0                                                            0
/home/ec2-user/environment/asynchronous_ai_inference_system/dags/ml_training_pipeline_v2.py                           0           0                                                            0
================================================================================
[2026-04-30T00:12:59.390+0000] {manager.py:997} INFO - 
================================================================================
DAG File Processing Stats

File Path                                                                                    PID    Runtime      # DAGs    # Errors  Last Runtime    Last Run               Last # of DB Queries
-------------------------------------------------------------------------------------------  -----  ---------  --------  ----------  --------------  -------------------  ----------------------
/home/ec2-user/environment/asynchronous_ai_inference_system/dags/ml_training_pipeline_v2.py                           1           0  1.71s           2026-04-30T00:12:30                      43
/home/ec2-user/environment/asynchronous_ai_inference_system/dags/ml_pipeline_dag.py                                   1           0  1.71s           2026-04-30T00:12:32                      43
/home/ec2-user/environment/asynchronous_ai_inference_system/dags/generate_data_dag.py                                 1           0  1.61s           2026-04-30T00:12:35                      43
/home/ec2-user/environment/asynchronous_ai_inference_system/dags/train_model_dag.py                                   1           0  1.51s           2026-04-30T00:12:59                      10
================================================================================
[2026-04-30T00:13:31.324+0000] {manager.py:997} INFO - 
================================================================================
DAG File Processing Stats

File Path                                                                                    PID    Runtime      # DAGs    # Errors  Last Runtime    Last Run               Last # of DB Queries
-------------------------------------------------------------------------------------------  -----  ---------  --------  ----------  --------------  -------------------  ----------------------
/home/ec2-user/environment/asynchronous_ai_inference_system/dags/generate_data_dag.py                                 1           0  1.51s           2026-04-30T00:13:07                      10
/home/ec2-user/environment/asynchronous_ai_inference_system/dags/train_model_dag.py                                   1           0  1.51s           2026-04-30T00:13:31                      10
/home/ec2-user/environment/asynchronous_ai_inference_system/dags/ml_training_pipeline_v2.py                           1           0  1.51s           2026-04-30T00:13:02                      10
/home/ec2-user/environment/asynchronous_ai_inference_system/dags/ml_pipeline_dag.py                                   1           0  1.51s           2026-04-30T00:13:05                      10
================================================================================
[2026-04-30T00:14:02.919+0000] {manager.py:997} INFO - 
================================================================================
DAG File Processing Stats

File Path                                                                                    PID    Runtime      # DAGs    # Errors  Last Runtime    Last Run               Last # of DB Queries
-------------------------------------------------------------------------------------------  -----  ---------  --------  ----------  --------------  -------------------  ----------------------
/home/ec2-user/environment/asynchronous_ai_inference_system/dags/ml_training_pipeline_v2.py                           1           0  1.61s           2026-04-30T00:13:34                      10
/home/ec2-user/environment/asynchronous_ai_inference_system/dags/train_model_dag.py                                   1           0  1.51s           2026-04-30T00:14:02                      10
/home/ec2-user/environment/asynchronous_ai_inference_system/dags/generate_data_dag.py                                 1           0  1.51s           2026-04-30T00:13:39                      10
/home/ec2-user/environment/asynchronous_ai_inference_system/dags/ml_pipeline_dag.py                                   1           0  1.51s           2026-04-30T00:13:37                      10
================================================================================
[2026-04-30T00:14:35.227+0000] {manager.py:997} INFO - 
================================================================================
DAG File Processing Stats

File Path                                                                                    PID    Runtime      # DAGs    # Errors  Last Runtime    Last Run               Last # of DB Queries
-------------------------------------------------------------------------------------------  -----  ---------  --------  ----------  --------------  -------------------  ----------------------
/home/ec2-user/environment/asynchronous_ai_inference_system/dags/ml_training_pipeline_v2.py                           1           0  1.51s           2026-04-30T00:14:07                      10
/home/ec2-user/environment/asynchronous_ai_inference_system/dags/ml_pipeline_dag.py                                   1           0  1.51s           2026-04-30T00:14:09                      10
/home/ec2-user/environment/asynchronous_ai_inference_system/dags/train_model_dag.py                                   1           0  1.51s           2026-04-30T00:14:35                      10
/home/ec2-user/environment/asynchronous_ai_inference_system/dags/generate_data_dag.py                                 1           0  1.41s           2026-04-30T00:14:11                      10
================================================================================
[2026-04-30T00:15:07.538+0000] {manager.py:997} INFO - 
================================================================================
DAG File Processing Stats

File Path                                                                                    PID    Runtime      # DAGs    # Errors  Last Runtime    Last Run               Last # of DB Queries
-------------------------------------------------------------------------------------------  -----  ---------  --------  ----------  --------------  -------------------  ----------------------
/home/ec2-user/environment/asynchronous_ai_inference_system/dags/ml_training_pipeline_v2.py                           1           0  1.51s           2026-04-30T00:14:39                      10
/home/ec2-user/environment/asynchronous_ai_inference_system/dags/train_model_dag.py                                   1           0  1.51s           2026-04-30T00:15:07                      10
/home/ec2-user/environment/asynchronous_ai_inference_system/dags/ml_pipeline_dag.py                                   1           0  1.51s           2026-04-30T00:14:41                      10
/home/ec2-user/environment/asynchronous_ai_inference_system/dags/generate_data_dag.py                                 1           0  1.41s           2026-04-30T00:14:43                      10
================================================================================
[2026-04-30T00:15:39.726+0000] {manager.py:997} INFO - 
================================================================================
DAG File Processing Stats

File Path                                                                                    PID    Runtime      # DAGs    # Errors  Last Runtime    Last Run               Last # of DB Queries
-------------------------------------------------------------------------------------------  -----  ---------  --------  ----------  --------------  -------------------  ----------------------
/home/ec2-user/environment/asynchronous_ai_inference_system/dags/ml_training_pipeline_v2.py                           1           0  1.51s           2026-04-30T00:15:11                      10
/home/ec2-user/environment/asynchronous_ai_inference_system/dags/train_model_dag.py                                   1           0  1.51s           2026-04-30T00:15:39                      10
/home/ec2-user/environment/asynchronous_ai_inference_system/dags/ml_pipeline_dag.py                                   1           0  1.51s           2026-04-30T00:15:13                      10
/home/ec2-user/environment/asynchronous_ai_inference_system/dags/generate_data_dag.py                                 1           0  1.41s           2026-04-30T00:15:16                      10
================================================================================
[2026-04-30T00:16:11.905+0000] {manager.py:997} INFO - 
================================================================================
DAG File Processing Stats

File Path                                                                                    PID    Runtime      # DAGs    # Errors  Last Runtime    Last Run               Last # of DB Queries
-------------------------------------------------------------------------------------------  -----  ---------  --------  ----------  --------------  -------------------  ----------------------
/home/ec2-user/environment/asynchronous_ai_inference_system/dags/ml_pipeline_dag.py                                   1           0  2.11s           2026-04-30T00:15:46                      10
/home/ec2-user/environment/asynchronous_ai_inference_system/dags/ml_training_pipeline_v2.py                           1           0  2.01s           2026-04-30T00:15:43                      10
/home/ec2-user/environment/asynchronous_ai_inference_system/dags/train_model_dag.py                                   1           0  1.51s           2026-04-30T00:16:11                      10
/home/ec2-user/environment/asynchronous_ai_inference_system/dags/generate_data_dag.py                                 1           0  1.51s           2026-04-30T00:15:48                      10
================================================================================
[2026-04-30T00:16:43.490+0000] {manager.py:997} INFO - 
================================================================================
DAG File Processing Stats

File Path                                                                                    PID    Runtime      # DAGs    # Errors  Last Runtime    Last Run               Last # of DB Queries
-------------------------------------------------------------------------------------------  -----  ---------  --------  ----------  --------------  -------------------  ----------------------
/home/ec2-user/environment/asynchronous_ai_inference_system/dags/ml_training_pipeline_v2.py                           1           0  1.61s           2026-04-30T00:16:15                      10
/home/ec2-user/environment/asynchronous_ai_inference_system/dags/generate_data_dag.py                                 1           0  1.51s           2026-04-30T00:16:20                      10
/home/ec2-user/environment/asynchronous_ai_inference_system/dags/train_model_dag.py                                   1           0  1.51s           2026-04-30T00:16:43                      10
/home/ec2-user/environment/asynchronous_ai_inference_system/dags/ml_pipeline_dag.py                                   1           0  1.51s           2026-04-30T00:16:17                      10
================================================================================
[2026-04-30T00:17:15.067+0000] {manager.py:997} INFO - 
================================================================================
DAG File Processing Stats

File Path                                                                                    PID    Runtime      # DAGs    # Errors  Last Runtime    Last Run               Last # of DB Queries
-------------------------------------------------------------------------------------------  -----  ---------  --------  ----------  --------------  -------------------  ----------------------
/home/ec2-user/environment/asynchronous_ai_inference_system/dags/ml_training_pipeline_v2.py                           1           0  1.61s           2026-04-30T00:16:46                      10
/home/ec2-user/environment/asynchronous_ai_inference_system/dags/generate_data_dag.py                                 1           0  1.51s           2026-04-30T00:16:51                      10
/home/ec2-user/environment/asynchronous_ai_inference_system/dags/ml_pipeline_dag.py                                   1           0  1.51s           2026-04-30T00:16:49                      10
/home/ec2-user/environment/asynchronous_ai_inference_system/dags/train_model_dag.py                                   1           0  1.51s           2026-04-30T00:17:15                      10
================================================================================
[2026-04-30T00:17:26.044+0000] {manager.py:821} INFO - Searching for files in /home/ec2-user/environment/asynchronous_ai_inference_system/dags
[2026-04-30T00:17:26.046+0000] {manager.py:824} INFO - There are 4 files in /home/ec2-user/environment/asynchronous_ai_inference_system/dags
[2026-04-30T00:17:46.640+0000] {manager.py:997} INFO - 
================================================================================
DAG File Processing Stats

File Path                                                                                    PID    Runtime      # DAGs    # Errors  Last Runtime    Last Run               Last # of DB Queries
-------------------------------------------------------------------------------------------  -----  ---------  --------  ----------  --------------  -------------------  ----------------------
/home/ec2-user/environment/asynchronous_ai_inference_system/dags/ml_training_pipeline_v2.py                           1           0  1.61s           2026-04-30T00:17:18                      10
/home/ec2-user/environment/asynchronous_ai_inference_system/dags/ml_pipeline_dag.py                                   1           0  1.51s           2026-04-30T00:17:20                      10
/home/ec2-user/environment/asynchronous_ai_inference_system/dags/generate_data_dag.py                                 1           0  1.51s           2026-04-30T00:17:23                      10
/home/ec2-user/environment/asynchronous_ai_inference_system/dags/train_model_dag.py                                   1           0  1.51s           2026-04-30T00:17:46                      10
================================================================================
[2026-04-30T00:18:18.213+0000] {manager.py:997} INFO - 
================================================================================
DAG File Processing Stats

File Path                                                                                    PID    Runtime      # DAGs    # Errors  Last Runtime    Last Run               Last # of DB Queries
-------------------------------------------------------------------------------------------  -----  ---------  --------  ----------  --------------  -------------------  ----------------------
/home/ec2-user/environment/asynchronous_ai_inference_system/dags/ml_training_pipeline_v2.py                           1           0  1.61s           2026-04-30T00:17:50                      10
/home/ec2-user/environment/asynchronous_ai_inference_system/dags/train_model_dag.py                                   1           0  1.51s           2026-04-30T00:18:18                      10
/home/ec2-user/environment/asynchronous_ai_inference_system/dags/ml_pipeline_dag.py                                   1           0  1.51s           2026-04-30T00:17:52                      10
/home/ec2-user/environment/asynchronous_ai_inference_system/dags/generate_data_dag.py                                 1           0  1.41s           2026-04-30T00:17:54                      10
================================================================================
[2026-04-30T00:18:50.532+0000] {manager.py:997} INFO - 
================================================================================
DAG File Processing Stats

File Path                                                                                    PID    Runtime      # DAGs    # Errors  Last Runtime    Last Run               Last # of DB Queries
-------------------------------------------------------------------------------------------  -----  ---------  --------  ----------  --------------  -------------------  ----------------------
/home/ec2-user/environment/asynchronous_ai_inference_system/dags/ml_training_pipeline_v2.py                           1           0  1.51s           2026-04-30T00:18:22                      10
/home/ec2-user/environment/asynchronous_ai_inference_system/dags/generate_data_dag.py                                 1           0  1.41s           2026-04-30T00:18:26                      10
/home/ec2-user/environment/asynchronous_ai_inference_system/dags/ml_pipeline_dag.py                                   1           0  1.41s           2026-04-30T00:18:23                      10
/home/ec2-user/environment/asynchronous_ai_inference_system/dags/train_model_dag.py                                   1           0  1.41s           2026-04-30T00:18:50                      10
================================================================================
[2026-04-30T00:18:52.434+0000] {manager.py:465} INFO - Exiting gracefully upon receiving signal 15
[2026-04-30T00:19:10.124+0000] {manager.py:483} INFO - Processing files using up to 1 processes at a time 
[2026-04-30T00:19:10.124+0000] {manager.py:484} INFO - Process each file at most once every 30 seconds
[2026-04-30T00:19:10.125+0000] {manager.py:485} INFO - Checking for new files in /home/ec2-user/environment/asynchronous_ai_inference_system/dags every 300 seconds
[2026-04-30T00:19:10.125+0000] {manager.py:821} INFO - Searching for files in /home/ec2-user/environment/asynchronous_ai_inference_system/dags
[2026-04-30T00:19:10.126+0000] {manager.py:824} INFO - There are 4 files in /home/ec2-user/environment/asynchronous_ai_inference_system/dags
[2026-04-30T00:19:11.668+0000] {manager.py:997} INFO - 
================================================================================
DAG File Processing Stats

File Path                                                                                    PID    Runtime      # DAGs    # Errors  Last Runtime    Last Run               Last # of DB Queries
-------------------------------------------------------------------------------------------  -----  ---------  --------  ----------  --------------  -------------------  ----------------------
/home/ec2-user/environment/asynchronous_ai_inference_system/dags/train_model_dag.py                                   1           0  1.51s           2026-04-30T00:19:11                      10
/home/ec2-user/environment/asynchronous_ai_inference_system/dags/generate_data_dag.py                                 0           0                                                            0
/home/ec2-user/environment/asynchronous_ai_inference_system/dags/ml_pipeline_dag.py                                   0           0                                                            0
/home/ec2-user/environment/asynchronous_ai_inference_system/dags/ml_training_pipeline_v2.py                           0           0                                                            0
================================================================================
[2026-04-30T00:19:43.331+0000] {manager.py:997} INFO - 
================================================================================
DAG File Processing Stats

File Path                                                                                    PID    Runtime      # DAGs    # Errors  Last Runtime    Last Run               Last # of DB Queries
-------------------------------------------------------------------------------------------  -----  ---------  --------  ----------  --------------  -------------------  ----------------------
/home/ec2-user/environment/asynchronous_ai_inference_system/dags/train_model_dag.py                                   1           0  1.51s           2026-04-30T00:19:43                      10
/home/ec2-user/environment/asynchronous_ai_inference_system/dags/ml_training_pipeline_v2.py                           1           0  1.51s           2026-04-30T00:19:14                      10
/home/ec2-user/environment/asynchronous_ai_inference_system/dags/generate_data_dag.py                                 1           0  1.51s           2026-04-30T00:19:19                      10
/home/ec2-user/environment/asynchronous_ai_inference_system/dags/ml_pipeline_dag.py                                   1           0  1.51s           2026-04-30T00:19:16                      10
================================================================================
[2026-04-30T00:20:15.098+0000] {manager.py:997} INFO - 
================================================================================
DAG File Processing Stats

File Path                                                                                    PID    Runtime      # DAGs    # Errors  Last Runtime    Last Run               Last # of DB Queries
-------------------------------------------------------------------------------------------  -----  ---------  --------  ----------  --------------  -------------------  ----------------------
/home/ec2-user/environment/asynchronous_ai_inference_system/dags/train_model_dag.py                                   1           0  1.51s           2026-04-30T00:20:15                      10
/home/ec2-user/environment/asynchronous_ai_inference_system/dags/ml_pipeline_dag.py                                   1           0  1.51s           2026-04-30T00:19:48                      10
/home/ec2-user/environment/asynchronous_ai_inference_system/dags/ml_training_pipeline_v2.py                           1           0  1.51s           2026-04-30T00:19:45                      10
/home/ec2-user/environment/asynchronous_ai_inference_system/dags/generate_data_dag.py                                 1           0  1.41s           2026-04-30T00:19:50                      10
================================================================================
[2026-04-30T00:20:46.869+0000] {manager.py:997} INFO - 
================================================================================
DAG File Processing Stats

File Path                                                                                    PID    Runtime      # DAGs    # Errors  Last Runtime    Last Run               Last # of DB Queries
-------------------------------------------------------------------------------------------  -----  ---------  --------  ----------  --------------  -------------------  ----------------------
/home/ec2-user/environment/asynchronous_ai_inference_system/dags/train_model_dag.py                                   1           0  1.51s           2026-04-30T00:20:46                      10
/home/ec2-user/environment/asynchronous_ai_inference_system/dags/ml_pipeline_dag.py                                   1           0  1.51s           2026-04-30T00:20:20                      10
/home/ec2-user/environment/asynchronous_ai_inference_system/dags/ml_training_pipeline_v2.py                           1           0  1.51s           2026-04-30T00:20:17                      10
/home/ec2-user/environment/asynchronous_ai_inference_system/dags/generate_data_dag.py                                 1           0  1.41s           2026-04-30T00:20:22                      10
================================================================================
[2026-04-30T00:21:18.704+0000] {manager.py:997} INFO - 
================================================================================
DAG File Processing Stats

File Path                                                                                    PID    Runtime      # DAGs    # Errors  Last Runtime    Last Run               Last # of DB Queries
-------------------------------------------------------------------------------------------  -----  ---------  --------  ----------  --------------  -------------------  ----------------------
/home/ec2-user/environment/asynchronous_ai_inference_system/dags/ml_training_pipeline_v2.py                           1           0  1.61s           2026-04-30T00:20:49                      10
/home/ec2-user/environment/asynchronous_ai_inference_system/dags/generate_data_dag.py                                 1           0  1.51s           2026-04-30T00:20:54                      10
/home/ec2-user/environment/asynchronous_ai_inference_system/dags/ml_pipeline_dag.py                                   1           0  1.51s           2026-04-30T00:20:52                      10
/home/ec2-user/environment/asynchronous_ai_inference_system/dags/train_model_dag.py                                   1           0  1.51s           2026-04-30T00:21:18                      10
================================================================================
[2026-04-30T00:21:50.496+0000] {manager.py:997} INFO - 
================================================================================
DAG File Processing Stats

File Path                                                                                    PID    Runtime      # DAGs    # Errors  Last Runtime    Last Run               Last # of DB Queries
-------------------------------------------------------------------------------------------  -----  ---------  --------  ----------  --------------  -------------------  ----------------------
/home/ec2-user/environment/asynchronous_ai_inference_system/dags/ml_training_pipeline_v2.py                           1           0  1.51s           2026-04-30T00:21:21                      10
/home/ec2-user/environment/asynchronous_ai_inference_system/dags/train_model_dag.py                                   1           0  1.51s           2026-04-30T00:21:50                      10
/home/ec2-user/environment/asynchronous_ai_inference_system/dags/ml_pipeline_dag.py                                   1           0  1.51s           2026-04-30T00:21:23                      10
/home/ec2-user/environment/asynchronous_ai_inference_system/dags/generate_data_dag.py                                 1           0  1.41s           2026-04-30T00:21:25                      10
================================================================================
[2026-04-30T00:22:17.480+0000] {manager.py:465} INFO - Exiting gracefully upon receiving signal 15
[2026-04-30T00:24:27.222+0000] {manager.py:483} INFO - Processing files using up to 1 processes at a time 
[2026-04-30T00:24:27.223+0000] {manager.py:484} INFO - Process each file at most once every 30 seconds
[2026-04-30T00:24:27.223+0000] {manager.py:485} INFO - Checking for new files in /home/ec2-user/environment/asynchronous_ai_inference_system/dags every 300 seconds
[2026-04-30T00:24:27.223+0000] {manager.py:821} INFO - Searching for files in /home/ec2-user/environment/asynchronous_ai_inference_system/dags
[2026-04-30T00:24:27.225+0000] {manager.py:824} INFO - There are 4 files in /home/ec2-user/environment/asynchronous_ai_inference_system/dags
[2026-04-30T00:24:28.764+0000] {manager.py:997} INFO - 
================================================================================
DAG File Processing Stats

File Path                                                                                    PID    Runtime      # DAGs    # Errors  Last Runtime    Last Run               Last # of DB Queries
-------------------------------------------------------------------------------------------  -----  ---------  --------  ----------  --------------  -------------------  ----------------------
/home/ec2-user/environment/asynchronous_ai_inference_system/dags/train_model_dag.py                                   1           0  1.51s           2026-04-30T00:24:28                      10
/home/ec2-user/environment/asynchronous_ai_inference_system/dags/generate_data_dag.py                                 0           0                                                            0
/home/ec2-user/environment/asynchronous_ai_inference_system/dags/ml_pipeline_dag.py                                   0           0                                                            0
/home/ec2-user/environment/asynchronous_ai_inference_system/dags/ml_training_pipeline_v2.py                           0           0                                                            0
================================================================================
[2026-04-30T00:25:00.406+0000] {manager.py:997} INFO - 
================================================================================
DAG File Processing Stats

File Path                                                                                    PID    Runtime      # DAGs    # Errors  Last Runtime    Last Run               Last # of DB Queries
-------------------------------------------------------------------------------------------  -----  ---------  --------  ----------  --------------  -------------------  ----------------------
/home/ec2-user/environment/asynchronous_ai_inference_system/dags/train_model_dag.py                                   1           0  1.51s           2026-04-30T00:25:00                      10
/home/ec2-user/environment/asynchronous_ai_inference_system/dags/ml_training_pipeline_v2.py                           1           0  1.51s           2026-04-30T00:24:31                      10
/home/ec2-user/environment/asynchronous_ai_inference_system/dags/ml_pipeline_dag.py                                   1           0  1.51s           2026-04-30T00:24:33                      10
/home/ec2-user/environment/asynchronous_ai_inference_system/dags/generate_data_dag.py                                 1           0  1.41s           2026-04-30T00:24:36                      10
================================================================================
[2026-04-30T00:25:32.281+0000] {manager.py:997} INFO - 
================================================================================
DAG File Processing Stats

File Path                                                                                    PID    Runtime      # DAGs    # Errors  Last Runtime    Last Run               Last # of DB Queries
-------------------------------------------------------------------------------------------  -----  ---------  --------  ----------  --------------  -------------------  ----------------------
/home/ec2-user/environment/asynchronous_ai_inference_system/dags/ml_training_pipeline_v2.py                           1           0  1.61s           2026-04-30T00:25:03                      10
/home/ec2-user/environment/asynchronous_ai_inference_system/dags/train_model_dag.py                                   1           0  1.51s           2026-04-30T00:25:32                      10
/home/ec2-user/environment/asynchronous_ai_inference_system/dags/ml_pipeline_dag.py                                   1           0  1.51s           2026-04-30T00:25:05                      10
/home/ec2-user/environment/asynchronous_ai_inference_system/dags/generate_data_dag.py                                 1           0  1.41s           2026-04-30T00:25:08                      10
================================================================================
[2026-04-30T00:26:04.314+0000] {manager.py:997} INFO - 
================================================================================
DAG File Processing Stats

File Path                                                                                    PID    Runtime      # DAGs    # Errors  Last Runtime    Last Run               Last # of DB Queries
-------------------------------------------------------------------------------------------  -----  ---------  --------  ----------  --------------  -------------------  ----------------------
/home/ec2-user/environment/asynchronous_ai_inference_system/dags/ml_training_pipeline_v2.py                           1           0  1.71s           2026-04-30T00:25:35                      10
/home/ec2-user/environment/asynchronous_ai_inference_system/dags/train_model_dag.py                                   1           0  1.51s           2026-04-30T00:26:04                      10
/home/ec2-user/environment/asynchronous_ai_inference_system/dags/ml_pipeline_dag.py                                   1           0  1.51s           2026-04-30T00:25:40                      10
/home/ec2-user/environment/asynchronous_ai_inference_system/dags/generate_data_dag.py                                 1           0  1.41s           2026-04-30T00:25:45                      10
================================================================================
[2026-04-30T00:26:35.908+0000] {manager.py:997} INFO - 
================================================================================
DAG File Processing Stats

File Path                                                                                    PID    Runtime      # DAGs    # Errors  Last Runtime    Last Run               Last # of DB Queries
-------------------------------------------------------------------------------------------  -----  ---------  --------  ----------  --------------  -------------------  ----------------------
/home/ec2-user/environment/asynchronous_ai_inference_system/dags/ml_pipeline_dag.py                                   1           0  1.51s           2026-04-30T00:26:12                      10
/home/ec2-user/environment/asynchronous_ai_inference_system/dags/ml_training_pipeline_v2.py                           1           0  1.51s           2026-04-30T00:26:07                      10
/home/ec2-user/environment/asynchronous_ai_inference_system/dags/train_model_dag.py                                   1           0  1.51s           2026-04-30T00:26:35                      10
/home/ec2-user/environment/asynchronous_ai_inference_system/dags/generate_data_dag.py                                 1           0  1.41s           2026-04-30T00:26:17                      10
================================================================================
[2026-04-30T00:27:07.508+0000] {manager.py:997} INFO - 
================================================================================
DAG File Processing Stats

File Path                                                                                    PID    Runtime      # DAGs    # Errors  Last Runtime    Last Run               Last # of DB Queries
-------------------------------------------------------------------------------------------  -----  ---------  --------  ----------  --------------  -------------------  ----------------------
/home/ec2-user/environment/asynchronous_ai_inference_system/dags/ml_training_pipeline_v2.py                           1           0  1.61s           2026-04-30T00:26:39                      10
/home/ec2-user/environment/asynchronous_ai_inference_system/dags/generate_data_dag.py                                 1           0  1.51s           2026-04-30T00:26:49                      10
/home/ec2-user/environment/asynchronous_ai_inference_system/dags/ml_pipeline_dag.py                                   1           0  1.51s           2026-04-30T00:26:44                      10
/home/ec2-user/environment/asynchronous_ai_inference_system/dags/train_model_dag.py                                   1           0  1.51s           2026-04-30T00:27:07                      10
================================================================================
[2026-04-30T00:27:39.110+0000] {manager.py:997} INFO - 
================================================================================
DAG File Processing Stats

File Path                                                                                    PID    Runtime      # DAGs    # Errors  Last Runtime    Last Run               Last # of DB Queries
-------------------------------------------------------------------------------------------  -----  ---------  --------  ----------  --------------  -------------------  ----------------------
/home/ec2-user/environment/asynchronous_ai_inference_system/dags/ml_training_pipeline_v2.py                           1           0  1.61s           2026-04-30T00:27:12                      10
/home/ec2-user/environment/asynchronous_ai_inference_system/dags/train_model_dag.py                                   1           0  1.51s           2026-04-30T00:27:39                      10
/home/ec2-user/environment/asynchronous_ai_inference_system/dags/ml_pipeline_dag.py                                   1           0  1.51s           2026-04-30T00:27:16                      10
/home/ec2-user/environment/asynchronous_ai_inference_system/dags/generate_data_dag.py                                 1           0  1.51s           2026-04-30T00:27:21                      10
================================================================================
[2026-04-30T00:28:10.712+0000] {manager.py:997} INFO - 
================================================================================
DAG File Processing Stats

File Path                                                                                    PID    Runtime      # DAGs    # Errors  Last Runtime    Last Run               Last # of DB Queries
-------------------------------------------------------------------------------------------  -----  ---------  --------  ----------  --------------  -------------------  ----------------------
/home/ec2-user/environment/asynchronous_ai_inference_system/dags/ml_training_pipeline_v2.py                           1           0  1.61s           2026-04-30T00:27:44                      10
/home/ec2-user/environment/asynchronous_ai_inference_system/dags/ml_pipeline_dag.py                                   1           0  1.51s           2026-04-30T00:27:47                      10
/home/ec2-user/environment/asynchronous_ai_inference_system/dags/generate_data_dag.py                                 1           0  1.51s           2026-04-30T00:27:53                      10
/home/ec2-user/environment/asynchronous_ai_inference_system/dags/train_model_dag.py                                   1           0  1.51s           2026-04-30T00:28:10                      10
================================================================================
[2026-04-30T00:28:42.313+0000] {manager.py:997} INFO - 
================================================================================
DAG File Processing Stats

File Path                                                                                    PID    Runtime      # DAGs    # Errors  Last Runtime    Last Run               Last # of DB Queries
-------------------------------------------------------------------------------------------  -----  ---------  --------  ----------  --------------  -------------------  ----------------------
/home/ec2-user/environment/asynchronous_ai_inference_system/dags/train_model_dag.py                                   1           0  1.51s           2026-04-30T00:28:42                      10
/home/ec2-user/environment/asynchronous_ai_inference_system/dags/generate_data_dag.py                                 1           0  1.51s           2026-04-30T00:28:25                      10
/home/ec2-user/environment/asynchronous_ai_inference_system/dags/ml_training_pipeline_v2.py                           1           0  1.51s           2026-04-30T00:28:17                      10
/home/ec2-user/environment/asynchronous_ai_inference_system/dags/ml_pipeline_dag.py                                   1           0  1.51s           2026-04-30T00:28:19                      10
================================================================================
[2026-04-30T00:29:13.907+0000] {manager.py:997} INFO - 
================================================================================
DAG File Processing Stats

File Path                                                                                    PID    Runtime      # DAGs    # Errors  Last Runtime    Last Run               Last # of DB Queries
-------------------------------------------------------------------------------------------  -----  ---------  --------  ----------  --------------  -------------------  ----------------------
/home/ec2-user/environment/asynchronous_ai_inference_system/dags/ml_training_pipeline_v2.py                           1           0  1.53s           2026-04-30T00:28:49                      10
/home/ec2-user/environment/asynchronous_ai_inference_system/dags/train_model_dag.py                                   1           0  1.51s           2026-04-30T00:29:13                      10
/home/ec2-user/environment/asynchronous_ai_inference_system/dags/generate_data_dag.py                                 1           0  1.51s           2026-04-30T00:28:57                      10
/home/ec2-user/environment/asynchronous_ai_inference_system/dags/ml_pipeline_dag.py                                   1           0  1.51s           2026-04-30T00:28:50                      10
================================================================================
[2026-04-30T00:29:27.295+0000] {manager.py:821} INFO - Searching for files in /home/ec2-user/environment/asynchronous_ai_inference_system/dags
[2026-04-30T00:29:27.296+0000] {manager.py:824} INFO - There are 4 files in /home/ec2-user/environment/asynchronous_ai_inference_system/dags
[2026-04-30T00:29:45.503+0000] {manager.py:997} INFO - 
================================================================================
DAG File Processing Stats

File Path                                                                                    PID    Runtime      # DAGs    # Errors  Last Runtime    Last Run               Last # of DB Queries
-------------------------------------------------------------------------------------------  -----  ---------  --------  ----------  --------------  -------------------  ----------------------
/home/ec2-user/environment/asynchronous_ai_inference_system/dags/ml_training_pipeline_v2.py                           1           0  1.61s           2026-04-30T00:29:20                      10
/home/ec2-user/environment/asynchronous_ai_inference_system/dags/generate_data_dag.py                                 1           0  1.51s           2026-04-30T00:29:29                      10
/home/ec2-user/environment/asynchronous_ai_inference_system/dags/train_model_dag.py                                   1           0  1.51s           2026-04-30T00:29:45                      10
/home/ec2-user/environment/asynchronous_ai_inference_system/dags/ml_pipeline_dag.py                                   1           0  1.51s           2026-04-30T00:29:23                      10
================================================================================
[2026-04-30T00:30:17.100+0000] {manager.py:997} INFO - 
================================================================================
DAG File Processing Stats

File Path                                                                                    PID    Runtime      # DAGs    # Errors  Last Runtime    Last Run               Last # of DB Queries
-------------------------------------------------------------------------------------------  -----  ---------  --------  ----------  --------------  -------------------  ----------------------
/home/ec2-user/environment/asynchronous_ai_inference_system/dags/ml_training_pipeline_v2.py                           1           0  1.61s           2026-04-30T00:29:52                      10
/home/ec2-user/environment/asynchronous_ai_inference_system/dags/ml_pipeline_dag.py                                   1           0  1.51s           2026-04-30T00:29:55                      10
/home/ec2-user/environment/asynchronous_ai_inference_system/dags/train_model_dag.py                                   1           0  1.51s           2026-04-30T00:30:17                      10
/home/ec2-user/environment/asynchronous_ai_inference_system/dags/generate_data_dag.py                                 1           0  1.51s           2026-04-30T00:30:02                      10
================================================================================
[2026-04-30T00:30:48.717+0000] {manager.py:997} INFO - 
================================================================================
DAG File Processing Stats

File Path                                                                                    PID    Runtime      # DAGs    # Errors  Last Runtime    Last Run               Last # of DB Queries
-------------------------------------------------------------------------------------------  -----  ---------  --------  ----------  --------------  -------------------  ----------------------
/home/ec2-user/environment/asynchronous_ai_inference_system/dags/generate_data_dag.py                                 1           0  1.51s           2026-04-30T00:30:33                      10
/home/ec2-user/environment/asynchronous_ai_inference_system/dags/ml_training_pipeline_v2.py                           1           0  1.51s           2026-04-30T00:30:24                      10
/home/ec2-user/environment/asynchronous_ai_inference_system/dags/ml_pipeline_dag.py                                   1           0  1.51s           2026-04-30T00:30:26                      10
/home/ec2-user/environment/asynchronous_ai_inference_system/dags/train_model_dag.py                                   1           0  1.41s           2026-04-30T00:30:48                      10
================================================================================
[2026-04-30T00:31:20.214+0000] {manager.py:997} INFO - 
================================================================================
DAG File Processing Stats

File Path                                                                                    PID    Runtime      # DAGs    # Errors  Last Runtime    Last Run               Last # of DB Queries
-------------------------------------------------------------------------------------------  -----  ---------  --------  ----------  --------------  -------------------  ----------------------
/home/ec2-user/environment/asynchronous_ai_inference_system/dags/ml_training_pipeline_v2.py                           1           0  1.51s           2026-04-30T00:30:55                      10
/home/ec2-user/environment/asynchronous_ai_inference_system/dags/train_model_dag.py                                   1           0  1.41s           2026-04-30T00:31:20                      10
/home/ec2-user/environment/asynchronous_ai_inference_system/dags/ml_pipeline_dag.py                                   1           0  1.41s           2026-04-30T00:30:58                      10
/home/ec2-user/environment/asynchronous_ai_inference_system/dags/generate_data_dag.py                                 1           0  1.41s           2026-04-30T00:31:05                      10
================================================================================
[2026-04-30T00:31:51.710+0000] {manager.py:997} INFO - 
================================================================================
DAG File Processing Stats

File Path                                                                                    PID    Runtime      # DAGs    # Errors  Last Runtime    Last Run               Last # of DB Queries
-------------------------------------------------------------------------------------------  -----  ---------  --------  ----------  --------------  -------------------  ----------------------
/home/ec2-user/environment/asynchronous_ai_inference_system/dags/ml_training_pipeline_v2.py                           1           0  1.51s           2026-04-30T00:31:27                      10
/home/ec2-user/environment/asynchronous_ai_inference_system/dags/generate_data_dag.py                                 1           0  1.41s           2026-04-30T00:31:36                      10
/home/ec2-user/environment/asynchronous_ai_inference_system/dags/train_model_dag.py                                   1           0  1.41s           2026-04-30T00:31:51                      10
/home/ec2-user/environment/asynchronous_ai_inference_system/dags/ml_pipeline_dag.py                                   1           0  1.41s           2026-04-30T00:31:29                      10
================================================================================
[2026-04-30T00:32:23.207+0000] {manager.py:997} INFO - 
================================================================================
DAG File Processing Stats

File Path                                                                                    PID    Runtime      # DAGs    # Errors  Last Runtime    Last Run               Last # of DB Queries
-------------------------------------------------------------------------------------------  -----  ---------  --------  ----------  --------------  -------------------  ----------------------
/home/ec2-user/environment/asynchronous_ai_inference_system/dags/ml_training_pipeline_v2.py                           1           0  1.51s           2026-04-30T00:31:58                      10
/home/ec2-user/environment/asynchronous_ai_inference_system/dags/train_model_dag.py                                   1           0  1.41s           2026-04-30T00:32:23                      10
/home/ec2-user/environment/asynchronous_ai_inference_system/dags/generate_data_dag.py                                 1           0  1.41s           2026-04-30T00:32:08                      10
/home/ec2-user/environment/asynchronous_ai_inference_system/dags/ml_pipeline_dag.py                                   1           0  1.41s           2026-04-30T00:32:01                      10
================================================================================
[2026-04-30T00:32:54.735+0000] {manager.py:997} INFO - 
================================================================================
DAG File Processing Stats

File Path                                                                                    PID    Runtime      # DAGs    # Errors  Last Runtime    Last Run               Last # of DB Queries
-------------------------------------------------------------------------------------------  -----  ---------  --------  ----------  --------------  -------------------  ----------------------
/home/ec2-user/environment/asynchronous_ai_inference_system/dags/ml_training_pipeline_v2.py                           1           0  1.92s           2026-04-30T00:32:30                      10
/home/ec2-user/environment/asynchronous_ai_inference_system/dags/generate_data_dag.py                                 1           0  1.41s           2026-04-30T00:32:40                      10
/home/ec2-user/environment/asynchronous_ai_inference_system/dags/ml_pipeline_dag.py                                   1           0  1.41s           2026-04-30T00:32:33                      10
/home/ec2-user/environment/asynchronous_ai_inference_system/dags/train_model_dag.py                                   1           0  1.41s           2026-04-30T00:32:54                      10
================================================================================
[2026-04-30T00:33:26.305+0000] {manager.py:997} INFO - 
================================================================================
DAG File Processing Stats

File Path                                                                                    PID    Runtime      # DAGs    # Errors  Last Runtime    Last Run               Last # of DB Queries
-------------------------------------------------------------------------------------------  -----  ---------  --------  ----------  --------------  -------------------  ----------------------
/home/ec2-user/environment/asynchronous_ai_inference_system/dags/ml_training_pipeline_v2.py                           1           0  1.51s           2026-04-30T00:33:02                      10
/home/ec2-user/environment/asynchronous_ai_inference_system/dags/generate_data_dag.py                                 1           0  1.41s           2026-04-30T00:33:11                      10
/home/ec2-user/environment/asynchronous_ai_inference_system/dags/train_model_dag.py                                   1           0  1.41s           2026-04-30T00:33:26                      10
/home/ec2-user/environment/asynchronous_ai_inference_system/dags/ml_pipeline_dag.py                                   1           0  1.41s           2026-04-30T00:33:04                      10
================================================================================
[2026-04-30T00:33:57.880+0000] {manager.py:997} INFO - 
================================================================================
DAG File Processing Stats

File Path                                                                                    PID    Runtime      # DAGs    # Errors  Last Runtime    Last Run               Last # of DB Queries
-------------------------------------------------------------------------------------------  -----  ---------  --------  ----------  --------------  -------------------  ----------------------
/home/ec2-user/environment/asynchronous_ai_inference_system/dags/ml_training_pipeline_v2.py                           1           0  1.51s           2026-04-30T00:33:33                      10
/home/ec2-user/environment/asynchronous_ai_inference_system/dags/ml_pipeline_dag.py                                   1           0  1.41s           2026-04-30T00:33:36                      10
/home/ec2-user/environment/asynchronous_ai_inference_system/dags/generate_data_dag.py                                 1           0  1.41s           2026-04-30T00:33:43                      10
/home/ec2-user/environment/asynchronous_ai_inference_system/dags/train_model_dag.py                                   1           0  1.41s           2026-04-30T00:33:57                      10
================================================================================
[2026-04-30T00:34:27.321+0000] {manager.py:821} INFO - Searching for files in /home/ec2-user/environment/asynchronous_ai_inference_system/dags
[2026-04-30T00:34:27.322+0000] {manager.py:824} INFO - There are 4 files in /home/ec2-user/environment/asynchronous_ai_inference_system/dags
[2026-04-30T00:34:29.553+0000] {manager.py:997} INFO - 
================================================================================
DAG File Processing Stats

File Path                                                                                    PID    Runtime      # DAGs    # Errors  Last Runtime    Last Run               Last # of DB Queries
-------------------------------------------------------------------------------------------  -----  ---------  --------  ----------  --------------  -------------------  ----------------------
/home/ec2-user/environment/asynchronous_ai_inference_system/dags/ml_pipeline_dag.py                                   1           0  1.61s           2026-04-30T00:34:08                      10
/home/ec2-user/environment/asynchronous_ai_inference_system/dags/train_model_dag.py                                   1           0  1.41s           2026-04-30T00:34:29                      10
/home/ec2-user/environment/asynchronous_ai_inference_system/dags/generate_data_dag.py                                 1           0  1.41s           2026-04-30T00:34:14                      10
/home/ec2-user/environment/asynchronous_ai_inference_system/dags/ml_training_pipeline_v2.py                           1           0  1.41s           2026-04-30T00:34:05                      10
================================================================================
[2026-04-30T00:34:48.550+0000] {manager.py:465} INFO - Exiting gracefully upon receiving signal 15
