[2026-05-02T16:46:23.292+0000] {processor.py:186} INFO - Started process (PID=4155) to work on /home/ec2-user/environment/asynchronous_ai_inference_system/dags/generate_data_dag.py
[2026-05-02T16:46:23.292+0000] {processor.py:914} INFO - Processing file /home/ec2-user/environment/asynchronous_ai_inference_system/dags/generate_data_dag.py for tasks to queue
[2026-05-02T16:46:23.293+0000] {logging_mixin.py:190} INFO - [2026-05-02T16:46:23.293+0000] {dagbag.py:588} INFO - Filling up the DagBag from /home/ec2-user/environment/asynchronous_ai_inference_system/dags/generate_data_dag.py
[2026-05-02T16:46:24.608+0000] {processor.py:925} INFO - DAG(s) 'generate_data_only' retrieved from /home/ec2-user/environment/asynchronous_ai_inference_system/dags/generate_data_dag.py
[2026-05-02T16:46:24.621+0000] {logging_mixin.py:190} INFO - [2026-05-02T16:46:24.620+0000] {dag.py:3239} INFO - Sync 1 DAGs
[2026-05-02T16:46:24.630+0000] {logging_mixin.py:190} INFO - [2026-05-02T16:46:24.630+0000] {dag.py:4180} INFO - Setting next_dagrun for generate_data_only to None, run_after=None
[2026-05-02T16:46:24.649+0000] {processor.py:208} INFO - Processing /home/ec2-user/environment/asynchronous_ai_inference_system/dags/generate_data_dag.py took 1.362 seconds
[2026-05-02T16:46:54.790+0000] {processor.py:186} INFO - Started process (PID=4401) to work on /home/ec2-user/environment/asynchronous_ai_inference_system/dags/generate_data_dag.py
[2026-05-02T16:46:54.791+0000] {processor.py:914} INFO - Processing file /home/ec2-user/environment/asynchronous_ai_inference_system/dags/generate_data_dag.py for tasks to queue
[2026-05-02T16:46:54.792+0000] {logging_mixin.py:190} INFO - [2026-05-02T16:46:54.792+0000] {dagbag.py:588} INFO - Filling up the DagBag from /home/ec2-user/environment/asynchronous_ai_inference_system/dags/generate_data_dag.py
[2026-05-02T16:46:56.076+0000] {processor.py:925} INFO - DAG(s) 'generate_data_only' retrieved from /home/ec2-user/environment/asynchronous_ai_inference_system/dags/generate_data_dag.py
[2026-05-02T16:46:56.088+0000] {logging_mixin.py:190} INFO - [2026-05-02T16:46:56.088+0000] {dag.py:3239} INFO - Sync 1 DAGs
[2026-05-02T16:46:56.098+0000] {logging_mixin.py:190} INFO - [2026-05-02T16:46:56.098+0000] {dag.py:4180} INFO - Setting next_dagrun for generate_data_only to None, run_after=None
[2026-05-02T16:46:56.116+0000] {processor.py:208} INFO - Processing /home/ec2-user/environment/asynchronous_ai_inference_system/dags/generate_data_dag.py took 1.330 seconds
[2026-05-02T16:47:26.283+0000] {processor.py:186} INFO - Started process (PID=4602) to work on /home/ec2-user/environment/asynchronous_ai_inference_system/dags/generate_data_dag.py
[2026-05-02T16:47:26.284+0000] {processor.py:914} INFO - Processing file /home/ec2-user/environment/asynchronous_ai_inference_system/dags/generate_data_dag.py for tasks to queue
[2026-05-02T16:47:26.285+0000] {logging_mixin.py:190} INFO - [2026-05-02T16:47:26.284+0000] {dagbag.py:588} INFO - Filling up the DagBag from /home/ec2-user/environment/asynchronous_ai_inference_system/dags/generate_data_dag.py
[2026-05-02T16:47:27.688+0000] {processor.py:925} INFO - DAG(s) 'generate_data_only' retrieved from /home/ec2-user/environment/asynchronous_ai_inference_system/dags/generate_data_dag.py
[2026-05-02T16:47:27.701+0000] {logging_mixin.py:190} INFO - [2026-05-02T16:47:27.701+0000] {dag.py:3239} INFO - Sync 1 DAGs
[2026-05-02T16:47:27.710+0000] {logging_mixin.py:190} INFO - [2026-05-02T16:47:27.710+0000] {dag.py:4180} INFO - Setting next_dagrun for generate_data_only to None, run_after=None
[2026-05-02T16:47:27.727+0000] {processor.py:208} INFO - Processing /home/ec2-user/environment/asynchronous_ai_inference_system/dags/generate_data_dag.py took 1.448 seconds
[2026-05-02T16:47:57.889+0000] {processor.py:186} INFO - Started process (PID=4790) to work on /home/ec2-user/environment/asynchronous_ai_inference_system/dags/generate_data_dag.py
[2026-05-02T16:47:57.890+0000] {processor.py:914} INFO - Processing file /home/ec2-user/environment/asynchronous_ai_inference_system/dags/generate_data_dag.py for tasks to queue
[2026-05-02T16:47:57.891+0000] {logging_mixin.py:190} INFO - [2026-05-02T16:47:57.891+0000] {dagbag.py:588} INFO - Filling up the DagBag from /home/ec2-user/environment/asynchronous_ai_inference_system/dags/generate_data_dag.py
[2026-05-02T16:47:59.294+0000] {processor.py:925} INFO - DAG(s) 'generate_data_only' retrieved from /home/ec2-user/environment/asynchronous_ai_inference_system/dags/generate_data_dag.py
[2026-05-02T16:47:59.306+0000] {logging_mixin.py:190} INFO - [2026-05-02T16:47:59.306+0000] {dag.py:3239} INFO - Sync 1 DAGs
[2026-05-02T16:47:59.314+0000] {logging_mixin.py:190} INFO - [2026-05-02T16:47:59.314+0000] {dag.py:4180} INFO - Setting next_dagrun for generate_data_only to None, run_after=None
[2026-05-02T16:47:59.331+0000] {processor.py:208} INFO - Processing /home/ec2-user/environment/asynchronous_ai_inference_system/dags/generate_data_dag.py took 1.447 seconds
[2026-05-02T16:48:30.577+0000] {processor.py:186} INFO - Started process (PID=5069) to work on /home/ec2-user/environment/asynchronous_ai_inference_system/dags/generate_data_dag.py
[2026-05-02T16:48:30.578+0000] {processor.py:914} INFO - Processing file /home/ec2-user/environment/asynchronous_ai_inference_system/dags/generate_data_dag.py for tasks to queue
[2026-05-02T16:48:30.579+0000] {logging_mixin.py:190} INFO - [2026-05-02T16:48:30.578+0000] {dagbag.py:588} INFO - Filling up the DagBag from /home/ec2-user/environment/asynchronous_ai_inference_system/dags/generate_data_dag.py
[2026-05-02T16:48:31.903+0000] {processor.py:925} INFO - DAG(s) 'generate_data_only' retrieved from /home/ec2-user/environment/asynchronous_ai_inference_system/dags/generate_data_dag.py
[2026-05-02T16:48:31.915+0000] {logging_mixin.py:190} INFO - [2026-05-02T16:48:31.915+0000] {dag.py:3239} INFO - Sync 1 DAGs
[2026-05-02T16:48:31.924+0000] {logging_mixin.py:190} INFO - [2026-05-02T16:48:31.924+0000] {dag.py:4180} INFO - Setting next_dagrun for generate_data_only to None, run_after=None
[2026-05-02T16:48:31.940+0000] {processor.py:208} INFO - Processing /home/ec2-user/environment/asynchronous_ai_inference_system/dags/generate_data_dag.py took 1.368 seconds
[2026-05-02T16:49:02.257+0000] {processor.py:186} INFO - Started process (PID=5291) to work on /home/ec2-user/environment/asynchronous_ai_inference_system/dags/generate_data_dag.py
[2026-05-02T16:49:02.258+0000] {processor.py:914} INFO - Processing file /home/ec2-user/environment/asynchronous_ai_inference_system/dags/generate_data_dag.py for tasks to queue
[2026-05-02T16:49:02.259+0000] {logging_mixin.py:190} INFO - [2026-05-02T16:49:02.259+0000] {dagbag.py:588} INFO - Filling up the DagBag from /home/ec2-user/environment/asynchronous_ai_inference_system/dags/generate_data_dag.py
[2026-05-02T16:49:03.625+0000] {processor.py:925} INFO - DAG(s) 'generate_data_only' retrieved from /home/ec2-user/environment/asynchronous_ai_inference_system/dags/generate_data_dag.py
[2026-05-02T16:49:03.638+0000] {logging_mixin.py:190} INFO - [2026-05-02T16:49:03.638+0000] {dag.py:3239} INFO - Sync 1 DAGs
[2026-05-02T16:49:03.647+0000] {logging_mixin.py:190} INFO - [2026-05-02T16:49:03.647+0000] {dag.py:4180} INFO - Setting next_dagrun for generate_data_only to None, run_after=None
[2026-05-02T16:49:03.666+0000] {processor.py:208} INFO - Processing /home/ec2-user/environment/asynchronous_ai_inference_system/dags/generate_data_dag.py took 1.415 seconds
[2026-05-02T16:49:33.823+0000] {processor.py:186} INFO - Started process (PID=5479) to work on /home/ec2-user/environment/asynchronous_ai_inference_system/dags/generate_data_dag.py
[2026-05-02T16:49:33.824+0000] {processor.py:914} INFO - Processing file /home/ec2-user/environment/asynchronous_ai_inference_system/dags/generate_data_dag.py for tasks to queue
[2026-05-02T16:49:33.825+0000] {logging_mixin.py:190} INFO - [2026-05-02T16:49:33.824+0000] {dagbag.py:588} INFO - Filling up the DagBag from /home/ec2-user/environment/asynchronous_ai_inference_system/dags/generate_data_dag.py
[2026-05-02T16:49:35.176+0000] {processor.py:925} INFO - DAG(s) 'generate_data_only' retrieved from /home/ec2-user/environment/asynchronous_ai_inference_system/dags/generate_data_dag.py
[2026-05-02T16:49:35.189+0000] {logging_mixin.py:190} INFO - [2026-05-02T16:49:35.189+0000] {dag.py:3239} INFO - Sync 1 DAGs
[2026-05-02T16:49:35.199+0000] {logging_mixin.py:190} INFO - [2026-05-02T16:49:35.199+0000] {dag.py:4180} INFO - Setting next_dagrun for generate_data_only to None, run_after=None
[2026-05-02T16:49:35.217+0000] {processor.py:208} INFO - Processing /home/ec2-user/environment/asynchronous_ai_inference_system/dags/generate_data_dag.py took 1.399 seconds
[2026-05-02T16:50:05.388+0000] {processor.py:186} INFO - Started process (PID=5731) to work on /home/ec2-user/environment/asynchronous_ai_inference_system/dags/generate_data_dag.py
[2026-05-02T16:50:05.390+0000] {processor.py:914} INFO - Processing file /home/ec2-user/environment/asynchronous_ai_inference_system/dags/generate_data_dag.py for tasks to queue
[2026-05-02T16:50:05.391+0000] {logging_mixin.py:190} INFO - [2026-05-02T16:50:05.390+0000] {dagbag.py:588} INFO - Filling up the DagBag from /home/ec2-user/environment/asynchronous_ai_inference_system/dags/generate_data_dag.py
[2026-05-02T16:50:06.739+0000] {processor.py:925} INFO - DAG(s) 'generate_data_only' retrieved from /home/ec2-user/environment/asynchronous_ai_inference_system/dags/generate_data_dag.py
[2026-05-02T16:50:06.752+0000] {logging_mixin.py:190} INFO - [2026-05-02T16:50:06.752+0000] {dag.py:3239} INFO - Sync 1 DAGs
[2026-05-02T16:50:06.761+0000] {logging_mixin.py:190} INFO - [2026-05-02T16:50:06.761+0000] {dag.py:4180} INFO - Setting next_dagrun for generate_data_only to None, run_after=None
[2026-05-02T16:50:06.779+0000] {processor.py:208} INFO - Processing /home/ec2-user/environment/asynchronous_ai_inference_system/dags/generate_data_dag.py took 1.395 seconds
[2026-05-02T16:50:37.979+0000] {processor.py:186} INFO - Started process (PID=5949) to work on /home/ec2-user/environment/asynchronous_ai_inference_system/dags/generate_data_dag.py
[2026-05-02T16:50:37.981+0000] {processor.py:914} INFO - Processing file /home/ec2-user/environment/asynchronous_ai_inference_system/dags/generate_data_dag.py for tasks to queue
[2026-05-02T16:50:37.981+0000] {logging_mixin.py:190} INFO - [2026-05-02T16:50:37.981+0000] {dagbag.py:588} INFO - Filling up the DagBag from /home/ec2-user/environment/asynchronous_ai_inference_system/dags/generate_data_dag.py
[2026-05-02T16:50:39.287+0000] {processor.py:925} INFO - DAG(s) 'generate_data_only' retrieved from /home/ec2-user/environment/asynchronous_ai_inference_system/dags/generate_data_dag.py
[2026-05-02T16:50:39.300+0000] {logging_mixin.py:190} INFO - [2026-05-02T16:50:39.300+0000] {dag.py:3239} INFO - Sync 1 DAGs
[2026-05-02T16:50:39.309+0000] {logging_mixin.py:190} INFO - [2026-05-02T16:50:39.309+0000] {dag.py:4180} INFO - Setting next_dagrun for generate_data_only to None, run_after=None
[2026-05-02T16:50:39.325+0000] {processor.py:208} INFO - Processing /home/ec2-user/environment/asynchronous_ai_inference_system/dags/generate_data_dag.py took 1.350 seconds
[2026-05-02T16:51:16.164+0000] {processor.py:186} INFO - Started process (PID=6208) to work on /home/ec2-user/environment/asynchronous_ai_inference_system/dags/generate_data_dag.py
[2026-05-02T16:51:16.165+0000] {processor.py:914} INFO - Processing file /home/ec2-user/environment/asynchronous_ai_inference_system/dags/generate_data_dag.py for tasks to queue
[2026-05-02T16:51:16.166+0000] {logging_mixin.py:190} INFO - [2026-05-02T16:51:16.166+0000] {dagbag.py:588} INFO - Filling up the DagBag from /home/ec2-user/environment/asynchronous_ai_inference_system/dags/generate_data_dag.py
[2026-05-02T16:51:17.470+0000] {processor.py:925} INFO - DAG(s) 'generate_data_only' retrieved from /home/ec2-user/environment/asynchronous_ai_inference_system/dags/generate_data_dag.py
[2026-05-02T16:51:17.482+0000] {logging_mixin.py:190} INFO - [2026-05-02T16:51:17.482+0000] {dag.py:3239} INFO - Sync 1 DAGs
[2026-05-02T16:51:17.490+0000] {logging_mixin.py:190} INFO - [2026-05-02T16:51:17.490+0000] {dag.py:4180} INFO - Setting next_dagrun for generate_data_only to None, run_after=None
[2026-05-02T16:51:17.507+0000] {processor.py:208} INFO - Processing /home/ec2-user/environment/asynchronous_ai_inference_system/dags/generate_data_dag.py took 1.348 seconds
[2026-05-02T16:51:47.976+0000] {processor.py:186} INFO - Started process (PID=6396) to work on /home/ec2-user/environment/asynchronous_ai_inference_system/dags/generate_data_dag.py
[2026-05-02T16:51:47.977+0000] {processor.py:914} INFO - Processing file /home/ec2-user/environment/asynchronous_ai_inference_system/dags/generate_data_dag.py for tasks to queue
[2026-05-02T16:51:47.978+0000] {logging_mixin.py:190} INFO - [2026-05-02T16:51:47.978+0000] {dagbag.py:588} INFO - Filling up the DagBag from /home/ec2-user/environment/asynchronous_ai_inference_system/dags/generate_data_dag.py
[2026-05-02T16:51:49.274+0000] {processor.py:925} INFO - DAG(s) 'generate_data_only' retrieved from /home/ec2-user/environment/asynchronous_ai_inference_system/dags/generate_data_dag.py
[2026-05-02T16:51:49.286+0000] {logging_mixin.py:190} INFO - [2026-05-02T16:51:49.286+0000] {dag.py:3239} INFO - Sync 1 DAGs
[2026-05-02T16:51:49.295+0000] {logging_mixin.py:190} INFO - [2026-05-02T16:51:49.294+0000] {dag.py:4180} INFO - Setting next_dagrun for generate_data_only to None, run_after=None
[2026-05-02T16:51:49.311+0000] {processor.py:208} INFO - Processing /home/ec2-user/environment/asynchronous_ai_inference_system/dags/generate_data_dag.py took 1.339 seconds
[2026-05-02T16:52:19.480+0000] {processor.py:186} INFO - Started process (PID=6645) to work on /home/ec2-user/environment/asynchronous_ai_inference_system/dags/generate_data_dag.py
[2026-05-02T16:52:19.481+0000] {processor.py:914} INFO - Processing file /home/ec2-user/environment/asynchronous_ai_inference_system/dags/generate_data_dag.py for tasks to queue
[2026-05-02T16:52:19.482+0000] {logging_mixin.py:190} INFO - [2026-05-02T16:52:19.481+0000] {dagbag.py:588} INFO - Filling up the DagBag from /home/ec2-user/environment/asynchronous_ai_inference_system/dags/generate_data_dag.py
[2026-05-02T16:52:20.811+0000] {processor.py:925} INFO - DAG(s) 'generate_data_only' retrieved from /home/ec2-user/environment/asynchronous_ai_inference_system/dags/generate_data_dag.py
[2026-05-02T16:52:20.823+0000] {logging_mixin.py:190} INFO - [2026-05-02T16:52:20.823+0000] {dag.py:3239} INFO - Sync 1 DAGs
[2026-05-02T16:52:20.832+0000] {logging_mixin.py:190} INFO - [2026-05-02T16:52:20.832+0000] {dag.py:4180} INFO - Setting next_dagrun for generate_data_only to None, run_after=None
[2026-05-02T16:52:20.850+0000] {processor.py:208} INFO - Processing /home/ec2-user/environment/asynchronous_ai_inference_system/dags/generate_data_dag.py took 1.375 seconds
[2026-05-02T16:52:51.007+0000] {processor.py:186} INFO - Started process (PID=6834) to work on /home/ec2-user/environment/asynchronous_ai_inference_system/dags/generate_data_dag.py
[2026-05-02T16:52:51.008+0000] {processor.py:914} INFO - Processing file /home/ec2-user/environment/asynchronous_ai_inference_system/dags/generate_data_dag.py for tasks to queue
[2026-05-02T16:52:51.009+0000] {logging_mixin.py:190} INFO - [2026-05-02T16:52:51.009+0000] {dagbag.py:588} INFO - Filling up the DagBag from /home/ec2-user/environment/asynchronous_ai_inference_system/dags/generate_data_dag.py
[2026-05-02T16:52:52.288+0000] {processor.py:925} INFO - DAG(s) 'generate_data_only' retrieved from /home/ec2-user/environment/asynchronous_ai_inference_system/dags/generate_data_dag.py
[2026-05-02T16:52:52.300+0000] {logging_mixin.py:190} INFO - [2026-05-02T16:52:52.300+0000] {dag.py:3239} INFO - Sync 1 DAGs
[2026-05-02T16:52:52.309+0000] {logging_mixin.py:190} INFO - [2026-05-02T16:52:52.309+0000] {dag.py:4180} INFO - Setting next_dagrun for generate_data_only to None, run_after=None
[2026-05-02T16:52:52.326+0000] {processor.py:208} INFO - Processing /home/ec2-user/environment/asynchronous_ai_inference_system/dags/generate_data_dag.py took 1.323 seconds
[2026-05-02T16:53:22.509+0000] {processor.py:186} INFO - Started process (PID=7060) to work on /home/ec2-user/environment/asynchronous_ai_inference_system/dags/generate_data_dag.py
[2026-05-02T16:53:22.510+0000] {processor.py:914} INFO - Processing file /home/ec2-user/environment/asynchronous_ai_inference_system/dags/generate_data_dag.py for tasks to queue
[2026-05-02T16:53:22.511+0000] {logging_mixin.py:190} INFO - [2026-05-02T16:53:22.511+0000] {dagbag.py:588} INFO - Filling up the DagBag from /home/ec2-user/environment/asynchronous_ai_inference_system/dags/generate_data_dag.py
[2026-05-02T16:53:23.690+0000] {processor.py:925} INFO - DAG(s) 'generate_data_only' retrieved from /home/ec2-user/environment/asynchronous_ai_inference_system/dags/generate_data_dag.py
[2026-05-02T16:53:23.703+0000] {logging_mixin.py:190} INFO - [2026-05-02T16:53:23.703+0000] {dag.py:3239} INFO - Sync 1 DAGs
[2026-05-02T16:53:23.711+0000] {logging_mixin.py:190} INFO - [2026-05-02T16:53:23.711+0000] {dag.py:4180} INFO - Setting next_dagrun for generate_data_only to None, run_after=None
[2026-05-02T16:53:23.727+0000] {processor.py:208} INFO - Processing /home/ec2-user/environment/asynchronous_ai_inference_system/dags/generate_data_dag.py took 1.223 seconds
[2026-05-02T16:53:54.522+0000] {processor.py:186} INFO - Started process (PID=7262) to work on /home/ec2-user/environment/asynchronous_ai_inference_system/dags/generate_data_dag.py
[2026-05-02T16:53:54.523+0000] {processor.py:914} INFO - Processing file /home/ec2-user/environment/asynchronous_ai_inference_system/dags/generate_data_dag.py for tasks to queue
[2026-05-02T16:53:54.524+0000] {logging_mixin.py:190} INFO - [2026-05-02T16:53:54.524+0000] {dagbag.py:588} INFO - Filling up the DagBag from /home/ec2-user/environment/asynchronous_ai_inference_system/dags/generate_data_dag.py
[2026-05-02T16:53:55.716+0000] {processor.py:925} INFO - DAG(s) 'generate_data_only' retrieved from /home/ec2-user/environment/asynchronous_ai_inference_system/dags/generate_data_dag.py
[2026-05-02T16:53:55.727+0000] {logging_mixin.py:190} INFO - [2026-05-02T16:53:55.727+0000] {dag.py:3239} INFO - Sync 1 DAGs
[2026-05-02T16:53:55.735+0000] {logging_mixin.py:190} INFO - [2026-05-02T16:53:55.735+0000] {dag.py:4180} INFO - Setting next_dagrun for generate_data_only to None, run_after=None
[2026-05-02T16:53:55.751+0000] {processor.py:208} INFO - Processing /home/ec2-user/environment/asynchronous_ai_inference_system/dags/generate_data_dag.py took 1.234 seconds
[2026-05-02T16:54:26.507+0000] {processor.py:186} INFO - Started process (PID=7518) to work on /home/ec2-user/environment/asynchronous_ai_inference_system/dags/generate_data_dag.py
[2026-05-02T16:54:26.507+0000] {processor.py:914} INFO - Processing file /home/ec2-user/environment/asynchronous_ai_inference_system/dags/generate_data_dag.py for tasks to queue
[2026-05-02T16:54:26.508+0000] {logging_mixin.py:190} INFO - [2026-05-02T16:54:26.508+0000] {dagbag.py:588} INFO - Filling up the DagBag from /home/ec2-user/environment/asynchronous_ai_inference_system/dags/generate_data_dag.py
[2026-05-02T16:54:27.732+0000] {processor.py:925} INFO - DAG(s) 'generate_data_only' retrieved from /home/ec2-user/environment/asynchronous_ai_inference_system/dags/generate_data_dag.py
[2026-05-02T16:54:27.744+0000] {logging_mixin.py:190} INFO - [2026-05-02T16:54:27.744+0000] {dag.py:3239} INFO - Sync 1 DAGs
[2026-05-02T16:54:27.753+0000] {logging_mixin.py:190} INFO - [2026-05-02T16:54:27.753+0000] {dag.py:4180} INFO - Setting next_dagrun for generate_data_only to None, run_after=None
[2026-05-02T16:54:27.769+0000] {processor.py:208} INFO - Processing /home/ec2-user/environment/asynchronous_ai_inference_system/dags/generate_data_dag.py took 1.267 seconds
[2026-05-02T16:54:57.987+0000] {processor.py:186} INFO - Started process (PID=7706) to work on /home/ec2-user/environment/asynchronous_ai_inference_system/dags/generate_data_dag.py
[2026-05-02T16:54:57.988+0000] {processor.py:914} INFO - Processing file /home/ec2-user/environment/asynchronous_ai_inference_system/dags/generate_data_dag.py for tasks to queue
[2026-05-02T16:54:57.989+0000] {logging_mixin.py:190} INFO - [2026-05-02T16:54:57.988+0000] {dagbag.py:588} INFO - Filling up the DagBag from /home/ec2-user/environment/asynchronous_ai_inference_system/dags/generate_data_dag.py
[2026-05-02T16:54:59.200+0000] {processor.py:925} INFO - DAG(s) 'generate_data_only' retrieved from /home/ec2-user/environment/asynchronous_ai_inference_system/dags/generate_data_dag.py
[2026-05-02T16:54:59.213+0000] {logging_mixin.py:190} INFO - [2026-05-02T16:54:59.212+0000] {dag.py:3239} INFO - Sync 1 DAGs
[2026-05-02T16:54:59.221+0000] {logging_mixin.py:190} INFO - [2026-05-02T16:54:59.221+0000] {dag.py:4180} INFO - Setting next_dagrun for generate_data_only to None, run_after=None
[2026-05-02T16:54:59.238+0000] {processor.py:208} INFO - Processing /home/ec2-user/environment/asynchronous_ai_inference_system/dags/generate_data_dag.py took 1.256 seconds
[2026-05-02T16:55:29.470+0000] {processor.py:186} INFO - Started process (PID=7910) to work on /home/ec2-user/environment/asynchronous_ai_inference_system/dags/generate_data_dag.py
[2026-05-02T16:55:29.471+0000] {processor.py:914} INFO - Processing file /home/ec2-user/environment/asynchronous_ai_inference_system/dags/generate_data_dag.py for tasks to queue
[2026-05-02T16:55:29.472+0000] {logging_mixin.py:190} INFO - [2026-05-02T16:55:29.471+0000] {dagbag.py:588} INFO - Filling up the DagBag from /home/ec2-user/environment/asynchronous_ai_inference_system/dags/generate_data_dag.py
[2026-05-02T16:55:30.823+0000] {processor.py:925} INFO - DAG(s) 'generate_data_only' retrieved from /home/ec2-user/environment/asynchronous_ai_inference_system/dags/generate_data_dag.py
[2026-05-02T16:55:30.838+0000] {logging_mixin.py:190} INFO - [2026-05-02T16:55:30.837+0000] {dag.py:3239} INFO - Sync 1 DAGs
[2026-05-02T16:55:30.846+0000] {logging_mixin.py:190} INFO - [2026-05-02T16:55:30.846+0000] {dag.py:4180} INFO - Setting next_dagrun for generate_data_only to None, run_after=None
[2026-05-02T16:55:30.865+0000] {processor.py:208} INFO - Processing /home/ec2-user/environment/asynchronous_ai_inference_system/dags/generate_data_dag.py took 1.400 seconds
[2026-05-02T16:56:01.806+0000] {processor.py:186} INFO - Started process (PID=8131) to work on /home/ec2-user/environment/asynchronous_ai_inference_system/dags/generate_data_dag.py
[2026-05-02T16:56:01.807+0000] {processor.py:914} INFO - Processing file /home/ec2-user/environment/asynchronous_ai_inference_system/dags/generate_data_dag.py for tasks to queue
[2026-05-02T16:56:01.808+0000] {logging_mixin.py:190} INFO - [2026-05-02T16:56:01.807+0000] {dagbag.py:588} INFO - Filling up the DagBag from /home/ec2-user/environment/asynchronous_ai_inference_system/dags/generate_data_dag.py
[2026-05-02T16:56:03.039+0000] {processor.py:925} INFO - DAG(s) 'generate_data_only' retrieved from /home/ec2-user/environment/asynchronous_ai_inference_system/dags/generate_data_dag.py
[2026-05-02T16:56:03.050+0000] {logging_mixin.py:190} INFO - [2026-05-02T16:56:03.050+0000] {dag.py:3239} INFO - Sync 1 DAGs
[2026-05-02T16:56:03.060+0000] {logging_mixin.py:190} INFO - [2026-05-02T16:56:03.060+0000] {dag.py:4180} INFO - Setting next_dagrun for generate_data_only to None, run_after=None
[2026-05-02T16:56:03.076+0000] {processor.py:208} INFO - Processing /home/ec2-user/environment/asynchronous_ai_inference_system/dags/generate_data_dag.py took 1.275 seconds
[2026-05-02T16:58:26.976+0000] {processor.py:186} INFO - Started process (PID=8789) to work on /home/ec2-user/environment/asynchronous_ai_inference_system/dags/generate_data_dag.py
[2026-05-02T16:58:26.977+0000] {processor.py:914} INFO - Processing file /home/ec2-user/environment/asynchronous_ai_inference_system/dags/generate_data_dag.py for tasks to queue
[2026-05-02T16:58:26.978+0000] {logging_mixin.py:190} INFO - [2026-05-02T16:58:26.978+0000] {dagbag.py:588} INFO - Filling up the DagBag from /home/ec2-user/environment/asynchronous_ai_inference_system/dags/generate_data_dag.py
[2026-05-02T16:58:28.377+0000] {processor.py:925} INFO - DAG(s) 'generate_data_only' retrieved from /home/ec2-user/environment/asynchronous_ai_inference_system/dags/generate_data_dag.py
[2026-05-02T16:58:28.389+0000] {logging_mixin.py:190} INFO - [2026-05-02T16:58:28.388+0000] {dag.py:3239} INFO - Sync 1 DAGs
[2026-05-02T16:58:28.398+0000] {logging_mixin.py:190} INFO - [2026-05-02T16:58:28.398+0000] {dag.py:4180} INFO - Setting next_dagrun for generate_data_only to None, run_after=None
[2026-05-02T16:58:28.415+0000] {processor.py:208} INFO - Processing /home/ec2-user/environment/asynchronous_ai_inference_system/dags/generate_data_dag.py took 1.443 seconds
[2026-05-02T16:59:05.328+0000] {processor.py:186} INFO - Started process (PID=9079) to work on /home/ec2-user/environment/asynchronous_ai_inference_system/dags/generate_data_dag.py
[2026-05-02T16:59:05.329+0000] {processor.py:914} INFO - Processing file /home/ec2-user/environment/asynchronous_ai_inference_system/dags/generate_data_dag.py for tasks to queue
[2026-05-02T16:59:05.330+0000] {logging_mixin.py:190} INFO - [2026-05-02T16:59:05.330+0000] {dagbag.py:588} INFO - Filling up the DagBag from /home/ec2-user/environment/asynchronous_ai_inference_system/dags/generate_data_dag.py
[2026-05-02T16:59:06.636+0000] {processor.py:925} INFO - DAG(s) 'generate_data_only' retrieved from /home/ec2-user/environment/asynchronous_ai_inference_system/dags/generate_data_dag.py
[2026-05-02T16:59:06.648+0000] {logging_mixin.py:190} INFO - [2026-05-02T16:59:06.648+0000] {dag.py:3239} INFO - Sync 1 DAGs
[2026-05-02T16:59:06.658+0000] {logging_mixin.py:190} INFO - [2026-05-02T16:59:06.658+0000] {dag.py:4180} INFO - Setting next_dagrun for generate_data_only to None, run_after=None
[2026-05-02T16:59:06.675+0000] {processor.py:208} INFO - Processing /home/ec2-user/environment/asynchronous_ai_inference_system/dags/generate_data_dag.py took 1.352 seconds
[2026-05-02T16:59:36.920+0000] {processor.py:186} INFO - Started process (PID=9273) to work on /home/ec2-user/environment/asynchronous_ai_inference_system/dags/generate_data_dag.py
[2026-05-02T16:59:36.920+0000] {processor.py:914} INFO - Processing file /home/ec2-user/environment/asynchronous_ai_inference_system/dags/generate_data_dag.py for tasks to queue
[2026-05-02T16:59:36.921+0000] {logging_mixin.py:190} INFO - [2026-05-02T16:59:36.921+0000] {dagbag.py:588} INFO - Filling up the DagBag from /home/ec2-user/environment/asynchronous_ai_inference_system/dags/generate_data_dag.py
[2026-05-02T16:59:38.219+0000] {processor.py:925} INFO - DAG(s) 'generate_data_only' retrieved from /home/ec2-user/environment/asynchronous_ai_inference_system/dags/generate_data_dag.py
[2026-05-02T16:59:38.232+0000] {logging_mixin.py:190} INFO - [2026-05-02T16:59:38.232+0000] {dag.py:3239} INFO - Sync 1 DAGs
[2026-05-02T16:59:38.241+0000] {logging_mixin.py:190} INFO - [2026-05-02T16:59:38.241+0000] {dag.py:4180} INFO - Setting next_dagrun for generate_data_only to None, run_after=None
[2026-05-02T16:59:38.258+0000] {processor.py:208} INFO - Processing /home/ec2-user/environment/asynchronous_ai_inference_system/dags/generate_data_dag.py took 1.342 seconds
[2026-05-02T17:00:08.396+0000] {processor.py:186} INFO - Started process (PID=9539) to work on /home/ec2-user/environment/asynchronous_ai_inference_system/dags/generate_data_dag.py
[2026-05-02T17:00:08.398+0000] {processor.py:914} INFO - Processing file /home/ec2-user/environment/asynchronous_ai_inference_system/dags/generate_data_dag.py for tasks to queue
[2026-05-02T17:00:08.399+0000] {logging_mixin.py:190} INFO - [2026-05-02T17:00:08.398+0000] {dagbag.py:588} INFO - Filling up the DagBag from /home/ec2-user/environment/asynchronous_ai_inference_system/dags/generate_data_dag.py
[2026-05-02T17:00:09.713+0000] {processor.py:925} INFO - DAG(s) 'generate_data_only' retrieved from /home/ec2-user/environment/asynchronous_ai_inference_system/dags/generate_data_dag.py
[2026-05-02T17:00:09.725+0000] {logging_mixin.py:190} INFO - [2026-05-02T17:00:09.725+0000] {dag.py:3239} INFO - Sync 1 DAGs
[2026-05-02T17:00:09.734+0000] {logging_mixin.py:190} INFO - [2026-05-02T17:00:09.734+0000] {dag.py:4180} INFO - Setting next_dagrun for generate_data_only to None, run_after=None
[2026-05-02T17:00:09.755+0000] {processor.py:208} INFO - Processing /home/ec2-user/environment/asynchronous_ai_inference_system/dags/generate_data_dag.py took 1.363 seconds
[2026-05-02T17:00:39.870+0000] {processor.py:186} INFO - Started process (PID=9740) to work on /home/ec2-user/environment/asynchronous_ai_inference_system/dags/generate_data_dag.py
[2026-05-02T17:00:39.871+0000] {processor.py:914} INFO - Processing file /home/ec2-user/environment/asynchronous_ai_inference_system/dags/generate_data_dag.py for tasks to queue
[2026-05-02T17:00:39.872+0000] {logging_mixin.py:190} INFO - [2026-05-02T17:00:39.872+0000] {dagbag.py:588} INFO - Filling up the DagBag from /home/ec2-user/environment/asynchronous_ai_inference_system/dags/generate_data_dag.py
[2026-05-02T17:00:41.194+0000] {processor.py:925} INFO - DAG(s) 'generate_data_only' retrieved from /home/ec2-user/environment/asynchronous_ai_inference_system/dags/generate_data_dag.py
[2026-05-02T17:00:41.206+0000] {logging_mixin.py:190} INFO - [2026-05-02T17:00:41.206+0000] {dag.py:3239} INFO - Sync 1 DAGs
[2026-05-02T17:00:41.215+0000] {logging_mixin.py:190} INFO - [2026-05-02T17:00:41.214+0000] {dag.py:4180} INFO - Setting next_dagrun for generate_data_only to None, run_after=None
[2026-05-02T17:00:41.231+0000] {processor.py:208} INFO - Processing /home/ec2-user/environment/asynchronous_ai_inference_system/dags/generate_data_dag.py took 1.365 seconds
[2026-05-02T17:01:11.346+0000] {processor.py:186} INFO - Started process (PID=9963) to work on /home/ec2-user/environment/asynchronous_ai_inference_system/dags/generate_data_dag.py
[2026-05-02T17:01:11.347+0000] {processor.py:914} INFO - Processing file /home/ec2-user/environment/asynchronous_ai_inference_system/dags/generate_data_dag.py for tasks to queue
[2026-05-02T17:01:11.348+0000] {logging_mixin.py:190} INFO - [2026-05-02T17:01:11.347+0000] {dagbag.py:588} INFO - Filling up the DagBag from /home/ec2-user/environment/asynchronous_ai_inference_system/dags/generate_data_dag.py
[2026-05-02T17:01:12.834+0000] {processor.py:925} INFO - DAG(s) 'generate_data_only' retrieved from /home/ec2-user/environment/asynchronous_ai_inference_system/dags/generate_data_dag.py
[2026-05-02T17:01:12.846+0000] {logging_mixin.py:190} INFO - [2026-05-02T17:01:12.846+0000] {dag.py:3239} INFO - Sync 1 DAGs
[2026-05-02T17:01:12.855+0000] {logging_mixin.py:190} INFO - [2026-05-02T17:01:12.855+0000] {dag.py:4180} INFO - Setting next_dagrun for generate_data_only to None, run_after=None
[2026-05-02T17:01:12.874+0000] {processor.py:208} INFO - Processing /home/ec2-user/environment/asynchronous_ai_inference_system/dags/generate_data_dag.py took 1.533 seconds
[2026-05-02T17:01:43.030+0000] {processor.py:186} INFO - Started process (PID=10157) to work on /home/ec2-user/environment/asynchronous_ai_inference_system/dags/generate_data_dag.py
[2026-05-02T17:01:43.031+0000] {processor.py:914} INFO - Processing file /home/ec2-user/environment/asynchronous_ai_inference_system/dags/generate_data_dag.py for tasks to queue
[2026-05-02T17:01:43.032+0000] {logging_mixin.py:190} INFO - [2026-05-02T17:01:43.031+0000] {dagbag.py:588} INFO - Filling up the DagBag from /home/ec2-user/environment/asynchronous_ai_inference_system/dags/generate_data_dag.py
[2026-05-02T17:01:44.436+0000] {processor.py:925} INFO - DAG(s) 'generate_data_only' retrieved from /home/ec2-user/environment/asynchronous_ai_inference_system/dags/generate_data_dag.py
[2026-05-02T17:01:44.448+0000] {logging_mixin.py:190} INFO - [2026-05-02T17:01:44.448+0000] {dag.py:3239} INFO - Sync 1 DAGs
[2026-05-02T17:01:44.457+0000] {logging_mixin.py:190} INFO - [2026-05-02T17:01:44.457+0000] {dag.py:4180} INFO - Setting next_dagrun for generate_data_only to None, run_after=None
[2026-05-02T17:01:44.476+0000] {processor.py:208} INFO - Processing /home/ec2-user/environment/asynchronous_ai_inference_system/dags/generate_data_dag.py took 1.451 seconds
[2026-05-02T17:02:14.608+0000] {processor.py:186} INFO - Started process (PID=10439) to work on /home/ec2-user/environment/asynchronous_ai_inference_system/dags/generate_data_dag.py
[2026-05-02T17:02:14.609+0000] {processor.py:914} INFO - Processing file /home/ec2-user/environment/asynchronous_ai_inference_system/dags/generate_data_dag.py for tasks to queue
[2026-05-02T17:02:14.610+0000] {logging_mixin.py:190} INFO - [2026-05-02T17:02:14.610+0000] {dagbag.py:588} INFO - Filling up the DagBag from /home/ec2-user/environment/asynchronous_ai_inference_system/dags/generate_data_dag.py
[2026-05-02T17:02:15.954+0000] {processor.py:925} INFO - DAG(s) 'generate_data_only' retrieved from /home/ec2-user/environment/asynchronous_ai_inference_system/dags/generate_data_dag.py
[2026-05-02T17:02:15.967+0000] {logging_mixin.py:190} INFO - [2026-05-02T17:02:15.967+0000] {dag.py:3239} INFO - Sync 1 DAGs
[2026-05-02T17:02:15.976+0000] {logging_mixin.py:190} INFO - [2026-05-02T17:02:15.976+0000] {dag.py:4180} INFO - Setting next_dagrun for generate_data_only to None, run_after=None
[2026-05-02T17:02:15.993+0000] {processor.py:208} INFO - Processing /home/ec2-user/environment/asynchronous_ai_inference_system/dags/generate_data_dag.py took 1.390 seconds
[2026-05-02T17:02:46.083+0000] {processor.py:186} INFO - Started process (PID=10637) to work on /home/ec2-user/environment/asynchronous_ai_inference_system/dags/generate_data_dag.py
[2026-05-02T17:02:46.084+0000] {processor.py:914} INFO - Processing file /home/ec2-user/environment/asynchronous_ai_inference_system/dags/generate_data_dag.py for tasks to queue
[2026-05-02T17:02:46.085+0000] {logging_mixin.py:190} INFO - [2026-05-02T17:02:46.085+0000] {dagbag.py:588} INFO - Filling up the DagBag from /home/ec2-user/environment/asynchronous_ai_inference_system/dags/generate_data_dag.py
[2026-05-02T17:02:47.389+0000] {processor.py:925} INFO - DAG(s) 'generate_data_only' retrieved from /home/ec2-user/environment/asynchronous_ai_inference_system/dags/generate_data_dag.py
[2026-05-02T17:02:47.402+0000] {logging_mixin.py:190} INFO - [2026-05-02T17:02:47.402+0000] {dag.py:3239} INFO - Sync 1 DAGs
[2026-05-02T17:02:47.410+0000] {logging_mixin.py:190} INFO - [2026-05-02T17:02:47.410+0000] {dag.py:4180} INFO - Setting next_dagrun for generate_data_only to None, run_after=None
[2026-05-02T17:02:47.427+0000] {processor.py:208} INFO - Processing /home/ec2-user/environment/asynchronous_ai_inference_system/dags/generate_data_dag.py took 1.348 seconds
[2026-05-02T17:03:18.693+0000] {processor.py:186} INFO - Started process (PID=10841) to work on /home/ec2-user/environment/asynchronous_ai_inference_system/dags/generate_data_dag.py
[2026-05-02T17:03:18.694+0000] {processor.py:914} INFO - Processing file /home/ec2-user/environment/asynchronous_ai_inference_system/dags/generate_data_dag.py for tasks to queue
[2026-05-02T17:03:18.695+0000] {logging_mixin.py:190} INFO - [2026-05-02T17:03:18.695+0000] {dagbag.py:588} INFO - Filling up the DagBag from /home/ec2-user/environment/asynchronous_ai_inference_system/dags/generate_data_dag.py
[2026-05-02T17:03:20.036+0000] {processor.py:925} INFO - DAG(s) 'generate_data_only' retrieved from /home/ec2-user/environment/asynchronous_ai_inference_system/dags/generate_data_dag.py
[2026-05-02T17:03:20.048+0000] {logging_mixin.py:190} INFO - [2026-05-02T17:03:20.048+0000] {dag.py:3239} INFO - Sync 1 DAGs
[2026-05-02T17:03:20.057+0000] {logging_mixin.py:190} INFO - [2026-05-02T17:03:20.057+0000] {dag.py:4180} INFO - Setting next_dagrun for generate_data_only to None, run_after=None
[2026-05-02T17:03:20.074+0000] {processor.py:208} INFO - Processing /home/ec2-user/environment/asynchronous_ai_inference_system/dags/generate_data_dag.py took 1.385 seconds
[2026-05-02T17:03:50.476+0000] {processor.py:186} INFO - Started process (PID=11103) to work on /home/ec2-user/environment/asynchronous_ai_inference_system/dags/generate_data_dag.py
[2026-05-02T17:03:50.476+0000] {processor.py:914} INFO - Processing file /home/ec2-user/environment/asynchronous_ai_inference_system/dags/generate_data_dag.py for tasks to queue
[2026-05-02T17:03:50.477+0000] {logging_mixin.py:190} INFO - [2026-05-02T17:03:50.477+0000] {dagbag.py:588} INFO - Filling up the DagBag from /home/ec2-user/environment/asynchronous_ai_inference_system/dags/generate_data_dag.py
[2026-05-02T17:03:51.781+0000] {processor.py:925} INFO - DAG(s) 'generate_data_only' retrieved from /home/ec2-user/environment/asynchronous_ai_inference_system/dags/generate_data_dag.py
[2026-05-02T17:03:51.793+0000] {logging_mixin.py:190} INFO - [2026-05-02T17:03:51.793+0000] {dag.py:3239} INFO - Sync 1 DAGs
[2026-05-02T17:03:51.802+0000] {logging_mixin.py:190} INFO - [2026-05-02T17:03:51.802+0000] {dag.py:4180} INFO - Setting next_dagrun for generate_data_only to None, run_after=None
[2026-05-02T17:03:51.819+0000] {processor.py:208} INFO - Processing /home/ec2-user/environment/asynchronous_ai_inference_system/dags/generate_data_dag.py took 1.347 seconds
[2026-05-02T17:04:22.033+0000] {processor.py:186} INFO - Started process (PID=11307) to work on /home/ec2-user/environment/asynchronous_ai_inference_system/dags/generate_data_dag.py
[2026-05-02T17:04:22.034+0000] {processor.py:914} INFO - Processing file /home/ec2-user/environment/asynchronous_ai_inference_system/dags/generate_data_dag.py for tasks to queue
[2026-05-02T17:04:22.035+0000] {logging_mixin.py:190} INFO - [2026-05-02T17:04:22.035+0000] {dagbag.py:588} INFO - Filling up the DagBag from /home/ec2-user/environment/asynchronous_ai_inference_system/dags/generate_data_dag.py
[2026-05-02T17:04:23.369+0000] {processor.py:925} INFO - DAG(s) 'generate_data_only' retrieved from /home/ec2-user/environment/asynchronous_ai_inference_system/dags/generate_data_dag.py
[2026-05-02T17:04:23.384+0000] {logging_mixin.py:190} INFO - [2026-05-02T17:04:23.383+0000] {dag.py:3239} INFO - Sync 1 DAGs
[2026-05-02T17:04:23.397+0000] {logging_mixin.py:190} INFO - [2026-05-02T17:04:23.397+0000] {dag.py:4180} INFO - Setting next_dagrun for generate_data_only to None, run_after=None
[2026-05-02T17:04:23.415+0000] {processor.py:208} INFO - Processing /home/ec2-user/environment/asynchronous_ai_inference_system/dags/generate_data_dag.py took 1.387 seconds
[2026-05-02T17:04:53.527+0000] {processor.py:186} INFO - Started process (PID=11509) to work on /home/ec2-user/environment/asynchronous_ai_inference_system/dags/generate_data_dag.py
[2026-05-02T17:04:53.528+0000] {processor.py:914} INFO - Processing file /home/ec2-user/environment/asynchronous_ai_inference_system/dags/generate_data_dag.py for tasks to queue
[2026-05-02T17:04:53.529+0000] {logging_mixin.py:190} INFO - [2026-05-02T17:04:53.529+0000] {dagbag.py:588} INFO - Filling up the DagBag from /home/ec2-user/environment/asynchronous_ai_inference_system/dags/generate_data_dag.py
[2026-05-02T17:04:54.891+0000] {processor.py:925} INFO - DAG(s) 'generate_data_only' retrieved from /home/ec2-user/environment/asynchronous_ai_inference_system/dags/generate_data_dag.py
[2026-05-02T17:04:54.903+0000] {logging_mixin.py:190} INFO - [2026-05-02T17:04:54.903+0000] {dag.py:3239} INFO - Sync 1 DAGs
[2026-05-02T17:04:54.913+0000] {logging_mixin.py:190} INFO - [2026-05-02T17:04:54.913+0000] {dag.py:4180} INFO - Setting next_dagrun for generate_data_only to None, run_after=None
[2026-05-02T17:04:54.929+0000] {processor.py:208} INFO - Processing /home/ec2-user/environment/asynchronous_ai_inference_system/dags/generate_data_dag.py took 1.407 seconds
[2026-05-02T17:05:25.135+0000] {processor.py:186} INFO - Started process (PID=11799) to work on /home/ec2-user/environment/asynchronous_ai_inference_system/dags/generate_data_dag.py
[2026-05-02T17:05:25.136+0000] {processor.py:914} INFO - Processing file /home/ec2-user/environment/asynchronous_ai_inference_system/dags/generate_data_dag.py for tasks to queue
[2026-05-02T17:05:25.137+0000] {logging_mixin.py:190} INFO - [2026-05-02T17:05:25.137+0000] {dagbag.py:588} INFO - Filling up the DagBag from /home/ec2-user/environment/asynchronous_ai_inference_system/dags/generate_data_dag.py
[2026-05-02T17:05:26.758+0000] {processor.py:925} INFO - DAG(s) 'generate_data_only' retrieved from /home/ec2-user/environment/asynchronous_ai_inference_system/dags/generate_data_dag.py
[2026-05-02T17:05:26.779+0000] {logging_mixin.py:190} INFO - [2026-05-02T17:05:26.779+0000] {dag.py:3239} INFO - Sync 1 DAGs
[2026-05-02T17:05:26.793+0000] {logging_mixin.py:190} INFO - [2026-05-02T17:05:26.793+0000] {dag.py:4180} INFO - Setting next_dagrun for generate_data_only to None, run_after=None
[2026-05-02T17:05:26.822+0000] {processor.py:208} INFO - Processing /home/ec2-user/environment/asynchronous_ai_inference_system/dags/generate_data_dag.py took 1.708 seconds
[2026-05-02T17:05:57.663+0000] {processor.py:186} INFO - Started process (PID=12011) to work on /home/ec2-user/environment/asynchronous_ai_inference_system/dags/generate_data_dag.py
[2026-05-02T17:05:57.664+0000] {processor.py:914} INFO - Processing file /home/ec2-user/environment/asynchronous_ai_inference_system/dags/generate_data_dag.py for tasks to queue
[2026-05-02T17:05:57.665+0000] {logging_mixin.py:190} INFO - [2026-05-02T17:05:57.665+0000] {dagbag.py:588} INFO - Filling up the DagBag from /home/ec2-user/environment/asynchronous_ai_inference_system/dags/generate_data_dag.py
[2026-05-02T17:05:58.940+0000] {processor.py:925} INFO - DAG(s) 'generate_data_only' retrieved from /home/ec2-user/environment/asynchronous_ai_inference_system/dags/generate_data_dag.py
[2026-05-02T17:05:58.953+0000] {logging_mixin.py:190} INFO - [2026-05-02T17:05:58.952+0000] {dag.py:3239} INFO - Sync 1 DAGs
[2026-05-02T17:05:58.961+0000] {logging_mixin.py:190} INFO - [2026-05-02T17:05:58.961+0000] {dag.py:4180} INFO - Setting next_dagrun for generate_data_only to None, run_after=None
[2026-05-02T17:05:58.979+0000] {processor.py:208} INFO - Processing /home/ec2-user/environment/asynchronous_ai_inference_system/dags/generate_data_dag.py took 1.321 seconds
[2026-05-02T17:06:29.295+0000] {processor.py:186} INFO - Started process (PID=12224) to work on /home/ec2-user/environment/asynchronous_ai_inference_system/dags/generate_data_dag.py
[2026-05-02T17:06:29.297+0000] {processor.py:914} INFO - Processing file /home/ec2-user/environment/asynchronous_ai_inference_system/dags/generate_data_dag.py for tasks to queue
[2026-05-02T17:06:29.298+0000] {logging_mixin.py:190} INFO - [2026-05-02T17:06:29.297+0000] {dagbag.py:588} INFO - Filling up the DagBag from /home/ec2-user/environment/asynchronous_ai_inference_system/dags/generate_data_dag.py
[2026-05-02T17:06:30.579+0000] {processor.py:925} INFO - DAG(s) 'generate_data_only' retrieved from /home/ec2-user/environment/asynchronous_ai_inference_system/dags/generate_data_dag.py
[2026-05-02T17:06:30.592+0000] {logging_mixin.py:190} INFO - [2026-05-02T17:06:30.592+0000] {dag.py:3239} INFO - Sync 1 DAGs
[2026-05-02T17:06:30.601+0000] {logging_mixin.py:190} INFO - [2026-05-02T17:06:30.601+0000] {dag.py:4180} INFO - Setting next_dagrun for generate_data_only to None, run_after=None
[2026-05-02T17:06:30.619+0000] {processor.py:208} INFO - Processing /home/ec2-user/environment/asynchronous_ai_inference_system/dags/generate_data_dag.py took 1.329 seconds
[2026-05-02T17:07:00.902+0000] {processor.py:186} INFO - Started process (PID=12422) to work on /home/ec2-user/environment/asynchronous_ai_inference_system/dags/generate_data_dag.py
[2026-05-02T17:07:00.903+0000] {processor.py:914} INFO - Processing file /home/ec2-user/environment/asynchronous_ai_inference_system/dags/generate_data_dag.py for tasks to queue
[2026-05-02T17:07:00.904+0000] {logging_mixin.py:190} INFO - [2026-05-02T17:07:00.904+0000] {dagbag.py:588} INFO - Filling up the DagBag from /home/ec2-user/environment/asynchronous_ai_inference_system/dags/generate_data_dag.py
[2026-05-02T17:07:02.178+0000] {processor.py:925} INFO - DAG(s) 'generate_data_only' retrieved from /home/ec2-user/environment/asynchronous_ai_inference_system/dags/generate_data_dag.py
[2026-05-02T17:07:02.191+0000] {logging_mixin.py:190} INFO - [2026-05-02T17:07:02.190+0000] {dag.py:3239} INFO - Sync 1 DAGs
[2026-05-02T17:07:02.199+0000] {logging_mixin.py:190} INFO - [2026-05-02T17:07:02.199+0000] {dag.py:4180} INFO - Setting next_dagrun for generate_data_only to None, run_after=None
[2026-05-02T17:07:02.216+0000] {processor.py:208} INFO - Processing /home/ec2-user/environment/asynchronous_ai_inference_system/dags/generate_data_dag.py took 1.319 seconds
[2026-05-02T17:07:33.148+0000] {processor.py:186} INFO - Started process (PID=12711) to work on /home/ec2-user/environment/asynchronous_ai_inference_system/dags/generate_data_dag.py
[2026-05-02T17:07:33.149+0000] {processor.py:914} INFO - Processing file /home/ec2-user/environment/asynchronous_ai_inference_system/dags/generate_data_dag.py for tasks to queue
[2026-05-02T17:07:33.150+0000] {logging_mixin.py:190} INFO - [2026-05-02T17:07:33.150+0000] {dagbag.py:588} INFO - Filling up the DagBag from /home/ec2-user/environment/asynchronous_ai_inference_system/dags/generate_data_dag.py
[2026-05-02T17:07:34.903+0000] {processor.py:925} INFO - DAG(s) 'generate_data_only' retrieved from /home/ec2-user/environment/asynchronous_ai_inference_system/dags/generate_data_dag.py
[2026-05-02T17:07:34.921+0000] {logging_mixin.py:190} INFO - [2026-05-02T17:07:34.920+0000] {dag.py:3239} INFO - Sync 1 DAGs
[2026-05-02T17:07:34.934+0000] {logging_mixin.py:190} INFO - [2026-05-02T17:07:34.934+0000] {dag.py:4180} INFO - Setting next_dagrun for generate_data_only to None, run_after=None
[2026-05-02T17:07:34.966+0000] {processor.py:208} INFO - Processing /home/ec2-user/environment/asynchronous_ai_inference_system/dags/generate_data_dag.py took 1.823 seconds
[2026-05-02T17:08:05.412+0000] {processor.py:186} INFO - Started process (PID=12985) to work on /home/ec2-user/environment/asynchronous_ai_inference_system/dags/generate_data_dag.py
[2026-05-02T17:08:05.413+0000] {processor.py:914} INFO - Processing file /home/ec2-user/environment/asynchronous_ai_inference_system/dags/generate_data_dag.py for tasks to queue
[2026-05-02T17:08:05.414+0000] {logging_mixin.py:190} INFO - [2026-05-02T17:08:05.414+0000] {dagbag.py:588} INFO - Filling up the DagBag from /home/ec2-user/environment/asynchronous_ai_inference_system/dags/generate_data_dag.py
[2026-05-02T17:08:06.689+0000] {processor.py:925} INFO - DAG(s) 'generate_data_only' retrieved from /home/ec2-user/environment/asynchronous_ai_inference_system/dags/generate_data_dag.py
[2026-05-02T17:08:06.702+0000] {logging_mixin.py:190} INFO - [2026-05-02T17:08:06.702+0000] {dag.py:3239} INFO - Sync 1 DAGs
[2026-05-02T17:08:06.712+0000] {logging_mixin.py:190} INFO - [2026-05-02T17:08:06.712+0000] {dag.py:4180} INFO - Setting next_dagrun for generate_data_only to None, run_after=None
[2026-05-02T17:08:06.731+0000] {processor.py:208} INFO - Processing /home/ec2-user/environment/asynchronous_ai_inference_system/dags/generate_data_dag.py took 1.323 seconds
[2026-05-02T17:08:37.056+0000] {processor.py:186} INFO - Started process (PID=13186) to work on /home/ec2-user/environment/asynchronous_ai_inference_system/dags/generate_data_dag.py
[2026-05-02T17:08:37.058+0000] {processor.py:914} INFO - Processing file /home/ec2-user/environment/asynchronous_ai_inference_system/dags/generate_data_dag.py for tasks to queue
[2026-05-02T17:08:37.059+0000] {logging_mixin.py:190} INFO - [2026-05-02T17:08:37.058+0000] {dagbag.py:588} INFO - Filling up the DagBag from /home/ec2-user/environment/asynchronous_ai_inference_system/dags/generate_data_dag.py
[2026-05-02T17:08:38.328+0000] {processor.py:925} INFO - DAG(s) 'generate_data_only' retrieved from /home/ec2-user/environment/asynchronous_ai_inference_system/dags/generate_data_dag.py
[2026-05-02T17:08:38.341+0000] {logging_mixin.py:190} INFO - [2026-05-02T17:08:38.341+0000] {dag.py:3239} INFO - Sync 1 DAGs
[2026-05-02T17:08:38.350+0000] {logging_mixin.py:190} INFO - [2026-05-02T17:08:38.350+0000] {dag.py:4180} INFO - Setting next_dagrun for generate_data_only to None, run_after=None
[2026-05-02T17:08:38.368+0000] {processor.py:208} INFO - Processing /home/ec2-user/environment/asynchronous_ai_inference_system/dags/generate_data_dag.py took 1.318 seconds
[2026-05-02T17:09:08.710+0000] {processor.py:186} INFO - Started process (PID=13448) to work on /home/ec2-user/environment/asynchronous_ai_inference_system/dags/generate_data_dag.py
[2026-05-02T17:09:08.711+0000] {processor.py:914} INFO - Processing file /home/ec2-user/environment/asynchronous_ai_inference_system/dags/generate_data_dag.py for tasks to queue
[2026-05-02T17:09:08.712+0000] {logging_mixin.py:190} INFO - [2026-05-02T17:09:08.712+0000] {dagbag.py:588} INFO - Filling up the DagBag from /home/ec2-user/environment/asynchronous_ai_inference_system/dags/generate_data_dag.py
[2026-05-02T17:09:09.985+0000] {processor.py:925} INFO - DAG(s) 'generate_data_only' retrieved from /home/ec2-user/environment/asynchronous_ai_inference_system/dags/generate_data_dag.py
[2026-05-02T17:09:09.999+0000] {logging_mixin.py:190} INFO - [2026-05-02T17:09:09.998+0000] {dag.py:3239} INFO - Sync 1 DAGs
[2026-05-02T17:09:10.008+0000] {logging_mixin.py:190} INFO - [2026-05-02T17:09:10.008+0000] {dag.py:4180} INFO - Setting next_dagrun for generate_data_only to None, run_after=None
[2026-05-02T17:09:10.027+0000] {processor.py:208} INFO - Processing /home/ec2-user/environment/asynchronous_ai_inference_system/dags/generate_data_dag.py took 1.322 seconds
[2026-05-02T17:09:40.357+0000] {processor.py:186} INFO - Started process (PID=13650) to work on /home/ec2-user/environment/asynchronous_ai_inference_system/dags/generate_data_dag.py
[2026-05-02T17:09:40.357+0000] {processor.py:914} INFO - Processing file /home/ec2-user/environment/asynchronous_ai_inference_system/dags/generate_data_dag.py for tasks to queue
[2026-05-02T17:09:40.358+0000] {logging_mixin.py:190} INFO - [2026-05-02T17:09:40.358+0000] {dagbag.py:588} INFO - Filling up the DagBag from /home/ec2-user/environment/asynchronous_ai_inference_system/dags/generate_data_dag.py
[2026-05-02T17:09:41.628+0000] {processor.py:925} INFO - DAG(s) 'generate_data_only' retrieved from /home/ec2-user/environment/asynchronous_ai_inference_system/dags/generate_data_dag.py
[2026-05-02T17:09:41.641+0000] {logging_mixin.py:190} INFO - [2026-05-02T17:09:41.641+0000] {dag.py:3239} INFO - Sync 1 DAGs
[2026-05-02T17:09:41.654+0000] {logging_mixin.py:190} INFO - [2026-05-02T17:09:41.654+0000] {dag.py:4180} INFO - Setting next_dagrun for generate_data_only to None, run_after=None
[2026-05-02T17:09:41.672+0000] {processor.py:208} INFO - Processing /home/ec2-user/environment/asynchronous_ai_inference_system/dags/generate_data_dag.py took 1.320 seconds
[2026-05-02T17:10:11.996+0000] {processor.py:186} INFO - Started process (PID=13863) to work on /home/ec2-user/environment/asynchronous_ai_inference_system/dags/generate_data_dag.py
[2026-05-02T17:10:11.997+0000] {processor.py:914} INFO - Processing file /home/ec2-user/environment/asynchronous_ai_inference_system/dags/generate_data_dag.py for tasks to queue
[2026-05-02T17:10:11.998+0000] {logging_mixin.py:190} INFO - [2026-05-02T17:10:11.998+0000] {dagbag.py:588} INFO - Filling up the DagBag from /home/ec2-user/environment/asynchronous_ai_inference_system/dags/generate_data_dag.py
[2026-05-02T17:10:13.368+0000] {processor.py:925} INFO - DAG(s) 'generate_data_only' retrieved from /home/ec2-user/environment/asynchronous_ai_inference_system/dags/generate_data_dag.py
[2026-05-02T17:10:13.380+0000] {logging_mixin.py:190} INFO - [2026-05-02T17:10:13.380+0000] {dag.py:3239} INFO - Sync 1 DAGs
[2026-05-02T17:10:13.389+0000] {logging_mixin.py:190} INFO - [2026-05-02T17:10:13.389+0000] {dag.py:4180} INFO - Setting next_dagrun for generate_data_only to None, run_after=None
[2026-05-02T17:10:13.414+0000] {processor.py:208} INFO - Processing /home/ec2-user/environment/asynchronous_ai_inference_system/dags/generate_data_dag.py took 1.423 seconds
[2026-05-02T17:10:43.794+0000] {processor.py:186} INFO - Started process (PID=14114) to work on /home/ec2-user/environment/asynchronous_ai_inference_system/dags/generate_data_dag.py
[2026-05-02T17:10:43.795+0000] {processor.py:914} INFO - Processing file /home/ec2-user/environment/asynchronous_ai_inference_system/dags/generate_data_dag.py for tasks to queue
[2026-05-02T17:10:43.796+0000] {logging_mixin.py:190} INFO - [2026-05-02T17:10:43.795+0000] {dagbag.py:588} INFO - Filling up the DagBag from /home/ec2-user/environment/asynchronous_ai_inference_system/dags/generate_data_dag.py
[2026-05-02T17:10:45.191+0000] {processor.py:925} INFO - DAG(s) 'generate_data_only' retrieved from /home/ec2-user/environment/asynchronous_ai_inference_system/dags/generate_data_dag.py
[2026-05-02T17:10:45.203+0000] {logging_mixin.py:190} INFO - [2026-05-02T17:10:45.203+0000] {dag.py:3239} INFO - Sync 1 DAGs
[2026-05-02T17:10:45.212+0000] {logging_mixin.py:190} INFO - [2026-05-02T17:10:45.212+0000] {dag.py:4180} INFO - Setting next_dagrun for generate_data_only to None, run_after=None
[2026-05-02T17:10:45.231+0000] {processor.py:208} INFO - Processing /home/ec2-user/environment/asynchronous_ai_inference_system/dags/generate_data_dag.py took 1.443 seconds
[2026-05-02T17:11:15.577+0000] {processor.py:186} INFO - Started process (PID=14405) to work on /home/ec2-user/environment/asynchronous_ai_inference_system/dags/generate_data_dag.py
[2026-05-02T17:11:15.578+0000] {processor.py:914} INFO - Processing file /home/ec2-user/environment/asynchronous_ai_inference_system/dags/generate_data_dag.py for tasks to queue
[2026-05-02T17:11:15.579+0000] {logging_mixin.py:190} INFO - [2026-05-02T17:11:15.578+0000] {dagbag.py:588} INFO - Filling up the DagBag from /home/ec2-user/environment/asynchronous_ai_inference_system/dags/generate_data_dag.py
[2026-05-02T17:11:16.877+0000] {processor.py:925} INFO - DAG(s) 'generate_data_only' retrieved from /home/ec2-user/environment/asynchronous_ai_inference_system/dags/generate_data_dag.py
[2026-05-02T17:11:16.889+0000] {logging_mixin.py:190} INFO - [2026-05-02T17:11:16.889+0000] {dag.py:3239} INFO - Sync 1 DAGs
[2026-05-02T17:11:16.900+0000] {logging_mixin.py:190} INFO - [2026-05-02T17:11:16.899+0000] {dag.py:4180} INFO - Setting next_dagrun for generate_data_only to None, run_after=None
[2026-05-02T17:11:16.917+0000] {processor.py:208} INFO - Processing /home/ec2-user/environment/asynchronous_ai_inference_system/dags/generate_data_dag.py took 1.346 seconds
[2026-05-02T17:11:47.211+0000] {processor.py:186} INFO - Started process (PID=14609) to work on /home/ec2-user/environment/asynchronous_ai_inference_system/dags/generate_data_dag.py
[2026-05-02T17:11:47.212+0000] {processor.py:914} INFO - Processing file /home/ec2-user/environment/asynchronous_ai_inference_system/dags/generate_data_dag.py for tasks to queue
[2026-05-02T17:11:47.213+0000] {logging_mixin.py:190} INFO - [2026-05-02T17:11:47.213+0000] {dagbag.py:588} INFO - Filling up the DagBag from /home/ec2-user/environment/asynchronous_ai_inference_system/dags/generate_data_dag.py
[2026-05-02T17:11:48.476+0000] {processor.py:925} INFO - DAG(s) 'generate_data_only' retrieved from /home/ec2-user/environment/asynchronous_ai_inference_system/dags/generate_data_dag.py
[2026-05-02T17:11:48.490+0000] {logging_mixin.py:190} INFO - [2026-05-02T17:11:48.490+0000] {dag.py:3239} INFO - Sync 1 DAGs
[2026-05-02T17:11:48.499+0000] {logging_mixin.py:190} INFO - [2026-05-02T17:11:48.499+0000] {dag.py:4180} INFO - Setting next_dagrun for generate_data_only to None, run_after=None
[2026-05-02T17:11:48.516+0000] {processor.py:208} INFO - Processing /home/ec2-user/environment/asynchronous_ai_inference_system/dags/generate_data_dag.py took 1.310 seconds
[2026-05-02T17:12:18.845+0000] {processor.py:186} INFO - Started process (PID=14861) to work on /home/ec2-user/environment/asynchronous_ai_inference_system/dags/generate_data_dag.py
[2026-05-02T17:12:18.846+0000] {processor.py:914} INFO - Processing file /home/ec2-user/environment/asynchronous_ai_inference_system/dags/generate_data_dag.py for tasks to queue
[2026-05-02T17:12:18.847+0000] {logging_mixin.py:190} INFO - [2026-05-02T17:12:18.847+0000] {dagbag.py:588} INFO - Filling up the DagBag from /home/ec2-user/environment/asynchronous_ai_inference_system/dags/generate_data_dag.py
[2026-05-02T17:12:20.120+0000] {processor.py:925} INFO - DAG(s) 'generate_data_only' retrieved from /home/ec2-user/environment/asynchronous_ai_inference_system/dags/generate_data_dag.py
[2026-05-02T17:12:20.134+0000] {logging_mixin.py:190} INFO - [2026-05-02T17:12:20.134+0000] {dag.py:3239} INFO - Sync 1 DAGs
[2026-05-02T17:12:20.143+0000] {logging_mixin.py:190} INFO - [2026-05-02T17:12:20.143+0000] {dag.py:4180} INFO - Setting next_dagrun for generate_data_only to None, run_after=None
[2026-05-02T17:12:20.160+0000] {processor.py:208} INFO - Processing /home/ec2-user/environment/asynchronous_ai_inference_system/dags/generate_data_dag.py took 1.321 seconds
[2026-05-02T17:12:50.481+0000] {processor.py:186} INFO - Started process (PID=15054) to work on /home/ec2-user/environment/asynchronous_ai_inference_system/dags/generate_data_dag.py
[2026-05-02T17:12:50.482+0000] {processor.py:914} INFO - Processing file /home/ec2-user/environment/asynchronous_ai_inference_system/dags/generate_data_dag.py for tasks to queue
[2026-05-02T17:12:50.483+0000] {logging_mixin.py:190} INFO - [2026-05-02T17:12:50.483+0000] {dagbag.py:588} INFO - Filling up the DagBag from /home/ec2-user/environment/asynchronous_ai_inference_system/dags/generate_data_dag.py
[2026-05-02T17:12:51.742+0000] {processor.py:925} INFO - DAG(s) 'generate_data_only' retrieved from /home/ec2-user/environment/asynchronous_ai_inference_system/dags/generate_data_dag.py
[2026-05-02T17:12:51.755+0000] {logging_mixin.py:190} INFO - [2026-05-02T17:12:51.754+0000] {dag.py:3239} INFO - Sync 1 DAGs
[2026-05-02T17:12:51.763+0000] {logging_mixin.py:190} INFO - [2026-05-02T17:12:51.763+0000] {dag.py:4180} INFO - Setting next_dagrun for generate_data_only to None, run_after=None
[2026-05-02T17:12:51.781+0000] {processor.py:208} INFO - Processing /home/ec2-user/environment/asynchronous_ai_inference_system/dags/generate_data_dag.py took 1.305 seconds
[2026-05-02T17:18:06.481+0000] {processor.py:186} INFO - Started process (PID=15898) to work on /home/ec2-user/environment/asynchronous_ai_inference_system/dags/generate_data_dag.py
[2026-05-02T17:18:06.482+0000] {processor.py:914} INFO - Processing file /home/ec2-user/environment/asynchronous_ai_inference_system/dags/generate_data_dag.py for tasks to queue
[2026-05-02T17:18:06.483+0000] {logging_mixin.py:190} INFO - [2026-05-02T17:18:06.483+0000] {dagbag.py:588} INFO - Filling up the DagBag from /home/ec2-user/environment/asynchronous_ai_inference_system/dags/generate_data_dag.py
[2026-05-02T17:18:07.843+0000] {processor.py:925} INFO - DAG(s) 'generate_data_only' retrieved from /home/ec2-user/environment/asynchronous_ai_inference_system/dags/generate_data_dag.py
[2026-05-02T17:18:07.856+0000] {logging_mixin.py:190} INFO - [2026-05-02T17:18:07.855+0000] {dag.py:3239} INFO - Sync 1 DAGs
[2026-05-02T17:18:07.866+0000] {logging_mixin.py:190} INFO - [2026-05-02T17:18:07.866+0000] {dag.py:4180} INFO - Setting next_dagrun for generate_data_only to None, run_after=None
[2026-05-02T17:18:07.885+0000] {processor.py:208} INFO - Processing /home/ec2-user/environment/asynchronous_ai_inference_system/dags/generate_data_dag.py took 1.408 seconds
[2026-05-02T17:18:45.139+0000] {processor.py:186} INFO - Started process (PID=16160) to work on /home/ec2-user/environment/asynchronous_ai_inference_system/dags/generate_data_dag.py
[2026-05-02T17:18:45.140+0000] {processor.py:914} INFO - Processing file /home/ec2-user/environment/asynchronous_ai_inference_system/dags/generate_data_dag.py for tasks to queue
[2026-05-02T17:18:45.141+0000] {logging_mixin.py:190} INFO - [2026-05-02T17:18:45.141+0000] {dagbag.py:588} INFO - Filling up the DagBag from /home/ec2-user/environment/asynchronous_ai_inference_system/dags/generate_data_dag.py
[2026-05-02T17:18:46.622+0000] {processor.py:925} INFO - DAG(s) 'generate_data_only' retrieved from /home/ec2-user/environment/asynchronous_ai_inference_system/dags/generate_data_dag.py
[2026-05-02T17:18:46.637+0000] {logging_mixin.py:190} INFO - [2026-05-02T17:18:46.637+0000] {dag.py:3239} INFO - Sync 1 DAGs
[2026-05-02T17:18:46.646+0000] {logging_mixin.py:190} INFO - [2026-05-02T17:18:46.646+0000] {dag.py:4180} INFO - Setting next_dagrun for generate_data_only to None, run_after=None
[2026-05-02T17:18:46.664+0000] {processor.py:208} INFO - Processing /home/ec2-user/environment/asynchronous_ai_inference_system/dags/generate_data_dag.py took 1.530 seconds
[2026-05-02T17:19:17.499+0000] {processor.py:186} INFO - Started process (PID=16414) to work on /home/ec2-user/environment/asynchronous_ai_inference_system/dags/generate_data_dag.py
[2026-05-02T17:19:17.500+0000] {processor.py:914} INFO - Processing file /home/ec2-user/environment/asynchronous_ai_inference_system/dags/generate_data_dag.py for tasks to queue
[2026-05-02T17:19:17.501+0000] {logging_mixin.py:190} INFO - [2026-05-02T17:19:17.501+0000] {dagbag.py:588} INFO - Filling up the DagBag from /home/ec2-user/environment/asynchronous_ai_inference_system/dags/generate_data_dag.py
[2026-05-02T17:19:18.858+0000] {processor.py:925} INFO - DAG(s) 'generate_data_only' retrieved from /home/ec2-user/environment/asynchronous_ai_inference_system/dags/generate_data_dag.py
[2026-05-02T17:19:18.872+0000] {logging_mixin.py:190} INFO - [2026-05-02T17:19:18.871+0000] {dag.py:3239} INFO - Sync 1 DAGs
[2026-05-02T17:19:18.881+0000] {logging_mixin.py:190} INFO - [2026-05-02T17:19:18.880+0000] {dag.py:4180} INFO - Setting next_dagrun for generate_data_only to None, run_after=None
[2026-05-02T17:19:18.899+0000] {processor.py:208} INFO - Processing /home/ec2-user/environment/asynchronous_ai_inference_system/dags/generate_data_dag.py took 1.404 seconds
[2026-05-02T17:19:49.351+0000] {processor.py:186} INFO - Started process (PID=16618) to work on /home/ec2-user/environment/asynchronous_ai_inference_system/dags/generate_data_dag.py
[2026-05-02T17:19:49.352+0000] {processor.py:914} INFO - Processing file /home/ec2-user/environment/asynchronous_ai_inference_system/dags/generate_data_dag.py for tasks to queue
[2026-05-02T17:19:49.353+0000] {logging_mixin.py:190} INFO - [2026-05-02T17:19:49.353+0000] {dagbag.py:588} INFO - Filling up the DagBag from /home/ec2-user/environment/asynchronous_ai_inference_system/dags/generate_data_dag.py
[2026-05-02T17:19:50.708+0000] {processor.py:925} INFO - DAG(s) 'generate_data_only' retrieved from /home/ec2-user/environment/asynchronous_ai_inference_system/dags/generate_data_dag.py
[2026-05-02T17:19:50.721+0000] {logging_mixin.py:190} INFO - [2026-05-02T17:19:50.720+0000] {dag.py:3239} INFO - Sync 1 DAGs
[2026-05-02T17:19:50.729+0000] {logging_mixin.py:190} INFO - [2026-05-02T17:19:50.729+0000] {dag.py:4180} INFO - Setting next_dagrun for generate_data_only to None, run_after=None
[2026-05-02T17:19:50.747+0000] {processor.py:208} INFO - Processing /home/ec2-user/environment/asynchronous_ai_inference_system/dags/generate_data_dag.py took 1.401 seconds
[2026-05-02T17:20:21.090+0000] {processor.py:186} INFO - Started process (PID=16883) to work on /home/ec2-user/environment/asynchronous_ai_inference_system/dags/generate_data_dag.py
[2026-05-02T17:20:21.091+0000] {processor.py:914} INFO - Processing file /home/ec2-user/environment/asynchronous_ai_inference_system/dags/generate_data_dag.py for tasks to queue
[2026-05-02T17:20:21.092+0000] {logging_mixin.py:190} INFO - [2026-05-02T17:20:21.092+0000] {dagbag.py:588} INFO - Filling up the DagBag from /home/ec2-user/environment/asynchronous_ai_inference_system/dags/generate_data_dag.py
[2026-05-02T17:20:22.463+0000] {processor.py:925} INFO - DAG(s) 'generate_data_only' retrieved from /home/ec2-user/environment/asynchronous_ai_inference_system/dags/generate_data_dag.py
[2026-05-02T17:20:22.476+0000] {logging_mixin.py:190} INFO - [2026-05-02T17:20:22.475+0000] {dag.py:3239} INFO - Sync 1 DAGs
[2026-05-02T17:20:22.486+0000] {logging_mixin.py:190} INFO - [2026-05-02T17:20:22.486+0000] {dag.py:4180} INFO - Setting next_dagrun for generate_data_only to None, run_after=None
[2026-05-02T17:20:22.504+0000] {processor.py:208} INFO - Processing /home/ec2-user/environment/asynchronous_ai_inference_system/dags/generate_data_dag.py took 1.419 seconds
[2026-05-02T17:20:52.823+0000] {processor.py:186} INFO - Started process (PID=17086) to work on /home/ec2-user/environment/asynchronous_ai_inference_system/dags/generate_data_dag.py
[2026-05-02T17:20:52.823+0000] {processor.py:914} INFO - Processing file /home/ec2-user/environment/asynchronous_ai_inference_system/dags/generate_data_dag.py for tasks to queue
[2026-05-02T17:20:52.824+0000] {logging_mixin.py:190} INFO - [2026-05-02T17:20:52.824+0000] {dagbag.py:588} INFO - Filling up the DagBag from /home/ec2-user/environment/asynchronous_ai_inference_system/dags/generate_data_dag.py
[2026-05-02T17:20:54.178+0000] {processor.py:925} INFO - DAG(s) 'generate_data_only' retrieved from /home/ec2-user/environment/asynchronous_ai_inference_system/dags/generate_data_dag.py
[2026-05-02T17:20:54.198+0000] {logging_mixin.py:190} INFO - [2026-05-02T17:20:54.197+0000] {dag.py:3239} INFO - Sync 1 DAGs
[2026-05-02T17:20:54.235+0000] {logging_mixin.py:190} INFO - [2026-05-02T17:20:54.235+0000] {dag.py:4180} INFO - Setting next_dagrun for generate_data_only to None, run_after=None
[2026-05-02T17:20:54.278+0000] {processor.py:208} INFO - Processing /home/ec2-user/environment/asynchronous_ai_inference_system/dags/generate_data_dag.py took 1.460 seconds
[2026-05-02T17:21:24.557+0000] {processor.py:186} INFO - Started process (PID=17296) to work on /home/ec2-user/environment/asynchronous_ai_inference_system/dags/generate_data_dag.py
[2026-05-02T17:21:24.558+0000] {processor.py:914} INFO - Processing file /home/ec2-user/environment/asynchronous_ai_inference_system/dags/generate_data_dag.py for tasks to queue
[2026-05-02T17:21:24.559+0000] {logging_mixin.py:190} INFO - [2026-05-02T17:21:24.559+0000] {dagbag.py:588} INFO - Filling up the DagBag from /home/ec2-user/environment/asynchronous_ai_inference_system/dags/generate_data_dag.py
[2026-05-02T17:21:26.061+0000] {processor.py:925} INFO - DAG(s) 'generate_data_only' retrieved from /home/ec2-user/environment/asynchronous_ai_inference_system/dags/generate_data_dag.py
[2026-05-02T17:21:26.073+0000] {logging_mixin.py:190} INFO - [2026-05-02T17:21:26.073+0000] {dag.py:3239} INFO - Sync 1 DAGs
[2026-05-02T17:21:26.082+0000] {logging_mixin.py:190} INFO - [2026-05-02T17:21:26.082+0000] {dag.py:4180} INFO - Setting next_dagrun for generate_data_only to None, run_after=None
[2026-05-02T17:21:26.100+0000] {processor.py:208} INFO - Processing /home/ec2-user/environment/asynchronous_ai_inference_system/dags/generate_data_dag.py took 1.548 seconds
[2026-05-02T17:21:56.297+0000] {processor.py:186} INFO - Started process (PID=17519) to work on /home/ec2-user/environment/asynchronous_ai_inference_system/dags/generate_data_dag.py
[2026-05-02T17:21:56.297+0000] {processor.py:914} INFO - Processing file /home/ec2-user/environment/asynchronous_ai_inference_system/dags/generate_data_dag.py for tasks to queue
[2026-05-02T17:21:56.298+0000] {logging_mixin.py:190} INFO - [2026-05-02T17:21:56.298+0000] {dagbag.py:588} INFO - Filling up the DagBag from /home/ec2-user/environment/asynchronous_ai_inference_system/dags/generate_data_dag.py
[2026-05-02T17:21:57.695+0000] {processor.py:925} INFO - DAG(s) 'generate_data_only' retrieved from /home/ec2-user/environment/asynchronous_ai_inference_system/dags/generate_data_dag.py
[2026-05-02T17:21:57.708+0000] {logging_mixin.py:190} INFO - [2026-05-02T17:21:57.708+0000] {dag.py:3239} INFO - Sync 1 DAGs
[2026-05-02T17:21:57.717+0000] {logging_mixin.py:190} INFO - [2026-05-02T17:21:57.717+0000] {dag.py:4180} INFO - Setting next_dagrun for generate_data_only to None, run_after=None
[2026-05-02T17:21:57.735+0000] {processor.py:208} INFO - Processing /home/ec2-user/environment/asynchronous_ai_inference_system/dags/generate_data_dag.py took 1.444 seconds
[2026-05-02T17:22:28.055+0000] {processor.py:186} INFO - Started process (PID=17776) to work on /home/ec2-user/environment/asynchronous_ai_inference_system/dags/generate_data_dag.py
[2026-05-02T17:22:28.056+0000] {processor.py:914} INFO - Processing file /home/ec2-user/environment/asynchronous_ai_inference_system/dags/generate_data_dag.py for tasks to queue
[2026-05-02T17:22:28.057+0000] {logging_mixin.py:190} INFO - [2026-05-02T17:22:28.057+0000] {dagbag.py:588} INFO - Filling up the DagBag from /home/ec2-user/environment/asynchronous_ai_inference_system/dags/generate_data_dag.py
[2026-05-02T17:22:29.330+0000] {processor.py:925} INFO - DAG(s) 'generate_data_only' retrieved from /home/ec2-user/environment/asynchronous_ai_inference_system/dags/generate_data_dag.py
[2026-05-02T17:22:29.342+0000] {logging_mixin.py:190} INFO - [2026-05-02T17:22:29.342+0000] {dag.py:3239} INFO - Sync 1 DAGs
[2026-05-02T17:22:29.351+0000] {logging_mixin.py:190} INFO - [2026-05-02T17:22:29.351+0000] {dag.py:4180} INFO - Setting next_dagrun for generate_data_only to None, run_after=None
[2026-05-02T17:22:29.373+0000] {processor.py:208} INFO - Processing /home/ec2-user/environment/asynchronous_ai_inference_system/dags/generate_data_dag.py took 1.323 seconds
[2026-05-02T17:22:59.786+0000] {processor.py:186} INFO - Started process (PID=17971) to work on /home/ec2-user/environment/asynchronous_ai_inference_system/dags/generate_data_dag.py
[2026-05-02T17:22:59.787+0000] {processor.py:914} INFO - Processing file /home/ec2-user/environment/asynchronous_ai_inference_system/dags/generate_data_dag.py for tasks to queue
[2026-05-02T17:22:59.788+0000] {logging_mixin.py:190} INFO - [2026-05-02T17:22:59.788+0000] {dagbag.py:588} INFO - Filling up the DagBag from /home/ec2-user/environment/asynchronous_ai_inference_system/dags/generate_data_dag.py
[2026-05-02T17:23:01.067+0000] {processor.py:925} INFO - DAG(s) 'generate_data_only' retrieved from /home/ec2-user/environment/asynchronous_ai_inference_system/dags/generate_data_dag.py
[2026-05-02T17:23:01.081+0000] {logging_mixin.py:190} INFO - [2026-05-02T17:23:01.081+0000] {dag.py:3239} INFO - Sync 1 DAGs
[2026-05-02T17:23:01.090+0000] {logging_mixin.py:190} INFO - [2026-05-02T17:23:01.090+0000] {dag.py:4180} INFO - Setting next_dagrun for generate_data_only to None, run_after=None
[2026-05-02T17:23:01.108+0000] {processor.py:208} INFO - Processing /home/ec2-user/environment/asynchronous_ai_inference_system/dags/generate_data_dag.py took 1.328 seconds
[2026-05-02T17:23:31.431+0000] {processor.py:186} INFO - Started process (PID=18177) to work on /home/ec2-user/environment/asynchronous_ai_inference_system/dags/generate_data_dag.py
[2026-05-02T17:23:31.432+0000] {processor.py:914} INFO - Processing file /home/ec2-user/environment/asynchronous_ai_inference_system/dags/generate_data_dag.py for tasks to queue
[2026-05-02T17:23:31.433+0000] {logging_mixin.py:190} INFO - [2026-05-02T17:23:31.433+0000] {dagbag.py:588} INFO - Filling up the DagBag from /home/ec2-user/environment/asynchronous_ai_inference_system/dags/generate_data_dag.py
[2026-05-02T17:23:32.855+0000] {processor.py:925} INFO - DAG(s) 'generate_data_only' retrieved from /home/ec2-user/environment/asynchronous_ai_inference_system/dags/generate_data_dag.py
[2026-05-02T17:23:32.868+0000] {logging_mixin.py:190} INFO - [2026-05-02T17:23:32.868+0000] {dag.py:3239} INFO - Sync 1 DAGs
[2026-05-02T17:23:32.877+0000] {logging_mixin.py:190} INFO - [2026-05-02T17:23:32.877+0000] {dag.py:4180} INFO - Setting next_dagrun for generate_data_only to None, run_after=None
[2026-05-02T17:23:32.896+0000] {processor.py:208} INFO - Processing /home/ec2-user/environment/asynchronous_ai_inference_system/dags/generate_data_dag.py took 1.469 seconds
[2026-05-02T17:24:03.070+0000] {processor.py:186} INFO - Started process (PID=18403) to work on /home/ec2-user/environment/asynchronous_ai_inference_system/dags/generate_data_dag.py
[2026-05-02T17:24:03.072+0000] {processor.py:914} INFO - Processing file /home/ec2-user/environment/asynchronous_ai_inference_system/dags/generate_data_dag.py for tasks to queue
[2026-05-02T17:24:03.073+0000] {logging_mixin.py:190} INFO - [2026-05-02T17:24:03.072+0000] {dagbag.py:588} INFO - Filling up the DagBag from /home/ec2-user/environment/asynchronous_ai_inference_system/dags/generate_data_dag.py
[2026-05-02T17:24:04.377+0000] {processor.py:925} INFO - DAG(s) 'generate_data_only' retrieved from /home/ec2-user/environment/asynchronous_ai_inference_system/dags/generate_data_dag.py
[2026-05-02T17:24:04.389+0000] {logging_mixin.py:190} INFO - [2026-05-02T17:24:04.389+0000] {dag.py:3239} INFO - Sync 1 DAGs
[2026-05-02T17:24:04.398+0000] {logging_mixin.py:190} INFO - [2026-05-02T17:24:04.397+0000] {dag.py:4180} INFO - Setting next_dagrun for generate_data_only to None, run_after=None
[2026-05-02T17:24:04.414+0000] {processor.py:208} INFO - Processing /home/ec2-user/environment/asynchronous_ai_inference_system/dags/generate_data_dag.py took 1.348 seconds
[2026-05-02T17:24:34.819+0000] {processor.py:186} INFO - Started process (PID=18662) to work on /home/ec2-user/environment/asynchronous_ai_inference_system/dags/generate_data_dag.py
[2026-05-02T17:24:34.820+0000] {processor.py:914} INFO - Processing file /home/ec2-user/environment/asynchronous_ai_inference_system/dags/generate_data_dag.py for tasks to queue
[2026-05-02T17:24:34.821+0000] {logging_mixin.py:190} INFO - [2026-05-02T17:24:34.821+0000] {dagbag.py:588} INFO - Filling up the DagBag from /home/ec2-user/environment/asynchronous_ai_inference_system/dags/generate_data_dag.py
[2026-05-02T17:24:36.086+0000] {processor.py:925} INFO - DAG(s) 'generate_data_only' retrieved from /home/ec2-user/environment/asynchronous_ai_inference_system/dags/generate_data_dag.py
[2026-05-02T17:24:36.099+0000] {logging_mixin.py:190} INFO - [2026-05-02T17:24:36.098+0000] {dag.py:3239} INFO - Sync 1 DAGs
[2026-05-02T17:24:36.108+0000] {logging_mixin.py:190} INFO - [2026-05-02T17:24:36.107+0000] {dag.py:4180} INFO - Setting next_dagrun for generate_data_only to None, run_after=None
[2026-05-02T17:24:36.127+0000] {processor.py:208} INFO - Processing /home/ec2-user/environment/asynchronous_ai_inference_system/dags/generate_data_dag.py took 1.313 seconds
[2026-05-02T17:25:06.328+0000] {processor.py:186} INFO - Started process (PID=18868) to work on /home/ec2-user/environment/asynchronous_ai_inference_system/dags/generate_data_dag.py
[2026-05-02T17:25:06.329+0000] {processor.py:914} INFO - Processing file /home/ec2-user/environment/asynchronous_ai_inference_system/dags/generate_data_dag.py for tasks to queue
[2026-05-02T17:25:06.330+0000] {logging_mixin.py:190} INFO - [2026-05-02T17:25:06.330+0000] {dagbag.py:588} INFO - Filling up the DagBag from /home/ec2-user/environment/asynchronous_ai_inference_system/dags/generate_data_dag.py
[2026-05-02T17:25:07.705+0000] {processor.py:925} INFO - DAG(s) 'generate_data_only' retrieved from /home/ec2-user/environment/asynchronous_ai_inference_system/dags/generate_data_dag.py
[2026-05-02T17:25:07.719+0000] {logging_mixin.py:190} INFO - [2026-05-02T17:25:07.719+0000] {dag.py:3239} INFO - Sync 1 DAGs
[2026-05-02T17:25:07.729+0000] {logging_mixin.py:190} INFO - [2026-05-02T17:25:07.728+0000] {dag.py:4180} INFO - Setting next_dagrun for generate_data_only to None, run_after=None
[2026-05-02T17:25:07.747+0000] {processor.py:208} INFO - Processing /home/ec2-user/environment/asynchronous_ai_inference_system/dags/generate_data_dag.py took 1.423 seconds
[2026-05-02T17:25:38.482+0000] {processor.py:186} INFO - Started process (PID=19095) to work on /home/ec2-user/environment/asynchronous_ai_inference_system/dags/generate_data_dag.py
[2026-05-02T17:25:38.483+0000] {processor.py:914} INFO - Processing file /home/ec2-user/environment/asynchronous_ai_inference_system/dags/generate_data_dag.py for tasks to queue
[2026-05-02T17:25:38.485+0000] {logging_mixin.py:190} INFO - [2026-05-02T17:25:38.484+0000] {dagbag.py:588} INFO - Filling up the DagBag from /home/ec2-user/environment/asynchronous_ai_inference_system/dags/generate_data_dag.py
[2026-05-02T17:25:39.776+0000] {processor.py:925} INFO - DAG(s) 'generate_data_only' retrieved from /home/ec2-user/environment/asynchronous_ai_inference_system/dags/generate_data_dag.py
[2026-05-02T17:25:39.789+0000] {logging_mixin.py:190} INFO - [2026-05-02T17:25:39.789+0000] {dag.py:3239} INFO - Sync 1 DAGs
[2026-05-02T17:25:39.798+0000] {logging_mixin.py:190} INFO - [2026-05-02T17:25:39.798+0000] {dag.py:4180} INFO - Setting next_dagrun for generate_data_only to None, run_after=None
[2026-05-02T17:25:39.815+0000] {processor.py:208} INFO - Processing /home/ec2-user/environment/asynchronous_ai_inference_system/dags/generate_data_dag.py took 1.338 seconds
[2026-05-02T17:26:10.202+0000] {processor.py:186} INFO - Started process (PID=19351) to work on /home/ec2-user/environment/asynchronous_ai_inference_system/dags/generate_data_dag.py
[2026-05-02T17:26:10.203+0000] {processor.py:914} INFO - Processing file /home/ec2-user/environment/asynchronous_ai_inference_system/dags/generate_data_dag.py for tasks to queue
[2026-05-02T17:26:10.204+0000] {logging_mixin.py:190} INFO - [2026-05-02T17:26:10.204+0000] {dagbag.py:588} INFO - Filling up the DagBag from /home/ec2-user/environment/asynchronous_ai_inference_system/dags/generate_data_dag.py
[2026-05-02T17:26:11.487+0000] {processor.py:925} INFO - DAG(s) 'generate_data_only' retrieved from /home/ec2-user/environment/asynchronous_ai_inference_system/dags/generate_data_dag.py
[2026-05-02T17:26:11.500+0000] {logging_mixin.py:190} INFO - [2026-05-02T17:26:11.499+0000] {dag.py:3239} INFO - Sync 1 DAGs
[2026-05-02T17:26:11.509+0000] {logging_mixin.py:190} INFO - [2026-05-02T17:26:11.509+0000] {dag.py:4180} INFO - Setting next_dagrun for generate_data_only to None, run_after=None
[2026-05-02T17:26:11.527+0000] {processor.py:208} INFO - Processing /home/ec2-user/environment/asynchronous_ai_inference_system/dags/generate_data_dag.py took 1.330 seconds
