[2026-05-02T16:46:20.755+0000] {processor.py:186} INFO - Started process (PID=4114) to work on /home/ec2-user/environment/asynchronous_ai_inference_system/dags/ml_pipeline_dag.py
[2026-05-02T16:46:20.756+0000] {processor.py:914} INFO - Processing file /home/ec2-user/environment/asynchronous_ai_inference_system/dags/ml_pipeline_dag.py for tasks to queue
[2026-05-02T16:46:20.757+0000] {logging_mixin.py:190} INFO - [2026-05-02T16:46:20.756+0000] {dagbag.py:588} INFO - Filling up the DagBag from /home/ec2-user/environment/asynchronous_ai_inference_system/dags/ml_pipeline_dag.py
[2026-05-02T16:46:22.118+0000] {processor.py:925} INFO - DAG(s) 'ml_pipeline' retrieved from /home/ec2-user/environment/asynchronous_ai_inference_system/dags/ml_pipeline_dag.py
[2026-05-02T16:46:22.130+0000] {logging_mixin.py:190} INFO - [2026-05-02T16:46:22.130+0000] {dag.py:3239} INFO - Sync 1 DAGs
[2026-05-02T16:46:22.139+0000] {logging_mixin.py:190} INFO - [2026-05-02T16:46:22.139+0000] {dag.py:4180} INFO - Setting next_dagrun for ml_pipeline to None, run_after=None
[2026-05-02T16:46:22.159+0000] {processor.py:208} INFO - Processing /home/ec2-user/environment/asynchronous_ai_inference_system/dags/ml_pipeline_dag.py took 1.409 seconds
[2026-05-02T16:46:52.592+0000] {processor.py:186} INFO - Started process (PID=4348) to work on /home/ec2-user/environment/asynchronous_ai_inference_system/dags/ml_pipeline_dag.py
[2026-05-02T16:46:52.592+0000] {processor.py:914} INFO - Processing file /home/ec2-user/environment/asynchronous_ai_inference_system/dags/ml_pipeline_dag.py for tasks to queue
[2026-05-02T16:46:52.593+0000] {logging_mixin.py:190} INFO - [2026-05-02T16:46:52.593+0000] {dagbag.py:588} INFO - Filling up the DagBag from /home/ec2-user/environment/asynchronous_ai_inference_system/dags/ml_pipeline_dag.py
[2026-05-02T16:46:53.987+0000] {processor.py:925} INFO - DAG(s) 'ml_pipeline' retrieved from /home/ec2-user/environment/asynchronous_ai_inference_system/dags/ml_pipeline_dag.py
[2026-05-02T16:46:54.000+0000] {logging_mixin.py:190} INFO - [2026-05-02T16:46:53.999+0000] {dag.py:3239} INFO - Sync 1 DAGs
[2026-05-02T16:46:54.008+0000] {logging_mixin.py:190} INFO - [2026-05-02T16:46:54.008+0000] {dag.py:4180} INFO - Setting next_dagrun for ml_pipeline to None, run_after=None
[2026-05-02T16:46:54.027+0000] {processor.py:208} INFO - Processing /home/ec2-user/environment/asynchronous_ai_inference_system/dags/ml_pipeline_dag.py took 1.440 seconds
[2026-05-02T16:47:24.465+0000] {processor.py:186} INFO - Started process (PID=4599) to work on /home/ec2-user/environment/asynchronous_ai_inference_system/dags/ml_pipeline_dag.py
[2026-05-02T16:47:24.466+0000] {processor.py:914} INFO - Processing file /home/ec2-user/environment/asynchronous_ai_inference_system/dags/ml_pipeline_dag.py for tasks to queue
[2026-05-02T16:47:24.467+0000] {logging_mixin.py:190} INFO - [2026-05-02T16:47:24.466+0000] {dagbag.py:588} INFO - Filling up the DagBag from /home/ec2-user/environment/asynchronous_ai_inference_system/dags/ml_pipeline_dag.py
[2026-05-02T16:47:25.836+0000] {processor.py:925} INFO - DAG(s) 'ml_pipeline' retrieved from /home/ec2-user/environment/asynchronous_ai_inference_system/dags/ml_pipeline_dag.py
[2026-05-02T16:47:25.848+0000] {logging_mixin.py:190} INFO - [2026-05-02T16:47:25.848+0000] {dag.py:3239} INFO - Sync 1 DAGs
[2026-05-02T16:47:25.857+0000] {logging_mixin.py:190} INFO - [2026-05-02T16:47:25.857+0000] {dag.py:4180} INFO - Setting next_dagrun for ml_pipeline to None, run_after=None
[2026-05-02T16:47:25.877+0000] {processor.py:208} INFO - Processing /home/ec2-user/environment/asynchronous_ai_inference_system/dags/ml_pipeline_dag.py took 1.417 seconds
[2026-05-02T16:47:56.194+0000] {processor.py:186} INFO - Started process (PID=4787) to work on /home/ec2-user/environment/asynchronous_ai_inference_system/dags/ml_pipeline_dag.py
[2026-05-02T16:47:56.195+0000] {processor.py:914} INFO - Processing file /home/ec2-user/environment/asynchronous_ai_inference_system/dags/ml_pipeline_dag.py for tasks to queue
[2026-05-02T16:47:56.196+0000] {logging_mixin.py:190} INFO - [2026-05-02T16:47:56.196+0000] {dagbag.py:588} INFO - Filling up the DagBag from /home/ec2-user/environment/asynchronous_ai_inference_system/dags/ml_pipeline_dag.py
[2026-05-02T16:47:57.524+0000] {processor.py:925} INFO - DAG(s) 'ml_pipeline' retrieved from /home/ec2-user/environment/asynchronous_ai_inference_system/dags/ml_pipeline_dag.py
[2026-05-02T16:47:57.537+0000] {logging_mixin.py:190} INFO - [2026-05-02T16:47:57.536+0000] {dag.py:3239} INFO - Sync 1 DAGs
[2026-05-02T16:47:57.546+0000] {logging_mixin.py:190} INFO - [2026-05-02T16:47:57.546+0000] {dag.py:4180} INFO - Setting next_dagrun for ml_pipeline to None, run_after=None
[2026-05-02T16:47:57.562+0000] {processor.py:208} INFO - Processing /home/ec2-user/environment/asynchronous_ai_inference_system/dags/ml_pipeline_dag.py took 1.373 seconds
[2026-05-02T16:48:27.937+0000] {processor.py:186} INFO - Started process (PID=5035) to work on /home/ec2-user/environment/asynchronous_ai_inference_system/dags/ml_pipeline_dag.py
[2026-05-02T16:48:27.937+0000] {processor.py:914} INFO - Processing file /home/ec2-user/environment/asynchronous_ai_inference_system/dags/ml_pipeline_dag.py for tasks to queue
[2026-05-02T16:48:27.938+0000] {logging_mixin.py:190} INFO - [2026-05-02T16:48:27.938+0000] {dagbag.py:588} INFO - Filling up the DagBag from /home/ec2-user/environment/asynchronous_ai_inference_system/dags/ml_pipeline_dag.py
[2026-05-02T16:48:29.407+0000] {processor.py:925} INFO - DAG(s) 'ml_pipeline' retrieved from /home/ec2-user/environment/asynchronous_ai_inference_system/dags/ml_pipeline_dag.py
[2026-05-02T16:48:29.420+0000] {logging_mixin.py:190} INFO - [2026-05-02T16:48:29.419+0000] {dag.py:3239} INFO - Sync 1 DAGs
[2026-05-02T16:48:29.429+0000] {logging_mixin.py:190} INFO - [2026-05-02T16:48:29.429+0000] {dag.py:4180} INFO - Setting next_dagrun for ml_pipeline to None, run_after=None
[2026-05-02T16:48:29.446+0000] {processor.py:208} INFO - Processing /home/ec2-user/environment/asynchronous_ai_inference_system/dags/ml_pipeline_dag.py took 1.514 seconds
[2026-05-02T16:48:59.614+0000] {processor.py:186} INFO - Started process (PID=5245) to work on /home/ec2-user/environment/asynchronous_ai_inference_system/dags/ml_pipeline_dag.py
[2026-05-02T16:48:59.615+0000] {processor.py:914} INFO - Processing file /home/ec2-user/environment/asynchronous_ai_inference_system/dags/ml_pipeline_dag.py for tasks to queue
[2026-05-02T16:48:59.616+0000] {logging_mixin.py:190} INFO - [2026-05-02T16:48:59.616+0000] {dagbag.py:588} INFO - Filling up the DagBag from /home/ec2-user/environment/asynchronous_ai_inference_system/dags/ml_pipeline_dag.py
[2026-05-02T16:49:01.133+0000] {processor.py:925} INFO - DAG(s) 'ml_pipeline' retrieved from /home/ec2-user/environment/asynchronous_ai_inference_system/dags/ml_pipeline_dag.py
[2026-05-02T16:49:01.147+0000] {logging_mixin.py:190} INFO - [2026-05-02T16:49:01.147+0000] {dag.py:3239} INFO - Sync 1 DAGs
[2026-05-02T16:49:01.156+0000] {logging_mixin.py:190} INFO - [2026-05-02T16:49:01.156+0000] {dag.py:4180} INFO - Setting next_dagrun for ml_pipeline to None, run_after=None
[2026-05-02T16:49:01.175+0000] {processor.py:208} INFO - Processing /home/ec2-user/environment/asynchronous_ai_inference_system/dags/ml_pipeline_dag.py took 1.565 seconds
[2026-05-02T16:49:31.282+0000] {processor.py:186} INFO - Started process (PID=5475) to work on /home/ec2-user/environment/asynchronous_ai_inference_system/dags/ml_pipeline_dag.py
[2026-05-02T16:49:31.283+0000] {processor.py:914} INFO - Processing file /home/ec2-user/environment/asynchronous_ai_inference_system/dags/ml_pipeline_dag.py for tasks to queue
[2026-05-02T16:49:31.284+0000] {logging_mixin.py:190} INFO - [2026-05-02T16:49:31.284+0000] {dagbag.py:588} INFO - Filling up the DagBag from /home/ec2-user/environment/asynchronous_ai_inference_system/dags/ml_pipeline_dag.py
[2026-05-02T16:49:32.701+0000] {processor.py:925} INFO - DAG(s) 'ml_pipeline' retrieved from /home/ec2-user/environment/asynchronous_ai_inference_system/dags/ml_pipeline_dag.py
[2026-05-02T16:49:32.714+0000] {logging_mixin.py:190} INFO - [2026-05-02T16:49:32.714+0000] {dag.py:3239} INFO - Sync 1 DAGs
[2026-05-02T16:49:32.723+0000] {logging_mixin.py:190} INFO - [2026-05-02T16:49:32.723+0000] {dag.py:4180} INFO - Setting next_dagrun for ml_pipeline to None, run_after=None
[2026-05-02T16:49:32.746+0000] {processor.py:208} INFO - Processing /home/ec2-user/environment/asynchronous_ai_inference_system/dags/ml_pipeline_dag.py took 1.468 seconds
[2026-05-02T16:50:02.847+0000] {processor.py:186} INFO - Started process (PID=5678) to work on /home/ec2-user/environment/asynchronous_ai_inference_system/dags/ml_pipeline_dag.py
[2026-05-02T16:50:02.849+0000] {processor.py:914} INFO - Processing file /home/ec2-user/environment/asynchronous_ai_inference_system/dags/ml_pipeline_dag.py for tasks to queue
[2026-05-02T16:50:02.849+0000] {logging_mixin.py:190} INFO - [2026-05-02T16:50:02.849+0000] {dagbag.py:588} INFO - Filling up the DagBag from /home/ec2-user/environment/asynchronous_ai_inference_system/dags/ml_pipeline_dag.py
[2026-05-02T16:50:04.284+0000] {processor.py:925} INFO - DAG(s) 'ml_pipeline' retrieved from /home/ec2-user/environment/asynchronous_ai_inference_system/dags/ml_pipeline_dag.py
[2026-05-02T16:50:04.297+0000] {logging_mixin.py:190} INFO - [2026-05-02T16:50:04.296+0000] {dag.py:3239} INFO - Sync 1 DAGs
[2026-05-02T16:50:04.305+0000] {logging_mixin.py:190} INFO - [2026-05-02T16:50:04.305+0000] {dag.py:4180} INFO - Setting next_dagrun for ml_pipeline to None, run_after=None
[2026-05-02T16:50:04.324+0000] {processor.py:208} INFO - Processing /home/ec2-user/environment/asynchronous_ai_inference_system/dags/ml_pipeline_dag.py took 1.481 seconds
[2026-05-02T16:50:35.544+0000] {processor.py:186} INFO - Started process (PID=5920) to work on /home/ec2-user/environment/asynchronous_ai_inference_system/dags/ml_pipeline_dag.py
[2026-05-02T16:50:35.545+0000] {processor.py:914} INFO - Processing file /home/ec2-user/environment/asynchronous_ai_inference_system/dags/ml_pipeline_dag.py for tasks to queue
[2026-05-02T16:50:35.546+0000] {logging_mixin.py:190} INFO - [2026-05-02T16:50:35.545+0000] {dagbag.py:588} INFO - Filling up the DagBag from /home/ec2-user/environment/asynchronous_ai_inference_system/dags/ml_pipeline_dag.py
[2026-05-02T16:50:36.879+0000] {processor.py:925} INFO - DAG(s) 'ml_pipeline' retrieved from /home/ec2-user/environment/asynchronous_ai_inference_system/dags/ml_pipeline_dag.py
[2026-05-02T16:50:36.892+0000] {logging_mixin.py:190} INFO - [2026-05-02T16:50:36.891+0000] {dag.py:3239} INFO - Sync 1 DAGs
[2026-05-02T16:50:36.900+0000] {logging_mixin.py:190} INFO - [2026-05-02T16:50:36.900+0000] {dag.py:4180} INFO - Setting next_dagrun for ml_pipeline to None, run_after=None
[2026-05-02T16:50:36.918+0000] {processor.py:208} INFO - Processing /home/ec2-user/environment/asynchronous_ai_inference_system/dags/ml_pipeline_dag.py took 1.378 seconds
[2026-05-02T16:51:13.500+0000] {processor.py:186} INFO - Started process (PID=6172) to work on /home/ec2-user/environment/asynchronous_ai_inference_system/dags/ml_pipeline_dag.py
[2026-05-02T16:51:13.501+0000] {processor.py:914} INFO - Processing file /home/ec2-user/environment/asynchronous_ai_inference_system/dags/ml_pipeline_dag.py for tasks to queue
[2026-05-02T16:51:13.502+0000] {logging_mixin.py:190} INFO - [2026-05-02T16:51:13.502+0000] {dagbag.py:588} INFO - Filling up the DagBag from /home/ec2-user/environment/asynchronous_ai_inference_system/dags/ml_pipeline_dag.py
[2026-05-02T16:51:14.961+0000] {processor.py:925} INFO - DAG(s) 'ml_pipeline' retrieved from /home/ec2-user/environment/asynchronous_ai_inference_system/dags/ml_pipeline_dag.py
[2026-05-02T16:51:14.973+0000] {logging_mixin.py:190} INFO - [2026-05-02T16:51:14.973+0000] {dag.py:3239} INFO - Sync 1 DAGs
[2026-05-02T16:51:14.983+0000] {logging_mixin.py:190} INFO - [2026-05-02T16:51:14.983+0000] {dag.py:4180} INFO - Setting next_dagrun for ml_pipeline to None, run_after=None
[2026-05-02T16:51:15.000+0000] {processor.py:208} INFO - Processing /home/ec2-user/environment/asynchronous_ai_inference_system/dags/ml_pipeline_dag.py took 1.504 seconds
[2026-05-02T16:51:45.741+0000] {processor.py:186} INFO - Started process (PID=6387) to work on /home/ec2-user/environment/asynchronous_ai_inference_system/dags/ml_pipeline_dag.py
[2026-05-02T16:51:45.741+0000] {processor.py:914} INFO - Processing file /home/ec2-user/environment/asynchronous_ai_inference_system/dags/ml_pipeline_dag.py for tasks to queue
[2026-05-02T16:51:45.742+0000] {logging_mixin.py:190} INFO - [2026-05-02T16:51:45.742+0000] {dagbag.py:588} INFO - Filling up the DagBag from /home/ec2-user/environment/asynchronous_ai_inference_system/dags/ml_pipeline_dag.py
[2026-05-02T16:51:47.090+0000] {processor.py:925} INFO - DAG(s) 'ml_pipeline' retrieved from /home/ec2-user/environment/asynchronous_ai_inference_system/dags/ml_pipeline_dag.py
[2026-05-02T16:51:47.102+0000] {logging_mixin.py:190} INFO - [2026-05-02T16:51:47.102+0000] {dag.py:3239} INFO - Sync 1 DAGs
[2026-05-02T16:51:47.111+0000] {logging_mixin.py:190} INFO - [2026-05-02T16:51:47.111+0000] {dag.py:4180} INFO - Setting next_dagrun for ml_pipeline to None, run_after=None
[2026-05-02T16:51:47.128+0000] {processor.py:208} INFO - Processing /home/ec2-user/environment/asynchronous_ai_inference_system/dags/ml_pipeline_dag.py took 1.392 seconds
[2026-05-02T16:52:17.209+0000] {processor.py:186} INFO - Started process (PID=6642) to work on /home/ec2-user/environment/asynchronous_ai_inference_system/dags/ml_pipeline_dag.py
[2026-05-02T16:52:17.210+0000] {processor.py:914} INFO - Processing file /home/ec2-user/environment/asynchronous_ai_inference_system/dags/ml_pipeline_dag.py for tasks to queue
[2026-05-02T16:52:17.211+0000] {logging_mixin.py:190} INFO - [2026-05-02T16:52:17.211+0000] {dagbag.py:588} INFO - Filling up the DagBag from /home/ec2-user/environment/asynchronous_ai_inference_system/dags/ml_pipeline_dag.py
[2026-05-02T16:52:18.494+0000] {processor.py:925} INFO - DAG(s) 'ml_pipeline' retrieved from /home/ec2-user/environment/asynchronous_ai_inference_system/dags/ml_pipeline_dag.py
[2026-05-02T16:52:18.508+0000] {logging_mixin.py:190} INFO - [2026-05-02T16:52:18.507+0000] {dag.py:3239} INFO - Sync 1 DAGs
[2026-05-02T16:52:18.516+0000] {logging_mixin.py:190} INFO - [2026-05-02T16:52:18.516+0000] {dag.py:4180} INFO - Setting next_dagrun for ml_pipeline to None, run_after=None
[2026-05-02T16:52:18.533+0000] {processor.py:208} INFO - Processing /home/ec2-user/environment/asynchronous_ai_inference_system/dags/ml_pipeline_dag.py took 1.328 seconds
[2026-05-02T16:52:49.204+0000] {processor.py:186} INFO - Started process (PID=6831) to work on /home/ec2-user/environment/asynchronous_ai_inference_system/dags/ml_pipeline_dag.py
[2026-05-02T16:52:49.206+0000] {processor.py:914} INFO - Processing file /home/ec2-user/environment/asynchronous_ai_inference_system/dags/ml_pipeline_dag.py for tasks to queue
[2026-05-02T16:52:49.207+0000] {logging_mixin.py:190} INFO - [2026-05-02T16:52:49.206+0000] {dagbag.py:588} INFO - Filling up the DagBag from /home/ec2-user/environment/asynchronous_ai_inference_system/dags/ml_pipeline_dag.py
[2026-05-02T16:52:50.427+0000] {processor.py:925} INFO - DAG(s) 'ml_pipeline' retrieved from /home/ec2-user/environment/asynchronous_ai_inference_system/dags/ml_pipeline_dag.py
[2026-05-02T16:52:50.439+0000] {logging_mixin.py:190} INFO - [2026-05-02T16:52:50.439+0000] {dag.py:3239} INFO - Sync 1 DAGs
[2026-05-02T16:52:50.447+0000] {logging_mixin.py:190} INFO - [2026-05-02T16:52:50.447+0000] {dag.py:4180} INFO - Setting next_dagrun for ml_pipeline to None, run_after=None
[2026-05-02T16:52:50.464+0000] {processor.py:208} INFO - Processing /home/ec2-user/environment/asynchronous_ai_inference_system/dags/ml_pipeline_dag.py took 1.264 seconds
[2026-05-02T16:53:20.810+0000] {processor.py:186} INFO - Started process (PID=7031) to work on /home/ec2-user/environment/asynchronous_ai_inference_system/dags/ml_pipeline_dag.py
[2026-05-02T16:53:20.810+0000] {processor.py:914} INFO - Processing file /home/ec2-user/environment/asynchronous_ai_inference_system/dags/ml_pipeline_dag.py for tasks to queue
[2026-05-02T16:53:20.811+0000] {logging_mixin.py:190} INFO - [2026-05-02T16:53:20.811+0000] {dagbag.py:588} INFO - Filling up the DagBag from /home/ec2-user/environment/asynchronous_ai_inference_system/dags/ml_pipeline_dag.py
[2026-05-02T16:53:22.032+0000] {processor.py:925} INFO - DAG(s) 'ml_pipeline' retrieved from /home/ec2-user/environment/asynchronous_ai_inference_system/dags/ml_pipeline_dag.py
[2026-05-02T16:53:22.044+0000] {logging_mixin.py:190} INFO - [2026-05-02T16:53:22.043+0000] {dag.py:3239} INFO - Sync 1 DAGs
[2026-05-02T16:53:22.052+0000] {logging_mixin.py:190} INFO - [2026-05-02T16:53:22.052+0000] {dag.py:4180} INFO - Setting next_dagrun for ml_pipeline to None, run_after=None
[2026-05-02T16:53:22.072+0000] {processor.py:208} INFO - Processing /home/ec2-user/environment/asynchronous_ai_inference_system/dags/ml_pipeline_dag.py took 1.267 seconds
[2026-05-02T16:53:52.575+0000] {processor.py:186} INFO - Started process (PID=7232) to work on /home/ec2-user/environment/asynchronous_ai_inference_system/dags/ml_pipeline_dag.py
[2026-05-02T16:53:52.576+0000] {processor.py:914} INFO - Processing file /home/ec2-user/environment/asynchronous_ai_inference_system/dags/ml_pipeline_dag.py for tasks to queue
[2026-05-02T16:53:52.577+0000] {logging_mixin.py:190} INFO - [2026-05-02T16:53:52.577+0000] {dagbag.py:588} INFO - Filling up the DagBag from /home/ec2-user/environment/asynchronous_ai_inference_system/dags/ml_pipeline_dag.py
[2026-05-02T16:53:53.902+0000] {processor.py:925} INFO - DAG(s) 'ml_pipeline' retrieved from /home/ec2-user/environment/asynchronous_ai_inference_system/dags/ml_pipeline_dag.py
[2026-05-02T16:53:53.914+0000] {logging_mixin.py:190} INFO - [2026-05-02T16:53:53.914+0000] {dag.py:3239} INFO - Sync 1 DAGs
[2026-05-02T16:53:53.923+0000] {logging_mixin.py:190} INFO - [2026-05-02T16:53:53.923+0000] {dag.py:4180} INFO - Setting next_dagrun for ml_pipeline to None, run_after=None
[2026-05-02T16:53:53.939+0000] {processor.py:208} INFO - Processing /home/ec2-user/environment/asynchronous_ai_inference_system/dags/ml_pipeline_dag.py took 1.369 seconds
[2026-05-02T16:54:24.069+0000] {processor.py:186} INFO - Started process (PID=7514) to work on /home/ec2-user/environment/asynchronous_ai_inference_system/dags/ml_pipeline_dag.py
[2026-05-02T16:54:24.070+0000] {processor.py:914} INFO - Processing file /home/ec2-user/environment/asynchronous_ai_inference_system/dags/ml_pipeline_dag.py for tasks to queue
[2026-05-02T16:54:24.071+0000] {logging_mixin.py:190} INFO - [2026-05-02T16:54:24.070+0000] {dagbag.py:588} INFO - Filling up the DagBag from /home/ec2-user/environment/asynchronous_ai_inference_system/dags/ml_pipeline_dag.py
[2026-05-02T16:54:25.331+0000] {processor.py:925} INFO - DAG(s) 'ml_pipeline' retrieved from /home/ec2-user/environment/asynchronous_ai_inference_system/dags/ml_pipeline_dag.py
[2026-05-02T16:54:25.343+0000] {logging_mixin.py:190} INFO - [2026-05-02T16:54:25.343+0000] {dag.py:3239} INFO - Sync 1 DAGs
[2026-05-02T16:54:25.353+0000] {logging_mixin.py:190} INFO - [2026-05-02T16:54:25.353+0000] {dag.py:4180} INFO - Setting next_dagrun for ml_pipeline to None, run_after=None
[2026-05-02T16:54:25.370+0000] {processor.py:208} INFO - Processing /home/ec2-user/environment/asynchronous_ai_inference_system/dags/ml_pipeline_dag.py took 1.306 seconds
[2026-05-02T16:54:55.549+0000] {processor.py:186} INFO - Started process (PID=7703) to work on /home/ec2-user/environment/asynchronous_ai_inference_system/dags/ml_pipeline_dag.py
[2026-05-02T16:54:55.550+0000] {processor.py:914} INFO - Processing file /home/ec2-user/environment/asynchronous_ai_inference_system/dags/ml_pipeline_dag.py for tasks to queue
[2026-05-02T16:54:55.551+0000] {logging_mixin.py:190} INFO - [2026-05-02T16:54:55.551+0000] {dagbag.py:588} INFO - Filling up the DagBag from /home/ec2-user/environment/asynchronous_ai_inference_system/dags/ml_pipeline_dag.py
[2026-05-02T16:54:56.803+0000] {processor.py:925} INFO - DAG(s) 'ml_pipeline' retrieved from /home/ec2-user/environment/asynchronous_ai_inference_system/dags/ml_pipeline_dag.py
[2026-05-02T16:54:56.817+0000] {logging_mixin.py:190} INFO - [2026-05-02T16:54:56.816+0000] {dag.py:3239} INFO - Sync 1 DAGs
[2026-05-02T16:54:56.825+0000] {logging_mixin.py:190} INFO - [2026-05-02T16:54:56.825+0000] {dag.py:4180} INFO - Setting next_dagrun for ml_pipeline to None, run_after=None
[2026-05-02T16:54:56.855+0000] {processor.py:208} INFO - Processing /home/ec2-user/environment/asynchronous_ai_inference_system/dags/ml_pipeline_dag.py took 1.311 seconds
[2026-05-02T16:55:27.031+0000] {processor.py:186} INFO - Started process (PID=7907) to work on /home/ec2-user/environment/asynchronous_ai_inference_system/dags/ml_pipeline_dag.py
[2026-05-02T16:55:27.032+0000] {processor.py:914} INFO - Processing file /home/ec2-user/environment/asynchronous_ai_inference_system/dags/ml_pipeline_dag.py for tasks to queue
[2026-05-02T16:55:27.033+0000] {logging_mixin.py:190} INFO - [2026-05-02T16:55:27.032+0000] {dagbag.py:588} INFO - Filling up the DagBag from /home/ec2-user/environment/asynchronous_ai_inference_system/dags/ml_pipeline_dag.py
[2026-05-02T16:55:28.317+0000] {processor.py:925} INFO - DAG(s) 'ml_pipeline' retrieved from /home/ec2-user/environment/asynchronous_ai_inference_system/dags/ml_pipeline_dag.py
[2026-05-02T16:55:28.331+0000] {logging_mixin.py:190} INFO - [2026-05-02T16:55:28.331+0000] {dag.py:3239} INFO - Sync 1 DAGs
[2026-05-02T16:55:28.340+0000] {logging_mixin.py:190} INFO - [2026-05-02T16:55:28.340+0000] {dag.py:4180} INFO - Setting next_dagrun for ml_pipeline to None, run_after=None
[2026-05-02T16:55:28.358+0000] {processor.py:208} INFO - Processing /home/ec2-user/environment/asynchronous_ai_inference_system/dags/ml_pipeline_dag.py took 1.332 seconds
[2026-05-02T16:55:58.527+0000] {processor.py:186} INFO - Started process (PID=8098) to work on /home/ec2-user/environment/asynchronous_ai_inference_system/dags/ml_pipeline_dag.py
[2026-05-02T16:55:58.528+0000] {processor.py:914} INFO - Processing file /home/ec2-user/environment/asynchronous_ai_inference_system/dags/ml_pipeline_dag.py for tasks to queue
[2026-05-02T16:55:58.529+0000] {logging_mixin.py:190} INFO - [2026-05-02T16:55:58.528+0000] {dagbag.py:588} INFO - Filling up the DagBag from /home/ec2-user/environment/asynchronous_ai_inference_system/dags/ml_pipeline_dag.py
[2026-05-02T16:55:59.772+0000] {processor.py:925} INFO - DAG(s) 'ml_pipeline' retrieved from /home/ec2-user/environment/asynchronous_ai_inference_system/dags/ml_pipeline_dag.py
[2026-05-02T16:55:59.784+0000] {logging_mixin.py:190} INFO - [2026-05-02T16:55:59.784+0000] {dag.py:3239} INFO - Sync 1 DAGs
[2026-05-02T16:55:59.793+0000] {logging_mixin.py:190} INFO - [2026-05-02T16:55:59.793+0000] {dag.py:4180} INFO - Setting next_dagrun for ml_pipeline to None, run_after=None
[2026-05-02T16:55:59.809+0000] {processor.py:208} INFO - Processing /home/ec2-user/environment/asynchronous_ai_inference_system/dags/ml_pipeline_dag.py took 1.287 seconds
[2026-05-02T16:58:25.829+0000] {processor.py:186} INFO - Started process (PID=8788) to work on /home/ec2-user/environment/asynchronous_ai_inference_system/dags/ml_pipeline_dag.py
[2026-05-02T16:58:25.830+0000] {processor.py:914} INFO - Processing file /home/ec2-user/environment/asynchronous_ai_inference_system/dags/ml_pipeline_dag.py for tasks to queue
[2026-05-02T16:58:25.831+0000] {logging_mixin.py:190} INFO - [2026-05-02T16:58:25.831+0000] {dagbag.py:588} INFO - Filling up the DagBag from /home/ec2-user/environment/asynchronous_ai_inference_system/dags/ml_pipeline_dag.py
[2026-05-02T16:58:25.836+0000] {logging_mixin.py:190} INFO - [2026-05-02T16:58:25.833+0000] {dagbag.py:387} ERROR - Failed to import: /home/ec2-user/environment/asynchronous_ai_inference_system/dags/ml_pipeline_dag.py
Traceback (most recent call last):
  File "/home/ec2-user/environment/asynchronous_ai_inference_system/venv/lib64/python3.12/site-packages/airflow/models/dagbag.py", line 383, in parse
    loader.exec_module(new_module)
  File "<frozen importlib._bootstrap_external>", line 999, in exec_module
  File "<frozen importlib._bootstrap>", line 488, in _call_with_frames_removed
  File "/home/ec2-user/environment/asynchronous_ai_inference_system/dags/ml_pipeline_dag.py", line 9, in <module>
    from ml_pipeline.data import generate_data, load_data
ModuleNotFoundError: No module named 'ml_pipeline.data'
[2026-05-02T16:58:25.836+0000] {processor.py:927} WARNING - No viable dags retrieved from /home/ec2-user/environment/asynchronous_ai_inference_system/dags/ml_pipeline_dag.py
[2026-05-02T16:58:25.853+0000] {processor.py:208} INFO - Processing /home/ec2-user/environment/asynchronous_ai_inference_system/dags/ml_pipeline_dag.py took 0.029 seconds
[2026-05-02T16:59:04.193+0000] {processor.py:186} INFO - Started process (PID=9076) to work on /home/ec2-user/environment/asynchronous_ai_inference_system/dags/ml_pipeline_dag.py
[2026-05-02T16:59:04.194+0000] {processor.py:914} INFO - Processing file /home/ec2-user/environment/asynchronous_ai_inference_system/dags/ml_pipeline_dag.py for tasks to queue
[2026-05-02T16:59:04.195+0000] {logging_mixin.py:190} INFO - [2026-05-02T16:59:04.195+0000] {dagbag.py:588} INFO - Filling up the DagBag from /home/ec2-user/environment/asynchronous_ai_inference_system/dags/ml_pipeline_dag.py
[2026-05-02T16:59:04.199+0000] {logging_mixin.py:190} INFO - [2026-05-02T16:59:04.197+0000] {dagbag.py:387} ERROR - Failed to import: /home/ec2-user/environment/asynchronous_ai_inference_system/dags/ml_pipeline_dag.py
Traceback (most recent call last):
  File "/home/ec2-user/environment/asynchronous_ai_inference_system/venv/lib64/python3.12/site-packages/airflow/models/dagbag.py", line 383, in parse
    loader.exec_module(new_module)
  File "<frozen importlib._bootstrap_external>", line 999, in exec_module
  File "<frozen importlib._bootstrap>", line 488, in _call_with_frames_removed
  File "/home/ec2-user/environment/asynchronous_ai_inference_system/dags/ml_pipeline_dag.py", line 9, in <module>
    from ml_pipeline.data import generate_data, load_data
ModuleNotFoundError: No module named 'ml_pipeline.data'
[2026-05-02T16:59:04.199+0000] {processor.py:927} WARNING - No viable dags retrieved from /home/ec2-user/environment/asynchronous_ai_inference_system/dags/ml_pipeline_dag.py
[2026-05-02T16:59:04.217+0000] {processor.py:208} INFO - Processing /home/ec2-user/environment/asynchronous_ai_inference_system/dags/ml_pipeline_dag.py took 0.028 seconds
[2026-05-02T16:59:35.785+0000] {processor.py:186} INFO - Started process (PID=9272) to work on /home/ec2-user/environment/asynchronous_ai_inference_system/dags/ml_pipeline_dag.py
[2026-05-02T16:59:35.786+0000] {processor.py:914} INFO - Processing file /home/ec2-user/environment/asynchronous_ai_inference_system/dags/ml_pipeline_dag.py for tasks to queue
[2026-05-02T16:59:35.787+0000] {logging_mixin.py:190} INFO - [2026-05-02T16:59:35.787+0000] {dagbag.py:588} INFO - Filling up the DagBag from /home/ec2-user/environment/asynchronous_ai_inference_system/dags/ml_pipeline_dag.py
[2026-05-02T16:59:35.790+0000] {logging_mixin.py:190} INFO - [2026-05-02T16:59:35.789+0000] {dagbag.py:387} ERROR - Failed to import: /home/ec2-user/environment/asynchronous_ai_inference_system/dags/ml_pipeline_dag.py
Traceback (most recent call last):
  File "/home/ec2-user/environment/asynchronous_ai_inference_system/venv/lib64/python3.12/site-packages/airflow/models/dagbag.py", line 383, in parse
    loader.exec_module(new_module)
  File "<frozen importlib._bootstrap_external>", line 999, in exec_module
  File "<frozen importlib._bootstrap>", line 488, in _call_with_frames_removed
  File "/home/ec2-user/environment/asynchronous_ai_inference_system/dags/ml_pipeline_dag.py", line 9, in <module>
    from ml_pipeline.data import generate_data, load_data
ModuleNotFoundError: No module named 'ml_pipeline.data'
[2026-05-02T16:59:35.790+0000] {processor.py:927} WARNING - No viable dags retrieved from /home/ec2-user/environment/asynchronous_ai_inference_system/dags/ml_pipeline_dag.py
[2026-05-02T16:59:35.807+0000] {processor.py:208} INFO - Processing /home/ec2-user/environment/asynchronous_ai_inference_system/dags/ml_pipeline_dag.py took 0.027 seconds
[2026-05-02T17:00:07.790+0000] {processor.py:186} INFO - Started process (PID=9538) to work on /home/ec2-user/environment/asynchronous_ai_inference_system/dags/ml_pipeline_dag.py
[2026-05-02T17:00:07.791+0000] {processor.py:914} INFO - Processing file /home/ec2-user/environment/asynchronous_ai_inference_system/dags/ml_pipeline_dag.py for tasks to queue
[2026-05-02T17:00:07.791+0000] {logging_mixin.py:190} INFO - [2026-05-02T17:00:07.791+0000] {dagbag.py:588} INFO - Filling up the DagBag from /home/ec2-user/environment/asynchronous_ai_inference_system/dags/ml_pipeline_dag.py
[2026-05-02T17:00:07.794+0000] {logging_mixin.py:190} INFO - [2026-05-02T17:00:07.794+0000] {dagbag.py:387} ERROR - Failed to import: /home/ec2-user/environment/asynchronous_ai_inference_system/dags/ml_pipeline_dag.py
Traceback (most recent call last):
  File "/home/ec2-user/environment/asynchronous_ai_inference_system/venv/lib64/python3.12/site-packages/airflow/models/dagbag.py", line 383, in parse
    loader.exec_module(new_module)
  File "<frozen importlib._bootstrap_external>", line 999, in exec_module
  File "<frozen importlib._bootstrap>", line 488, in _call_with_frames_removed
  File "/home/ec2-user/environment/asynchronous_ai_inference_system/dags/ml_pipeline_dag.py", line 9, in <module>
    from ml_pipeline.data import generate_data, load_data
ModuleNotFoundError: No module named 'ml_pipeline.data'
[2026-05-02T17:00:07.795+0000] {processor.py:927} WARNING - No viable dags retrieved from /home/ec2-user/environment/asynchronous_ai_inference_system/dags/ml_pipeline_dag.py
[2026-05-02T17:00:07.811+0000] {processor.py:208} INFO - Processing /home/ec2-user/environment/asynchronous_ai_inference_system/dags/ml_pipeline_dag.py took 0.026 seconds
[2026-05-02T17:00:39.393+0000] {processor.py:186} INFO - Started process (PID=9739) to work on /home/ec2-user/environment/asynchronous_ai_inference_system/dags/ml_pipeline_dag.py
[2026-05-02T17:00:39.395+0000] {processor.py:914} INFO - Processing file /home/ec2-user/environment/asynchronous_ai_inference_system/dags/ml_pipeline_dag.py for tasks to queue
[2026-05-02T17:00:39.396+0000] {logging_mixin.py:190} INFO - [2026-05-02T17:00:39.395+0000] {dagbag.py:588} INFO - Filling up the DagBag from /home/ec2-user/environment/asynchronous_ai_inference_system/dags/ml_pipeline_dag.py
[2026-05-02T17:00:39.399+0000] {logging_mixin.py:190} INFO - [2026-05-02T17:00:39.398+0000] {dagbag.py:387} ERROR - Failed to import: /home/ec2-user/environment/asynchronous_ai_inference_system/dags/ml_pipeline_dag.py
Traceback (most recent call last):
  File "/home/ec2-user/environment/asynchronous_ai_inference_system/venv/lib64/python3.12/site-packages/airflow/models/dagbag.py", line 383, in parse
    loader.exec_module(new_module)
  File "<frozen importlib._bootstrap_external>", line 999, in exec_module
  File "<frozen importlib._bootstrap>", line 488, in _call_with_frames_removed
  File "/home/ec2-user/environment/asynchronous_ai_inference_system/dags/ml_pipeline_dag.py", line 9, in <module>
    from ml_pipeline.data import generate_data, load_data
ModuleNotFoundError: No module named 'ml_pipeline.data'
[2026-05-02T17:00:39.399+0000] {processor.py:927} WARNING - No viable dags retrieved from /home/ec2-user/environment/asynchronous_ai_inference_system/dags/ml_pipeline_dag.py
[2026-05-02T17:00:39.416+0000] {processor.py:208} INFO - Processing /home/ec2-user/environment/asynchronous_ai_inference_system/dags/ml_pipeline_dag.py took 0.027 seconds
[2026-05-02T17:01:11.077+0000] {processor.py:186} INFO - Started process (PID=9962) to work on /home/ec2-user/environment/asynchronous_ai_inference_system/dags/ml_pipeline_dag.py
[2026-05-02T17:01:11.078+0000] {processor.py:914} INFO - Processing file /home/ec2-user/environment/asynchronous_ai_inference_system/dags/ml_pipeline_dag.py for tasks to queue
[2026-05-02T17:01:11.079+0000] {logging_mixin.py:190} INFO - [2026-05-02T17:01:11.079+0000] {dagbag.py:588} INFO - Filling up the DagBag from /home/ec2-user/environment/asynchronous_ai_inference_system/dags/ml_pipeline_dag.py
[2026-05-02T17:01:11.082+0000] {logging_mixin.py:190} INFO - [2026-05-02T17:01:11.081+0000] {dagbag.py:387} ERROR - Failed to import: /home/ec2-user/environment/asynchronous_ai_inference_system/dags/ml_pipeline_dag.py
Traceback (most recent call last):
  File "/home/ec2-user/environment/asynchronous_ai_inference_system/venv/lib64/python3.12/site-packages/airflow/models/dagbag.py", line 383, in parse
    loader.exec_module(new_module)
  File "<frozen importlib._bootstrap_external>", line 999, in exec_module
  File "<frozen importlib._bootstrap>", line 488, in _call_with_frames_removed
  File "/home/ec2-user/environment/asynchronous_ai_inference_system/dags/ml_pipeline_dag.py", line 9, in <module>
    from ml_pipeline.data import generate_data, load_data
ModuleNotFoundError: No module named 'ml_pipeline.data'
[2026-05-02T17:01:11.083+0000] {processor.py:927} WARNING - No viable dags retrieved from /home/ec2-user/environment/asynchronous_ai_inference_system/dags/ml_pipeline_dag.py
[2026-05-02T17:01:11.101+0000] {processor.py:208} INFO - Processing /home/ec2-user/environment/asynchronous_ai_inference_system/dags/ml_pipeline_dag.py took 0.029 seconds
[2026-05-02T17:01:42.659+0000] {processor.py:186} INFO - Started process (PID=10156) to work on /home/ec2-user/environment/asynchronous_ai_inference_system/dags/ml_pipeline_dag.py
[2026-05-02T17:01:42.659+0000] {processor.py:914} INFO - Processing file /home/ec2-user/environment/asynchronous_ai_inference_system/dags/ml_pipeline_dag.py for tasks to queue
[2026-05-02T17:01:42.660+0000] {logging_mixin.py:190} INFO - [2026-05-02T17:01:42.660+0000] {dagbag.py:588} INFO - Filling up the DagBag from /home/ec2-user/environment/asynchronous_ai_inference_system/dags/ml_pipeline_dag.py
[2026-05-02T17:01:42.663+0000] {logging_mixin.py:190} INFO - [2026-05-02T17:01:42.662+0000] {dagbag.py:387} ERROR - Failed to import: /home/ec2-user/environment/asynchronous_ai_inference_system/dags/ml_pipeline_dag.py
Traceback (most recent call last):
  File "/home/ec2-user/environment/asynchronous_ai_inference_system/venv/lib64/python3.12/site-packages/airflow/models/dagbag.py", line 383, in parse
    loader.exec_module(new_module)
  File "<frozen importlib._bootstrap_external>", line 999, in exec_module
  File "<frozen importlib._bootstrap>", line 488, in _call_with_frames_removed
  File "/home/ec2-user/environment/asynchronous_ai_inference_system/dags/ml_pipeline_dag.py", line 9, in <module>
    from ml_pipeline.data import generate_data, load_data
ModuleNotFoundError: No module named 'ml_pipeline.data'
[2026-05-02T17:01:42.664+0000] {processor.py:927} WARNING - No viable dags retrieved from /home/ec2-user/environment/asynchronous_ai_inference_system/dags/ml_pipeline_dag.py
[2026-05-02T17:01:42.683+0000] {processor.py:208} INFO - Processing /home/ec2-user/environment/asynchronous_ai_inference_system/dags/ml_pipeline_dag.py took 0.029 seconds
[2026-05-02T17:02:14.344+0000] {processor.py:186} INFO - Started process (PID=10413) to work on /home/ec2-user/environment/asynchronous_ai_inference_system/dags/ml_pipeline_dag.py
[2026-05-02T17:02:14.350+0000] {processor.py:914} INFO - Processing file /home/ec2-user/environment/asynchronous_ai_inference_system/dags/ml_pipeline_dag.py for tasks to queue
[2026-05-02T17:02:14.351+0000] {logging_mixin.py:190} INFO - [2026-05-02T17:02:14.350+0000] {dagbag.py:588} INFO - Filling up the DagBag from /home/ec2-user/environment/asynchronous_ai_inference_system/dags/ml_pipeline_dag.py
[2026-05-02T17:02:14.355+0000] {logging_mixin.py:190} INFO - [2026-05-02T17:02:14.354+0000] {dagbag.py:387} ERROR - Failed to import: /home/ec2-user/environment/asynchronous_ai_inference_system/dags/ml_pipeline_dag.py
Traceback (most recent call last):
  File "/home/ec2-user/environment/asynchronous_ai_inference_system/venv/lib64/python3.12/site-packages/airflow/models/dagbag.py", line 383, in parse
    loader.exec_module(new_module)
  File "<frozen importlib._bootstrap_external>", line 999, in exec_module
  File "<frozen importlib._bootstrap>", line 488, in _call_with_frames_removed
  File "/home/ec2-user/environment/asynchronous_ai_inference_system/dags/ml_pipeline_dag.py", line 9, in <module>
    from ml_pipeline.data import generate_data, load_data
ModuleNotFoundError: No module named 'ml_pipeline.data'
[2026-05-02T17:02:14.356+0000] {processor.py:927} WARNING - No viable dags retrieved from /home/ec2-user/environment/asynchronous_ai_inference_system/dags/ml_pipeline_dag.py
[2026-05-02T17:02:14.414+0000] {processor.py:208} INFO - Processing /home/ec2-user/environment/asynchronous_ai_inference_system/dags/ml_pipeline_dag.py took 0.077 seconds
[2026-05-02T17:02:45.933+0000] {processor.py:186} INFO - Started process (PID=10636) to work on /home/ec2-user/environment/asynchronous_ai_inference_system/dags/ml_pipeline_dag.py
[2026-05-02T17:02:45.934+0000] {processor.py:914} INFO - Processing file /home/ec2-user/environment/asynchronous_ai_inference_system/dags/ml_pipeline_dag.py for tasks to queue
[2026-05-02T17:02:45.935+0000] {logging_mixin.py:190} INFO - [2026-05-02T17:02:45.935+0000] {dagbag.py:588} INFO - Filling up the DagBag from /home/ec2-user/environment/asynchronous_ai_inference_system/dags/ml_pipeline_dag.py
[2026-05-02T17:02:45.938+0000] {logging_mixin.py:190} INFO - [2026-05-02T17:02:45.937+0000] {dagbag.py:387} ERROR - Failed to import: /home/ec2-user/environment/asynchronous_ai_inference_system/dags/ml_pipeline_dag.py
Traceback (most recent call last):
  File "/home/ec2-user/environment/asynchronous_ai_inference_system/venv/lib64/python3.12/site-packages/airflow/models/dagbag.py", line 383, in parse
    loader.exec_module(new_module)
  File "<frozen importlib._bootstrap_external>", line 999, in exec_module
  File "<frozen importlib._bootstrap>", line 488, in _call_with_frames_removed
  File "/home/ec2-user/environment/asynchronous_ai_inference_system/dags/ml_pipeline_dag.py", line 9, in <module>
    from ml_pipeline.data import generate_data, load_data
ModuleNotFoundError: No module named 'ml_pipeline.data'
[2026-05-02T17:02:45.938+0000] {processor.py:927} WARNING - No viable dags retrieved from /home/ec2-user/environment/asynchronous_ai_inference_system/dags/ml_pipeline_dag.py
[2026-05-02T17:02:45.955+0000] {processor.py:208} INFO - Processing /home/ec2-user/environment/asynchronous_ai_inference_system/dags/ml_pipeline_dag.py took 0.026 seconds
[2026-05-02T17:03:17.557+0000] {processor.py:186} INFO - Started process (PID=10840) to work on /home/ec2-user/environment/asynchronous_ai_inference_system/dags/ml_pipeline_dag.py
[2026-05-02T17:03:17.558+0000] {processor.py:914} INFO - Processing file /home/ec2-user/environment/asynchronous_ai_inference_system/dags/ml_pipeline_dag.py for tasks to queue
[2026-05-02T17:03:17.559+0000] {logging_mixin.py:190} INFO - [2026-05-02T17:03:17.559+0000] {dagbag.py:588} INFO - Filling up the DagBag from /home/ec2-user/environment/asynchronous_ai_inference_system/dags/ml_pipeline_dag.py
[2026-05-02T17:03:17.562+0000] {logging_mixin.py:190} INFO - [2026-05-02T17:03:17.561+0000] {dagbag.py:387} ERROR - Failed to import: /home/ec2-user/environment/asynchronous_ai_inference_system/dags/ml_pipeline_dag.py
Traceback (most recent call last):
  File "/home/ec2-user/environment/asynchronous_ai_inference_system/venv/lib64/python3.12/site-packages/airflow/models/dagbag.py", line 383, in parse
    loader.exec_module(new_module)
  File "<frozen importlib._bootstrap_external>", line 999, in exec_module
  File "<frozen importlib._bootstrap>", line 488, in _call_with_frames_removed
  File "/home/ec2-user/environment/asynchronous_ai_inference_system/dags/ml_pipeline_dag.py", line 9, in <module>
    from ml_pipeline.data import generate_data, load_data
ModuleNotFoundError: No module named 'ml_pipeline.data'
[2026-05-02T17:03:17.562+0000] {processor.py:927} WARNING - No viable dags retrieved from /home/ec2-user/environment/asynchronous_ai_inference_system/dags/ml_pipeline_dag.py
[2026-05-02T17:03:17.579+0000] {processor.py:208} INFO - Processing /home/ec2-user/environment/asynchronous_ai_inference_system/dags/ml_pipeline_dag.py took 0.026 seconds
[2026-05-02T17:03:49.342+0000] {processor.py:186} INFO - Started process (PID=11102) to work on /home/ec2-user/environment/asynchronous_ai_inference_system/dags/ml_pipeline_dag.py
[2026-05-02T17:03:49.342+0000] {processor.py:914} INFO - Processing file /home/ec2-user/environment/asynchronous_ai_inference_system/dags/ml_pipeline_dag.py for tasks to queue
[2026-05-02T17:03:49.343+0000] {logging_mixin.py:190} INFO - [2026-05-02T17:03:49.343+0000] {dagbag.py:588} INFO - Filling up the DagBag from /home/ec2-user/environment/asynchronous_ai_inference_system/dags/ml_pipeline_dag.py
[2026-05-02T17:03:49.346+0000] {logging_mixin.py:190} INFO - [2026-05-02T17:03:49.345+0000] {dagbag.py:387} ERROR - Failed to import: /home/ec2-user/environment/asynchronous_ai_inference_system/dags/ml_pipeline_dag.py
Traceback (most recent call last):
  File "/home/ec2-user/environment/asynchronous_ai_inference_system/venv/lib64/python3.12/site-packages/airflow/models/dagbag.py", line 383, in parse
    loader.exec_module(new_module)
  File "<frozen importlib._bootstrap_external>", line 999, in exec_module
  File "<frozen importlib._bootstrap>", line 488, in _call_with_frames_removed
  File "/home/ec2-user/environment/asynchronous_ai_inference_system/dags/ml_pipeline_dag.py", line 9, in <module>
    from ml_pipeline.data import generate_data, load_data
ModuleNotFoundError: No module named 'ml_pipeline.data'
[2026-05-02T17:03:49.347+0000] {processor.py:927} WARNING - No viable dags retrieved from /home/ec2-user/environment/asynchronous_ai_inference_system/dags/ml_pipeline_dag.py
[2026-05-02T17:03:49.363+0000] {processor.py:208} INFO - Processing /home/ec2-user/environment/asynchronous_ai_inference_system/dags/ml_pipeline_dag.py took 0.026 seconds
[2026-05-02T17:04:20.892+0000] {processor.py:186} INFO - Started process (PID=11306) to work on /home/ec2-user/environment/asynchronous_ai_inference_system/dags/ml_pipeline_dag.py
[2026-05-02T17:04:20.894+0000] {processor.py:914} INFO - Processing file /home/ec2-user/environment/asynchronous_ai_inference_system/dags/ml_pipeline_dag.py for tasks to queue
[2026-05-02T17:04:20.895+0000] {logging_mixin.py:190} INFO - [2026-05-02T17:04:20.894+0000] {dagbag.py:588} INFO - Filling up the DagBag from /home/ec2-user/environment/asynchronous_ai_inference_system/dags/ml_pipeline_dag.py
[2026-05-02T17:04:20.898+0000] {logging_mixin.py:190} INFO - [2026-05-02T17:04:20.897+0000] {dagbag.py:387} ERROR - Failed to import: /home/ec2-user/environment/asynchronous_ai_inference_system/dags/ml_pipeline_dag.py
Traceback (most recent call last):
  File "/home/ec2-user/environment/asynchronous_ai_inference_system/venv/lib64/python3.12/site-packages/airflow/models/dagbag.py", line 383, in parse
    loader.exec_module(new_module)
  File "<frozen importlib._bootstrap_external>", line 999, in exec_module
  File "<frozen importlib._bootstrap>", line 488, in _call_with_frames_removed
  File "/home/ec2-user/environment/asynchronous_ai_inference_system/dags/ml_pipeline_dag.py", line 9, in <module>
    from ml_pipeline.data import generate_data, load_data
ModuleNotFoundError: No module named 'ml_pipeline.data'
[2026-05-02T17:04:20.898+0000] {processor.py:927} WARNING - No viable dags retrieved from /home/ec2-user/environment/asynchronous_ai_inference_system/dags/ml_pipeline_dag.py
[2026-05-02T17:04:20.915+0000] {processor.py:208} INFO - Processing /home/ec2-user/environment/asynchronous_ai_inference_system/dags/ml_pipeline_dag.py took 0.027 seconds
[2026-05-02T17:04:52.393+0000] {processor.py:186} INFO - Started process (PID=11508) to work on /home/ec2-user/environment/asynchronous_ai_inference_system/dags/ml_pipeline_dag.py
[2026-05-02T17:04:52.393+0000] {processor.py:914} INFO - Processing file /home/ec2-user/environment/asynchronous_ai_inference_system/dags/ml_pipeline_dag.py for tasks to queue
[2026-05-02T17:04:52.394+0000] {logging_mixin.py:190} INFO - [2026-05-02T17:04:52.394+0000] {dagbag.py:588} INFO - Filling up the DagBag from /home/ec2-user/environment/asynchronous_ai_inference_system/dags/ml_pipeline_dag.py
[2026-05-02T17:04:52.397+0000] {logging_mixin.py:190} INFO - [2026-05-02T17:04:52.396+0000] {dagbag.py:387} ERROR - Failed to import: /home/ec2-user/environment/asynchronous_ai_inference_system/dags/ml_pipeline_dag.py
Traceback (most recent call last):
  File "/home/ec2-user/environment/asynchronous_ai_inference_system/venv/lib64/python3.12/site-packages/airflow/models/dagbag.py", line 383, in parse
    loader.exec_module(new_module)
  File "<frozen importlib._bootstrap_external>", line 999, in exec_module
  File "<frozen importlib._bootstrap>", line 488, in _call_with_frames_removed
  File "/home/ec2-user/environment/asynchronous_ai_inference_system/dags/ml_pipeline_dag.py", line 9, in <module>
    from ml_pipeline.data import generate_data, load_data
ModuleNotFoundError: No module named 'ml_pipeline.data'
[2026-05-02T17:04:52.398+0000] {processor.py:927} WARNING - No viable dags retrieved from /home/ec2-user/environment/asynchronous_ai_inference_system/dags/ml_pipeline_dag.py
[2026-05-02T17:04:52.414+0000] {processor.py:208} INFO - Processing /home/ec2-user/environment/asynchronous_ai_inference_system/dags/ml_pipeline_dag.py took 0.026 seconds
[2026-05-02T17:05:23.960+0000] {processor.py:186} INFO - Started process (PID=11768) to work on /home/ec2-user/environment/asynchronous_ai_inference_system/dags/ml_pipeline_dag.py
[2026-05-02T17:05:23.962+0000] {processor.py:914} INFO - Processing file /home/ec2-user/environment/asynchronous_ai_inference_system/dags/ml_pipeline_dag.py for tasks to queue
[2026-05-02T17:05:23.963+0000] {logging_mixin.py:190} INFO - [2026-05-02T17:05:23.962+0000] {dagbag.py:588} INFO - Filling up the DagBag from /home/ec2-user/environment/asynchronous_ai_inference_system/dags/ml_pipeline_dag.py
[2026-05-02T17:05:23.966+0000] {logging_mixin.py:190} INFO - [2026-05-02T17:05:23.965+0000] {dagbag.py:387} ERROR - Failed to import: /home/ec2-user/environment/asynchronous_ai_inference_system/dags/ml_pipeline_dag.py
Traceback (most recent call last):
  File "/home/ec2-user/environment/asynchronous_ai_inference_system/venv/lib64/python3.12/site-packages/airflow/models/dagbag.py", line 383, in parse
    loader.exec_module(new_module)
  File "<frozen importlib._bootstrap_external>", line 999, in exec_module
  File "<frozen importlib._bootstrap>", line 488, in _call_with_frames_removed
  File "/home/ec2-user/environment/asynchronous_ai_inference_system/dags/ml_pipeline_dag.py", line 9, in <module>
    from ml_pipeline.data import generate_data, load_data
ModuleNotFoundError: No module named 'ml_pipeline.data'
[2026-05-02T17:05:23.966+0000] {processor.py:927} WARNING - No viable dags retrieved from /home/ec2-user/environment/asynchronous_ai_inference_system/dags/ml_pipeline_dag.py
[2026-05-02T17:05:23.984+0000] {processor.py:208} INFO - Processing /home/ec2-user/environment/asynchronous_ai_inference_system/dags/ml_pipeline_dag.py took 0.028 seconds
[2026-05-02T17:05:55.529+0000] {processor.py:186} INFO - Started process (PID=11981) to work on /home/ec2-user/environment/asynchronous_ai_inference_system/dags/ml_pipeline_dag.py
[2026-05-02T17:05:55.530+0000] {processor.py:914} INFO - Processing file /home/ec2-user/environment/asynchronous_ai_inference_system/dags/ml_pipeline_dag.py for tasks to queue
[2026-05-02T17:05:55.531+0000] {logging_mixin.py:190} INFO - [2026-05-02T17:05:55.531+0000] {dagbag.py:588} INFO - Filling up the DagBag from /home/ec2-user/environment/asynchronous_ai_inference_system/dags/ml_pipeline_dag.py
[2026-05-02T17:05:55.535+0000] {logging_mixin.py:190} INFO - [2026-05-02T17:05:55.534+0000] {dagbag.py:387} ERROR - Failed to import: /home/ec2-user/environment/asynchronous_ai_inference_system/dags/ml_pipeline_dag.py
Traceback (most recent call last):
  File "/home/ec2-user/environment/asynchronous_ai_inference_system/venv/lib64/python3.12/site-packages/airflow/models/dagbag.py", line 383, in parse
    loader.exec_module(new_module)
  File "<frozen importlib._bootstrap_external>", line 999, in exec_module
  File "<frozen importlib._bootstrap>", line 488, in _call_with_frames_removed
  File "/home/ec2-user/environment/asynchronous_ai_inference_system/dags/ml_pipeline_dag.py", line 9, in <module>
    from ml_pipeline.data import generate_data, load_data
ModuleNotFoundError: No module named 'ml_pipeline.data'
[2026-05-02T17:05:55.535+0000] {processor.py:927} WARNING - No viable dags retrieved from /home/ec2-user/environment/asynchronous_ai_inference_system/dags/ml_pipeline_dag.py
[2026-05-02T17:05:55.553+0000] {processor.py:208} INFO - Processing /home/ec2-user/environment/asynchronous_ai_inference_system/dags/ml_pipeline_dag.py took 0.029 seconds
[2026-05-02T17:06:27.132+0000] {processor.py:186} INFO - Started process (PID=12220) to work on /home/ec2-user/environment/asynchronous_ai_inference_system/dags/ml_pipeline_dag.py
[2026-05-02T17:06:27.132+0000] {processor.py:914} INFO - Processing file /home/ec2-user/environment/asynchronous_ai_inference_system/dags/ml_pipeline_dag.py for tasks to queue
[2026-05-02T17:06:27.133+0000] {logging_mixin.py:190} INFO - [2026-05-02T17:06:27.133+0000] {dagbag.py:588} INFO - Filling up the DagBag from /home/ec2-user/environment/asynchronous_ai_inference_system/dags/ml_pipeline_dag.py
[2026-05-02T17:06:27.136+0000] {logging_mixin.py:190} INFO - [2026-05-02T17:06:27.135+0000] {dagbag.py:387} ERROR - Failed to import: /home/ec2-user/environment/asynchronous_ai_inference_system/dags/ml_pipeline_dag.py
Traceback (most recent call last):
  File "/home/ec2-user/environment/asynchronous_ai_inference_system/venv/lib64/python3.12/site-packages/airflow/models/dagbag.py", line 383, in parse
    loader.exec_module(new_module)
  File "<frozen importlib._bootstrap_external>", line 999, in exec_module
  File "<frozen importlib._bootstrap>", line 488, in _call_with_frames_removed
  File "/home/ec2-user/environment/asynchronous_ai_inference_system/dags/ml_pipeline_dag.py", line 9, in <module>
    from ml_pipeline.data import generate_data, load_data
ModuleNotFoundError: No module named 'ml_pipeline.data'
[2026-05-02T17:06:27.137+0000] {processor.py:927} WARNING - No viable dags retrieved from /home/ec2-user/environment/asynchronous_ai_inference_system/dags/ml_pipeline_dag.py
[2026-05-02T17:06:27.154+0000] {processor.py:208} INFO - Processing /home/ec2-user/environment/asynchronous_ai_inference_system/dags/ml_pipeline_dag.py took 0.028 seconds
[2026-05-02T17:06:58.740+0000] {processor.py:186} INFO - Started process (PID=12421) to work on /home/ec2-user/environment/asynchronous_ai_inference_system/dags/ml_pipeline_dag.py
[2026-05-02T17:06:58.741+0000] {processor.py:914} INFO - Processing file /home/ec2-user/environment/asynchronous_ai_inference_system/dags/ml_pipeline_dag.py for tasks to queue
[2026-05-02T17:06:58.742+0000] {logging_mixin.py:190} INFO - [2026-05-02T17:06:58.742+0000] {dagbag.py:588} INFO - Filling up the DagBag from /home/ec2-user/environment/asynchronous_ai_inference_system/dags/ml_pipeline_dag.py
[2026-05-02T17:06:58.745+0000] {logging_mixin.py:190} INFO - [2026-05-02T17:06:58.744+0000] {dagbag.py:387} ERROR - Failed to import: /home/ec2-user/environment/asynchronous_ai_inference_system/dags/ml_pipeline_dag.py
Traceback (most recent call last):
  File "/home/ec2-user/environment/asynchronous_ai_inference_system/venv/lib64/python3.12/site-packages/airflow/models/dagbag.py", line 383, in parse
    loader.exec_module(new_module)
  File "<frozen importlib._bootstrap_external>", line 999, in exec_module
  File "<frozen importlib._bootstrap>", line 488, in _call_with_frames_removed
  File "/home/ec2-user/environment/asynchronous_ai_inference_system/dags/ml_pipeline_dag.py", line 9, in <module>
    from ml_pipeline.data import generate_data, load_data
ModuleNotFoundError: No module named 'ml_pipeline.data'
[2026-05-02T17:06:58.746+0000] {processor.py:927} WARNING - No viable dags retrieved from /home/ec2-user/environment/asynchronous_ai_inference_system/dags/ml_pipeline_dag.py
[2026-05-02T17:06:58.763+0000] {processor.py:208} INFO - Processing /home/ec2-user/environment/asynchronous_ai_inference_system/dags/ml_pipeline_dag.py took 0.028 seconds
[2026-05-02T17:07:32.300+0000] {processor.py:186} INFO - Started process (PID=12708) to work on /home/ec2-user/environment/asynchronous_ai_inference_system/dags/ml_pipeline_dag.py
[2026-05-02T17:07:32.301+0000] {processor.py:914} INFO - Processing file /home/ec2-user/environment/asynchronous_ai_inference_system/dags/ml_pipeline_dag.py for tasks to queue
[2026-05-02T17:07:32.302+0000] {logging_mixin.py:190} INFO - [2026-05-02T17:07:32.302+0000] {dagbag.py:588} INFO - Filling up the DagBag from /home/ec2-user/environment/asynchronous_ai_inference_system/dags/ml_pipeline_dag.py
[2026-05-02T17:07:32.306+0000] {logging_mixin.py:190} INFO - [2026-05-02T17:07:32.305+0000] {dagbag.py:387} ERROR - Failed to import: /home/ec2-user/environment/asynchronous_ai_inference_system/dags/ml_pipeline_dag.py
Traceback (most recent call last):
  File "/home/ec2-user/environment/asynchronous_ai_inference_system/venv/lib64/python3.12/site-packages/airflow/models/dagbag.py", line 383, in parse
    loader.exec_module(new_module)
  File "<frozen importlib._bootstrap_external>", line 999, in exec_module
  File "<frozen importlib._bootstrap>", line 488, in _call_with_frames_removed
  File "/home/ec2-user/environment/asynchronous_ai_inference_system/dags/ml_pipeline_dag.py", line 9, in <module>
    from ml_pipeline.data import generate_data, load_data
ModuleNotFoundError: No module named 'ml_pipeline.data'
[2026-05-02T17:07:32.306+0000] {processor.py:927} WARNING - No viable dags retrieved from /home/ec2-user/environment/asynchronous_ai_inference_system/dags/ml_pipeline_dag.py
[2026-05-02T17:07:32.324+0000] {processor.py:208} INFO - Processing /home/ec2-user/environment/asynchronous_ai_inference_system/dags/ml_pipeline_dag.py took 0.029 seconds
[2026-05-02T17:08:04.277+0000] {processor.py:186} INFO - Started process (PID=12955) to work on /home/ec2-user/environment/asynchronous_ai_inference_system/dags/ml_pipeline_dag.py
[2026-05-02T17:08:04.278+0000] {processor.py:914} INFO - Processing file /home/ec2-user/environment/asynchronous_ai_inference_system/dags/ml_pipeline_dag.py for tasks to queue
[2026-05-02T17:08:04.279+0000] {logging_mixin.py:190} INFO - [2026-05-02T17:08:04.279+0000] {dagbag.py:588} INFO - Filling up the DagBag from /home/ec2-user/environment/asynchronous_ai_inference_system/dags/ml_pipeline_dag.py
[2026-05-02T17:08:04.282+0000] {logging_mixin.py:190} INFO - [2026-05-02T17:08:04.281+0000] {dagbag.py:387} ERROR - Failed to import: /home/ec2-user/environment/asynchronous_ai_inference_system/dags/ml_pipeline_dag.py
Traceback (most recent call last):
  File "/home/ec2-user/environment/asynchronous_ai_inference_system/venv/lib64/python3.12/site-packages/airflow/models/dagbag.py", line 383, in parse
    loader.exec_module(new_module)
  File "<frozen importlib._bootstrap_external>", line 999, in exec_module
  File "<frozen importlib._bootstrap>", line 488, in _call_with_frames_removed
  File "/home/ec2-user/environment/asynchronous_ai_inference_system/dags/ml_pipeline_dag.py", line 9, in <module>
    from ml_pipeline.data import generate_data, load_data
ModuleNotFoundError: No module named 'ml_pipeline.data'
[2026-05-02T17:08:04.283+0000] {processor.py:927} WARNING - No viable dags retrieved from /home/ec2-user/environment/asynchronous_ai_inference_system/dags/ml_pipeline_dag.py
[2026-05-02T17:08:04.301+0000] {processor.py:208} INFO - Processing /home/ec2-user/environment/asynchronous_ai_inference_system/dags/ml_pipeline_dag.py took 0.029 seconds
[2026-05-02T17:08:36.718+0000] {processor.py:186} INFO - Started process (PID=13185) to work on /home/ec2-user/environment/asynchronous_ai_inference_system/dags/ml_pipeline_dag.py
[2026-05-02T17:08:36.719+0000] {processor.py:914} INFO - Processing file /home/ec2-user/environment/asynchronous_ai_inference_system/dags/ml_pipeline_dag.py for tasks to queue
[2026-05-02T17:08:36.720+0000] {logging_mixin.py:190} INFO - [2026-05-02T17:08:36.720+0000] {dagbag.py:588} INFO - Filling up the DagBag from /home/ec2-user/environment/asynchronous_ai_inference_system/dags/ml_pipeline_dag.py
[2026-05-02T17:08:36.723+0000] {logging_mixin.py:190} INFO - [2026-05-02T17:08:36.722+0000] {dagbag.py:387} ERROR - Failed to import: /home/ec2-user/environment/asynchronous_ai_inference_system/dags/ml_pipeline_dag.py
Traceback (most recent call last):
  File "/home/ec2-user/environment/asynchronous_ai_inference_system/venv/lib64/python3.12/site-packages/airflow/models/dagbag.py", line 383, in parse
    loader.exec_module(new_module)
  File "<frozen importlib._bootstrap_external>", line 999, in exec_module
  File "<frozen importlib._bootstrap>", line 488, in _call_with_frames_removed
  File "/home/ec2-user/environment/asynchronous_ai_inference_system/dags/ml_pipeline_dag.py", line 9, in <module>
    from ml_pipeline.data import generate_data, load_data
ModuleNotFoundError: No module named 'ml_pipeline.data'
[2026-05-02T17:08:36.724+0000] {processor.py:927} WARNING - No viable dags retrieved from /home/ec2-user/environment/asynchronous_ai_inference_system/dags/ml_pipeline_dag.py
[2026-05-02T17:08:36.742+0000] {processor.py:208} INFO - Processing /home/ec2-user/environment/asynchronous_ai_inference_system/dags/ml_pipeline_dag.py took 0.029 seconds
[2026-05-02T17:09:08.375+0000] {processor.py:186} INFO - Started process (PID=13447) to work on /home/ec2-user/environment/asynchronous_ai_inference_system/dags/ml_pipeline_dag.py
[2026-05-02T17:09:08.376+0000] {processor.py:914} INFO - Processing file /home/ec2-user/environment/asynchronous_ai_inference_system/dags/ml_pipeline_dag.py for tasks to queue
[2026-05-02T17:09:08.377+0000] {logging_mixin.py:190} INFO - [2026-05-02T17:09:08.377+0000] {dagbag.py:588} INFO - Filling up the DagBag from /home/ec2-user/environment/asynchronous_ai_inference_system/dags/ml_pipeline_dag.py
[2026-05-02T17:09:08.380+0000] {logging_mixin.py:190} INFO - [2026-05-02T17:09:08.379+0000] {dagbag.py:387} ERROR - Failed to import: /home/ec2-user/environment/asynchronous_ai_inference_system/dags/ml_pipeline_dag.py
Traceback (most recent call last):
  File "/home/ec2-user/environment/asynchronous_ai_inference_system/venv/lib64/python3.12/site-packages/airflow/models/dagbag.py", line 383, in parse
    loader.exec_module(new_module)
  File "<frozen importlib._bootstrap_external>", line 999, in exec_module
  File "<frozen importlib._bootstrap>", line 488, in _call_with_frames_removed
  File "/home/ec2-user/environment/asynchronous_ai_inference_system/dags/ml_pipeline_dag.py", line 9, in <module>
    from ml_pipeline.data import generate_data, load_data
ModuleNotFoundError: No module named 'ml_pipeline.data'
[2026-05-02T17:09:08.381+0000] {processor.py:927} WARNING - No viable dags retrieved from /home/ec2-user/environment/asynchronous_ai_inference_system/dags/ml_pipeline_dag.py
[2026-05-02T17:09:08.399+0000] {processor.py:208} INFO - Processing /home/ec2-user/environment/asynchronous_ai_inference_system/dags/ml_pipeline_dag.py took 0.029 seconds
[2026-05-02T17:09:39.922+0000] {processor.py:186} INFO - Started process (PID=13649) to work on /home/ec2-user/environment/asynchronous_ai_inference_system/dags/ml_pipeline_dag.py
[2026-05-02T17:09:39.922+0000] {processor.py:914} INFO - Processing file /home/ec2-user/environment/asynchronous_ai_inference_system/dags/ml_pipeline_dag.py for tasks to queue
[2026-05-02T17:09:39.923+0000] {logging_mixin.py:190} INFO - [2026-05-02T17:09:39.923+0000] {dagbag.py:588} INFO - Filling up the DagBag from /home/ec2-user/environment/asynchronous_ai_inference_system/dags/ml_pipeline_dag.py
[2026-05-02T17:09:39.927+0000] {logging_mixin.py:190} INFO - [2026-05-02T17:09:39.926+0000] {dagbag.py:387} ERROR - Failed to import: /home/ec2-user/environment/asynchronous_ai_inference_system/dags/ml_pipeline_dag.py
Traceback (most recent call last):
  File "/home/ec2-user/environment/asynchronous_ai_inference_system/venv/lib64/python3.12/site-packages/airflow/models/dagbag.py", line 383, in parse
    loader.exec_module(new_module)
  File "<frozen importlib._bootstrap_external>", line 999, in exec_module
  File "<frozen importlib._bootstrap>", line 488, in _call_with_frames_removed
  File "/home/ec2-user/environment/asynchronous_ai_inference_system/dags/ml_pipeline_dag.py", line 9, in <module>
    from ml_pipeline.data import generate_data, load_data
ModuleNotFoundError: No module named 'ml_pipeline.data'
[2026-05-02T17:09:39.927+0000] {processor.py:927} WARNING - No viable dags retrieved from /home/ec2-user/environment/asynchronous_ai_inference_system/dags/ml_pipeline_dag.py
[2026-05-02T17:09:39.945+0000] {processor.py:208} INFO - Processing /home/ec2-user/environment/asynchronous_ai_inference_system/dags/ml_pipeline_dag.py took 0.028 seconds
[2026-05-02T17:10:11.601+0000] {processor.py:186} INFO - Started process (PID=13862) to work on /home/ec2-user/environment/asynchronous_ai_inference_system/dags/ml_pipeline_dag.py
[2026-05-02T17:10:11.602+0000] {processor.py:914} INFO - Processing file /home/ec2-user/environment/asynchronous_ai_inference_system/dags/ml_pipeline_dag.py for tasks to queue
[2026-05-02T17:10:11.603+0000] {logging_mixin.py:190} INFO - [2026-05-02T17:10:11.603+0000] {dagbag.py:588} INFO - Filling up the DagBag from /home/ec2-user/environment/asynchronous_ai_inference_system/dags/ml_pipeline_dag.py
[2026-05-02T17:10:11.606+0000] {logging_mixin.py:190} INFO - [2026-05-02T17:10:11.605+0000] {dagbag.py:387} ERROR - Failed to import: /home/ec2-user/environment/asynchronous_ai_inference_system/dags/ml_pipeline_dag.py
Traceback (most recent call last):
  File "/home/ec2-user/environment/asynchronous_ai_inference_system/venv/lib64/python3.12/site-packages/airflow/models/dagbag.py", line 383, in parse
    loader.exec_module(new_module)
  File "<frozen importlib._bootstrap_external>", line 999, in exec_module
  File "<frozen importlib._bootstrap>", line 488, in _call_with_frames_removed
  File "/home/ec2-user/environment/asynchronous_ai_inference_system/dags/ml_pipeline_dag.py", line 9, in <module>
    from ml_pipeline.data import generate_data, load_data
ModuleNotFoundError: No module named 'ml_pipeline.data'
[2026-05-02T17:10:11.607+0000] {processor.py:927} WARNING - No viable dags retrieved from /home/ec2-user/environment/asynchronous_ai_inference_system/dags/ml_pipeline_dag.py
[2026-05-02T17:10:11.625+0000] {processor.py:208} INFO - Processing /home/ec2-user/environment/asynchronous_ai_inference_system/dags/ml_pipeline_dag.py took 0.029 seconds
[2026-05-02T17:10:43.357+0000] {processor.py:186} INFO - Started process (PID=14113) to work on /home/ec2-user/environment/asynchronous_ai_inference_system/dags/ml_pipeline_dag.py
[2026-05-02T17:10:43.358+0000] {processor.py:914} INFO - Processing file /home/ec2-user/environment/asynchronous_ai_inference_system/dags/ml_pipeline_dag.py for tasks to queue
[2026-05-02T17:10:43.359+0000] {logging_mixin.py:190} INFO - [2026-05-02T17:10:43.359+0000] {dagbag.py:588} INFO - Filling up the DagBag from /home/ec2-user/environment/asynchronous_ai_inference_system/dags/ml_pipeline_dag.py
[2026-05-02T17:10:43.362+0000] {logging_mixin.py:190} INFO - [2026-05-02T17:10:43.361+0000] {dagbag.py:387} ERROR - Failed to import: /home/ec2-user/environment/asynchronous_ai_inference_system/dags/ml_pipeline_dag.py
Traceback (most recent call last):
  File "/home/ec2-user/environment/asynchronous_ai_inference_system/venv/lib64/python3.12/site-packages/airflow/models/dagbag.py", line 383, in parse
    loader.exec_module(new_module)
  File "<frozen importlib._bootstrap_external>", line 999, in exec_module
  File "<frozen importlib._bootstrap>", line 488, in _call_with_frames_removed
  File "/home/ec2-user/environment/asynchronous_ai_inference_system/dags/ml_pipeline_dag.py", line 9, in <module>
    from ml_pipeline.data import generate_data, load_data
ModuleNotFoundError: No module named 'ml_pipeline.data'
[2026-05-02T17:10:43.362+0000] {processor.py:927} WARNING - No viable dags retrieved from /home/ec2-user/environment/asynchronous_ai_inference_system/dags/ml_pipeline_dag.py
[2026-05-02T17:10:43.380+0000] {processor.py:208} INFO - Processing /home/ec2-user/environment/asynchronous_ai_inference_system/dags/ml_pipeline_dag.py took 0.028 seconds
[2026-05-02T17:11:15.145+0000] {processor.py:186} INFO - Started process (PID=14398) to work on /home/ec2-user/environment/asynchronous_ai_inference_system/dags/ml_pipeline_dag.py
[2026-05-02T17:11:15.146+0000] {processor.py:914} INFO - Processing file /home/ec2-user/environment/asynchronous_ai_inference_system/dags/ml_pipeline_dag.py for tasks to queue
[2026-05-02T17:11:15.148+0000] {logging_mixin.py:190} INFO - [2026-05-02T17:11:15.147+0000] {dagbag.py:588} INFO - Filling up the DagBag from /home/ec2-user/environment/asynchronous_ai_inference_system/dags/ml_pipeline_dag.py
[2026-05-02T17:11:15.152+0000] {logging_mixin.py:190} INFO - [2026-05-02T17:11:15.151+0000] {dagbag.py:387} ERROR - Failed to import: /home/ec2-user/environment/asynchronous_ai_inference_system/dags/ml_pipeline_dag.py
Traceback (most recent call last):
  File "/home/ec2-user/environment/asynchronous_ai_inference_system/venv/lib64/python3.12/site-packages/airflow/models/dagbag.py", line 383, in parse
    loader.exec_module(new_module)
  File "<frozen importlib._bootstrap_external>", line 999, in exec_module
  File "<frozen importlib._bootstrap>", line 488, in _call_with_frames_removed
  File "/home/ec2-user/environment/asynchronous_ai_inference_system/dags/ml_pipeline_dag.py", line 9, in <module>
    from ml_pipeline.data import generate_data, load_data
ModuleNotFoundError: No module named 'ml_pipeline.data'
[2026-05-02T17:11:15.152+0000] {processor.py:927} WARNING - No viable dags retrieved from /home/ec2-user/environment/asynchronous_ai_inference_system/dags/ml_pipeline_dag.py
[2026-05-02T17:11:15.170+0000] {processor.py:208} INFO - Processing /home/ec2-user/environment/asynchronous_ai_inference_system/dags/ml_pipeline_dag.py took 0.031 seconds
[2026-05-02T17:11:46.775+0000] {processor.py:186} INFO - Started process (PID=14608) to work on /home/ec2-user/environment/asynchronous_ai_inference_system/dags/ml_pipeline_dag.py
[2026-05-02T17:11:46.776+0000] {processor.py:914} INFO - Processing file /home/ec2-user/environment/asynchronous_ai_inference_system/dags/ml_pipeline_dag.py for tasks to queue
[2026-05-02T17:11:46.777+0000] {logging_mixin.py:190} INFO - [2026-05-02T17:11:46.777+0000] {dagbag.py:588} INFO - Filling up the DagBag from /home/ec2-user/environment/asynchronous_ai_inference_system/dags/ml_pipeline_dag.py
[2026-05-02T17:11:46.780+0000] {logging_mixin.py:190} INFO - [2026-05-02T17:11:46.779+0000] {dagbag.py:387} ERROR - Failed to import: /home/ec2-user/environment/asynchronous_ai_inference_system/dags/ml_pipeline_dag.py
Traceback (most recent call last):
  File "/home/ec2-user/environment/asynchronous_ai_inference_system/venv/lib64/python3.12/site-packages/airflow/models/dagbag.py", line 383, in parse
    loader.exec_module(new_module)
  File "<frozen importlib._bootstrap_external>", line 999, in exec_module
  File "<frozen importlib._bootstrap>", line 488, in _call_with_frames_removed
  File "/home/ec2-user/environment/asynchronous_ai_inference_system/dags/ml_pipeline_dag.py", line 9, in <module>
    from ml_pipeline.data import generate_data, load_data
ModuleNotFoundError: No module named 'ml_pipeline.data'
[2026-05-02T17:11:46.781+0000] {processor.py:927} WARNING - No viable dags retrieved from /home/ec2-user/environment/asynchronous_ai_inference_system/dags/ml_pipeline_dag.py
[2026-05-02T17:11:46.799+0000] {processor.py:208} INFO - Processing /home/ec2-user/environment/asynchronous_ai_inference_system/dags/ml_pipeline_dag.py took 0.029 seconds
[2026-05-02T17:12:18.509+0000] {processor.py:186} INFO - Started process (PID=14860) to work on /home/ec2-user/environment/asynchronous_ai_inference_system/dags/ml_pipeline_dag.py
[2026-05-02T17:12:18.511+0000] {processor.py:914} INFO - Processing file /home/ec2-user/environment/asynchronous_ai_inference_system/dags/ml_pipeline_dag.py for tasks to queue
[2026-05-02T17:12:18.512+0000] {logging_mixin.py:190} INFO - [2026-05-02T17:12:18.511+0000] {dagbag.py:588} INFO - Filling up the DagBag from /home/ec2-user/environment/asynchronous_ai_inference_system/dags/ml_pipeline_dag.py
[2026-05-02T17:12:18.515+0000] {logging_mixin.py:190} INFO - [2026-05-02T17:12:18.514+0000] {dagbag.py:387} ERROR - Failed to import: /home/ec2-user/environment/asynchronous_ai_inference_system/dags/ml_pipeline_dag.py
Traceback (most recent call last):
  File "/home/ec2-user/environment/asynchronous_ai_inference_system/venv/lib64/python3.12/site-packages/airflow/models/dagbag.py", line 383, in parse
    loader.exec_module(new_module)
  File "<frozen importlib._bootstrap_external>", line 999, in exec_module
  File "<frozen importlib._bootstrap>", line 488, in _call_with_frames_removed
  File "/home/ec2-user/environment/asynchronous_ai_inference_system/dags/ml_pipeline_dag.py", line 9, in <module>
    from ml_pipeline.data import generate_data, load_data
ModuleNotFoundError: No module named 'ml_pipeline.data'
[2026-05-02T17:12:18.515+0000] {processor.py:927} WARNING - No viable dags retrieved from /home/ec2-user/environment/asynchronous_ai_inference_system/dags/ml_pipeline_dag.py
[2026-05-02T17:12:18.533+0000] {processor.py:208} INFO - Processing /home/ec2-user/environment/asynchronous_ai_inference_system/dags/ml_pipeline_dag.py took 0.029 seconds
[2026-05-02T17:12:50.147+0000] {processor.py:186} INFO - Started process (PID=15053) to work on /home/ec2-user/environment/asynchronous_ai_inference_system/dags/ml_pipeline_dag.py
[2026-05-02T17:12:50.148+0000] {processor.py:914} INFO - Processing file /home/ec2-user/environment/asynchronous_ai_inference_system/dags/ml_pipeline_dag.py for tasks to queue
[2026-05-02T17:12:50.149+0000] {logging_mixin.py:190} INFO - [2026-05-02T17:12:50.148+0000] {dagbag.py:588} INFO - Filling up the DagBag from /home/ec2-user/environment/asynchronous_ai_inference_system/dags/ml_pipeline_dag.py
[2026-05-02T17:12:50.152+0000] {logging_mixin.py:190} INFO - [2026-05-02T17:12:50.151+0000] {dagbag.py:387} ERROR - Failed to import: /home/ec2-user/environment/asynchronous_ai_inference_system/dags/ml_pipeline_dag.py
Traceback (most recent call last):
  File "/home/ec2-user/environment/asynchronous_ai_inference_system/venv/lib64/python3.12/site-packages/airflow/models/dagbag.py", line 383, in parse
    loader.exec_module(new_module)
  File "<frozen importlib._bootstrap_external>", line 999, in exec_module
  File "<frozen importlib._bootstrap>", line 488, in _call_with_frames_removed
  File "/home/ec2-user/environment/asynchronous_ai_inference_system/dags/ml_pipeline_dag.py", line 9, in <module>
    from ml_pipeline.data import generate_data, load_data
ModuleNotFoundError: No module named 'ml_pipeline.data'
[2026-05-02T17:12:50.153+0000] {processor.py:927} WARNING - No viable dags retrieved from /home/ec2-user/environment/asynchronous_ai_inference_system/dags/ml_pipeline_dag.py
[2026-05-02T17:12:50.172+0000] {processor.py:208} INFO - Processing /home/ec2-user/environment/asynchronous_ai_inference_system/dags/ml_pipeline_dag.py took 0.031 seconds
[2026-05-02T17:13:20.894+0000] {processor.py:186} INFO - Started process (PID=15259) to work on /home/ec2-user/environment/asynchronous_ai_inference_system/dags/ml_pipeline_dag.py
[2026-05-02T17:13:20.894+0000] {processor.py:914} INFO - Processing file /home/ec2-user/environment/asynchronous_ai_inference_system/dags/ml_pipeline_dag.py for tasks to queue
[2026-05-02T17:13:20.895+0000] {logging_mixin.py:190} INFO - [2026-05-02T17:13:20.895+0000] {dagbag.py:588} INFO - Filling up the DagBag from /home/ec2-user/environment/asynchronous_ai_inference_system/dags/ml_pipeline_dag.py
[2026-05-02T17:13:20.899+0000] {logging_mixin.py:190} INFO - [2026-05-02T17:13:20.898+0000] {dagbag.py:387} ERROR - Failed to import: /home/ec2-user/environment/asynchronous_ai_inference_system/dags/ml_pipeline_dag.py
Traceback (most recent call last):
  File "/home/ec2-user/environment/asynchronous_ai_inference_system/venv/lib64/python3.12/site-packages/airflow/models/dagbag.py", line 383, in parse
    loader.exec_module(new_module)
  File "<frozen importlib._bootstrap_external>", line 999, in exec_module
  File "<frozen importlib._bootstrap>", line 488, in _call_with_frames_removed
  File "/home/ec2-user/environment/asynchronous_ai_inference_system/dags/ml_pipeline_dag.py", line 9, in <module>
    from ml_pipeline.data import generate_data, load_data
ModuleNotFoundError: No module named 'ml_pipeline.data'
[2026-05-02T17:13:20.899+0000] {processor.py:927} WARNING - No viable dags retrieved from /home/ec2-user/environment/asynchronous_ai_inference_system/dags/ml_pipeline_dag.py
[2026-05-02T17:13:20.917+0000] {processor.py:208} INFO - Processing /home/ec2-user/environment/asynchronous_ai_inference_system/dags/ml_pipeline_dag.py took 0.028 seconds
[2026-05-02T17:18:05.344+0000] {processor.py:186} INFO - Started process (PID=15897) to work on /home/ec2-user/environment/asynchronous_ai_inference_system/dags/ml_pipeline_dag.py
[2026-05-02T17:18:05.346+0000] {processor.py:914} INFO - Processing file /home/ec2-user/environment/asynchronous_ai_inference_system/dags/ml_pipeline_dag.py for tasks to queue
[2026-05-02T17:18:05.347+0000] {logging_mixin.py:190} INFO - [2026-05-02T17:18:05.346+0000] {dagbag.py:588} INFO - Filling up the DagBag from /home/ec2-user/environment/asynchronous_ai_inference_system/dags/ml_pipeline_dag.py
[2026-05-02T17:18:05.349+0000] {logging_mixin.py:190} INFO - [2026-05-02T17:18:05.349+0000] {dagbag.py:387} ERROR - Failed to import: /home/ec2-user/environment/asynchronous_ai_inference_system/dags/ml_pipeline_dag.py
Traceback (most recent call last):
  File "/home/ec2-user/environment/asynchronous_ai_inference_system/venv/lib64/python3.12/site-packages/airflow/models/dagbag.py", line 383, in parse
    loader.exec_module(new_module)
  File "<frozen importlib._bootstrap_external>", line 999, in exec_module
  File "<frozen importlib._bootstrap>", line 488, in _call_with_frames_removed
  File "/home/ec2-user/environment/asynchronous_ai_inference_system/dags/ml_pipeline_dag.py", line 9, in <module>
    from ml_pipeline.data import generate_data, load_data
ModuleNotFoundError: No module named 'ml_pipeline.data'
[2026-05-02T17:18:05.350+0000] {processor.py:927} WARNING - No viable dags retrieved from /home/ec2-user/environment/asynchronous_ai_inference_system/dags/ml_pipeline_dag.py
[2026-05-02T17:18:05.368+0000] {processor.py:208} INFO - Processing /home/ec2-user/environment/asynchronous_ai_inference_system/dags/ml_pipeline_dag.py took 0.028 seconds
[2026-05-02T17:18:40.961+0000] {processor.py:186} INFO - Started process (PID=16130) to work on /home/ec2-user/environment/asynchronous_ai_inference_system/dags/ml_pipeline_dag.py
[2026-05-02T17:18:40.962+0000] {processor.py:914} INFO - Processing file /home/ec2-user/environment/asynchronous_ai_inference_system/dags/ml_pipeline_dag.py for tasks to queue
[2026-05-02T17:18:40.963+0000] {logging_mixin.py:190} INFO - [2026-05-02T17:18:40.963+0000] {dagbag.py:588} INFO - Filling up the DagBag from /home/ec2-user/environment/asynchronous_ai_inference_system/dags/ml_pipeline_dag.py
[2026-05-02T17:18:40.966+0000] {logging_mixin.py:190} INFO - [2026-05-02T17:18:40.965+0000] {dagbag.py:387} ERROR - Failed to import: /home/ec2-user/environment/asynchronous_ai_inference_system/dags/ml_pipeline_dag.py
Traceback (most recent call last):
  File "/home/ec2-user/environment/asynchronous_ai_inference_system/venv/lib64/python3.12/site-packages/airflow/models/dagbag.py", line 383, in parse
    loader.exec_module(new_module)
  File "<frozen importlib._bootstrap_external>", line 999, in exec_module
  File "<frozen importlib._bootstrap>", line 488, in _call_with_frames_removed
  File "/home/ec2-user/environment/asynchronous_ai_inference_system/dags/ml_pipeline_dag.py", line 9, in <module>
    from ml_pipeline.data import generate_data, load_data
ModuleNotFoundError: No module named 'ml_pipeline.data'
[2026-05-02T17:18:40.967+0000] {processor.py:927} WARNING - No viable dags retrieved from /home/ec2-user/environment/asynchronous_ai_inference_system/dags/ml_pipeline_dag.py
[2026-05-02T17:18:40.985+0000] {processor.py:208} INFO - Processing /home/ec2-user/environment/asynchronous_ai_inference_system/dags/ml_pipeline_dag.py took 0.028 seconds
[2026-05-02T17:19:11.107+0000] {processor.py:186} INFO - Started process (PID=16350) to work on /home/ec2-user/environment/asynchronous_ai_inference_system/dags/ml_pipeline_dag.py
[2026-05-02T17:19:11.108+0000] {processor.py:914} INFO - Processing file /home/ec2-user/environment/asynchronous_ai_inference_system/dags/ml_pipeline_dag.py for tasks to queue
[2026-05-02T17:19:11.109+0000] {logging_mixin.py:190} INFO - [2026-05-02T17:19:11.109+0000] {dagbag.py:588} INFO - Filling up the DagBag from /home/ec2-user/environment/asynchronous_ai_inference_system/dags/ml_pipeline_dag.py
[2026-05-02T17:19:11.113+0000] {logging_mixin.py:190} INFO - [2026-05-02T17:19:11.112+0000] {dagbag.py:387} ERROR - Failed to import: /home/ec2-user/environment/asynchronous_ai_inference_system/dags/ml_pipeline_dag.py
Traceback (most recent call last):
  File "/home/ec2-user/environment/asynchronous_ai_inference_system/venv/lib64/python3.12/site-packages/airflow/models/dagbag.py", line 383, in parse
    loader.exec_module(new_module)
  File "<frozen importlib._bootstrap_external>", line 999, in exec_module
  File "<frozen importlib._bootstrap>", line 488, in _call_with_frames_removed
  File "/home/ec2-user/environment/asynchronous_ai_inference_system/dags/ml_pipeline_dag.py", line 9, in <module>
    from ml_pipeline.data import generate_data, load_data
ModuleNotFoundError: No module named 'ml_pipeline.data'
[2026-05-02T17:19:11.114+0000] {processor.py:927} WARNING - No viable dags retrieved from /home/ec2-user/environment/asynchronous_ai_inference_system/dags/ml_pipeline_dag.py
[2026-05-02T17:19:11.153+0000] {processor.py:208} INFO - Processing /home/ec2-user/environment/asynchronous_ai_inference_system/dags/ml_pipeline_dag.py took 0.053 seconds
[2026-05-02T17:19:41.332+0000] {processor.py:186} INFO - Started process (PID=16555) to work on /home/ec2-user/environment/asynchronous_ai_inference_system/dags/ml_pipeline_dag.py
[2026-05-02T17:19:41.334+0000] {processor.py:914} INFO - Processing file /home/ec2-user/environment/asynchronous_ai_inference_system/dags/ml_pipeline_dag.py for tasks to queue
[2026-05-02T17:19:41.335+0000] {logging_mixin.py:190} INFO - [2026-05-02T17:19:41.334+0000] {dagbag.py:588} INFO - Filling up the DagBag from /home/ec2-user/environment/asynchronous_ai_inference_system/dags/ml_pipeline_dag.py
[2026-05-02T17:19:41.338+0000] {logging_mixin.py:190} INFO - [2026-05-02T17:19:41.337+0000] {dagbag.py:387} ERROR - Failed to import: /home/ec2-user/environment/asynchronous_ai_inference_system/dags/ml_pipeline_dag.py
Traceback (most recent call last):
  File "/home/ec2-user/environment/asynchronous_ai_inference_system/venv/lib64/python3.12/site-packages/airflow/models/dagbag.py", line 383, in parse
    loader.exec_module(new_module)
  File "<frozen importlib._bootstrap_external>", line 999, in exec_module
  File "<frozen importlib._bootstrap>", line 488, in _call_with_frames_removed
  File "/home/ec2-user/environment/asynchronous_ai_inference_system/dags/ml_pipeline_dag.py", line 9, in <module>
    from ml_pipeline.data import generate_data, load_data
ModuleNotFoundError: No module named 'ml_pipeline.data'
[2026-05-02T17:19:41.338+0000] {processor.py:927} WARNING - No viable dags retrieved from /home/ec2-user/environment/asynchronous_ai_inference_system/dags/ml_pipeline_dag.py
[2026-05-02T17:19:41.357+0000] {processor.py:208} INFO - Processing /home/ec2-user/environment/asynchronous_ai_inference_system/dags/ml_pipeline_dag.py took 0.029 seconds
[2026-05-02T17:20:13.658+0000] {processor.py:186} INFO - Started process (PID=16851) to work on /home/ec2-user/environment/asynchronous_ai_inference_system/dags/ml_pipeline_dag.py
[2026-05-02T17:20:13.659+0000] {processor.py:914} INFO - Processing file /home/ec2-user/environment/asynchronous_ai_inference_system/dags/ml_pipeline_dag.py for tasks to queue
[2026-05-02T17:20:13.660+0000] {logging_mixin.py:190} INFO - [2026-05-02T17:20:13.660+0000] {dagbag.py:588} INFO - Filling up the DagBag from /home/ec2-user/environment/asynchronous_ai_inference_system/dags/ml_pipeline_dag.py
[2026-05-02T17:20:13.663+0000] {logging_mixin.py:190} INFO - [2026-05-02T17:20:13.662+0000] {dagbag.py:387} ERROR - Failed to import: /home/ec2-user/environment/asynchronous_ai_inference_system/dags/ml_pipeline_dag.py
Traceback (most recent call last):
  File "/home/ec2-user/environment/asynchronous_ai_inference_system/venv/lib64/python3.12/site-packages/airflow/models/dagbag.py", line 383, in parse
    loader.exec_module(new_module)
  File "<frozen importlib._bootstrap_external>", line 999, in exec_module
  File "<frozen importlib._bootstrap>", line 488, in _call_with_frames_removed
  File "/home/ec2-user/environment/asynchronous_ai_inference_system/dags/ml_pipeline_dag.py", line 9, in <module>
    from ml_pipeline.data import generate_data, load_data
ModuleNotFoundError: No module named 'ml_pipeline.data'
[2026-05-02T17:20:13.663+0000] {processor.py:927} WARNING - No viable dags retrieved from /home/ec2-user/environment/asynchronous_ai_inference_system/dags/ml_pipeline_dag.py
[2026-05-02T17:20:13.682+0000] {processor.py:208} INFO - Processing /home/ec2-user/environment/asynchronous_ai_inference_system/dags/ml_pipeline_dag.py took 0.029 seconds
[2026-05-02T17:20:45.346+0000] {processor.py:186} INFO - Started process (PID=17057) to work on /home/ec2-user/environment/asynchronous_ai_inference_system/dags/ml_pipeline_dag.py
[2026-05-02T17:20:45.347+0000] {processor.py:914} INFO - Processing file /home/ec2-user/environment/asynchronous_ai_inference_system/dags/ml_pipeline_dag.py for tasks to queue
[2026-05-02T17:20:45.348+0000] {logging_mixin.py:190} INFO - [2026-05-02T17:20:45.348+0000] {dagbag.py:588} INFO - Filling up the DagBag from /home/ec2-user/environment/asynchronous_ai_inference_system/dags/ml_pipeline_dag.py
[2026-05-02T17:20:45.351+0000] {logging_mixin.py:190} INFO - [2026-05-02T17:20:45.350+0000] {dagbag.py:387} ERROR - Failed to import: /home/ec2-user/environment/asynchronous_ai_inference_system/dags/ml_pipeline_dag.py
Traceback (most recent call last):
  File "/home/ec2-user/environment/asynchronous_ai_inference_system/venv/lib64/python3.12/site-packages/airflow/models/dagbag.py", line 383, in parse
    loader.exec_module(new_module)
  File "<frozen importlib._bootstrap_external>", line 999, in exec_module
  File "<frozen importlib._bootstrap>", line 488, in _call_with_frames_removed
  File "/home/ec2-user/environment/asynchronous_ai_inference_system/dags/ml_pipeline_dag.py", line 9, in <module>
    from ml_pipeline.data import generate_data, load_data
ModuleNotFoundError: No module named 'ml_pipeline.data'
[2026-05-02T17:20:45.352+0000] {processor.py:927} WARNING - No viable dags retrieved from /home/ec2-user/environment/asynchronous_ai_inference_system/dags/ml_pipeline_dag.py
[2026-05-02T17:20:45.369+0000] {processor.py:208} INFO - Processing /home/ec2-user/environment/asynchronous_ai_inference_system/dags/ml_pipeline_dag.py took 0.028 seconds
[2026-05-02T17:21:17.228+0000] {processor.py:186} INFO - Started process (PID=17267) to work on /home/ec2-user/environment/asynchronous_ai_inference_system/dags/ml_pipeline_dag.py
[2026-05-02T17:21:17.229+0000] {processor.py:914} INFO - Processing file /home/ec2-user/environment/asynchronous_ai_inference_system/dags/ml_pipeline_dag.py for tasks to queue
[2026-05-02T17:21:17.230+0000] {logging_mixin.py:190} INFO - [2026-05-02T17:21:17.229+0000] {dagbag.py:588} INFO - Filling up the DagBag from /home/ec2-user/environment/asynchronous_ai_inference_system/dags/ml_pipeline_dag.py
[2026-05-02T17:21:17.233+0000] {logging_mixin.py:190} INFO - [2026-05-02T17:21:17.232+0000] {dagbag.py:387} ERROR - Failed to import: /home/ec2-user/environment/asynchronous_ai_inference_system/dags/ml_pipeline_dag.py
Traceback (most recent call last):
  File "/home/ec2-user/environment/asynchronous_ai_inference_system/venv/lib64/python3.12/site-packages/airflow/models/dagbag.py", line 383, in parse
    loader.exec_module(new_module)
  File "<frozen importlib._bootstrap_external>", line 999, in exec_module
  File "<frozen importlib._bootstrap>", line 488, in _call_with_frames_removed
  File "/home/ec2-user/environment/asynchronous_ai_inference_system/dags/ml_pipeline_dag.py", line 9, in <module>
    from ml_pipeline.data import generate_data, load_data
ModuleNotFoundError: No module named 'ml_pipeline.data'
[2026-05-02T17:21:17.233+0000] {processor.py:927} WARNING - No viable dags retrieved from /home/ec2-user/environment/asynchronous_ai_inference_system/dags/ml_pipeline_dag.py
[2026-05-02T17:21:17.252+0000] {processor.py:208} INFO - Processing /home/ec2-user/environment/asynchronous_ai_inference_system/dags/ml_pipeline_dag.py took 0.029 seconds
[2026-05-02T17:21:48.862+0000] {processor.py:186} INFO - Started process (PID=17463) to work on /home/ec2-user/environment/asynchronous_ai_inference_system/dags/ml_pipeline_dag.py
[2026-05-02T17:21:48.862+0000] {processor.py:914} INFO - Processing file /home/ec2-user/environment/asynchronous_ai_inference_system/dags/ml_pipeline_dag.py for tasks to queue
[2026-05-02T17:21:48.863+0000] {logging_mixin.py:190} INFO - [2026-05-02T17:21:48.863+0000] {dagbag.py:588} INFO - Filling up the DagBag from /home/ec2-user/environment/asynchronous_ai_inference_system/dags/ml_pipeline_dag.py
[2026-05-02T17:21:48.866+0000] {logging_mixin.py:190} INFO - [2026-05-02T17:21:48.865+0000] {dagbag.py:387} ERROR - Failed to import: /home/ec2-user/environment/asynchronous_ai_inference_system/dags/ml_pipeline_dag.py
Traceback (most recent call last):
  File "/home/ec2-user/environment/asynchronous_ai_inference_system/venv/lib64/python3.12/site-packages/airflow/models/dagbag.py", line 383, in parse
    loader.exec_module(new_module)
  File "<frozen importlib._bootstrap_external>", line 999, in exec_module
  File "<frozen importlib._bootstrap>", line 488, in _call_with_frames_removed
  File "/home/ec2-user/environment/asynchronous_ai_inference_system/dags/ml_pipeline_dag.py", line 9, in <module>
    from ml_pipeline.data import generate_data, load_data
ModuleNotFoundError: No module named 'ml_pipeline.data'
[2026-05-02T17:21:48.867+0000] {processor.py:927} WARNING - No viable dags retrieved from /home/ec2-user/environment/asynchronous_ai_inference_system/dags/ml_pipeline_dag.py
[2026-05-02T17:21:48.885+0000] {processor.py:208} INFO - Processing /home/ec2-user/environment/asynchronous_ai_inference_system/dags/ml_pipeline_dag.py took 0.029 seconds
[2026-05-02T17:22:20.431+0000] {processor.py:186} INFO - Started process (PID=17719) to work on /home/ec2-user/environment/asynchronous_ai_inference_system/dags/ml_pipeline_dag.py
[2026-05-02T17:22:20.432+0000] {processor.py:914} INFO - Processing file /home/ec2-user/environment/asynchronous_ai_inference_system/dags/ml_pipeline_dag.py for tasks to queue
[2026-05-02T17:22:20.433+0000] {logging_mixin.py:190} INFO - [2026-05-02T17:22:20.433+0000] {dagbag.py:588} INFO - Filling up the DagBag from /home/ec2-user/environment/asynchronous_ai_inference_system/dags/ml_pipeline_dag.py
[2026-05-02T17:22:20.437+0000] {logging_mixin.py:190} INFO - [2026-05-02T17:22:20.435+0000] {dagbag.py:387} ERROR - Failed to import: /home/ec2-user/environment/asynchronous_ai_inference_system/dags/ml_pipeline_dag.py
Traceback (most recent call last):
  File "/home/ec2-user/environment/asynchronous_ai_inference_system/venv/lib64/python3.12/site-packages/airflow/models/dagbag.py", line 383, in parse
    loader.exec_module(new_module)
  File "<frozen importlib._bootstrap_external>", line 999, in exec_module
  File "<frozen importlib._bootstrap>", line 488, in _call_with_frames_removed
  File "/home/ec2-user/environment/asynchronous_ai_inference_system/dags/ml_pipeline_dag.py", line 9, in <module>
    from ml_pipeline.data import generate_data, load_data
ModuleNotFoundError: No module named 'ml_pipeline.data'
[2026-05-02T17:22:20.437+0000] {processor.py:927} WARNING - No viable dags retrieved from /home/ec2-user/environment/asynchronous_ai_inference_system/dags/ml_pipeline_dag.py
[2026-05-02T17:22:20.455+0000] {processor.py:208} INFO - Processing /home/ec2-user/environment/asynchronous_ai_inference_system/dags/ml_pipeline_dag.py took 0.029 seconds
[2026-05-02T17:22:52.001+0000] {processor.py:186} INFO - Started process (PID=17914) to work on /home/ec2-user/environment/asynchronous_ai_inference_system/dags/ml_pipeline_dag.py
[2026-05-02T17:22:52.003+0000] {processor.py:914} INFO - Processing file /home/ec2-user/environment/asynchronous_ai_inference_system/dags/ml_pipeline_dag.py for tasks to queue
[2026-05-02T17:22:52.004+0000] {logging_mixin.py:190} INFO - [2026-05-02T17:22:52.003+0000] {dagbag.py:588} INFO - Filling up the DagBag from /home/ec2-user/environment/asynchronous_ai_inference_system/dags/ml_pipeline_dag.py
[2026-05-02T17:22:52.007+0000] {logging_mixin.py:190} INFO - [2026-05-02T17:22:52.006+0000] {dagbag.py:387} ERROR - Failed to import: /home/ec2-user/environment/asynchronous_ai_inference_system/dags/ml_pipeline_dag.py
Traceback (most recent call last):
  File "/home/ec2-user/environment/asynchronous_ai_inference_system/venv/lib64/python3.12/site-packages/airflow/models/dagbag.py", line 383, in parse
    loader.exec_module(new_module)
  File "<frozen importlib._bootstrap_external>", line 999, in exec_module
  File "<frozen importlib._bootstrap>", line 488, in _call_with_frames_removed
  File "/home/ec2-user/environment/asynchronous_ai_inference_system/dags/ml_pipeline_dag.py", line 9, in <module>
    from ml_pipeline.data import generate_data, load_data
ModuleNotFoundError: No module named 'ml_pipeline.data'
[2026-05-02T17:22:52.007+0000] {processor.py:927} WARNING - No viable dags retrieved from /home/ec2-user/environment/asynchronous_ai_inference_system/dags/ml_pipeline_dag.py
[2026-05-02T17:22:52.026+0000] {processor.py:208} INFO - Processing /home/ec2-user/environment/asynchronous_ai_inference_system/dags/ml_pipeline_dag.py took 0.029 seconds
[2026-05-02T17:23:23.599+0000] {processor.py:186} INFO - Started process (PID=18142) to work on /home/ec2-user/environment/asynchronous_ai_inference_system/dags/ml_pipeline_dag.py
[2026-05-02T17:23:23.605+0000] {processor.py:914} INFO - Processing file /home/ec2-user/environment/asynchronous_ai_inference_system/dags/ml_pipeline_dag.py for tasks to queue
[2026-05-02T17:23:23.606+0000] {logging_mixin.py:190} INFO - [2026-05-02T17:23:23.606+0000] {dagbag.py:588} INFO - Filling up the DagBag from /home/ec2-user/environment/asynchronous_ai_inference_system/dags/ml_pipeline_dag.py
[2026-05-02T17:23:23.611+0000] {logging_mixin.py:190} INFO - [2026-05-02T17:23:23.609+0000] {dagbag.py:387} ERROR - Failed to import: /home/ec2-user/environment/asynchronous_ai_inference_system/dags/ml_pipeline_dag.py
Traceback (most recent call last):
  File "/home/ec2-user/environment/asynchronous_ai_inference_system/venv/lib64/python3.12/site-packages/airflow/models/dagbag.py", line 383, in parse
    loader.exec_module(new_module)
  File "<frozen importlib._bootstrap_external>", line 999, in exec_module
  File "<frozen importlib._bootstrap>", line 488, in _call_with_frames_removed
  File "/home/ec2-user/environment/asynchronous_ai_inference_system/dags/ml_pipeline_dag.py", line 9, in <module>
    from ml_pipeline.data import generate_data, load_data
ModuleNotFoundError: No module named 'ml_pipeline.data'
[2026-05-02T17:23:23.611+0000] {processor.py:927} WARNING - No viable dags retrieved from /home/ec2-user/environment/asynchronous_ai_inference_system/dags/ml_pipeline_dag.py
[2026-05-02T17:23:23.653+0000] {processor.py:208} INFO - Processing /home/ec2-user/environment/asynchronous_ai_inference_system/dags/ml_pipeline_dag.py took 0.061 seconds
