[2026-05-02T22:56:53.238+0000] {local_task_job_runner.py:123} INFO - ::group::Pre task execution logs
[2026-05-02T22:56:53.247+0000] {taskinstance.py:2612} INFO - Dependencies all met for dep_context=non-requeueable deps ti=<TaskInstance: message_queue_dag.add_message_queue manual__2026-05-02T22:56:49.369971+00:00 [queued]>
[2026-05-02T22:56:53.252+0000] {taskinstance.py:2612} INFO - Dependencies all met for dep_context=requeueable deps ti=<TaskInstance: message_queue_dag.add_message_queue manual__2026-05-02T22:56:49.369971+00:00 [queued]>
[2026-05-02T22:56:53.252+0000] {taskinstance.py:2865} INFO - Starting attempt 1 of 2
[2026-05-02T22:56:53.265+0000] {taskinstance.py:2888} INFO - Executing <Task(PythonOperator): add_message_queue> on 2026-05-02 22:56:49.369971+00:00
[2026-05-02T22:56:53.270+0000] {standard_task_runner.py:72} INFO - Started process 24632 to run task
[2026-05-02T22:56:53.274+0000] {standard_task_runner.py:104} INFO - Running: ['airflow', 'tasks', 'run', 'message_queue_dag', 'add_message_queue', 'manual__2026-05-02T22:56:49.369971+00:00', '--job-id', '24', '--raw', '--subdir', 'DAGS_FOLDER/message_queue_dag.py', '--cfg-path', '/tmp/tmp3tg03wdn']
[2026-05-02T22:56:53.275+0000] {standard_task_runner.py:105} INFO - Job 24: Subtask add_message_queue
[2026-05-02T22:56:53.307+0000] {task_command.py:467} INFO - Running <TaskInstance: message_queue_dag.add_message_queue manual__2026-05-02T22:56:49.369971+00:00 [running]> on host ip-172-31-40-23.ec2.internal
[2026-05-02T22:56:53.360+0000] {taskinstance.py:3131} INFO - Exporting env vars: AIRFLOW_CTX_DAG_OWNER='airflow' AIRFLOW_CTX_DAG_ID='message_queue_dag' AIRFLOW_CTX_TASK_ID='add_message_queue' AIRFLOW_CTX_EXECUTION_DATE='2026-05-02T22:56:49.369971+00:00' AIRFLOW_CTX_TRY_NUMBER='1' AIRFLOW_CTX_DAG_RUN_ID='manual__2026-05-02T22:56:49.369971+00:00'
[2026-05-02T22:56:53.361+0000] {taskinstance.py:731} INFO - ::endgroup::
[2026-05-02T22:56:53.433+0000] {taskinstance.py:3310} ERROR - Task failed with exception
Traceback (most recent call last):
  File "/home/ec2-user/environment/asynchronous_ai_inference_system/venv/lib64/python3.12/site-packages/airflow/models/taskinstance.py", line 767, in _execute_task
    result = _execute_callable(context=context, **execute_callable_kwargs)
             ^^^^^^^^^^^^^^^^^^^^^^^^^^^^^^^^^^^^^^^^^^^^^^^^^^^^^^^^^^^^^
  File "/home/ec2-user/environment/asynchronous_ai_inference_system/venv/lib64/python3.12/site-packages/airflow/models/taskinstance.py", line 733, in _execute_callable
    return ExecutionCallableRunner(
           ^^^^^^^^^^^^^^^^^^^^^^^^
  File "/home/ec2-user/environment/asynchronous_ai_inference_system/venv/lib64/python3.12/site-packages/airflow/utils/operator_helpers.py", line 252, in run
    return self.func(*args, **kwargs)
           ^^^^^^^^^^^^^^^^^^^^^^^^^^
  File "/home/ec2-user/environment/asynchronous_ai_inference_system/venv/lib64/python3.12/site-packages/airflow/models/baseoperator.py", line 406, in wrapper
    return func(self, *args, **kwargs)
           ^^^^^^^^^^^^^^^^^^^^^^^^^^^
  File "/home/ec2-user/environment/asynchronous_ai_inference_system/venv/lib64/python3.12/site-packages/airflow/operators/python.py", line 238, in execute
    return_value = self.execute_callable()
                   ^^^^^^^^^^^^^^^^^^^^^^^
  File "/home/ec2-user/environment/asynchronous_ai_inference_system/venv/lib64/python3.12/site-packages/airflow/operators/python.py", line 256, in execute_callable
    return runner.run(*self.op_args, **self.op_kwargs)
           ^^^^^^^^^^^^^^^^^^^^^^^^^^^^^^^^^^^^^^^^^^^
  File "/home/ec2-user/environment/asynchronous_ai_inference_system/venv/lib64/python3.12/site-packages/airflow/utils/operator_helpers.py", line 252, in run
    return self.func(*args, **kwargs)
           ^^^^^^^^^^^^^^^^^^^^^^^^^^
  File "/home/ec2-user/environment/asynchronous_ai_inference_system/dags/message_queue_dag.py", line 39, in add_queue_message_wrapper
    sqs.send_message(QueueUrl=queue_url, MessageBody=json.dumps(row_info))
  File "/home/ec2-user/environment/asynchronous_ai_inference_system/venv/lib64/python3.12/site-packages/botocore/client.py", line 569, in _api_call
    return self._make_api_call(operation_name, kwargs)
           ^^^^^^^^^^^^^^^^^^^^^^^^^^^^^^^^^^^^^^^^^^^
  File "/home/ec2-user/environment/asynchronous_ai_inference_system/venv/lib64/python3.12/site-packages/botocore/client.py", line 1023, in _make_api_call
    raise error_class(parsed_response, operation_name)
botocore.errorfactory.QueueDoesNotExist: An error occurred (AWS.SimpleQueueService.NonExistentQueue) when calling the SendMessage operation: The specified queue does not exist.
[2026-05-02T22:56:53.445+0000] {taskinstance.py:1225} INFO - Marking task as UP_FOR_RETRY. dag_id=message_queue_dag, task_id=add_message_queue, run_id=manual__2026-05-02T22:56:49.369971+00:00, execution_date=20260502T225649, start_date=20260502T225653, end_date=20260502T225653
[2026-05-02T22:56:53.459+0000] {taskinstance.py:340} INFO - ::group::Post task execution logs
[2026-05-02T22:56:53.459+0000] {standard_task_runner.py:124} ERROR - Failed to execute job 24 for task add_message_queue (An error occurred (AWS.SimpleQueueService.NonExistentQueue) when calling the SendMessage operation: The specified queue does not exist.; 24632)
Traceback (most recent call last):
  File "/home/ec2-user/environment/asynchronous_ai_inference_system/venv/lib64/python3.12/site-packages/airflow/task/task_runner/standard_task_runner.py", line 117, in _start_by_fork
    ret = args.func(args, dag=self.dag)
          ^^^^^^^^^^^^^^^^^^^^^^^^^^^^^
  File "/home/ec2-user/environment/asynchronous_ai_inference_system/venv/lib64/python3.12/site-packages/airflow/cli/cli_config.py", line 49, in command
    return func(*args, **kwargs)
           ^^^^^^^^^^^^^^^^^^^^^
  File "/home/ec2-user/environment/asynchronous_ai_inference_system/venv/lib64/python3.12/site-packages/airflow/utils/cli.py", line 115, in wrapper
    return f(*args, **kwargs)
           ^^^^^^^^^^^^^^^^^^
  File "/home/ec2-user/environment/asynchronous_ai_inference_system/venv/lib64/python3.12/site-packages/airflow/cli/commands/task_command.py", line 483, in task_run
    task_return_code = _run_task_by_selected_method(args, _dag, ti)
                       ^^^^^^^^^^^^^^^^^^^^^^^^^^^^^^^^^^^^^^^^^^^^
  File "/home/ec2-user/environment/asynchronous_ai_inference_system/venv/lib64/python3.12/site-packages/airflow/cli/commands/task_command.py", line 256, in _run_task_by_selected_method
    return _run_raw_task(args, ti)
           ^^^^^^^^^^^^^^^^^^^^^^^
  File "/home/ec2-user/environment/asynchronous_ai_inference_system/venv/lib64/python3.12/site-packages/airflow/cli/commands/task_command.py", line 341, in _run_raw_task
    return ti._run_raw_task(
           ^^^^^^^^^^^^^^^^^
  File "/home/ec2-user/environment/asynchronous_ai_inference_system/venv/lib64/python3.12/site-packages/airflow/utils/session.py", line 97, in wrapper
    return func(*args, session=session, **kwargs)
           ^^^^^^^^^^^^^^^^^^^^^^^^^^^^^^^^^^^^^^
  File "/home/ec2-user/environment/asynchronous_ai_inference_system/venv/lib64/python3.12/site-packages/airflow/models/taskinstance.py", line 3004, in _run_raw_task
    return _run_raw_task(
           ^^^^^^^^^^^^^^
  File "/home/ec2-user/environment/asynchronous_ai_inference_system/venv/lib64/python3.12/site-packages/airflow/models/taskinstance.py", line 273, in _run_raw_task
    TaskInstance._execute_task_with_callbacks(
  File "/home/ec2-user/environment/asynchronous_ai_inference_system/venv/lib64/python3.12/site-packages/airflow/models/taskinstance.py", line 3158, in _execute_task_with_callbacks
    result = self._execute_task(context, task_orig)
             ^^^^^^^^^^^^^^^^^^^^^^^^^^^^^^^^^^^^^^
  File "/home/ec2-user/environment/asynchronous_ai_inference_system/venv/lib64/python3.12/site-packages/airflow/models/taskinstance.py", line 3182, in _execute_task
    return _execute_task(self, context, task_orig)
           ^^^^^^^^^^^^^^^^^^^^^^^^^^^^^^^^^^^^^^^
  File "/home/ec2-user/environment/asynchronous_ai_inference_system/venv/lib64/python3.12/site-packages/airflow/models/taskinstance.py", line 767, in _execute_task
    result = _execute_callable(context=context, **execute_callable_kwargs)
             ^^^^^^^^^^^^^^^^^^^^^^^^^^^^^^^^^^^^^^^^^^^^^^^^^^^^^^^^^^^^^
  File "/home/ec2-user/environment/asynchronous_ai_inference_system/venv/lib64/python3.12/site-packages/airflow/models/taskinstance.py", line 733, in _execute_callable
    return ExecutionCallableRunner(
           ^^^^^^^^^^^^^^^^^^^^^^^^
  File "/home/ec2-user/environment/asynchronous_ai_inference_system/venv/lib64/python3.12/site-packages/airflow/utils/operator_helpers.py", line 252, in run
    return self.func(*args, **kwargs)
           ^^^^^^^^^^^^^^^^^^^^^^^^^^
  File "/home/ec2-user/environment/asynchronous_ai_inference_system/venv/lib64/python3.12/site-packages/airflow/models/baseoperator.py", line 406, in wrapper
    return func(self, *args, **kwargs)
           ^^^^^^^^^^^^^^^^^^^^^^^^^^^
  File "/home/ec2-user/environment/asynchronous_ai_inference_system/venv/lib64/python3.12/site-packages/airflow/operators/python.py", line 238, in execute
    return_value = self.execute_callable()
                   ^^^^^^^^^^^^^^^^^^^^^^^
  File "/home/ec2-user/environment/asynchronous_ai_inference_system/venv/lib64/python3.12/site-packages/airflow/operators/python.py", line 256, in execute_callable
    return runner.run(*self.op_args, **self.op_kwargs)
           ^^^^^^^^^^^^^^^^^^^^^^^^^^^^^^^^^^^^^^^^^^^
  File "/home/ec2-user/environment/asynchronous_ai_inference_system/venv/lib64/python3.12/site-packages/airflow/utils/operator_helpers.py", line 252, in run
    return self.func(*args, **kwargs)
           ^^^^^^^^^^^^^^^^^^^^^^^^^^
  File "/home/ec2-user/environment/asynchronous_ai_inference_system/dags/message_queue_dag.py", line 39, in add_queue_message_wrapper
    sqs.send_message(QueueUrl=queue_url, MessageBody=json.dumps(row_info))
  File "/home/ec2-user/environment/asynchronous_ai_inference_system/venv/lib64/python3.12/site-packages/botocore/client.py", line 569, in _api_call
    return self._make_api_call(operation_name, kwargs)
           ^^^^^^^^^^^^^^^^^^^^^^^^^^^^^^^^^^^^^^^^^^^
  File "/home/ec2-user/environment/asynchronous_ai_inference_system/venv/lib64/python3.12/site-packages/botocore/client.py", line 1023, in _make_api_call
    raise error_class(parsed_response, operation_name)
botocore.errorfactory.QueueDoesNotExist: An error occurred (AWS.SimpleQueueService.NonExistentQueue) when calling the SendMessage operation: The specified queue does not exist.
[2026-05-02T22:56:53.470+0000] {local_task_job_runner.py:266} INFO - Task exited with return code 1
[2026-05-02T22:56:53.480+0000] {taskinstance.py:3900} INFO - 0 downstream tasks scheduled from follow-on schedule check
[2026-05-02T22:56:53.480+0000] {local_task_job_runner.py:245} INFO - ::endgroup::
